/mnt/c/Users/nateg/OneDrive/Documentos/GitHub/quadrivium/cognetics/Physics of History/00 Introduction of Professor.txt
/mnt/c/Users/nateg/OneDrive/Documentos/GitHub/quadrivium/cognetics/Physics of History/01 The Vast Reaches of Time and Space.txt
/mnt/c/Users/nateg/OneDrive/Documentos/GitHub/quadrivium/cognetics/Physics of History/02 Fundamentally, What's the World Made Of.txt
/mnt/c/Users/nateg/OneDrive/Documentos/GitHub/quadrivium/cognetics/Physics of History/03 Energy in the Atomic World.txt
/mnt/c/Users/nateg/OneDrive/Documentos/GitHub/quadrivium/cognetics/Physics of History/04 The Atomic Basis of the Senses.txt
/mnt/c/Users/nateg/OneDrive/Documentos/GitHub/quadrivium/cognetics/Physics of History/05 Radioactivity - Nature's Imperturbable Clock.txt
/mnt/c/Users/nateg/OneDrive/Documentos/GitHub/quadrivium/cognetics/Physics of History/06 From Detecting Forgeries to the First Art.txt
/mnt/c/Users/nateg/OneDrive/Documentos/GitHub/quadrivium/cognetics/Physics of History/07 Watching Plaster Dry - And Dating It.txt
/mnt/c/Users/nateg/OneDrive/Documentos/GitHub/quadrivium/cognetics/Physics of History/08 We Are What We Eat - The History of Diet.txt
/mnt/c/Users/nateg/OneDrive/Documentos/GitHub/quadrivium/cognetics/Physics of History/09 A Plant is What it Eats - Tracing Agriculture.txt
/mnt/c/Users/nateg/OneDrive/Documentos/GitHub/quadrivium/cognetics/Physics of History/10 Tree Rings - Seasons of the Past 12,000 Years.txt
/mnt/c/Users/nateg/OneDrive/Documentos/GitHub/quadrivium/cognetics/Physics of History/11 Ice Cores - Climate Records for 800 Millennia.txt
/mnt/c/Users/nateg/OneDrive/Documentos/GitHub/quadrivium/cognetics/Physics of History/12 Ocean Sediments Reveal 5 Million Years.txt
/mnt/c/Users/nateg/OneDrive/Documentos/GitHub/quadrivium/cognetics/Physics of History/13 A Bad Day in June - Death of the Dinosaurs.txt
/mnt/c/Users/nateg/OneDrive/Documentos/GitHub/quadrivium/cognetics/Physics of History/14 The Origin and Early History of Life.txt
/mnt/c/Users/nateg/OneDrive/Documentos/GitHub/quadrivium/cognetics/Physics of History/15 The History of Earth's Atmosphere.txt
/mnt/c/Users/nateg/OneDrive/Documentos/GitHub/quadrivium/cognetics/Physics of History/16 The Age of the Solar System.txt
/mnt/c/Users/nateg/OneDrive/Documentos/GitHub/quadrivium/cognetics/Physics of History/18 Atoms Are Star Stuff - Cooking Up Carbon.txt
/mnt/c/Users/nateg/OneDrive/Documentos/GitHub/quadrivium/cognetics/Physics of History/19 The Lives of Big Stars - Cooking Up Big Atoms.txt
/mnt/c/Users/nateg/OneDrive/Documentos/GitHub/quadrivium/cognetics/Physics of History/20 Relativity - Space and Time Become Spacetime.txt
/mnt/c/Users/nateg/OneDrive/Documentos/GitHub/quadrivium/cognetics/Physics of History/21 (Almost) Everything Is Relative.txt
/mnt/c/Users/nateg/OneDrive/Documentos/GitHub/quadrivium/cognetics/Physics of History/22 Matter Vanishes, Light Speed Is Breached.txt
/mnt/c/Users/nateg/OneDrive/Documentos/GitHub/quadrivium/cognetics/Physics of History/23 The Limits of Vision - 13.7 Billion Years Ago.txt
/mnt/c/Users/nateg/OneDrive/Documentos/GitHub/quadrivium/cognetics/Physics of History/24 The First Few Minutes - Where It All Began.txt
