/mnt/c/Users/nateg/OneDrive/Documentos/GitHub/quadrivium/cognetics/From Plato to Postmodernism.- ... Role of the Author - Louis Markos/L01.24 - Thinking Theoretically.txt
/mnt/c/Users/nateg/OneDrive/Documentos/GitHub/quadrivium/cognetics/From Plato to Postmodernism.- ... Role of the Author - Louis Markos/L02.24 - Plato - Kicking out the Poets.txt
/mnt/c/Users/nateg/OneDrive/Documentos/GitHub/quadrivium/cognetics/From Plato to Postmodernism.- ... Role of the Author - Louis Markos/L03.24 - Aristotle's Poetics - Mimesis and Plot.txt
/mnt/c/Users/nateg/OneDrive/Documentos/GitHub/quadrivium/cognetics/From Plato to Postmodernism.- ... Role of the Author - Louis Markos/L04.24 - Aristotle's Poetics - Character and Catharsis.txt
/mnt/c/Users/nateg/OneDrive/Documentos/GitHub/quadrivium/cognetics/From Plato to Postmodernism.- ... Role of the Author - Louis Markos/L05.24 - Horace's Ars Poetica.txt
/mnt/c/Users/nateg/OneDrive/Documentos/GitHub/quadrivium/cognetics/From Plato to Postmodernism.- ... Role of the Author - Louis Markos/L06.24 - Longinus on the Sublime.txt
/mnt/c/Users/nateg/OneDrive/Documentos/GitHub/quadrivium/cognetics/From Plato to Postmodernism.- ... Role of the Author - Louis Markos/L07.24 - Sidney's Apology for Poetry.txt
/mnt/c/Users/nateg/OneDrive/Documentos/GitHub/quadrivium/cognetics/From Plato to Postmodernism.- ... Role of the Author - Louis Markos/L08.24 - Dryden, Pope, and Decorum.txt
/mnt/c/Users/nateg/OneDrive/Documentos/GitHub/quadrivium/cognetics/From Plato to Postmodernism.- ... Role of the Author - Louis Markos/L09.24 - Burke on the Sublime and Beautiful.txt
/mnt/c/Users/nateg/OneDrive/Documentos/GitHub/quadrivium/cognetics/From Plato to Postmodernism.- ... Role of the Author - Louis Markos/L10.24 - Kant's Critique of Judgment.txt
/mnt/c/Users/nateg/OneDrive/Documentos/GitHub/quadrivium/cognetics/From Plato to Postmodernism.- ... Role of the Author - Louis Markos/L11.24 - Schiller on Aesthetics.txt
/mnt/c/Users/nateg/OneDrive/Documentos/GitHub/quadrivium/cognetics/From Plato to Postmodernism.- ... Role of the Author - Louis Markos/L12.24 - Hegel and the Journey of the Idea.txt
/mnt/c/Users/nateg/OneDrive/Documentos/GitHub/quadrivium/cognetics/From Plato to Postmodernism.- ... Role of the Author - Louis Markos/L13.24 - Wordsworth, Coleridge, and British Romanticism.txt
/mnt/c/Users/nateg/OneDrive/Documentos/GitHub/quadrivium/cognetics/From Plato to Postmodernism.- ... Role of the Author - Louis Markos/L14.24 - Mr. Wordsworth's Preface.txt
/mnt/c/Users/nateg/OneDrive/Documentos/GitHub/quadrivium/cognetics/From Plato to Postmodernism.- ... Role of the Author - Louis Markos/L15.24 - Coleridge - Transcendental Philosopher.txt
/mnt/c/Users/nateg/OneDrive/Documentos/GitHub/quadrivium/cognetics/From Plato to Postmodernism.- ... Role of the Author - Louis Markos/L16.24 - Shelley's Defense of Poetry.txt
/mnt/c/Users/nateg/OneDrive/Documentos/GitHub/quadrivium/cognetics/From Plato to Postmodernism.- ... Role of the Author - Louis Markos/L1724-~1.txt
/mnt/c/Users/nateg/OneDrive/Documentos/GitHub/quadrivium/cognetics/From Plato to Postmodernism.- ... Role of the Author - Louis Markos/L18.24 - The Status of Poetry - I.A. Richards and John Crowe.txt
/mnt/c/Users/nateg/OneDrive/Documentos/GitHub/quadrivium/cognetics/From Plato to Postmodernism.- ... Role of the Author - Louis Markos/L1924-~1.txt
/mnt/c/Users/nateg/OneDrive/Documentos/GitHub/quadrivium/cognetics/From Plato to Postmodernism.- ... Role of the Author - Louis Markos/L20.24 - Archetypal Theory - Saint Paul to Northrop Frye.txt
/mnt/c/Users/nateg/OneDrive/Documentos/GitHub/quadrivium/cognetics/From Plato to Postmodernism.- ... Role of the Author - Louis Markos/L21.24 - Origins of Modernism.txt
/mnt/c/Users/nateg/OneDrive/Documentos/GitHub/quadrivium/cognetics/From Plato to Postmodernism.- ... Role of the Author - Louis Markos/L2224-~1.txt
/mnt/c/Users/nateg/OneDrive/Documentos/GitHub/quadrivium/cognetics/From Plato to Postmodernism.- ... Role of the Author - Louis Markos/L23.24 - Jacques Derrida on Deconstruction.txt
/mnt/c/Users/nateg/OneDrive/Documentos/GitHub/quadrivium/cognetics/From Plato to Postmodernism.- ... Role of the Author - Louis Markos/L24.24 - Varieties of Post-modernism.txt
