/mnt/c/Users/nateg/OneDrive/Documentos/GitHub/quadrivium/cognetics/Cultural Literacy for Religion/01 Religion—Its Meaning and Importance.txt
/mnt/c/Users/nateg/OneDrive/Documentos/GitHub/quadrivium/cognetics/Cultural Literacy for Religion/02 Facets of Religion—Divinity and Devotion.txt
/mnt/c/Users/nateg/OneDrive/Documentos/GitHub/quadrivium/cognetics/Cultural Literacy for Religion/03 Hinduism—Foundational Texts and Teachings.txt
/mnt/c/Users/nateg/OneDrive/Documentos/GitHub/quadrivium/cognetics/Cultural Literacy for Religion/04 Hindu Gods and Devotional Practices.txt
/mnt/c/Users/nateg/OneDrive/Documentos/GitHub/quadrivium/cognetics/Cultural Literacy for Religion/05 Gita to Gandhi—Yogas and Modern Hinduism.txt
/mnt/c/Users/nateg/OneDrive/Documentos/GitHub/quadrivium/cognetics/Cultural Literacy for Religion/06 Waking Up—The Buddha and His Teachings.txt
/mnt/c/Users/nateg/OneDrive/Documentos/GitHub/quadrivium/cognetics/Cultural Literacy for Religion/07 Vehicles to Nirvana—The Schools of Buddhism.txt
/mnt/c/Users/nateg/OneDrive/Documentos/GitHub/quadrivium/cognetics/Cultural Literacy for Religion/08 Chinese Religion and Cosmology.txt
/mnt/c/Users/nateg/OneDrive/Documentos/GitHub/quadrivium/cognetics/Cultural Literacy for Religion/09 Confucianism—Rituals and Relationships.txt
/mnt/c/Users/nateg/OneDrive/Documentos/GitHub/quadrivium/cognetics/Cultural Literacy for Religion/10 Daoism—Harmony, Nature, and the Way.txt
/mnt/c/Users/nateg/OneDrive/Documentos/GitHub/quadrivium/cognetics/Cultural Literacy for Religion/11 Kami and Spirits—Shinto and Shamanism.txt
/mnt/c/Users/nateg/OneDrive/Documentos/GitHub/quadrivium/cognetics/Cultural Literacy for Religion/12 East Asian Buddhism—Zen and Pure Land.txt
/mnt/c/Users/nateg/OneDrive/Documentos/GitHub/quadrivium/cognetics/Cultural Literacy for Religion/13 Judaism—God, Torah, and Covenant.txt
/mnt/c/Users/nateg/OneDrive/Documentos/GitHub/quadrivium/cognetics/Cultural Literacy for Religion/14 Varieties of Jewish Thought and Practice.txt
/mnt/c/Users/nateg/OneDrive/Documentos/GitHub/quadrivium/cognetics/Cultural Literacy for Religion/15 Living a Jewish Life.txt
/mnt/c/Users/nateg/OneDrive/Documentos/GitHub/quadrivium/cognetics/Cultural Literacy for Religion/16 The Life and Commemoration of Jesus.txt
/mnt/c/Users/nateg/OneDrive/Documentos/GitHub/quadrivium/cognetics/Cultural Literacy for Religion/17 Catholic and Orthodox Christianity.txt
/mnt/c/Users/nateg/OneDrive/Documentos/GitHub/quadrivium/cognetics/Cultural Literacy for Religion/18 Protestantism and Christianity Today.txt
/mnt/c/Users/nateg/OneDrive/Documentos/GitHub/quadrivium/cognetics/Cultural Literacy for Religion/19 Muhammad, Qur’an, and Islamic Civilization.txt
/mnt/c/Users/nateg/OneDrive/Documentos/GitHub/quadrivium/cognetics/Cultural Literacy for Religion/20 Unity in Islam—The Five Pillars.txt
/mnt/c/Users/nateg/OneDrive/Documentos/GitHub/quadrivium/cognetics/Cultural Literacy for Religion/21 Forms of Islam—Diversity among Muslims.txt
/mnt/c/Users/nateg/OneDrive/Documentos/GitHub/quadrivium/cognetics/Cultural Literacy for Religion/22 Jains, Sikhs, and Baha’is.txt
/mnt/c/Users/nateg/OneDrive/Documentos/GitHub/quadrivium/cognetics/Cultural Literacy for Religion/23 Religion and Law in America.txt
/mnt/c/Users/nateg/OneDrive/Documentos/GitHub/quadrivium/cognetics/Cultural Literacy for Religion/24 Religion Today—Trends, Challenges, and Hope.txt
