/mnt/c/Users/nateg/OneDrive/Documentos/GitHub/quadrivium/cognetics/Statistics/L01 - Describing Data and Inferring Meaning.txt
/mnt/c/Users/nateg/OneDrive/Documentos/GitHub/quadrivium/cognetics/Statistics/L02 - Data and Distributions - Getting the Picture.txt
/mnt/c/Users/nateg/OneDrive/Documentos/GitHub/quadrivium/cognetics/Statistics/L03 - Inference - How Close - How Confident.txt
/mnt/c/Users/nateg/OneDrive/Documentos/GitHub/quadrivium/cognetics/Statistics/L04 - Describing Dispersion or Measuring Spread.txt
/mnt/c/Users/nateg/OneDrive/Documentos/GitHub/quadrivium/cognetics/Statistics/L05 - Models of Distributions - Shapely Families.txt
/mnt/c/Users/nateg/OneDrive/Documentos/GitHub/quadrivium/cognetics/Statistics/L06 - The Bell Curve.txt
/mnt/c/Users/nateg/OneDrive/Documentos/GitHub/quadrivium/cognetics/Statistics/L07 - Correlation and Regression - Moving Together.txt
/mnt/c/Users/nateg/OneDrive/Documentos/GitHub/quadrivium/cognetics/Statistics/L08 - Probability - Workhorse for Inference.txt
/mnt/c/Users/nateg/OneDrive/Documentos/GitHub/quadrivium/cognetics/Statistics/L09 - Samples - The Few, The Chosen.txt
/mnt/c/Users/nateg/OneDrive/Documentos/GitHub/quadrivium/cognetics/Statistics/L10 - Hypothesis Testing - Innocent Until.txt
/mnt/c/Users/nateg/OneDrive/Documentos/GitHub/quadrivium/cognetics/Statistics/L11 - Confidence Intervals - How Close - How Sure.txt
/mnt/c/Users/nateg/OneDrive/Documentos/GitHub/quadrivium/cognetics/Statistics/L12 - Design of Experiments - Thinking Ahead.txt
/mnt/c/Users/nateg/OneDrive/Documentos/GitHub/quadrivium/cognetics/Statistics/L13 - Law - You're the Jury.txt
/mnt/c/Users/nateg/OneDrive/Documentos/GitHub/quadrivium/cognetics/Statistics/L14 - Democracy and Arrow's Impossibility Theorem.txt
/mnt/c/Users/nateg/OneDrive/Documentos/GitHub/quadrivium/cognetics/Statistics/L15 - Election Problems and Engine Failure.txt
/mnt/c/Users/nateg/OneDrive/Documentos/GitHub/quadrivium/cognetics/Statistics/L16 - Sports - Who's the Best of All Time.txt
/mnt/c/Users/nateg/OneDrive/Documentos/GitHub/quadrivium/cognetics/Statistics/L17 - Risk - War and Insurance.txt
/mnt/c/Users/nateg/OneDrive/Documentos/GitHub/quadrivium/cognetics/Statistics/L18 - Real Estate - Accounting for Value.txt
/mnt/c/Users/nateg/OneDrive/Documentos/GitHub/quadrivium/cognetics/Statistics/L19 - Misleading, Distorting, and Lying.txt
/mnt/c/Users/nateg/OneDrive/Documentos/GitHub/quadrivium/cognetics/Statistics/L20 - Social Science - Parsing Personalities.txt
/mnt/c/Users/nateg/OneDrive/Documentos/GitHub/quadrivium/cognetics/Statistics/L21 - Quack Medicine, Good Hospitals, and Dieting.txt
/mnt/c/Users/nateg/OneDrive/Documentos/GitHub/quadrivium/cognetics/Statistics/L22 - Economics - One Way to Find Fraud.txt
/mnt/c/Users/nateg/OneDrive/Documentos/GitHub/quadrivium/cognetics/Statistics/L23 - Science - Mendel's Too-Good Peas.txt
/mnt/c/Users/nateg/OneDrive/Documentos/GitHub/quadrivium/cognetics/Statistics/L24 - Statistics Everywhere.txt
