/mnt/c/Users/nateg/OneDrive/Documentos/GitHub/quadrivium/cognetics/Conservative Tradition/00. Professor Bio.txt
/mnt/c/Users/nateg/OneDrive/Documentos/GitHub/quadrivium/cognetics/Conservative Tradition/01. What Is Conservatism.txt
/mnt/c/Users/nateg/OneDrive/Documentos/GitHub/quadrivium/cognetics/Conservative Tradition/02. The Glorious Revolution And Its Heritage.txt
/mnt/c/Users/nateg/OneDrive/Documentos/GitHub/quadrivium/cognetics/Conservative Tradition/03. Burke, Tradition, And The French Revolution.txt
/mnt/c/Users/nateg/OneDrive/Documentos/GitHub/quadrivium/cognetics/Conservative Tradition/04. Pitt And The Wars Of The French Revolution.txt
/mnt/c/Users/nateg/OneDrive/Documentos/GitHub/quadrivium/cognetics/Conservative Tradition/05. The American Revolution.txt
/mnt/c/Users/nateg/OneDrive/Documentos/GitHub/quadrivium/cognetics/Conservative Tradition/06. The Federalists.txt
/mnt/c/Users/nateg/OneDrive/Documentos/GitHub/quadrivium/cognetics/Conservative Tradition/07. Conservatives In The American South.txt
/mnt/c/Users/nateg/OneDrive/Documentos/GitHub/quadrivium/cognetics/Conservative Tradition/08. Northern Antebellum Conservatism.txt
/mnt/c/Users/nateg/OneDrive/Documentos/GitHub/quadrivium/cognetics/Conservative Tradition/09. Opposing The Great Reform Act.txt
/mnt/c/Users/nateg/OneDrive/Documentos/GitHub/quadrivium/cognetics/Conservative Tradition/10. Robert Peel And The Conservative Revival.txt
/mnt/c/Users/nateg/OneDrive/Documentos/GitHub/quadrivium/cognetics/Conservative Tradition/11. Smith, Ricardo, Malthus, Mill.txt
/mnt/c/Users/nateg/OneDrive/Documentos/GitHub/quadrivium/cognetics/Conservative Tradition/12. Conservatism And The American Civil War.txt
/mnt/c/Users/nateg/OneDrive/Documentos/GitHub/quadrivium/cognetics/Conservative Tradition/13. Industrialists, Mugwumps, Traditionalists.txt
/mnt/c/Users/nateg/OneDrive/Documentos/GitHub/quadrivium/cognetics/Conservative Tradition/14. Disraeli And Tory Imperialism.txt
/mnt/c/Users/nateg/OneDrive/Documentos/GitHub/quadrivium/cognetics/Conservative Tradition/15. The Rise Of Labour And The House Of Lords.txt
/mnt/c/Users/nateg/OneDrive/Documentos/GitHub/quadrivium/cognetics/Conservative Tradition/16. The Idea Of Anglo-Saxon Supremacy.txt
/mnt/c/Users/nateg/OneDrive/Documentos/GitHub/quadrivium/cognetics/Conservative Tradition/17. No Vote For Women.txt
/mnt/c/Users/nateg/OneDrive/Documentos/GitHub/quadrivium/cognetics/Conservative Tradition/18. American Conservatives After World War I.txt
/mnt/c/Users/nateg/OneDrive/Documentos/GitHub/quadrivium/cognetics/Conservative Tradition/19. Opposing The New Deal.txt
/mnt/c/Users/nateg/OneDrive/Documentos/GitHub/quadrivium/cognetics/Conservative Tradition/20. The Tory Party From Bonar Law To Churchill.txt
/mnt/c/Users/nateg/OneDrive/Documentos/GitHub/quadrivium/cognetics/Conservative Tradition/21. The Reaction To Labour And Nationalization.txt
/mnt/c/Users/nateg/OneDrive/Documentos/GitHub/quadrivium/cognetics/Conservative Tradition/22. American Anticommunism And Mccarthyism.txt
/mnt/c/Users/nateg/OneDrive/Documentos/GitHub/quadrivium/cognetics/Conservative Tradition/23. American Traditionalists.txt
/mnt/c/Users/nateg/OneDrive/Documentos/GitHub/quadrivium/cognetics/Conservative Tradition/24. Libertarianism.txt
/mnt/c/Users/nateg/OneDrive/Documentos/GitHub/quadrivium/cognetics/Conservative Tradition/25. National Review And Barry Goldwater.txt
/mnt/c/Users/nateg/OneDrive/Documentos/GitHub/quadrivium/cognetics/Conservative Tradition/26. Upheavals Of The 1960s.txt
/mnt/c/Users/nateg/OneDrive/Documentos/GitHub/quadrivium/cognetics/Conservative Tradition/27. The Neoconservatives.txt
/mnt/c/Users/nateg/OneDrive/Documentos/GitHub/quadrivium/cognetics/Conservative Tradition/28. The Neoconservatives And Foreign Policy.txt
/mnt/c/Users/nateg/OneDrive/Documentos/GitHub/quadrivium/cognetics/Conservative Tradition/29. Christian Conservatives And The New Right.txt
/mnt/c/Users/nateg/OneDrive/Documentos/GitHub/quadrivium/cognetics/Conservative Tradition/30. Margaret Thatcher's Counterrevolution.txt
/mnt/c/Users/nateg/OneDrive/Documentos/GitHub/quadrivium/cognetics/Conservative Tradition/31. Monarchs And Prime Ministers.txt
/mnt/c/Users/nateg/OneDrive/Documentos/GitHub/quadrivium/cognetics/Conservative Tradition/32. Reagan Triumphant.txt
/mnt/c/Users/nateg/OneDrive/Documentos/GitHub/quadrivium/cognetics/Conservative Tradition/33. The End Of The Cold War.txt
/mnt/c/Users/nateg/OneDrive/Documentos/GitHub/quadrivium/cognetics/Conservative Tradition/34. Paleoconservatives And Theoconservatives.txt
/mnt/c/Users/nateg/OneDrive/Documentos/GitHub/quadrivium/cognetics/Conservative Tradition/35. Culture Wars.txt
/mnt/c/Users/nateg/OneDrive/Documentos/GitHub/quadrivium/cognetics/Conservative Tradition/36. Unresolved Paradoxes.txt
