/mnt/c/Users/nateg/OneDrive/Documentos/GitHub/quadrivium/cognetics/Rome and the Barbarians/01 - Greek and Roman Views of Barbarians.txt
/mnt/c/Users/nateg/OneDrive/Documentos/GitHub/quadrivium/cognetics/Rome and the Barbarians/02 - The Roman Republic.txt
/mnt/c/Users/nateg/OneDrive/Documentos/GitHub/quadrivium/cognetics/Rome and the Barbarians/03 - Roman Society.txt
/mnt/c/Users/nateg/OneDrive/Documentos/GitHub/quadrivium/cognetics/Rome and the Barbarians/04 - The Roman Way of War.txt
/mnt/c/Users/nateg/OneDrive/Documentos/GitHub/quadrivium/cognetics/Rome and the Barbarians/05 - Celtic Europe and the Mediterranean World.txt
/mnt/c/Users/nateg/OneDrive/Documentos/GitHub/quadrivium/cognetics/Rome and the Barbarians/06 - The Conquest of Cisalpine Gaul.txt
/mnt/c/Users/nateg/OneDrive/Documentos/GitHub/quadrivium/cognetics/Rome and the Barbarians/07 - Romans and Carthaginians in Spain.txt
/mnt/c/Users/nateg/OneDrive/Documentos/GitHub/quadrivium/cognetics/Rome and the Barbarians/08 - The Roman Conquest of Spain.txt
/mnt/c/Users/nateg/OneDrive/Documentos/GitHub/quadrivium/cognetics/Rome and the Barbarians/09 - The Genesis of Roman Spain.txt
/mnt/c/Users/nateg/OneDrive/Documentos/GitHub/quadrivium/cognetics/Rome and the Barbarians/10 - Jugurtha and the Nomadic Threat.txt
/mnt/c/Users/nateg/OneDrive/Documentos/GitHub/quadrivium/cognetics/Rome and the Barbarians/11 - Marius and the Northern Barbarians.txt
/mnt/c/Users/nateg/OneDrive/Documentos/GitHub/quadrivium/cognetics/Rome and the Barbarians/12 - Rome's Rivals in the East.txt
/mnt/c/Users/nateg/OneDrive/Documentos/GitHub/quadrivium/cognetics/Rome and the Barbarians/13 - The Price of EmpireБ─■The Roman Revolution.txt
/mnt/c/Users/nateg/OneDrive/Documentos/GitHub/quadrivium/cognetics/Rome and the Barbarians/14 - Julius Caesar and the Conquest of Gaul.txt
/mnt/c/Users/nateg/OneDrive/Documentos/GitHub/quadrivium/cognetics/Rome and the Barbarians/15 - Early Germanic Europe.txt
/mnt/c/Users/nateg/OneDrive/Documentos/GitHub/quadrivium/cognetics/Rome and the Barbarians/16 - The Nomads of Eastern Europe.txt
/mnt/c/Users/nateg/OneDrive/Documentos/GitHub/quadrivium/cognetics/Rome and the Barbarians/17 - Arsacid Parthia.txt
/mnt/c/Users/nateg/OneDrive/Documentos/GitHub/quadrivium/cognetics/Rome and the Barbarians/18 - The Augustan Principate and Imperialism.txt
/mnt/c/Users/nateg/OneDrive/Documentos/GitHub/quadrivium/cognetics/Rome and the Barbarians/19 - The Roman Imperial Army.txt
/mnt/c/Users/nateg/OneDrive/Documentos/GitHub/quadrivium/cognetics/Rome and the Barbarians/20 - The Varian Disaster.txt
/mnt/c/Users/nateg/OneDrive/Documentos/GitHub/quadrivium/cognetics/Rome and the Barbarians/21 - The Roman Conquest of Britain.txt
/mnt/c/Users/nateg/OneDrive/Documentos/GitHub/quadrivium/cognetics/Rome and the Barbarians/22 - Civil War and Rebellion.txt
/mnt/c/Users/nateg/OneDrive/Documentos/GitHub/quadrivium/cognetics/Rome and the Barbarians/23 - Flavian Frontiers and the Dacians.txt
/mnt/c/Users/nateg/OneDrive/Documentos/GitHub/quadrivium/cognetics/Rome and the Barbarians/24 - Trajan, the Dacians, and the Parthians.txt
/mnt/c/Users/nateg/OneDrive/Documentos/GitHub/quadrivium/cognetics/Rome and the Barbarians/25 - Romanization of the Provinces.txt
/mnt/c/Users/nateg/OneDrive/Documentos/GitHub/quadrivium/cognetics/Rome and the Barbarians/26 - Commerce Beyond the Imperial Frontiers.txt
/mnt/c/Users/nateg/OneDrive/Documentos/GitHub/quadrivium/cognetics/Rome and the Barbarians/27 - Frontier Settlement and Assimilation.txt
/mnt/c/Users/nateg/OneDrive/Documentos/GitHub/quadrivium/cognetics/Rome and the Barbarians/28 - From Germanic Tribes to Confederations.txt
/mnt/c/Users/nateg/OneDrive/Documentos/GitHub/quadrivium/cognetics/Rome and the Barbarians/29 - Goths and the Crisis of the Third Century.txt
/mnt/c/Users/nateg/OneDrive/Documentos/GitHub/quadrivium/cognetics/Rome and the Barbarians/30 - Eastern RivalsБ─■Sassanid Persia.txt
/mnt/c/Users/nateg/OneDrive/Documentos/GitHub/quadrivium/cognetics/Rome and the Barbarians/31 - Rome and the Barbarians in the Fourth Century.txt
/mnt/c/Users/nateg/OneDrive/Documentos/GitHub/quadrivium/cognetics/Rome and the Barbarians/32 - From Foes to Federates.txt
/mnt/c/Users/nateg/OneDrive/Documentos/GitHub/quadrivium/cognetics/Rome and the Barbarians/33 - Imperial Crisis and Decline.txt
/mnt/c/Users/nateg/OneDrive/Documentos/GitHub/quadrivium/cognetics/Rome and the Barbarians/34 - Attila and the Huns.txt
/mnt/c/Users/nateg/OneDrive/Documentos/GitHub/quadrivium/cognetics/Rome and the Barbarians/35 - Justinian and the Barbarians.txt
/mnt/c/Users/nateg/OneDrive/Documentos/GitHub/quadrivium/cognetics/Rome and the Barbarians/36 - Birth of the Barbarian Medieval West.txt
