/mnt/c/Users/nateg/OneDrive/Documentos/GitHub/quadrivium/metacrisis/Neso Academy/Ambiguous Grammar.txt
/mnt/c/Users/nateg/OneDrive/Documentos/GitHub/quadrivium/metacrisis/Neso Academy/An Example Proof using Identities of Regular Expressions.txt
/mnt/c/Users/nateg/OneDrive/Documentos/GitHub/quadrivium/metacrisis/Neso Academy/Arden’s Theorem.txt
/mnt/c/Users/nateg/OneDrive/Documentos/GitHub/quadrivium/metacrisis/Neso Academy/CFG to GNF Conversion (Removal of Left Recursion).txt
/mnt/c/Users/nateg/OneDrive/Documentos/GitHub/quadrivium/metacrisis/Neso Academy/Chomsky Normal Form & CFG to CNF Conversion.txt
/mnt/c/Users/nateg/OneDrive/Documentos/GitHub/quadrivium/metacrisis/Neso Academy/Construction of Mealy Machine (Example 1).txt
/mnt/c/Users/nateg/OneDrive/Documentos/GitHub/quadrivium/metacrisis/Neso Academy/Construction of Mealy Machine (Example 2).txt
/mnt/c/Users/nateg/OneDrive/Documentos/GitHub/quadrivium/metacrisis/Neso Academy/Construction of Mealy Machine.txt
/mnt/c/Users/nateg/OneDrive/Documentos/GitHub/quadrivium/metacrisis/Neso Academy/Construction of Moore Machine (Example 1).txt
/mnt/c/Users/nateg/OneDrive/Documentos/GitHub/quadrivium/metacrisis/Neso Academy/Construction of Moore Machine (Example 2).txt
/mnt/c/Users/nateg/OneDrive/Documentos/GitHub/quadrivium/metacrisis/Neso Academy/Construction of Moore Machine.txt
/mnt/c/Users/nateg/OneDrive/Documentos/GitHub/quadrivium/metacrisis/Neso Academy/Context Free Grammar & Context Free Language.txt
/mnt/c/Users/nateg/OneDrive/Documentos/GitHub/quadrivium/metacrisis/Neso Academy/Conversion of CFG to Chomsky Normal Form.txt
/mnt/c/Users/nateg/OneDrive/Documentos/GitHub/quadrivium/metacrisis/Neso Academy/Conversion of Epsilon NFA to NFA - Examples (Part 1).txt
/mnt/c/Users/nateg/OneDrive/Documentos/GitHub/quadrivium/metacrisis/Neso Academy/Conversion of Epsilon NFA to NFA - Examples (Part 2).txt
/mnt/c/Users/nateg/OneDrive/Documentos/GitHub/quadrivium/metacrisis/Neso Academy/Conversion of Epsilon NFA to NFA.txt
/mnt/c/Users/nateg/OneDrive/Documentos/GitHub/quadrivium/metacrisis/Neso Academy/Conversion of Mealy Machine to Moore Machine (Example 1).txt
/mnt/c/Users/nateg/OneDrive/Documentos/GitHub/quadrivium/metacrisis/Neso Academy/Conversion of Mealy Machine to Moore Machine (Example 2).txt
/mnt/c/Users/nateg/OneDrive/Documentos/GitHub/quadrivium/metacrisis/Neso Academy/Conversion of Mealy Machine to Moore Machine (Using Transition Table).txt
/mnt/c/Users/nateg/OneDrive/Documentos/GitHub/quadrivium/metacrisis/Neso Academy/Conversion of Mealy Machine to Moore Machine.txt
/mnt/c/Users/nateg/OneDrive/Documentos/GitHub/quadrivium/metacrisis/Neso Academy/Conversion of Moore Machine to Mealy Machine (Example 1).txt
/mnt/c/Users/nateg/OneDrive/Documentos/GitHub/quadrivium/metacrisis/Neso Academy/Conversion of Moore Machine to Mealy Machine (Example 2).txt
/mnt/c/Users/nateg/OneDrive/Documentos/GitHub/quadrivium/metacrisis/Neso Academy/Conversion of Moore Machine to Mealy Machine.txt
/mnt/c/Users/nateg/OneDrive/Documentos/GitHub/quadrivium/metacrisis/Neso Academy/Conversion of NFA to DFA (Example 1).txt
/mnt/c/Users/nateg/OneDrive/Documentos/GitHub/quadrivium/metacrisis/Neso Academy/Conversion of NFA to DFA (Example 2).txt
/mnt/c/Users/nateg/OneDrive/Documentos/GitHub/quadrivium/metacrisis/Neso Academy/Conversion of NFA to DFA (Example 3).txt
/mnt/c/Users/nateg/OneDrive/Documentos/GitHub/quadrivium/metacrisis/Neso Academy/Conversion of NFA to DFA (Example 4).txt
/mnt/c/Users/nateg/OneDrive/Documentos/GitHub/quadrivium/metacrisis/Neso Academy/Conversion of NFA to DFA.txt
/mnt/c/Users/nateg/OneDrive/Documentos/GitHub/quadrivium/metacrisis/Neso Academy/Conversion of Regular Expression to Finite Automata - Examples (Part 1).txt
/mnt/c/Users/nateg/OneDrive/Documentos/GitHub/quadrivium/metacrisis/Neso Academy/Conversion of Regular Expression to Finite Automata - Examples (Part 2).txt
/mnt/c/Users/nateg/OneDrive/Documentos/GitHub/quadrivium/metacrisis/Neso Academy/Conversion of Regular Expression to Finite Automata - Examples (Part 3).txt
/mnt/c/Users/nateg/OneDrive/Documentos/GitHub/quadrivium/metacrisis/Neso Academy/Conversion of Regular Expression to Finite Automata.txt
/mnt/c/Users/nateg/OneDrive/Documentos/GitHub/quadrivium/metacrisis/Neso Academy/DFA to Regular Expression Conversion (when the DFA has Multiple Final States).txt
/mnt/c/Users/nateg/OneDrive/Documentos/GitHub/quadrivium/metacrisis/Neso Academy/DFA to Regular Expression Conversion.txt
/mnt/c/Users/nateg/OneDrive/Documentos/GitHub/quadrivium/metacrisis/Neso Academy/Decidability and Undecidability.txt
/mnt/c/Users/nateg/OneDrive/Documentos/GitHub/quadrivium/metacrisis/Neso Academy/Derivation Tree (Left & Right Derivation Trees).txt
/mnt/c/Users/nateg/OneDrive/Documentos/GitHub/quadrivium/metacrisis/Neso Academy/Derivations from a Grammar.txt
/mnt/c/Users/nateg/OneDrive/Documentos/GitHub/quadrivium/metacrisis/Neso Academy/Designing Regular Expressions.txt
/mnt/c/Users/nateg/OneDrive/Documentos/GitHub/quadrivium/metacrisis/Neso Academy/Deterministic Finite Automata (Example 1).txt
/mnt/c/Users/nateg/OneDrive/Documentos/GitHub/quadrivium/metacrisis/Neso Academy/Deterministic Finite Automata (Example 2).txt
/mnt/c/Users/nateg/OneDrive/Documentos/GitHub/quadrivium/metacrisis/Neso Academy/Deterministic Finite Automata (Example 3).txt
/mnt/c/Users/nateg/OneDrive/Documentos/GitHub/quadrivium/metacrisis/Neso Academy/Deterministic Finite Automata (Example 4).txt
/mnt/c/Users/nateg/OneDrive/Documentos/GitHub/quadrivium/metacrisis/Neso Academy/Epsilon NFA.txt
/mnt/c/Users/nateg/OneDrive/Documentos/GitHub/quadrivium/metacrisis/Neso Academy/Equivalence of CFG and PDA (Part 1).txt
/mnt/c/Users/nateg/OneDrive/Documentos/GitHub/quadrivium/metacrisis/Neso Academy/Equivalence of CFG and PDA (Part 2a).txt
/mnt/c/Users/nateg/OneDrive/Documentos/GitHub/quadrivium/metacrisis/Neso Academy/Equivalence of CFG and PDA (Part 2b).txt
/mnt/c/Users/nateg/OneDrive/Documentos/GitHub/quadrivium/metacrisis/Neso Academy/Equivalence of Two Finite Automata (Example).txt
/mnt/c/Users/nateg/OneDrive/Documentos/GitHub/quadrivium/metacrisis/Neso Academy/Equivalence of Two Finite Automata.txt
/mnt/c/Users/nateg/OneDrive/Documentos/GitHub/quadrivium/metacrisis/Neso Academy/Finite Automata With Outputs.txt
/mnt/c/Users/nateg/OneDrive/Documentos/GitHub/quadrivium/metacrisis/Neso Academy/Finite State Machine (Finite Automata).txt
/mnt/c/Users/nateg/OneDrive/Documentos/GitHub/quadrivium/metacrisis/Neso Academy/Finite State Machine (Prerequisites).txt
/mnt/c/Users/nateg/OneDrive/Documentos/GitHub/quadrivium/metacrisis/Neso Academy/Formal Definition of Non-Deterministic Finite Automata (NFA).txt
/mnt/c/Users/nateg/OneDrive/Documentos/GitHub/quadrivium/metacrisis/Neso Academy/Greibach Normal Form & CFG to GNF Conversion.txt
/mnt/c/Users/nateg/OneDrive/Documentos/GitHub/quadrivium/metacrisis/Neso Academy/Identities of Regular Expression.txt
/mnt/c/Users/nateg/OneDrive/Documentos/GitHub/quadrivium/metacrisis/Neso Academy/Introduction to Theory of Computation.txt
/mnt/c/Users/nateg/OneDrive/Documentos/GitHub/quadrivium/metacrisis/Neso Academy/Method to find whether a string belong to a Grammar or not.txt
/mnt/c/Users/nateg/OneDrive/Documentos/GitHub/quadrivium/metacrisis/Neso Academy/Minimization of DFA (Example 1).txt
/mnt/c/Users/nateg/OneDrive/Documentos/GitHub/quadrivium/metacrisis/Neso Academy/Minimization of DFA (Example 2).txt
/mnt/c/Users/nateg/OneDrive/Documentos/GitHub/quadrivium/metacrisis/Neso Academy/Minimization of DFA (With Multiple Final States).txt
/mnt/c/Users/nateg/OneDrive/Documentos/GitHub/quadrivium/metacrisis/Neso Academy/Minimization of DFA (With Unreachable States).txt
/mnt/c/Users/nateg/OneDrive/Documentos/GitHub/quadrivium/metacrisis/Neso Academy/Minimization of Deterministic Finite Automata (DFA).txt
/mnt/c/Users/nateg/OneDrive/Documentos/GitHub/quadrivium/metacrisis/Neso Academy/Multitape Turing Machine.txt
/mnt/c/Users/nateg/OneDrive/Documentos/GitHub/quadrivium/metacrisis/Neso Academy/Myhill Nerode Theorem - Table Filling Method (Example).txt
/mnt/c/Users/nateg/OneDrive/Documentos/GitHub/quadrivium/metacrisis/Neso Academy/Myhill Nerode Theorem - Table Filling Method.txt
/mnt/c/Users/nateg/OneDrive/Documentos/GitHub/quadrivium/metacrisis/Neso Academy/NFA to Regular Expression Conversion.txt
/mnt/c/Users/nateg/OneDrive/Documentos/GitHub/quadrivium/metacrisis/Neso Academy/Non-Deterministic Finite Automata (Solved Example 1).txt
