/mnt/c/Users/nateg/OneDrive/Documentos/GitHub/quadrivium/cognetics/test-folder/Albert Einstein/00 Professor Introduction of Albert Einstein.txt
/mnt/c/Users/nateg/OneDrive/Documentos/GitHub/quadrivium/cognetics/test-folder/Albert Einstein/01 The Precocious Young Einstein.txt
/mnt/c/Users/nateg/OneDrive/Documentos/GitHub/quadrivium/cognetics/test-folder/Albert Einstein/02 The Development of the Young Physicist.txt
/mnt/c/Users/nateg/OneDrive/Documentos/GitHub/quadrivium/cognetics/test-folder/Albert Einstein/03 The Birth of the Quantum Hypothesis.txt
/mnt/c/Users/nateg/OneDrive/Documentos/GitHub/quadrivium/cognetics/test-folder/Albert Einstein/04 Background to Special Relativity.txt
/mnt/c/Users/nateg/OneDrive/Documentos/GitHub/quadrivium/cognetics/test-folder/Albert Einstein/05 Essentials of Special Relativity.txt
/mnt/c/Users/nateg/OneDrive/Documentos/GitHub/quadrivium/cognetics/test-folder/Albert Einstein/06 From Bern to Berlin.txt
/mnt/c/Users/nateg/OneDrive/Documentos/GitHub/quadrivium/cognetics/test-folder/Albert Einstein/07 Background to General Relativity.txt
/mnt/c/Users/nateg/OneDrive/Documentos/GitHub/quadrivium/cognetics/test-folder/Albert Einstein/08 Essentials of General Relativity.txt
/mnt/c/Users/nateg/OneDrive/Documentos/GitHub/quadrivium/cognetics/test-folder/Albert Einstein/09 From Berlin to Princeton.txt
/mnt/c/Users/nateg/OneDrive/Documentos/GitHub/quadrivium/cognetics/test-folder/Albert Einstein/10 Philosophical Challenge of the New Physics.txt
/mnt/c/Users/nateg/OneDrive/Documentos/GitHub/quadrivium/cognetics/test-folder/Albert Einstein/11 Einstein's Philosophy of Science.txt
/mnt/c/Users/nateg/OneDrive/Documentos/GitHub/quadrivium/cognetics/test-folder/Albert Einstein/12 Zionism, Pacifism, and Internationalism.txt
/mnt/c/Users/nateg/OneDrive/Documentos/GitHub/quadrivium/cognetics/test-folder/Albert Einstein/13 Einstein the Inventor and Musician.txt
/mnt/c/Users/nateg/OneDrive/Documentos/GitHub/quadrivium/cognetics/test-folder/Albert Einstein/14 On the Road to the New Quantum Mechanics.txt
/mnt/c/Users/nateg/OneDrive/Documentos/GitHub/quadrivium/cognetics/test-folder/Albert Einstein/15 Quantum Mechanics and Controversy.txt
/mnt/c/Users/nateg/OneDrive/Documentos/GitHub/quadrivium/cognetics/test-folder/Albert Einstein/16 Einstein in Princeton -- The Lonely Quest.txt
/mnt/c/Users/nateg/OneDrive/Documentos/GitHub/quadrivium/cognetics/test-folder/Albert Einstein/17 Is Quantum Mechanics Complete.txt
/mnt/c/Users/nateg/OneDrive/Documentos/GitHub/quadrivium/cognetics/test-folder/Albert Einstein/18 The Expanding Universe.txt
/mnt/c/Users/nateg/OneDrive/Documentos/GitHub/quadrivium/cognetics/test-folder/Albert Einstein/19 Einstein and the Bomb -- Science Politicized.txt
/mnt/c/Users/nateg/OneDrive/Documentos/GitHub/quadrivium/cognetics/test-folder/Albert Einstein/20 From the Manhattan Project to the Cold War.txt
/mnt/c/Users/nateg/OneDrive/Documentos/GitHub/quadrivium/cognetics/test-folder/Albert Einstein/21 A Lifelong Commitment to Social Justice.txt
/mnt/c/Users/nateg/OneDrive/Documentos/GitHub/quadrivium/cognetics/test-folder/Albert Einstein/22 Cosmic Religion and Jewish Identity.txt
/mnt/c/Users/nateg/OneDrive/Documentos/GitHub/quadrivium/cognetics/test-folder/Albert Einstein/23 Einstein and Modernity.txt
/mnt/c/Users/nateg/OneDrive/Documentos/GitHub/quadrivium/cognetics/test-folder/Albert Einstein/24 The Sage of Princeton -- Einstein the Icon.txt
/mnt/c/Users/nateg/OneDrive/Documentos/GitHub/quadrivium/cognetics/test-folder/Albert Einstein/summary.txt
