/mnt/c/Users/nateg/OneDrive/Documentos/GitHub/quadrivium/cognetics/Conflict Management/00. Professor Bio.txt
/mnt/c/Users/nateg/OneDrive/Documentos/GitHub/quadrivium/cognetics/Conflict Management/01. Why Conflict Management Matters.txt
/mnt/c/Users/nateg/OneDrive/Documentos/GitHub/quadrivium/cognetics/Conflict Management/02. The Adversary System.txt
/mnt/c/Users/nateg/OneDrive/Documentos/GitHub/quadrivium/cognetics/Conflict Management/03. Morton Deutsch and the Concept of Win-Win.txt
/mnt/c/Users/nateg/OneDrive/Documentos/GitHub/quadrivium/cognetics/Conflict Management/04. Perception, Perspective, and Punctuation.txt
/mnt/c/Users/nateg/OneDrive/Documentos/GitHub/quadrivium/cognetics/Conflict Management/05. Managing Multiple and Conflicting Emotions.txt
/mnt/c/Users/nateg/OneDrive/Documentos/GitHub/quadrivium/cognetics/Conflict Management/06. Practicing Egyptian Religion.txt
/mnt/c/Users/nateg/OneDrive/Documentos/GitHub/quadrivium/cognetics/Conflict Management/07. Power—How Much We Need and How to Use It.txt
/mnt/c/Users/nateg/OneDrive/Documentos/GitHub/quadrivium/cognetics/Conflict Management/08. Conflict Styles.txt
/mnt/c/Users/nateg/OneDrive/Documentos/GitHub/quadrivium/cognetics/Conflict Management/09. Dysfunctional Conflict Strategies.txt
/mnt/c/Users/nateg/OneDrive/Documentos/GitHub/quadrivium/cognetics/Conflict Management/10. Principled Negotiation.txt
/mnt/c/Users/nateg/OneDrive/Documentos/GitHub/quadrivium/cognetics/Conflict Management/11. Preparing and Arranging to Negotiate.txt
/mnt/c/Users/nateg/OneDrive/Documentos/GitHub/quadrivium/cognetics/Conflict Management/12. Negotiating Conflict Resolutions.txt
/mnt/c/Users/nateg/OneDrive/Documentos/GitHub/quadrivium/cognetics/Conflict Management/13. Listening in Conflict.txt
/mnt/c/Users/nateg/OneDrive/Documentos/GitHub/quadrivium/cognetics/Conflict Management/14. Dynamic Patterns in Close Relationships.txt
/mnt/c/Users/nateg/OneDrive/Documentos/GitHub/quadrivium/cognetics/Conflict Management/15. Disruptions in Close Relationships.txt
/mnt/c/Users/nateg/OneDrive/Documentos/GitHub/quadrivium/cognetics/Conflict Management/16. How Management Theories Affect Conflict.txt
/mnt/c/Users/nateg/OneDrive/Documentos/GitHub/quadrivium/cognetics/Conflict Management/17. The Manager's Role in Dealing with Conflict.txt
/mnt/c/Users/nateg/OneDrive/Documentos/GitHub/quadrivium/cognetics/Conflict Management/18. Getting Professional Help with Conflict.txt
/mnt/c/Users/nateg/OneDrive/Documentos/GitHub/quadrivium/cognetics/Conflict Management/19. Helping Others Manage Conflict.txt
/mnt/c/Users/nateg/OneDrive/Documentos/GitHub/quadrivium/cognetics/Conflict Management/20. Moral and Cultural Conflicts.txt
/mnt/c/Users/nateg/OneDrive/Documentos/GitHub/quadrivium/cognetics/Conflict Management/21. Managing Moral Conflicts—Success Stories.txt
/mnt/c/Users/nateg/OneDrive/Documentos/GitHub/quadrivium/cognetics/Conflict Management/22. Managing Conflict's Aftermath.txt
/mnt/c/Users/nateg/OneDrive/Documentos/GitHub/quadrivium/cognetics/Conflict Management/23. Teaching Our Children about Conflict.txt
/mnt/c/Users/nateg/OneDrive/Documentos/GitHub/quadrivium/cognetics/Conflict Management/24. Conflict Management—A Success in Progress.txt
