/mnt/c/Users/nateg/OneDrive/Documentos/GitHub/quadrivium/cognetics/Thomas Jefferson - Visionary American/L01.72 - The Allure & Challenge of Thomas Jefferson.txt
/mnt/c/Users/nateg/OneDrive/Documentos/GitHub/quadrivium/cognetics/Thomas Jefferson - Visionary American/L02.72 - The Allure & Challenge of Thomas Jefferson.txt
/mnt/c/Users/nateg/OneDrive/Documentos/GitHub/quadrivium/cognetics/Thomas Jefferson - Visionary American/L03.72 - The Allure & Challenge of Thomas Jefferson.txt
/mnt/c/Users/nateg/OneDrive/Documentos/GitHub/quadrivium/cognetics/Thomas Jefferson - Visionary American/L04.72 - The Allure & Challenge of Thomas Jefferson.txt
/mnt/c/Users/nateg/OneDrive/Documentos/GitHub/quadrivium/cognetics/Thomas Jefferson - Visionary American/L05.72 - The Allure & Challenge of Thomas Jefferson.txt
/mnt/c/Users/nateg/OneDrive/Documentos/GitHub/quadrivium/cognetics/Thomas Jefferson - Visionary American/L06.72 - The Allure & Challenge of Thomas Jefferson.txt
/mnt/c/Users/nateg/OneDrive/Documentos/GitHub/quadrivium/cognetics/Thomas Jefferson - Visionary American/L07.72 - The Mind of Thomas Jefferson.txt
/mnt/c/Users/nateg/OneDrive/Documentos/GitHub/quadrivium/cognetics/Thomas Jefferson - Visionary American/L08.72 - The Mind of Thomas Jefferson.txt
/mnt/c/Users/nateg/OneDrive/Documentos/GitHub/quadrivium/cognetics/Thomas Jefferson - Visionary American/L09.72 - The Mind of Thomas Jefferson.txt
/mnt/c/Users/nateg/OneDrive/Documentos/GitHub/quadrivium/cognetics/Thomas Jefferson - Visionary American/L10.72 - The Mind of Thomas Jefferson.txt
/mnt/c/Users/nateg/OneDrive/Documentos/GitHub/quadrivium/cognetics/Thomas Jefferson - Visionary American/L11.72 - The Mind of Thomas Jefferson.txt
/mnt/c/Users/nateg/OneDrive/Documentos/GitHub/quadrivium/cognetics/Thomas Jefferson - Visionary American/L12.72 - The Mind of Thomas Jefferson.txt
/mnt/c/Users/nateg/OneDrive/Documentos/GitHub/quadrivium/cognetics/Thomas Jefferson - Visionary American/L13.72 - Jefferson, the Revolutionary American.txt
/mnt/c/Users/nateg/OneDrive/Documentos/GitHub/quadrivium/cognetics/Thomas Jefferson - Visionary American/L14.72 - Jefferson, the Revolutionary American.txt
/mnt/c/Users/nateg/OneDrive/Documentos/GitHub/quadrivium/cognetics/Thomas Jefferson - Visionary American/L15.72 - Jefferson, the Revolutionary American.txt
/mnt/c/Users/nateg/OneDrive/Documentos/GitHub/quadrivium/cognetics/Thomas Jefferson - Visionary American/L16.72 - Jefferson, the Revolutionary American.txt
/mnt/c/Users/nateg/OneDrive/Documentos/GitHub/quadrivium/cognetics/Thomas Jefferson - Visionary American/L17.72 - Jefferson, the Revolutionary American.txt
/mnt/c/Users/nateg/OneDrive/Documentos/GitHub/quadrivium/cognetics/Thomas Jefferson - Visionary American/L18.72 - Jefferson, the Revolutionary American.txt
/mnt/c/Users/nateg/OneDrive/Documentos/GitHub/quadrivium/cognetics/Thomas Jefferson - Visionary American/L19.72 - Jefferson, the Revolitionary Virginian.txt
/mnt/c/Users/nateg/OneDrive/Documentos/GitHub/quadrivium/cognetics/Thomas Jefferson - Visionary American/L20.72 - Jefferson, the Revolitionary Virginian.txt
/mnt/c/Users/nateg/OneDrive/Documentos/GitHub/quadrivium/cognetics/Thomas Jefferson - Visionary American/L21.72 - Jefferson, the Revolitionary Virginian.txt
/mnt/c/Users/nateg/OneDrive/Documentos/GitHub/quadrivium/cognetics/Thomas Jefferson - Visionary American/L22.72 - Jefferson, the Revolitionary Virginian.txt
/mnt/c/Users/nateg/OneDrive/Documentos/GitHub/quadrivium/cognetics/Thomas Jefferson - Visionary American/L23.72 - Jefferson, the Revolitionary Virginian.txt
/mnt/c/Users/nateg/OneDrive/Documentos/GitHub/quadrivium/cognetics/Thomas Jefferson - Visionary American/L24.72 - Jefferson, the Revolitionary Virginian.txt
/mnt/c/Users/nateg/OneDrive/Documentos/GitHub/quadrivium/cognetics/Thomas Jefferson - Visionary American/L25.72 - The American Sage - Notes on the State of Virginia.txt
/mnt/c/Users/nateg/OneDrive/Documentos/GitHub/quadrivium/cognetics/Thomas Jefferson - Visionary American/L26.72 - The American Sage - Notes on the State of Virginia.txt
/mnt/c/Users/nateg/OneDrive/Documentos/GitHub/quadrivium/cognetics/Thomas Jefferson - Visionary American/L27.72 - The American Sage - Notes on the State of Virginia.txt
/mnt/c/Users/nateg/OneDrive/Documentos/GitHub/quadrivium/cognetics/Thomas Jefferson - Visionary American/L28.72 - The American Sage - Notes on the State of Virginia.txt
/mnt/c/Users/nateg/OneDrive/Documentos/GitHub/quadrivium/cognetics/Thomas Jefferson - Visionary American/L29.72 - The American Sage - Notes on the State of Virginia.txt
/mnt/c/Users/nateg/OneDrive/Documentos/GitHub/quadrivium/cognetics/Thomas Jefferson - Visionary American/L30.72 - The American Sage - Notes on the State of Virginia.txt
/mnt/c/Users/nateg/OneDrive/Documentos/GitHub/quadrivium/cognetics/Thomas Jefferson - Visionary American/L31.72 - Jefferson Abroad.txt
/mnt/c/Users/nateg/OneDrive/Documentos/GitHub/quadrivium/cognetics/Thomas Jefferson - Visionary American/L32.72 - Jefferson Abroad.txt
/mnt/c/Users/nateg/OneDrive/Documentos/GitHub/quadrivium/cognetics/Thomas Jefferson - Visionary American/L33.72 - Jefferson Abroad.txt
/mnt/c/Users/nateg/OneDrive/Documentos/GitHub/quadrivium/cognetics/Thomas Jefferson - Visionary American/L34.72 - Jefferson Abroad.txt
/mnt/c/Users/nateg/OneDrive/Documentos/GitHub/quadrivium/cognetics/Thomas Jefferson - Visionary American/L35.72 - Jefferson Abroad.txt
/mnt/c/Users/nateg/OneDrive/Documentos/GitHub/quadrivium/cognetics/Thomas Jefferson - Visionary American/L36.72 - Jefferson Abroad.txt
/mnt/c/Users/nateg/OneDrive/Documentos/GitHub/quadrivium/cognetics/Thomas Jefferson - Visionary American/L37.72 - Jefferson vs Hamilton.txt
/mnt/c/Users/nateg/OneDrive/Documentos/GitHub/quadrivium/cognetics/Thomas Jefferson - Visionary American/L38.72 - Jefferson vs Hamilton.txt
/mnt/c/Users/nateg/OneDrive/Documentos/GitHub/quadrivium/cognetics/Thomas Jefferson - Visionary American/L39.72 - Jefferson vs Hamilton.txt
/mnt/c/Users/nateg/OneDrive/Documentos/GitHub/quadrivium/cognetics/Thomas Jefferson - Visionary American/L40.72 - Jefferson vs Hamilton.txt
/mnt/c/Users/nateg/OneDrive/Documentos/GitHub/quadrivium/cognetics/Thomas Jefferson - Visionary American/L41.72 - Jefferson vs Hamilton.txt
/mnt/c/Users/nateg/OneDrive/Documentos/GitHub/quadrivium/cognetics/Thomas Jefferson - Visionary American/L42.72 - Jefferson vs Hamilton.txt
/mnt/c/Users/nateg/OneDrive/Documentos/GitHub/quadrivium/cognetics/Thomas Jefferson - Visionary American/L43.72 - The Road to Victory - The 'Revolution of 1800'.txt
/mnt/c/Users/nateg/OneDrive/Documentos/GitHub/quadrivium/cognetics/Thomas Jefferson - Visionary American/L44.72 - The Road to Victory - The 'Revolution of 1800'.txt
/mnt/c/Users/nateg/OneDrive/Documentos/GitHub/quadrivium/cognetics/Thomas Jefferson - Visionary American/L45.72 - The Road to Victory - The 'Revolution of 1800'.txt
/mnt/c/Users/nateg/OneDrive/Documentos/GitHub/quadrivium/cognetics/Thomas Jefferson - Visionary American/L46.72 - The Road to Victory - The 'Revolution of 1800'.txt
/mnt/c/Users/nateg/OneDrive/Documentos/GitHub/quadrivium/cognetics/Thomas Jefferson - Visionary American/L47.72 - The Road to Victory - The 'Revolution of 1800'.txt
/mnt/c/Users/nateg/OneDrive/Documentos/GitHub/quadrivium/cognetics/Thomas Jefferson - Visionary American/L48.72 - The Road to Victory - The 'Revolution of 1800'.txt
/mnt/c/Users/nateg/OneDrive/Documentos/GitHub/quadrivium/cognetics/Thomas Jefferson - Visionary American/L49.72 - Principle & Practice in Jefferson's Presidency.txt
/mnt/c/Users/nateg/OneDrive/Documentos/GitHub/quadrivium/cognetics/Thomas Jefferson - Visionary American/L50.72 - Principle & Practice in Jefferson's Presidency.txt
/mnt/c/Users/nateg/OneDrive/Documentos/GitHub/quadrivium/cognetics/Thomas Jefferson - Visionary American/L51.72 - Principle & Practice in Jefferson's Presidency.txt
/mnt/c/Users/nateg/OneDrive/Documentos/GitHub/quadrivium/cognetics/Thomas Jefferson - Visionary American/L52.72 - Principle & Practice in Jefferson's Presidency.txt
/mnt/c/Users/nateg/OneDrive/Documentos/GitHub/quadrivium/cognetics/Thomas Jefferson - Visionary American/L53.72 - Principle & Practice in Jefferson's Presidency.txt
/mnt/c/Users/nateg/OneDrive/Documentos/GitHub/quadrivium/cognetics/Thomas Jefferson - Visionary American/L54.72 - Principle & Practice in Jefferson's Presidency.txt
/mnt/c/Users/nateg/OneDrive/Documentos/GitHub/quadrivium/cognetics/Thomas Jefferson - Visionary American/L55.72 - Literary Legacies.txt
/mnt/c/Users/nateg/OneDrive/Documentos/GitHub/quadrivium/cognetics/Thomas Jefferson - Visionary American/L56.72 - Literary Legacies.txt
/mnt/c/Users/nateg/OneDrive/Documentos/GitHub/quadrivium/cognetics/Thomas Jefferson - Visionary American/L57.72 - Literary Legacies.txt
/mnt/c/Users/nateg/OneDrive/Documentos/GitHub/quadrivium/cognetics/Thomas Jefferson - Visionary American/L58.72 - Literary Legacies.txt
/mnt/c/Users/nateg/OneDrive/Documentos/GitHub/quadrivium/cognetics/Thomas Jefferson - Visionary American/L59.72 - Literary Legacies.txt
/mnt/c/Users/nateg/OneDrive/Documentos/GitHub/quadrivium/cognetics/Thomas Jefferson - Visionary American/L60.72 - Literary Legacies.txt
/mnt/c/Users/nateg/OneDrive/Documentos/GitHub/quadrivium/cognetics/Thomas Jefferson - Visionary American/L61.72 - Final Projects, Closing Fears.txt
/mnt/c/Users/nateg/OneDrive/Documentos/GitHub/quadrivium/cognetics/Thomas Jefferson - Visionary American/L62.72 - Final Projects, Closing Fears.txt
/mnt/c/Users/nateg/OneDrive/Documentos/GitHub/quadrivium/cognetics/Thomas Jefferson - Visionary American/L63.72 - Final Projects, Closing Fears.txt
/mnt/c/Users/nateg/OneDrive/Documentos/GitHub/quadrivium/cognetics/Thomas Jefferson - Visionary American/L64.72 - Final Projects, Closing Fears.txt
/mnt/c/Users/nateg/OneDrive/Documentos/GitHub/quadrivium/cognetics/Thomas Jefferson - Visionary American/L65.72 - Final Projects, Closing Fears.txt
/mnt/c/Users/nateg/OneDrive/Documentos/GitHub/quadrivium/cognetics/Thomas Jefferson - Visionary American/L66.72 - Final Projects, Closing Fears.txt
/mnt/c/Users/nateg/OneDrive/Documentos/GitHub/quadrivium/cognetics/Thomas Jefferson - Visionary American/L67.72 - Through a Glass Darkly, The Man & the Symbol.txt
/mnt/c/Users/nateg/OneDrive/Documentos/GitHub/quadrivium/cognetics/Thomas Jefferson - Visionary American/L68.72 - Through a Glass Darkly, The Man & the Symbol.txt
/mnt/c/Users/nateg/OneDrive/Documentos/GitHub/quadrivium/cognetics/Thomas Jefferson - Visionary American/L69.72 - Through a Glass Darkly, The Man & the Symbol.txt
/mnt/c/Users/nateg/OneDrive/Documentos/GitHub/quadrivium/cognetics/Thomas Jefferson - Visionary American/L70.72 - Through a Glass Darkly, The Man & the Symbol.txt
/mnt/c/Users/nateg/OneDrive/Documentos/GitHub/quadrivium/cognetics/Thomas Jefferson - Visionary American/L71.72 - Through a Glass Darkly, The Man & the Symbol.txt
/mnt/c/Users/nateg/OneDrive/Documentos/GitHub/quadrivium/cognetics/Thomas Jefferson - Visionary American/L72.72 - Through a Glass Darkly, The Man & the Symbol.txt
