/mnt/c/Users/nateg/OneDrive/Documentos/GitHub/quadrivium/cognetics/Mathematics from the Visual World/01 Seeing with Our Eyes, Seeing with Our Minds.txt
/mnt/c/Users/nateg/OneDrive/Documentos/GitHub/quadrivium/cognetics/Mathematics from the Visual World/02 Congruence, Similarity, and Pythagoras.txt
/mnt/c/Users/nateg/OneDrive/Documentos/GitHub/quadrivium/cognetics/Mathematics from the Visual World/03 The Circle.txt
/mnt/c/Users/nateg/OneDrive/Documentos/GitHub/quadrivium/cognetics/Mathematics from the Visual World/04 Centers of Triangles.txt
/mnt/c/Users/nateg/OneDrive/Documentos/GitHub/quadrivium/cognetics/Mathematics from the Visual World/05 Surprising Complexity of Simple Triangles.txt
/mnt/c/Users/nateg/OneDrive/Documentos/GitHub/quadrivium/cognetics/Mathematics from the Visual World/06 Clever Constructions.txt
/mnt/c/Users/nateg/OneDrive/Documentos/GitHub/quadrivium/cognetics/Mathematics from the Visual World/07 Impossible Geometry - Squaring the Circle.txt
/mnt/c/Users/nateg/OneDrive/Documentos/GitHub/quadrivium/cognetics/Mathematics from the Visual World/08 Classic Conics.txt
/mnt/c/Users/nateg/OneDrive/Documentos/GitHub/quadrivium/cognetics/Mathematics from the Visual World/09 Amazing Areas.txt
/mnt/c/Users/nateg/OneDrive/Documentos/GitHub/quadrivium/cognetics/Mathematics from the Visual World/10 Guarding Art Galleries.txt
/mnt/c/Users/nateg/OneDrive/Documentos/GitHub/quadrivium/cognetics/Mathematics from the Visual World/11 Illusive Perspective.txt
/mnt/c/Users/nateg/OneDrive/Documentos/GitHub/quadrivium/cognetics/Mathematics from the Visual World/12 Planes in Space.txt
/mnt/c/Users/nateg/OneDrive/Documentos/GitHub/quadrivium/cognetics/Mathematics from the Visual World/13 Cooling Towers and Hyperboloids.txt
/mnt/c/Users/nateg/OneDrive/Documentos/GitHub/quadrivium/cognetics/Mathematics from the Visual World/14 A Non-Euclidean Spherical World.txt
/mnt/c/Users/nateg/OneDrive/Documentos/GitHub/quadrivium/cognetics/Mathematics from the Visual World/15 Hyperbolic Geometry.txt
/mnt/c/Users/nateg/OneDrive/Documentos/GitHub/quadrivium/cognetics/Mathematics from the Visual World/16 The Dark Night Sky Paradox.txt
/mnt/c/Users/nateg/OneDrive/Documentos/GitHub/quadrivium/cognetics/Mathematics from the Visual World/17 The Shape of the Universe.txt
/mnt/c/Users/nateg/OneDrive/Documentos/GitHub/quadrivium/cognetics/Mathematics from the Visual World/18 The Fourth Dimension.txt
/mnt/c/Users/nateg/OneDrive/Documentos/GitHub/quadrivium/cognetics/Mathematics from the Visual World/19 Patterns of Patterns.txt
/mnt/c/Users/nateg/OneDrive/Documentos/GitHub/quadrivium/cognetics/Mathematics from the Visual World/20 Aperiodic Tiliings and Chaotic Order.txt
/mnt/c/Users/nateg/OneDrive/Documentos/GitHub/quadrivium/cognetics/Mathematics from the Visual World/21 The Mandelbrot and Julia Sets.txt
/mnt/c/Users/nateg/OneDrive/Documentos/GitHub/quadrivium/cognetics/Mathematics from the Visual World/22 Pathways to Graphs.txt
/mnt/c/Users/nateg/OneDrive/Documentos/GitHub/quadrivium/cognetics/Mathematics from the Visual World/23 A Rubber-Sheet World.txt
/mnt/c/Users/nateg/OneDrive/Documentos/GitHub/quadrivium/cognetics/Mathematics from the Visual World/24 The Shape of Geometry.txt
/mnt/c/Users/nateg/OneDrive/Documentos/GitHub/quadrivium/cognetics/Mathematics from the Visual World/Introduction.txt
