/mnt/c/Users/nateg/OneDrive/Documentos/GitHub/quadrivium/cognetics/Understanding the World's Greatest Structures/00. Professor Bio.txt
/mnt/c/Users/nateg/OneDrive/Documentos/GitHub/quadrivium/cognetics/Understanding the World's Greatest Structures/01. Learning to See and Understand Structure.txt
/mnt/c/Users/nateg/OneDrive/Documentos/GitHub/quadrivium/cognetics/Understanding the World's Greatest Structures/02. The Science of Structure—Forces in Balance.txt
/mnt/c/Users/nateg/OneDrive/Documentos/GitHub/quadrivium/cognetics/Understanding the World's Greatest Structures/03. Internal Forces, Stress, and Strength.txt
/mnt/c/Users/nateg/OneDrive/Documentos/GitHub/quadrivium/cognetics/Understanding the World's Greatest Structures/04. From Wood to Steel—Properties of Materials.txt
/mnt/c/Users/nateg/OneDrive/Documentos/GitHub/quadrivium/cognetics/Understanding the World's Greatest Structures/05. Building Up—Columns and Buckling.txt
/mnt/c/Users/nateg/OneDrive/Documentos/GitHub/quadrivium/cognetics/Understanding the World's Greatest Structures/06. Building Across—Beams and Bending.txt
/mnt/c/Users/nateg/OneDrive/Documentos/GitHub/quadrivium/cognetics/Understanding the World's Greatest Structures/07. Trusses—The Power of the Triangle.txt
/mnt/c/Users/nateg/OneDrive/Documentos/GitHub/quadrivium/cognetics/Understanding the World's Greatest Structures/08. Cables and Arches—The Power of the Parabola.txt
/mnt/c/Users/nateg/OneDrive/Documentos/GitHub/quadrivium/cognetics/Understanding the World's Greatest Structures/09. Egypt and Greece—Pyramids to the Parthenon.txt
/mnt/c/Users/nateg/OneDrive/Documentos/GitHub/quadrivium/cognetics/Understanding the World's Greatest Structures/10. Egypt and Greece—Pyramids to the Parthenon.txt
/mnt/c/Users/nateg/OneDrive/Documentos/GitHub/quadrivium/cognetics/Understanding the World's Greatest Structures/11. The Glory of Rome in Arches and Vaults.txt
/mnt/c/Users/nateg/OneDrive/Documentos/GitHub/quadrivium/cognetics/Understanding the World's Greatest Structures/12. The Rise and Fall of the Gothic Cathedral.txt
/mnt/c/Users/nateg/OneDrive/Documentos/GitHub/quadrivium/cognetics/Understanding the World's Greatest Structures/13. Three Great Domes—Rome to the Renaissance.txt
/mnt/c/Users/nateg/OneDrive/Documentos/GitHub/quadrivium/cognetics/Understanding the World's Greatest Structures/14. How Iron and Science Transformed Arch Bridges.txt
/mnt/c/Users/nateg/OneDrive/Documentos/GitHub/quadrivium/cognetics/Understanding the World's Greatest Structures/15. Suspension Bridges—The Battle of the Cable.txt
/mnt/c/Users/nateg/OneDrive/Documentos/GitHub/quadrivium/cognetics/Understanding the World's Greatest Structures/16. Suspension Bridges—The Challenge of Wind.txt
/mnt/c/Users/nateg/OneDrive/Documentos/GitHub/quadrivium/cognetics/Understanding the World's Greatest Structures/17. Great Cantilever Bridges—Tragedy and Triumph.txt
/mnt/c/Users/nateg/OneDrive/Documentos/GitHub/quadrivium/cognetics/Understanding the World's Greatest Structures/18. The Rise of Iron- and Steel-Framed Buildings.txt
/mnt/c/Users/nateg/OneDrive/Documentos/GitHub/quadrivium/cognetics/Understanding the World's Greatest Structures/19. The Great Skyscraper Race.txt
/mnt/c/Users/nateg/OneDrive/Documentos/GitHub/quadrivium/cognetics/Understanding the World's Greatest Structures/20. The Beauty and Versatility of Modern Concrete.txt
/mnt/c/Users/nateg/OneDrive/Documentos/GitHub/quadrivium/cognetics/Understanding the World's Greatest Structures/21. Amazing Thin Shells—Strength from Curvature.txt
/mnt/c/Users/nateg/OneDrive/Documentos/GitHub/quadrivium/cognetics/Understanding the World's Greatest Structures/22. Vast Roof Systems of Iron and Steel.txt
/mnt/c/Users/nateg/OneDrive/Documentos/GitHub/quadrivium/cognetics/Understanding the World's Greatest Structures/23. The Incredible Lightness of Tension Structures.txt
/mnt/c/Users/nateg/OneDrive/Documentos/GitHub/quadrivium/cognetics/Understanding the World's Greatest Structures/24. Strategies for Understanding Any Structure.txt
