/mnt/c/Users/nateg/OneDrive/Documentos/GitHub/quadrivium/cognetics/Turning Points in Medieval History/01 The Fall of Rome.txt
/mnt/c/Users/nateg/OneDrive/Documentos/GitHub/quadrivium/cognetics/Turning Points in Medieval History/02 King Arthur Defeats the Anglo-Saxons.txt
/mnt/c/Users/nateg/OneDrive/Documentos/GitHub/quadrivium/cognetics/Turning Points in Medieval History/03 Spain Becomes Al-Andalus.txt
/mnt/c/Users/nateg/OneDrive/Documentos/GitHub/quadrivium/cognetics/Turning Points in Medieval History/04 Charlemagne Founds the Palace School at Aachen.txt
/mnt/c/Users/nateg/OneDrive/Documentos/GitHub/quadrivium/cognetics/Turning Points in Medieval History/05 The Scandinavians Go “A-Viking”.txt
/mnt/c/Users/nateg/OneDrive/Documentos/GitHub/quadrivium/cognetics/Turning Points in Medieval History/06 King Alfred Burns Some Cakes.txt
/mnt/c/Users/nateg/OneDrive/Documentos/GitHub/quadrivium/cognetics/Turning Points in Medieval History/07 The Battle of Lechfeld.txt
/mnt/c/Users/nateg/OneDrive/Documentos/GitHub/quadrivium/cognetics/Turning Points in Medieval History/08 The Great Schism.txt
/mnt/c/Users/nateg/OneDrive/Documentos/GitHub/quadrivium/cognetics/Turning Points in Medieval History/09 William of Normandy Conquers England.txt
/mnt/c/Users/nateg/OneDrive/Documentos/GitHub/quadrivium/cognetics/Turning Points in Medieval History/10 Peter Abelard Is Castrated.txt
/mnt/c/Users/nateg/OneDrive/Documentos/GitHub/quadrivium/cognetics/Turning Points in Medieval History/11 Pope Urban II Calls the First Crusade.txt
/mnt/c/Users/nateg/OneDrive/Documentos/GitHub/quadrivium/cognetics/Turning Points in Medieval History/12 The Battle of Hattin.txt
/mnt/c/Users/nateg/OneDrive/Documentos/GitHub/quadrivium/cognetics/Turning Points in Medieval History/13 Eleanor of Aquitaine Gets a Divorce.txt
/mnt/c/Users/nateg/OneDrive/Documentos/GitHub/quadrivium/cognetics/Turning Points in Medieval History/14 No More Roman Numerals—The Liber Abaci.txt
/mnt/c/Users/nateg/OneDrive/Documentos/GitHub/quadrivium/cognetics/Turning Points in Medieval History/15 King John Accepts the Magna Carta.txt
/mnt/c/Users/nateg/OneDrive/Documentos/GitHub/quadrivium/cognetics/Turning Points in Medieval History/16 The Fourth Lateran Council.txt
/mnt/c/Users/nateg/OneDrive/Documentos/GitHub/quadrivium/cognetics/Turning Points in Medieval History/17 The Persecution of the Jews.txt
/mnt/c/Users/nateg/OneDrive/Documentos/GitHub/quadrivium/cognetics/Turning Points in Medieval History/18 Does It Seem Warm to You - The Little Optimum.txt
/mnt/c/Users/nateg/OneDrive/Documentos/GitHub/quadrivium/cognetics/Turning Points in Medieval History/19 Agricultural Advances.txt
/mnt/c/Users/nateg/OneDrive/Documentos/GitHub/quadrivium/cognetics/Turning Points in Medieval History/20 The Medieval World’s First Poet Laureate.txt
/mnt/c/Users/nateg/OneDrive/Documentos/GitHub/quadrivium/cognetics/Turning Points in Medieval History/21 The Black Death.txt
/mnt/c/Users/nateg/OneDrive/Documentos/GitHub/quadrivium/cognetics/Turning Points in Medieval History/22 Science, Medicine, and the University.txt
/mnt/c/Users/nateg/OneDrive/Documentos/GitHub/quadrivium/cognetics/Turning Points in Medieval History/23 Gutenberg’s Printing Press.txt
/mnt/c/Users/nateg/OneDrive/Documentos/GitHub/quadrivium/cognetics/Turning Points in Medieval History/24 Toward the Early Modern.txt
