/mnt/c/Users/nateg/OneDrive/Documentos/GitHub/quadrivium/cognetics/Effective Communication Skills 2011/01_of_24_-_The_Magic_of_Everyday_Communication.txt
/mnt/c/Users/nateg/OneDrive/Documentos/GitHub/quadrivium/cognetics/Effective Communication Skills 2011/02_of_24_-_The_Complex_Layers_of_Face-to-Face_Talk.txt
/mnt/c/Users/nateg/OneDrive/Documentos/GitHub/quadrivium/cognetics/Effective Communication Skills 2011/03_of_24_-_The_Social_Context_That_Shapes_Our_Talk.txt
/mnt/c/Users/nateg/OneDrive/Documentos/GitHub/quadrivium/cognetics/Effective Communication Skills 2011/04_of_24_-_The_Operations_of_the_Cognitive_Unconscious.txt
/mnt/c/Users/nateg/OneDrive/Documentos/GitHub/quadrivium/cognetics/Effective Communication Skills 2011/05_of_24_-_The_Conscious_Mind_in_Perception.txt
/mnt/c/Users/nateg/OneDrive/Documentos/GitHub/quadrivium/cognetics/Effective Communication Skills 2011/06_of_24_-_The_Conscious_Mind_in_Using_Language(1).txt
/mnt/c/Users/nateg/OneDrive/Documentos/GitHub/quadrivium/cognetics/Effective Communication Skills 2011/06_of_24_-_The_Conscious_Mind_in_Using_Language.txt
/mnt/c/Users/nateg/OneDrive/Documentos/GitHub/quadrivium/cognetics/Effective Communication Skills 2011/07_of_24_-_The_Conscious_Mind_and_Emotion.txt
/mnt/c/Users/nateg/OneDrive/Documentos/GitHub/quadrivium/cognetics/Effective Communication Skills 2011/08_of_24_-_The_Development_of_Our_Sense_of_Self.txt
/mnt/c/Users/nateg/OneDrive/Documentos/GitHub/quadrivium/cognetics/Effective Communication Skills 2011/09_of_24_-_Self,_Attachment,_and_Self-Esteem.txt
/mnt/c/Users/nateg/OneDrive/Documentos/GitHub/quadrivium/cognetics/Effective Communication Skills 2011/10_of_24_-_Protecting_the_Self_in_Face-to-Face_Talk.txt
/mnt/c/Users/nateg/OneDrive/Documentos/GitHub/quadrivium/cognetics/Effective Communication Skills 2011/11_of_24_-_Conscious_Self-Talk_and_Self-Management.txt
/mnt/c/Users/nateg/OneDrive/Documentos/GitHub/quadrivium/cognetics/Effective Communication Skills 2011/12_of_24_-_Challenges_to_Effective_Communication.txt
/mnt/c/Users/nateg/OneDrive/Documentos/GitHub/quadrivium/cognetics/Effective Communication Skills 2011/13_of_24_-_Talking_to_Connect_and_Build_Relationships.txt
/mnt/c/Users/nateg/OneDrive/Documentos/GitHub/quadrivium/cognetics/Effective Communication Skills 2011/14_of_24_-_Differences,_Disagreement,_and_Control_Talk.txt
/mnt/c/Users/nateg/OneDrive/Documentos/GitHub/quadrivium/cognetics/Effective Communication Skills 2011/15_of_24_-_Commands,_Accusations,_and_Blame.txt
/mnt/c/Users/nateg/OneDrive/Documentos/GitHub/quadrivium/cognetics/Effective Communication Skills 2011/16_of_24_-_Healing_Relationships_with_Dialogue_Talk.txt
/mnt/c/Users/nateg/OneDrive/Documentos/GitHub/quadrivium/cognetics/Effective Communication Skills 2011/17_of_24_-_Focus_on_the_Other—The_Heart_of_Dialogue.txt
/mnt/c/Users/nateg/OneDrive/Documentos/GitHub/quadrivium/cognetics/Effective Communication Skills 2011/18_of_24_-_Assertive_Dialogue_to_Manage_Disagreement.txt
/mnt/c/Users/nateg/OneDrive/Documentos/GitHub/quadrivium/cognetics/Effective Communication Skills 2011/19_of_24_-_Compassionate_Confrontation.txt
/mnt/c/Users/nateg/OneDrive/Documentos/GitHub/quadrivium/cognetics/Effective Communication Skills 2011/20_of_24_-_Communication,_Gender,_and_Culture.txt
/mnt/c/Users/nateg/OneDrive/Documentos/GitHub/quadrivium/cognetics/Effective Communication Skills 2011/21_of_24_-_Talking_Our_Way_to_Lasting_Relationships.txt
/mnt/c/Users/nateg/OneDrive/Documentos/GitHub/quadrivium/cognetics/Effective Communication Skills 2011/22_of_24_-_Leadership,_Appreciation,_and_Productivity.txt
/mnt/c/Users/nateg/OneDrive/Documentos/GitHub/quadrivium/cognetics/Effective Communication Skills 2011/23_of_24_-_Dialogue_and_Appreciation—Engaged_Employees.txt
/mnt/c/Users/nateg/OneDrive/Documentos/GitHub/quadrivium/cognetics/Effective Communication Skills 2011/24_of_24_-_Dialogue—Ethical_Choices_behind_Our_Talk.txt
