/mnt/c/Users/nateg/OneDrive/Documentos/GitHub/quadrivium/cognetics/Meteorology An Introduction/00.Professor.Bio.txt
/mnt/c/Users/nateg/OneDrive/Documentos/GitHub/quadrivium/cognetics/Meteorology An Introduction/01.Nature.Abhors.Extremes.avi.txt
/mnt/c/Users/nateg/OneDrive/Documentos/GitHub/quadrivium/cognetics/Meteorology An Introduction/02.Temperature.Pressure.and.Density.avi.txt
/mnt/c/Users/nateg/OneDrive/Documentos/GitHub/quadrivium/cognetics/Meteorology An Introduction/03.Atmosphere.Composition.and.Origin.avi.txt
/mnt/c/Users/nateg/OneDrive/Documentos/GitHub/quadrivium/cognetics/Meteorology An Introduction/04.Radiation.and.the.Greenhouse.Effect.avi.txt
/mnt/c/Users/nateg/OneDrive/Documentos/GitHub/quadrivium/cognetics/Meteorology An Introduction/05.Sphericity.Conduction.and.Convection.avi.txt
/mnt/c/Users/nateg/OneDrive/Documentos/GitHub/quadrivium/cognetics/Meteorology An Introduction/06.Sea.Breezes.and.Santa.Anas.avi.txt
/mnt/c/Users/nateg/OneDrive/Documentos/GitHub/quadrivium/cognetics/Meteorology An Introduction/07.An.Introduction.to.Atmospheric.Moisture.avi.txt
/mnt/c/Users/nateg/OneDrive/Documentos/GitHub/quadrivium/cognetics/Meteorology An Introduction/08.Bringing.Air.to.Saturation.avi.txt
/mnt/c/Users/nateg/OneDrive/Documentos/GitHub/quadrivium/cognetics/Meteorology An Introduction/09.Clouds.Stability.and.Buoyancy.Part.1.avi.txt
/mnt/c/Users/nateg/OneDrive/Documentos/GitHub/quadrivium/cognetics/Meteorology An Introduction/10.Clouds.Stability.and.Buoyancy.Part.2.avi.txt
/mnt/c/Users/nateg/OneDrive/Documentos/GitHub/quadrivium/cognetics/Meteorology An Introduction/11.Whence.and.Whither.the.Wind_Part1.avi.txt
/mnt/c/Users/nateg/OneDrive/Documentos/GitHub/quadrivium/cognetics/Meteorology An Introduction/12.Whence.and.Whither.the.Wind_Part.2.avi.txt
/mnt/c/Users/nateg/OneDrive/Documentos/GitHub/quadrivium/cognetics/Meteorology An Introduction/13.The.Global.Atmospheric.Circulation.avi.txt
/mnt/c/Users/nateg/OneDrive/Documentos/GitHub/quadrivium/cognetics/Meteorology An Introduction/14.Fronts.and.Extratropical.Cyclones.avi.txt
/mnt/c/Users/nateg/OneDrive/Documentos/GitHub/quadrivium/cognetics/Meteorology An Introduction/15.Middle.Troposphere.Troughs.and.Ridges.avi.txt
/mnt/c/Users/nateg/OneDrive/Documentos/GitHub/quadrivium/cognetics/Meteorology An Introduction/16.Wind.Shear.Horizontal.and.Vertical.avi.txt
/mnt/c/Users/nateg/OneDrive/Documentos/GitHub/quadrivium/cognetics/Meteorology An Introduction/17.Mountain.Influences.on.the.Atmosphere.avi.txt
/mnt/c/Users/nateg/OneDrive/Documentos/GitHub/quadrivium/cognetics/Meteorology An Introduction/18.Thunderstorms.Squall.Lines.and.Radar.avi.txt
/mnt/c/Users/nateg/OneDrive/Documentos/GitHub/quadrivium/cognetics/Meteorology An Introduction/19.Supercells.Tornadoes.and.Dry.Lines.avi.txt
/mnt/c/Users/nateg/OneDrive/Documentos/GitHub/quadrivium/cognetics/Meteorology An Introduction/20.Ocean.Influences.on.Weather.and.Climate.avi.txt
/mnt/c/Users/nateg/OneDrive/Documentos/GitHub/quadrivium/cognetics/Meteorology An Introduction/21.Tropical.Cyclones.avi.txt
/mnt/c/Users/nateg/OneDrive/Documentos/GitHub/quadrivium/cognetics/Meteorology An Introduction/22.Light.and.Lightning.avi.txt
/mnt/c/Users/nateg/OneDrive/Documentos/GitHub/quadrivium/cognetics/Meteorology An Introduction/23.Prediction.and.Predictability.avi.txt
/mnt/c/Users/nateg/OneDrive/Documentos/GitHub/quadrivium/cognetics/Meteorology An Introduction/24.The.Imperfect.Forecast.avi.txt
