/mnt/c/Users/nateg/OneDrive/Documentos/GitHub/quadrivium/cognetics/World War I - The Great War/01. The Century's Initial Catastrophe.txt
/mnt/c/Users/nateg/OneDrive/Documentos/GitHub/quadrivium/cognetics/World War I - The Great War/02. Europe in 1914.txt
/mnt/c/Users/nateg/OneDrive/Documentos/GitHub/quadrivium/cognetics/World War I - The Great War/03. Towards Crisis in Politics and Culture.txt
/mnt/c/Users/nateg/OneDrive/Documentos/GitHub/quadrivium/cognetics/World War I - The Great War/04. Causes of the War and the July Crisis, 1914.txt
/mnt/c/Users/nateg/OneDrive/Documentos/GitHub/quadrivium/cognetics/World War I - The Great War/05. The August Madness.txt
/mnt/c/Users/nateg/OneDrive/Documentos/GitHub/quadrivium/cognetics/World War I - The Great War/06. The Failed Gambles—War Plans Break Down.txt
/mnt/c/Users/nateg/OneDrive/Documentos/GitHub/quadrivium/cognetics/World War I - The Great War/07. The Western Front Experience.txt
/mnt/c/Users/nateg/OneDrive/Documentos/GitHub/quadrivium/cognetics/World War I - The Great War/08. Life and Death in the Trenches.txt
/mnt/c/Users/nateg/OneDrive/Documentos/GitHub/quadrivium/cognetics/World War I - The Great War/09. The Great Battles of Attrition.txt
/mnt/c/Users/nateg/OneDrive/Documentos/GitHub/quadrivium/cognetics/World War I - The Great War/10. The Eastern Front Experience.txt
/mnt/c/Users/nateg/OneDrive/Documentos/GitHub/quadrivium/cognetics/World War I - The Great War/11. The Southern Fronts.txt
/mnt/c/Users/nateg/OneDrive/Documentos/GitHub/quadrivium/cognetics/World War I - The Great War/12. War Aims and Occupations.txt
/mnt/c/Users/nateg/OneDrive/Documentos/GitHub/quadrivium/cognetics/World War I - The Great War/13. Soldiers as Victims.txt
/mnt/c/Users/nateg/OneDrive/Documentos/GitHub/quadrivium/cognetics/World War I - The Great War/14. Storm Troopers and Future Dictators.txt
/mnt/c/Users/nateg/OneDrive/Documentos/GitHub/quadrivium/cognetics/World War I - The Great War/15. The Total War of Technology.txt
/mnt/c/Users/nateg/OneDrive/Documentos/GitHub/quadrivium/cognetics/World War I - The Great War/16. Air War.txt
/mnt/c/Users/nateg/OneDrive/Documentos/GitHub/quadrivium/cognetics/World War I - The Great War/17. War at Sea.txt
/mnt/c/Users/nateg/OneDrive/Documentos/GitHub/quadrivium/cognetics/World War I - The Great War/18. The Global Reach of the War.txt
/mnt/c/Users/nateg/OneDrive/Documentos/GitHub/quadrivium/cognetics/World War I - The Great War/19. The War State.txt
/mnt/c/Users/nateg/OneDrive/Documentos/GitHub/quadrivium/cognetics/World War I - The Great War/20. Propaganda War.txt
/mnt/c/Users/nateg/OneDrive/Documentos/GitHub/quadrivium/cognetics/World War I - The Great War/21. Endurance and Stress on the Home Front.txt
/mnt/c/Users/nateg/OneDrive/Documentos/GitHub/quadrivium/cognetics/World War I - The Great War/22. Dissent and Its Limits.txt
/mnt/c/Users/nateg/OneDrive/Documentos/GitHub/quadrivium/cognetics/World War I - The Great War/23. Remobilization in 1916–1917.txt
/mnt/c/Users/nateg/OneDrive/Documentos/GitHub/quadrivium/cognetics/World War I - The Great War/24. Armenian Massacres—Tipping into Genocide.txt
/mnt/c/Users/nateg/OneDrive/Documentos/GitHub/quadrivium/cognetics/World War I - The Great War/25. Strains of War—Socialists and Nationalists.txt
/mnt/c/Users/nateg/OneDrive/Documentos/GitHub/quadrivium/cognetics/World War I - The Great War/26. Russian Revolutions.txt
/mnt/c/Users/nateg/OneDrive/Documentos/GitHub/quadrivium/cognetics/World War I - The Great War/27. America’s Entry into the War.txt
/mnt/c/Users/nateg/OneDrive/Documentos/GitHub/quadrivium/cognetics/World War I - The Great War/28. America at War—Over There and Over Here.txt
/mnt/c/Users/nateg/OneDrive/Documentos/GitHub/quadrivium/cognetics/World War I - The Great War/29. 1918—The German Empire’s Last Gamble.txt
/mnt/c/Users/nateg/OneDrive/Documentos/GitHub/quadrivium/cognetics/World War I - The Great War/30. The War’s End—Emotions of the Armistice.txt
/mnt/c/Users/nateg/OneDrive/Documentos/GitHub/quadrivium/cognetics/World War I - The Great War/31. Toppled Thrones—The Collapse of Empires.txt
/mnt/c/Users/nateg/OneDrive/Documentos/GitHub/quadrivium/cognetics/World War I - The Great War/32. The Versailles Treaty and Paris Settlement.txt
/mnt/c/Users/nateg/OneDrive/Documentos/GitHub/quadrivium/cognetics/World War I - The Great War/33. Aftershocks—Reds, Whites, and Nationalists.txt
/mnt/c/Users/nateg/OneDrive/Documentos/GitHub/quadrivium/cognetics/World War I - The Great War/34. Monuments, Memory, and Myths.txt
/mnt/c/Users/nateg/OneDrive/Documentos/GitHub/quadrivium/cognetics/World War I - The Great War/35. The Rise of the Mass Dictatorships.txt
/mnt/c/Users/nateg/OneDrive/Documentos/GitHub/quadrivium/cognetics/World War I - The Great War/36. Legacies of the Great War.txt
