/mnt/c/Users/nateg/OneDrive/Documentos/GitHub/quadrivium/cognetics/Superstring Theory/00 - About The Professor.txt
/mnt/c/Users/nateg/OneDrive/Documentos/GitHub/quadrivium/cognetics/Superstring Theory/01 - The Macro-Micro-Mathematical Connection.txt
/mnt/c/Users/nateg/OneDrive/Documentos/GitHub/quadrivium/cognetics/Superstring Theory/02 - Who is Afraid of Music.txt
/mnt/c/Users/nateg/OneDrive/Documentos/GitHub/quadrivium/cognetics/Superstring Theory/03 - Apropos Einsteins Perfect Brainstorm Year.txt
/mnt/c/Users/nateg/OneDrive/Documentos/GitHub/quadrivium/cognetics/Superstring Theory/04 - Honey I Shrunk to the Quantum World Part 1.txt
/mnt/c/Users/nateg/OneDrive/Documentos/GitHub/quadrivium/cognetics/Superstring Theory/05 - Honey I Shrunk to the Quantum World Part 2.txt
/mnt/c/Users/nateg/OneDrive/Documentos/GitHub/quadrivium/cognetics/Superstring Theory/06 - Dr Hawkings Dilemma.txt
/mnt/c/Users/nateg/OneDrive/Documentos/GitHub/quadrivium/cognetics/Superstring Theory/07 - I'd Like to See a Cosmos Sing in Perfect Harmony.txt
/mnt/c/Users/nateg/OneDrive/Documentos/GitHub/quadrivium/cognetics/Superstring Theory/08 - Einstein's Hypotenuse and Strings - Part I.txt
/mnt/c/Users/nateg/OneDrive/Documentos/GitHub/quadrivium/cognetics/Superstring Theory/09 - Einstein's Hypotenuse and Strings - Part II.txt
/mnt/c/Users/nateg/OneDrive/Documentos/GitHub/quadrivium/cognetics/Superstring Theory/10 - Tying Up the Tachyon Monster with Spinning Strings.txt
/mnt/c/Users/nateg/OneDrive/Documentos/GitHub/quadrivium/cognetics/Superstring Theory/11 - The Invasion of the Anti-Commuting Numbers.txt
/mnt/c/Users/nateg/OneDrive/Documentos/GitHub/quadrivium/cognetics/Superstring Theory/12 - It's a Bird - A Plane - No, It's Superstring.txt
/mnt/c/Users/nateg/OneDrive/Documentos/GitHub/quadrivium/cognetics/Superstring Theory/13 - Gauge Theory - A Brief Return to the Real World.txt
/mnt/c/Users/nateg/OneDrive/Documentos/GitHub/quadrivium/cognetics/Superstring Theory/14 - Princeton String Quartet Concerti - Part I.txt
/mnt/c/Users/nateg/OneDrive/Documentos/GitHub/quadrivium/cognetics/Superstring Theory/15 - Princeton String Quartet Concerti - Part II.txt
/mnt/c/Users/nateg/OneDrive/Documentos/GitHub/quadrivium/cognetics/Superstring Theory/16 - Extra Dimensions - Ether-like or Quark-like.txt
/mnt/c/Users/nateg/OneDrive/Documentos/GitHub/quadrivium/cognetics/Superstring Theory/17 - The Fundamental Forces Strung Out.txt
/mnt/c/Users/nateg/OneDrive/Documentos/GitHub/quadrivium/cognetics/Superstring Theory/18 - Do-See-Do and Swing Your Superpartner - Part I.txt
/mnt/c/Users/nateg/OneDrive/Documentos/GitHub/quadrivium/cognetics/Superstring Theory/19 - Do-See-Do and Swing Your Superpartner - Part II.txt
/mnt/c/Users/nateg/OneDrive/Documentos/GitHub/quadrivium/cognetics/Superstring Theory/20 - A Superpartner for Dr. Einstein's Graviton.txt
/mnt/c/Users/nateg/OneDrive/Documentos/GitHub/quadrivium/cognetics/Superstring Theory/21 - Can 4D Forces (without Gravity) Love Strings.txt
/mnt/c/Users/nateg/OneDrive/Documentos/GitHub/quadrivium/cognetics/Superstring Theory/22 - If You Knew SUSY.txt
/mnt/c/Users/nateg/OneDrive/Documentos/GitHub/quadrivium/cognetics/Superstring Theory/23 - Can I Have that Extra Dimension in the Window.txt
/mnt/c/Users/nateg/OneDrive/Documentos/GitHub/quadrivium/cognetics/Superstring Theory/24 - Is String Theory the Theory of Our Universe.txt
