/mnt/c/Users/nateg/OneDrive/Documentos/GitHub/quadrivium/cognetics/Secrets of Sleep Science—From Dreams to Disorders/01. Sweet Sleep—Essential for a Healthy Life.aac.txt
/mnt/c/Users/nateg/OneDrive/Documentos/GitHub/quadrivium/cognetics/Secrets of Sleep Science—From Dreams to Disorders/02. What Is Sleep¿.aac.txt
/mnt/c/Users/nateg/OneDrive/Documentos/GitHub/quadrivium/cognetics/Secrets of Sleep Science—From Dreams to Disorders/03. Sleep across the Night.aac.txt
/mnt/c/Users/nateg/OneDrive/Documentos/GitHub/quadrivium/cognetics/Secrets of Sleep Science—From Dreams to Disorders/04. Sleep across the Night.aac.txt
/mnt/c/Users/nateg/OneDrive/Documentos/GitHub/quadrivium/cognetics/Secrets of Sleep Science—From Dreams to Disorders/05. Who in the World Sleeps¿.aac.txt
/mnt/c/Users/nateg/OneDrive/Documentos/GitHub/quadrivium/cognetics/Secrets of Sleep Science—From Dreams to Disorders/06. The Timing of Sleep.aac.txt
/mnt/c/Users/nateg/OneDrive/Documentos/GitHub/quadrivium/cognetics/Secrets of Sleep Science—From Dreams to Disorders/07. The Wheels of the Circadian Clock.aac.txt
/mnt/c/Users/nateg/OneDrive/Documentos/GitHub/quadrivium/cognetics/Secrets of Sleep Science—From Dreams to Disorders/08. The Deep Sleep of Hibernators.aac.txt
/mnt/c/Users/nateg/OneDrive/Documentos/GitHub/quadrivium/cognetics/Secrets of Sleep Science—From Dreams to Disorders/09. The Neuroanatomy and Neurochemistry of Sleep.aac.txt
/mnt/c/Users/nateg/OneDrive/Documentos/GitHub/quadrivium/cognetics/Secrets of Sleep Science—From Dreams to Disorders/10. The Neurophysiology of Sleep.aac.txt
/mnt/c/Users/nateg/OneDrive/Documentos/GitHub/quadrivium/cognetics/Secrets of Sleep Science—From Dreams to Disorders/11. Sleep Disorders—Narcolepsy.aac.txt
/mnt/c/Users/nateg/OneDrive/Documentos/GitHub/quadrivium/cognetics/Secrets of Sleep Science—From Dreams to Disorders/12. The Strange World of Dreams.aac.txt
/mnt/c/Users/nateg/OneDrive/Documentos/GitHub/quadrivium/cognetics/Secrets of Sleep Science—From Dreams to Disorders/13. Functions of Sleep—Fueling the Brain.aac.txt
/mnt/c/Users/nateg/OneDrive/Documentos/GitHub/quadrivium/cognetics/Secrets of Sleep Science—From Dreams to Disorders/14. The Timing and Function of REM Sleep.aac.txt
/mnt/c/Users/nateg/OneDrive/Documentos/GitHub/quadrivium/cognetics/Secrets of Sleep Science—From Dreams to Disorders/15. Sleep and Learning—Procedural Memory.aac.txt
/mnt/c/Users/nateg/OneDrive/Documentos/GitHub/quadrivium/cognetics/Secrets of Sleep Science—From Dreams to Disorders/16. Sleep and Declarative Memory.aac.txt
/mnt/c/Users/nateg/OneDrive/Documentos/GitHub/quadrivium/cognetics/Secrets of Sleep Science—From Dreams to Disorders/17. Sleep and Memory in Animals.aac.txt
/mnt/c/Users/nateg/OneDrive/Documentos/GitHub/quadrivium/cognetics/Secrets of Sleep Science—From Dreams to Disorders/18. Sleep and Learning Disability.aac.txt
/mnt/c/Users/nateg/OneDrive/Documentos/GitHub/quadrivium/cognetics/Secrets of Sleep Science—From Dreams to Disorders/19. When You Cannot Sleep—Insomnia.aac.txt
/mnt/c/Users/nateg/OneDrive/Documentos/GitHub/quadrivium/cognetics/Secrets of Sleep Science—From Dreams to Disorders/20. Sleep Apnea.aac.txt
/mnt/c/Users/nateg/OneDrive/Documentos/GitHub/quadrivium/cognetics/Secrets of Sleep Science—From Dreams to Disorders/21. Behavior during Sleep—Parasomnias.aac.txt
/mnt/c/Users/nateg/OneDrive/Documentos/GitHub/quadrivium/cognetics/Secrets of Sleep Science—From Dreams to Disorders/22. Sleep and the Rest of the Body.aac.txt
/mnt/c/Users/nateg/OneDrive/Documentos/GitHub/quadrivium/cognetics/Secrets of Sleep Science—From Dreams to Disorders/23. Improving Sleep.aac.txt
/mnt/c/Users/nateg/OneDrive/Documentos/GitHub/quadrivium/cognetics/Secrets of Sleep Science—From Dreams to Disorders/24. Sleep in the Future and the Future of Sleep.aac.txt
