/mnt/c/Users/nateg/OneDrive/Documentos/GitHub/quadrivium/cognetics/Impossible Physics/00. Professor Bio.txt
/mnt/c/Users/nateg/OneDrive/Documentos/GitHub/quadrivium/cognetics/Impossible Physics/01. From Principles to Paradoxes and Back Again.txt
/mnt/c/Users/nateg/OneDrive/Documentos/GitHub/quadrivium/cognetics/Impossible Physics/02. Almost Impossible.txt
/mnt/c/Users/nateg/OneDrive/Documentos/GitHub/quadrivium/cognetics/Impossible Physics/03. Perpetual Motion.txt
/mnt/c/Users/nateg/OneDrive/Documentos/GitHub/quadrivium/cognetics/Impossible Physics/04. On Sunshine and Invisible Particles.txt
/mnt/c/Users/nateg/OneDrive/Documentos/GitHub/quadrivium/cognetics/Impossible Physics/05. Reflections on the Motive Power of Fire.txt
/mnt/c/Users/nateg/OneDrive/Documentos/GitHub/quadrivium/cognetics/Impossible Physics/06. Maxwell's Demon.txt
/mnt/c/Users/nateg/OneDrive/Documentos/GitHub/quadrivium/cognetics/Impossible Physics/08. Predicting the Future.txt
/mnt/c/Users/nateg/OneDrive/Documentos/GitHub/quadrivium/cognetics/Impossible Physics/09. Visiting the Past.txt
/mnt/c/Users/nateg/OneDrive/Documentos/GitHub/quadrivium/cognetics/Impossible Physics/10. Thinking in Space-Time.txt
/mnt/c/Users/nateg/OneDrive/Documentos/GitHub/quadrivium/cognetics/Impossible Physics/11. Faster than Light.txt
/mnt/c/Users/nateg/OneDrive/Documentos/GitHub/quadrivium/cognetics/Impossible Physics/12. Black Holes and Curved Space-Time.txt
/mnt/c/Users/nateg/OneDrive/Documentos/GitHub/quadrivium/cognetics/Impossible Physics/13. A Spinning Universe, Wormholes, and Such.txt
/mnt/c/Users/nateg/OneDrive/Documentos/GitHub/quadrivium/cognetics/Impossible Physics/14. What Is Symmetry.txt
/mnt/c/Users/nateg/OneDrive/Documentos/GitHub/quadrivium/cognetics/Impossible Physics/15. Mirror Worlds.txt
/mnt/c/Users/nateg/OneDrive/Documentos/GitHub/quadrivium/cognetics/Impossible Physics/16. Invasion of the Giant Insects.txt
/mnt/c/Users/nateg/OneDrive/Documentos/GitHub/quadrivium/cognetics/Impossible Physics/17. The Curious Quantum World.txt
/mnt/c/Users/nateg/OneDrive/Documentos/GitHub/quadrivium/cognetics/Impossible Physics/18. Impossible Exactness.txt
/mnt/c/Users/nateg/OneDrive/Documentos/GitHub/quadrivium/cognetics/Impossible Physics/19. Quantum Tunneling.txt
/mnt/c/Users/nateg/OneDrive/Documentos/GitHub/quadrivium/cognetics/Impossible Physics/20. Whatever Is Not Forbidden Is Compulsory.txt
/mnt/c/Users/nateg/OneDrive/Documentos/GitHub/quadrivium/cognetics/Impossible Physics/21. Entanglement and Quantum Cloning.txt
/mnt/c/Users/nateg/OneDrive/Documentos/GitHub/quadrivium/cognetics/Impossible Physics/22. Geometry and Conservation.txt
/mnt/c/Users/nateg/OneDrive/Documentos/GitHub/quadrivium/cognetics/Impossible Physics/24. The Future of the Impossible.txt
