/mnt/c/Users/nateg/OneDrive/Documentos/GitHub/quadrivium/cognetics/Science of Self/00. Professor Bio.txt
/mnt/c/Users/nateg/OneDrive/Documentos/GitHub/quadrivium/cognetics/Science of Self/01. A Scientific Approach to Understanding Life.txt
/mnt/c/Users/nateg/OneDrive/Documentos/GitHub/quadrivium/cognetics/Science of Self/02. What Is Life.txt
/mnt/c/Users/nateg/OneDrive/Documentos/GitHub/quadrivium/cognetics/Science of Self/03. What Is a Human Being.txt
/mnt/c/Users/nateg/OneDrive/Documentos/GitHub/quadrivium/cognetics/Science of Self/04. Mendel's Theory of Genetic Inheritance.txt
/mnt/c/Users/nateg/OneDrive/Documentos/GitHub/quadrivium/cognetics/Science of Self/05. Why Identical Twins Are Not Identical.txt
/mnt/c/Users/nateg/OneDrive/Documentos/GitHub/quadrivium/cognetics/Science of Self/06. Chromosomes and Sexual Reproduction.txt
/mnt/c/Users/nateg/OneDrive/Documentos/GitHub/quadrivium/cognetics/Science of Self/07. Digital DNA and the Secret of Inheritance.txt
/mnt/c/Users/nateg/OneDrive/Documentos/GitHub/quadrivium/cognetics/Science of Self/08. From Genes to Cells.txt
/mnt/c/Users/nateg/OneDrive/Documentos/GitHub/quadrivium/cognetics/Science of Self/09. Tools of Genomics and Biotechnology.txt
/mnt/c/Users/nateg/OneDrive/Documentos/GitHub/quadrivium/cognetics/Science of Self/10. The Landscape of the Human Genome.txt
/mnt/c/Users/nateg/OneDrive/Documentos/GitHub/quadrivium/cognetics/Science of Self/11. Why Your Liver Is Not Your Heart.txt
/mnt/c/Users/nateg/OneDrive/Documentos/GitHub/quadrivium/cognetics/Science of Self/12. Natural Selection and Species Evolution.txt
/mnt/c/Users/nateg/OneDrive/Documentos/GitHub/quadrivium/cognetics/Science of Self/13. Individual Human Variation.txt
/mnt/c/Users/nateg/OneDrive/Documentos/GitHub/quadrivium/cognetics/Science of Self/14. Evolution of the Human Genome.txt
/mnt/c/Users/nateg/OneDrive/Documentos/GitHub/quadrivium/cognetics/Science of Self/15. Hidden Whispers from Past Lives.txt
/mnt/c/Users/nateg/OneDrive/Documentos/GitHub/quadrivium/cognetics/Science of Self/16. Family Pedigrees and Simple Disease Traits.txt
/mnt/c/Users/nateg/OneDrive/Documentos/GitHub/quadrivium/cognetics/Science of Self/17. Global Human Genetics.txt
/mnt/c/Users/nateg/OneDrive/Documentos/GitHub/quadrivium/cognetics/Science of Self/18. Genetic Divergence in Human Populations.txt
/mnt/c/Users/nateg/OneDrive/Documentos/GitHub/quadrivium/cognetics/Science of Self/19. The Genetic Foundation for Human Morality.txt
/mnt/c/Users/nateg/OneDrive/Documentos/GitHub/quadrivium/cognetics/Science of Self/20. A Recipe for Constructing the Brain.txt
/mnt/c/Users/nateg/OneDrive/Documentos/GitHub/quadrivium/cognetics/Science of Self/21. Brain Chemistry and Personality.txt
/mnt/c/Users/nateg/OneDrive/Documentos/GitHub/quadrivium/cognetics/Science of Self/22. The Genetics of Mental Disease.txt
/mnt/c/Users/nateg/OneDrive/Documentos/GitHub/quadrivium/cognetics/Science of Self/23. The Paradigm-Shifting Impact of Genetics.txt
/mnt/c/Users/nateg/OneDrive/Documentos/GitHub/quadrivium/cognetics/Science of Self/24. The Future of the Human Species.txt
