/mnt/c/Users/nateg/OneDrive/Documentos/GitHub/quadrivium/cognetics/Living History/Alexander the Great- Punjab Revolt.txt
/mnt/c/Users/nateg/OneDrive/Documentos/GitHub/quadrivium/cognetics/Living History/Antony and Cleopatra’s Death Pact.txt
/mnt/c/Users/nateg/OneDrive/Documentos/GitHub/quadrivium/cognetics/Living History/Attack on Attica- Pericles’s Gamble.txt
/mnt/c/Users/nateg/OneDrive/Documentos/GitHub/quadrivium/cognetics/Living History/Charlemagne Saves Leo III, Rogue Pope.txt
/mnt/c/Users/nateg/OneDrive/Documentos/GitHub/quadrivium/cognetics/Living History/Charles Martel Defeats the Muslims.txt
/mnt/c/Users/nateg/OneDrive/Documentos/GitHub/quadrivium/cognetics/Living History/Conspiracy! Murder of Philip II.txt
/mnt/c/Users/nateg/OneDrive/Documentos/GitHub/quadrivium/cognetics/Living History/Culture Shock! Travels of Ibn Fadlan.txt
/mnt/c/Users/nateg/OneDrive/Documentos/GitHub/quadrivium/cognetics/Living History/Hannibal- Rome Holds Its Breath.txt
/mnt/c/Users/nateg/OneDrive/Documentos/GitHub/quadrivium/cognetics/Living History/India’s Ashoka the Great Repents.txt
/mnt/c/Users/nateg/OneDrive/Documentos/GitHub/quadrivium/cognetics/Living History/Jerusalem Tinderbox- Temple in Flames.txt
/mnt/c/Users/nateg/OneDrive/Documentos/GitHub/quadrivium/cognetics/Living History/Jesus under Surveillance and Arrest.txt
/mnt/c/Users/nateg/OneDrive/Documentos/GitHub/quadrivium/cognetics/Living History/Marathon- The Persians Have Landed!.txt
/mnt/c/Users/nateg/OneDrive/Documentos/GitHub/quadrivium/cognetics/Living History/Muhammad’s Awakening and Escape.txt
/mnt/c/Users/nateg/OneDrive/Documentos/GitHub/quadrivium/cognetics/Living History/Nika Riots at the Racetrack- Theodora.txt
/mnt/c/Users/nateg/OneDrive/Documentos/GitHub/quadrivium/cognetics/Living History/Oresteia- Judgment at the Dionysia.txt
/mnt/c/Users/nateg/OneDrive/Documentos/GitHub/quadrivium/cognetics/Living History/Pyrrhus- Deadly Dreams of Empire.txt
/mnt/c/Users/nateg/OneDrive/Documentos/GitHub/quadrivium/cognetics/Living History/Ramesses II- Heartbeat of History.txt
/mnt/c/Users/nateg/OneDrive/Documentos/GitHub/quadrivium/cognetics/Living History/Roman Colosseum- Blood in the Arena.txt
/mnt/c/Users/nateg/OneDrive/Documentos/GitHub/quadrivium/cognetics/Living History/Socrates on Trial- For the Defense.txt
/mnt/c/Users/nateg/OneDrive/Documentos/GitHub/quadrivium/cognetics/Living History/The Concubine Empress- Wu Zetian.txt
/mnt/c/Users/nateg/OneDrive/Documentos/GitHub/quadrivium/cognetics/Living History/The Final Days of Julius Caesar.txt
/mnt/c/Users/nateg/OneDrive/Documentos/GitHub/quadrivium/cognetics/Living History/Urban II Unleashes the First Crusade.txt
/mnt/c/Users/nateg/OneDrive/Documentos/GitHub/quadrivium/cognetics/Living History/Visigoth King Alaric Descends on Rome.txt
/mnt/c/Users/nateg/OneDrive/Documentos/GitHub/quadrivium/cognetics/Living History/Vladimir Smashes the Idols of the Rus.txt
