/mnt/c/Users/nateg/OneDrive/Documentos/GitHub/quadrivium/cognetics/Physics and our Universe/01. The Fundamental Science.avi.txt
/mnt/c/Users/nateg/OneDrive/Documentos/GitHub/quadrivium/cognetics/Physics and our Universe/02. Languages Of Physics.avi.txt
/mnt/c/Users/nateg/OneDrive/Documentos/GitHub/quadrivium/cognetics/Physics and our Universe/03. Describing Motion.avi.txt
/mnt/c/Users/nateg/OneDrive/Documentos/GitHub/quadrivium/cognetics/Physics and our Universe/04. Falling Freely.avi.txt
/mnt/c/Users/nateg/OneDrive/Documentos/GitHub/quadrivium/cognetics/Physics and our Universe/05. It's A 3-D World!.avi.txt
/mnt/c/Users/nateg/OneDrive/Documentos/GitHub/quadrivium/cognetics/Physics and our Universe/06. Going In Circles.avi.txt
/mnt/c/Users/nateg/OneDrive/Documentos/GitHub/quadrivium/cognetics/Physics and our Universe/07. Causes Of Motion.avi.txt
/mnt/c/Users/nateg/OneDrive/Documentos/GitHub/quadrivium/cognetics/Physics and our Universe/08. Using Newton's Laws—1-D Motion.avi.txt
/mnt/c/Users/nateg/OneDrive/Documentos/GitHub/quadrivium/cognetics/Physics and our Universe/09. Action And Reaction.avi.txt
/mnt/c/Users/nateg/OneDrive/Documentos/GitHub/quadrivium/cognetics/Physics and our Universe/10. Newton's Laws In 2 And 3 Dimensions.avi.txt
/mnt/c/Users/nateg/OneDrive/Documentos/GitHub/quadrivium/cognetics/Physics and our Universe/11. Work And Energy.avi.txt
/mnt/c/Users/nateg/OneDrive/Documentos/GitHub/quadrivium/cognetics/Physics and our Universe/12. Using Energy Conservation.avi.txt
/mnt/c/Users/nateg/OneDrive/Documentos/GitHub/quadrivium/cognetics/Physics and our Universe/13. Gravity.avi.txt
/mnt/c/Users/nateg/OneDrive/Documentos/GitHub/quadrivium/cognetics/Physics and our Universe/14. Systems Of Particles.avi.txt
/mnt/c/Users/nateg/OneDrive/Documentos/GitHub/quadrivium/cognetics/Physics and our Universe/15. Rotational Motion.avi.txt
/mnt/c/Users/nateg/OneDrive/Documentos/GitHub/quadrivium/cognetics/Physics and our Universe/16. Keeping Still.avi.txt
/mnt/c/Users/nateg/OneDrive/Documentos/GitHub/quadrivium/cognetics/Physics and our Universe/17. Back And Forth—Oscillatory Motion.avi.txt
/mnt/c/Users/nateg/OneDrive/Documentos/GitHub/quadrivium/cognetics/Physics and our Universe/18. Making Waves.avi.txt
/mnt/c/Users/nateg/OneDrive/Documentos/GitHub/quadrivium/cognetics/Physics and our Universe/19. Fluid Statics—The Tip Of The Iceberg.avi.txt
/mnt/c/Users/nateg/OneDrive/Documentos/GitHub/quadrivium/cognetics/Physics and our Universe/20. Fluid Dynamics.avi.txt
/mnt/c/Users/nateg/OneDrive/Documentos/GitHub/quadrivium/cognetics/Physics and our Universe/21. Heat And Temperature.avi.txt
/mnt/c/Users/nateg/OneDrive/Documentos/GitHub/quadrivium/cognetics/Physics and our Universe/22. Heat Transfer.avi.txt
/mnt/c/Users/nateg/OneDrive/Documentos/GitHub/quadrivium/cognetics/Physics and our Universe/23. Matter And Heat.avi.txt
/mnt/c/Users/nateg/OneDrive/Documentos/GitHub/quadrivium/cognetics/Physics and our Universe/24. The Ideal Gas.avi.txt
/mnt/c/Users/nateg/OneDrive/Documentos/GitHub/quadrivium/cognetics/Physics and our Universe/25. Heat And Work.avi.txt
/mnt/c/Users/nateg/OneDrive/Documentos/GitHub/quadrivium/cognetics/Physics and our Universe/26. Entropy—The Second Law Of Thermodynamics.avi.txt
/mnt/c/Users/nateg/OneDrive/Documentos/GitHub/quadrivium/cognetics/Physics and our Universe/27. Consequences Of The Second Law.avi.txt
/mnt/c/Users/nateg/OneDrive/Documentos/GitHub/quadrivium/cognetics/Physics and our Universe/28. A Charged World.avi.txt
/mnt/c/Users/nateg/OneDrive/Documentos/GitHub/quadrivium/cognetics/Physics and our Universe/29. The Electric Field.avi.txt
/mnt/c/Users/nateg/OneDrive/Documentos/GitHub/quadrivium/cognetics/Physics and our Universe/30. Electric Potential.avi.txt
/mnt/c/Users/nateg/OneDrive/Documentos/GitHub/quadrivium/cognetics/Physics and our Universe/31. Electric Energy.avi.txt
/mnt/c/Users/nateg/OneDrive/Documentos/GitHub/quadrivium/cognetics/Physics and our Universe/32. Electric Current.avi.txt
/mnt/c/Users/nateg/OneDrive/Documentos/GitHub/quadrivium/cognetics/Physics and our Universe/33. Electric Circuits.avi.txt
/mnt/c/Users/nateg/OneDrive/Documentos/GitHub/quadrivium/cognetics/Physics and our Universe/34. Magnetism.avi.txt
/mnt/c/Users/nateg/OneDrive/Documentos/GitHub/quadrivium/cognetics/Physics and our Universe/35. The Origin Of Magnetism.avi.txt
/mnt/c/Users/nateg/OneDrive/Documentos/GitHub/quadrivium/cognetics/Physics and our Universe/36. Electromagnetic Induction.avi.txt
/mnt/c/Users/nateg/OneDrive/Documentos/GitHub/quadrivium/cognetics/Physics and our Universe/37. Applications Of Electromagnetic Induction.avi.txt
/mnt/c/Users/nateg/OneDrive/Documentos/GitHub/quadrivium/cognetics/Physics and our Universe/38. Magnetic Energy.avi.txt
/mnt/c/Users/nateg/OneDrive/Documentos/GitHub/quadrivium/cognetics/Physics and our Universe/39. Acdc.avi.txt
/mnt/c/Users/nateg/OneDrive/Documentos/GitHub/quadrivium/cognetics/Physics and our Universe/40. Electromagnetic Waves.avi.txt
/mnt/c/Users/nateg/OneDrive/Documentos/GitHub/quadrivium/cognetics/Physics and our Universe/41. Reflection And Refraction.avi.txt
/mnt/c/Users/nateg/OneDrive/Documentos/GitHub/quadrivium/cognetics/Physics and our Universe/42. Imaging.avi.txt
/mnt/c/Users/nateg/OneDrive/Documentos/GitHub/quadrivium/cognetics/Physics and our Universe/43. Wave Optics.avi.txt
/mnt/c/Users/nateg/OneDrive/Documentos/GitHub/quadrivium/cognetics/Physics and our Universe/44. Cracks In The Classical Picture.avi.txt
/mnt/c/Users/nateg/OneDrive/Documentos/GitHub/quadrivium/cognetics/Physics and our Universe/45. Earth, Ether, Light.avi.txt
/mnt/c/Users/nateg/OneDrive/Documentos/GitHub/quadrivium/cognetics/Physics and our Universe/46. Special Relativity.avi.txt
/mnt/c/Users/nateg/OneDrive/Documentos/GitHub/quadrivium/cognetics/Physics and our Universe/47. Time And Space.avi.txt
/mnt/c/Users/nateg/OneDrive/Documentos/GitHub/quadrivium/cognetics/Physics and our Universe/48. Space-Time And Mass-Energy.avi.txt
/mnt/c/Users/nateg/OneDrive/Documentos/GitHub/quadrivium/cognetics/Physics and our Universe/49. General Relativity.avi.txt
/mnt/c/Users/nateg/OneDrive/Documentos/GitHub/quadrivium/cognetics/Physics and our Universe/50. Introducing The Quantum.avi.txt
/mnt/c/Users/nateg/OneDrive/Documentos/GitHub/quadrivium/cognetics/Physics and our Universe/51. Atomic Quandaries.avi.txt
/mnt/c/Users/nateg/OneDrive/Documentos/GitHub/quadrivium/cognetics/Physics and our Universe/52. Wave Or Particle.avi.txt
/mnt/c/Users/nateg/OneDrive/Documentos/GitHub/quadrivium/cognetics/Physics and our Universe/53. Quantum Mechanics.avi.txt
/mnt/c/Users/nateg/OneDrive/Documentos/GitHub/quadrivium/cognetics/Physics and our Universe/54. Atoms.avi.txt
/mnt/c/Users/nateg/OneDrive/Documentos/GitHub/quadrivium/cognetics/Physics and our Universe/55. Molecules And Solids.avi.txt
/mnt/c/Users/nateg/OneDrive/Documentos/GitHub/quadrivium/cognetics/Physics and our Universe/56. The Atomic Nucleus.avi.txt
/mnt/c/Users/nateg/OneDrive/Documentos/GitHub/quadrivium/cognetics/Physics and our Universe/57. Energy From The Nucleus.avi.txt
/mnt/c/Users/nateg/OneDrive/Documentos/GitHub/quadrivium/cognetics/Physics and our Universe/58. The Particle Zoo.avi.txt
/mnt/c/Users/nateg/OneDrive/Documentos/GitHub/quadrivium/cognetics/Physics and our Universe/59. An Evolving Universe.avi.txt
/mnt/c/Users/nateg/OneDrive/Documentos/GitHub/quadrivium/cognetics/Physics and our Universe/60. Humble Physics—What We Don't Know.avi.txt
