/mnt/c/Users/nateg/OneDrive/Documentos/GitHub/quadrivium/metacrisis/Michael Levin's Academic Content/A 1 hour lecture on bioelectricity for a department of parasitology⧸immunology by Michael Levin.txt
/mnt/c/Users/nateg/OneDrive/Documentos/GitHub/quadrivium/metacrisis/Michael Levin's Academic Content/A conversation with Alison Hanson on cognitive science and her trajectory in neurobiology..txt
/mnt/c/Users/nateg/OneDrive/Documentos/GitHub/quadrivium/metacrisis/Michael Levin's Academic Content/A discussion between John Vervaeke, Gregg Henriques, Justin McSweeny, and Mike Levin..txt
/mnt/c/Users/nateg/OneDrive/Documentos/GitHub/quadrivium/metacrisis/Michael Levin's Academic Content/Aastha Jain Simes & I interview Min Zhao, a leader in the role of bioelectricity in wound healing.txt
/mnt/c/Users/nateg/OneDrive/Documentos/GitHub/quadrivium/metacrisis/Michael Levin's Academic Content/Aastha Jain Simes & I interview Richard Nuccitelli, a great figure in developmental Bioelectricity..txt
/mnt/c/Users/nateg/OneDrive/Documentos/GitHub/quadrivium/metacrisis/Michael Levin's Academic Content/Agency at the Very Bottom.txt
/mnt/c/Users/nateg/OneDrive/Documentos/GitHub/quadrivium/metacrisis/Michael Levin's Academic Content/An RNA-based theory of natural universal computation.txt
/mnt/c/Users/nateg/OneDrive/Documentos/GitHub/quadrivium/metacrisis/Michael Levin's Academic Content/Associative Memory in Hopfield Networks Designed to Solve Propositional Satisfiability Problems.txt
/mnt/c/Users/nateg/OneDrive/Documentos/GitHub/quadrivium/metacrisis/Michael Levin's Academic Content/Beyond the brain： multiscale diverse intelligence as biological inspiration for AI.txt
/mnt/c/Users/nateg/OneDrive/Documentos/GitHub/quadrivium/metacrisis/Michael Levin's Academic Content/Bioelectric Networks as the Interface to Somatic Intelligence for Regenerative Medicine.txt
/mnt/c/Users/nateg/OneDrive/Documentos/GitHub/quadrivium/metacrisis/Michael Levin's Academic Content/Bioelectric networks underlie the collective intelligence of morphogenesis.txt
/mnt/c/Users/nateg/OneDrive/Documentos/GitHub/quadrivium/metacrisis/Michael Levin's Academic Content/Bioelectric networks underlie the intelligence of the body.txt
/mnt/c/Users/nateg/OneDrive/Documentos/GitHub/quadrivium/metacrisis/Michael Levin's Academic Content/Bioelectrical signals reveal, induce, and normalize cancer.txt
/mnt/c/Users/nateg/OneDrive/Documentos/GitHub/quadrivium/metacrisis/Michael Levin's Academic Content/Bioelectricity as the Software of Life： from cognitive glue to regenerative medicine.txt
/mnt/c/Users/nateg/OneDrive/Documentos/GitHub/quadrivium/metacrisis/Michael Levin's Academic Content/Bioelectricity, Biobots, and the Future of Biology.txt
/mnt/c/Users/nateg/OneDrive/Documentos/GitHub/quadrivium/metacrisis/Michael Levin's Academic Content/Bob Gatenby talk on ＂Information Dynamics in Living Systems＂.txt
/mnt/c/Users/nateg/OneDrive/Documentos/GitHub/quadrivium/metacrisis/Michael Levin's Academic Content/Coming Home： From Cells to Societies.txt
/mnt/c/Users/nateg/OneDrive/Documentos/GitHub/quadrivium/metacrisis/Michael Levin's Academic Content/Controlling Hydra regeneration by electric fields： the role of noise in morphogenesis.txt
/mnt/c/Users/nateg/OneDrive/Documentos/GitHub/quadrivium/metacrisis/Michael Levin's Academic Content/Conversation #1 between Chris Fields, Richard Watson, and Mike Levin.txt
/mnt/c/Users/nateg/OneDrive/Documentos/GitHub/quadrivium/metacrisis/Michael Levin's Academic Content/Conversation #1 between Richard Watson, Mark Solms, and Michael Levin.txt
/mnt/c/Users/nateg/OneDrive/Documentos/GitHub/quadrivium/metacrisis/Michael Levin's Academic Content/Conversation #2 between Chris Fields, Richard Watson, and Mike Levin.txt
/mnt/c/Users/nateg/OneDrive/Documentos/GitHub/quadrivium/metacrisis/Michael Levin's Academic Content/Conversation between Adam Omary, Roy Baumeister, and Michael Levin.txt
/mnt/c/Users/nateg/OneDrive/Documentos/GitHub/quadrivium/metacrisis/Michael Levin's Academic Content/Conversation between Donald Hoffman and Richard Watson, #1.txt
/mnt/c/Users/nateg/OneDrive/Documentos/GitHub/quadrivium/metacrisis/Michael Levin's Academic Content/Conversation between Donald Hoffman and Richard Watson, #2.txt
/mnt/c/Users/nateg/OneDrive/Documentos/GitHub/quadrivium/metacrisis/Michael Levin's Academic Content/Conversation between Douglas Brash, Chris Fields, and Michael Levin 2.txt
/mnt/c/Users/nateg/OneDrive/Documentos/GitHub/quadrivium/metacrisis/Michael Levin's Academic Content/Conversation between Douglas Brash, Chris Fields, and Michael Levin.txt
/mnt/c/Users/nateg/OneDrive/Documentos/GitHub/quadrivium/metacrisis/Michael Levin's Academic Content/Conversation between Joscha Bach, Chris Fields, and Michael Levin.txt
/mnt/c/Users/nateg/OneDrive/Documentos/GitHub/quadrivium/metacrisis/Michael Levin's Academic Content/Conversation between Mark Solms, Chris Fields, and Mike Levin 2.txt
/mnt/c/Users/nateg/OneDrive/Documentos/GitHub/quadrivium/metacrisis/Michael Levin's Academic Content/Conversation between Mark Solms, Chris Fields, and Mike Levin 3.txt
/mnt/c/Users/nateg/OneDrive/Documentos/GitHub/quadrivium/metacrisis/Michael Levin's Academic Content/Conversation between Richard Watson, Iain McGilchrist, and Michael Levin #2.txt
/mnt/c/Users/nateg/OneDrive/Documentos/GitHub/quadrivium/metacrisis/Michael Levin's Academic Content/Conversation between Richard Watson, Iain McGilchrist, and Michael Levin.txt
/mnt/c/Users/nateg/OneDrive/Documentos/GitHub/quadrivium/metacrisis/Michael Levin's Academic Content/Conversation of Michael Levin with Iain McGilchrist.txt
/mnt/c/Users/nateg/OneDrive/Documentos/GitHub/quadrivium/metacrisis/Michael Levin's Academic Content/Conversation with Chris Fields and Richard Watson #2.txt
/mnt/c/Users/nateg/OneDrive/Documentos/GitHub/quadrivium/metacrisis/Michael Levin's Academic Content/Conversation with Mark Solms and Chris Fields #4.txt
/mnt/c/Users/nateg/OneDrive/Documentos/GitHub/quadrivium/metacrisis/Michael Levin's Academic Content/Conversation with Richard Watson, Mark Solms, and Michael Levin #2.txt
/mnt/c/Users/nateg/OneDrive/Documentos/GitHub/quadrivium/metacrisis/Michael Levin's Academic Content/Cristi Stoica on the Relativity of Computation..txt
/mnt/c/Users/nateg/OneDrive/Documentos/GitHub/quadrivium/metacrisis/Michael Levin's Academic Content/Cyber Animism by Joscha Bach.txt
/mnt/c/Users/nateg/OneDrive/Documentos/GitHub/quadrivium/metacrisis/Michael Levin's Academic Content/Discussion on Mortal Computations with Alexander Ororbia, Karl Friston, and Chris Fields.txt
/mnt/c/Users/nateg/OneDrive/Documentos/GitHub/quadrivium/metacrisis/Michael Levin's Academic Content/Discussion with Michael Pollan of new ideas on memories and Selves.txt
/mnt/c/Users/nateg/OneDrive/Documentos/GitHub/quadrivium/metacrisis/Michael Levin's Academic Content/Discussion with Stuart Kauffman and Katherine Peil Kauffman.txt
/mnt/c/Users/nateg/OneDrive/Documentos/GitHub/quadrivium/metacrisis/Michael Levin's Academic Content/Discussion： Chris Fields, Mark Solms, Michael Levin.txt
/mnt/c/Users/nateg/OneDrive/Documentos/GitHub/quadrivium/metacrisis/Michael Levin's Academic Content/Dynamic Interfaces and Arrangements by David Spivak, MIT.txt
/mnt/c/Users/nateg/OneDrive/Documentos/GitHub/quadrivium/metacrisis/Michael Levin's Academic Content/Electrophysiology in Space by Adam E. Cohen.txt
/mnt/c/Users/nateg/OneDrive/Documentos/GitHub/quadrivium/metacrisis/Michael Levin's Academic Content/Engineering with agential materials： from evolution to biological robotics, via bioelectricity.txt
/mnt/c/Users/nateg/OneDrive/Documentos/GitHub/quadrivium/metacrisis/Michael Levin's Academic Content/Ephaptic Biases on Neural Self-Organization.txt
/mnt/c/Users/nateg/OneDrive/Documentos/GitHub/quadrivium/metacrisis/Michael Levin's Academic Content/Exploratory Learning in Biological Cells - a talk by Naama Brenner on Feb 13, 2024.txt
/mnt/c/Users/nateg/OneDrive/Documentos/GitHub/quadrivium/metacrisis/Michael Levin's Academic Content/Global organization and evolution of the virus world by Eugene V. Koonin.txt
/mnt/c/Users/nateg/OneDrive/Documentos/GitHub/quadrivium/metacrisis/Michael Levin's Academic Content/Growing ＂Brains＂ in Artificial Neural Networks.txt
/mnt/c/Users/nateg/OneDrive/Documentos/GitHub/quadrivium/metacrisis/Michael Levin's Academic Content/High school student's project presentation on a survey of attitudes to AI and diverse intelligence..txt
/mnt/c/Users/nateg/OneDrive/Documentos/GitHub/quadrivium/metacrisis/Michael Levin's Academic Content/Iain McGilchrist, Richard Watson, and Mike Levin #3.txt
/mnt/c/Users/nateg/OneDrive/Documentos/GitHub/quadrivium/metacrisis/Michael Levin's Academic Content/Iain McGilchrist, Richard Watson, and Mile Levin #4.txt
/mnt/c/Users/nateg/OneDrive/Documentos/GitHub/quadrivium/metacrisis/Michael Levin's Academic Content/Karl Friston, Adam Goldstein, and Michael Levin discuss active inference and algorithms.txt
/mnt/c/Users/nateg/OneDrive/Documentos/GitHub/quadrivium/metacrisis/Michael Levin's Academic Content/Mark Solms and Michael Levin discuss explicit and implicit behavioral drives.txt
/mnt/c/Users/nateg/OneDrive/Documentos/GitHub/quadrivium/metacrisis/Michael Levin's Academic Content/Michael Levin talk on bioelectricity at Stanford Chemical Engineering Colloquium.txt
/mnt/c/Users/nateg/OneDrive/Documentos/GitHub/quadrivium/metacrisis/Michael Levin's Academic Content/Multimodal Spatiotemporal Phenotyping of Human Retinal Organoid Development by Christoph Harmel.txt
/mnt/c/Users/nateg/OneDrive/Documentos/GitHub/quadrivium/metacrisis/Michael Levin's Academic Content/My talk on consciousness at the Science of Consciousness 2023.txt
/mnt/c/Users/nateg/OneDrive/Documentos/GitHub/quadrivium/metacrisis/Michael Levin's Academic Content/Neuroscience Beyond Neurons： bioelectricity underlies the collective intelligence of cellular swarms.txt
/mnt/c/Users/nateg/OneDrive/Documentos/GitHub/quadrivium/metacrisis/Michael Levin's Academic Content/Odd Dynamics of Living Chiral Crystal.txt
/mnt/c/Users/nateg/OneDrive/Documentos/GitHub/quadrivium/metacrisis/Michael Levin's Academic Content/Optical Metagenomics via Deep Learning and Information Theory.txt
/mnt/c/Users/nateg/OneDrive/Documentos/GitHub/quadrivium/metacrisis/Michael Levin's Academic Content/Perceptions of Novel Agents.txt
/mnt/c/Users/nateg/OneDrive/Documentos/GitHub/quadrivium/metacrisis/Michael Levin's Academic Content/Physics as information processing.txt
/mnt/c/Users/nateg/OneDrive/Documentos/GitHub/quadrivium/metacrisis/Michael Levin's Academic Content/Seminar by Helen McCreery titled ＂Problem solving and dynamic control in self-organized collectives＂.txt
/mnt/c/Users/nateg/OneDrive/Documentos/GitHub/quadrivium/metacrisis/Michael Levin's Academic Content/Simplifying Biology by Ruslan Medzhitov.txt
/mnt/c/Users/nateg/OneDrive/Documentos/GitHub/quadrivium/metacrisis/Michael Levin's Academic Content/Talk for Robosoft 2023.txt
/mnt/c/Users/nateg/OneDrive/Documentos/GitHub/quadrivium/metacrisis/Michael Levin's Academic Content/The Mortal Computation Thesis by Alexander Ororbia.txt
/mnt/c/Users/nateg/OneDrive/Documentos/GitHub/quadrivium/metacrisis/Michael Levin's Academic Content/The Physics of Sentience by Karl Friston.txt
/mnt/c/Users/nateg/OneDrive/Documentos/GitHub/quadrivium/metacrisis/Michael Levin's Academic Content/The time course of neural activity predictive of impending movement by Aaron Schurger.txt
/mnt/c/Users/nateg/OneDrive/Documentos/GitHub/quadrivium/metacrisis/Michael Levin's Academic Content/Timothy Jackson and Mike Levin, meeting 1.txt
/mnt/c/Users/nateg/OneDrive/Documentos/GitHub/quadrivium/metacrisis/Michael Levin's Academic Content/Tom Froese and Michael Levin discuss Tom's Irruption theory.txt
/mnt/c/Users/nateg/OneDrive/Documentos/GitHub/quadrivium/metacrisis/Michael Levin's Academic Content/Understanding the Collective Intelligence of Cells.txt
/mnt/c/Users/nateg/OneDrive/Documentos/GitHub/quadrivium/metacrisis/Michael Levin's Academic Content/What can worms and frogs teach us about collective intelligence？.txt
/mnt/c/Users/nateg/OneDrive/Documentos/GitHub/quadrivium/metacrisis/Michael Levin's Academic Content/Where Minds Come From： the scaling of collective intelligence, and what it means for AI and you.txt
/mnt/c/Users/nateg/OneDrive/Documentos/GitHub/quadrivium/metacrisis/Michael Levin's Academic Content/Why use basic physics to study biology？ by Chris Fields.txt
/mnt/c/Users/nateg/OneDrive/Documentos/GitHub/quadrivium/metacrisis/Michael Levin's Academic Content/Working meeting #1 with Mike Gazzaniga and Richard Watson.txt
/mnt/c/Users/nateg/OneDrive/Documentos/GitHub/quadrivium/metacrisis/Michael Levin's Academic Content/chat with Carlos E  Perez about the TAME framework： intelligence and agency..txt
/mnt/c/Users/nateg/OneDrive/Documentos/GitHub/quadrivium/metacrisis/Michael Levin's Academic Content/＂A bioelectric interface to the collective intelligence of agential materials for bioengineering＂.txt
/mnt/c/Users/nateg/OneDrive/Documentos/GitHub/quadrivium/metacrisis/Michael Levin's Academic Content/＂Aging and biological arrow of time＂ by Peter Fedichev.txt
/mnt/c/Users/nateg/OneDrive/Documentos/GitHub/quadrivium/metacrisis/Michael Levin's Academic Content/＂Biorobotics： engineering with agential materials＂.txt
/mnt/c/Users/nateg/OneDrive/Documentos/GitHub/quadrivium/metacrisis/Michael Levin's Academic Content/＂Diverse Intelligence＂ - a talk by Michael Levin.txt
/mnt/c/Users/nateg/OneDrive/Documentos/GitHub/quadrivium/metacrisis/Michael Levin's Academic Content/＂Exploring Evolutionary Transitions in Individuality＂ by Nam Hai Le, from University of Southampton..txt
/mnt/c/Users/nateg/OneDrive/Documentos/GitHub/quadrivium/metacrisis/Michael Levin's Academic Content/＂Heterogeneity Extends Criticality＂.txt
/mnt/c/Users/nateg/OneDrive/Documentos/GitHub/quadrivium/metacrisis/Michael Levin's Academic Content/＂Multifractal social psychology＂ - a talk by Damian Kelty-Stephen.txt
/mnt/c/Users/nateg/OneDrive/Documentos/GitHub/quadrivium/metacrisis/Michael Levin's Academic Content/＂Structural Coupling： how living systems construct their umwelt＂ by Juan-Carlos Letelier.txt
