/mnt/c/Users/nateg/OneDrive/Documentos/GitHub/quadrivium/cognetics/Earth at the Crossroads/00. Professor Bio.txt
/mnt/c/Users/nateg/OneDrive/Documentos/GitHub/quadrivium/cognetics/Earth at the Crossroads/01. An Ecological Diagnosis of the Living Earth.txt
/mnt/c/Users/nateg/OneDrive/Documentos/GitHub/quadrivium/cognetics/Earth at the Crossroads/02. Humanity and the Tragedy of the Commons.txt
/mnt/c/Users/nateg/OneDrive/Documentos/GitHub/quadrivium/cognetics/Earth at the Crossroads/03. Ecology—Natural History to Holistic Science.txt
/mnt/c/Users/nateg/OneDrive/Documentos/GitHub/quadrivium/cognetics/Earth at the Crossroads/04. Ecology as a System—Presses and Pulses.txt
/mnt/c/Users/nateg/OneDrive/Documentos/GitHub/quadrivium/cognetics/Earth at the Crossroads/05. Climate and Habitat—Twin Ecological Crises.txt
/mnt/c/Users/nateg/OneDrive/Documentos/GitHub/quadrivium/cognetics/Earth at the Crossroads/06. Human Society as Ecological Driver.txt
/mnt/c/Users/nateg/OneDrive/Documentos/GitHub/quadrivium/cognetics/Earth at the Crossroads/07. Movement of Energy through Living Systems.txt
/mnt/c/Users/nateg/OneDrive/Documentos/GitHub/quadrivium/cognetics/Earth at the Crossroads/08. Humans as Energy Consumers.txt
/mnt/c/Users/nateg/OneDrive/Documentos/GitHub/quadrivium/cognetics/Earth at the Crossroads/09. Nutrient Cycling in Ecosystems.txt
/mnt/c/Users/nateg/OneDrive/Documentos/GitHub/quadrivium/cognetics/Earth at the Crossroads/10. The Challenges of Waste and Disposal.txt
/mnt/c/Users/nateg/OneDrive/Documentos/GitHub/quadrivium/cognetics/Earth at the Crossroads/11. The Water Cycle and Climate.txt
/mnt/c/Users/nateg/OneDrive/Documentos/GitHub/quadrivium/cognetics/Earth at the Crossroads/12. Human Water Use and Climate Change.txt
/mnt/c/Users/nateg/OneDrive/Documentos/GitHub/quadrivium/cognetics/Earth at the Crossroads/13. Rain and Heat—Forces That Shape Climate.txt
/mnt/c/Users/nateg/OneDrive/Documentos/GitHub/quadrivium/cognetics/Earth at the Crossroads/14. The Ecology of Global Climate Change.txt
/mnt/c/Users/nateg/OneDrive/Documentos/GitHub/quadrivium/cognetics/Earth at the Crossroads/15. How Living Organisms Acquire Food.txt
/mnt/c/Users/nateg/OneDrive/Documentos/GitHub/quadrivium/cognetics/Earth at the Crossroads/16. The Ecological Consequences of Agriculture.txt
/mnt/c/Users/nateg/OneDrive/Documentos/GitHub/quadrivium/cognetics/Earth at the Crossroads/17. Food, Energy Flows, Biomagnification.txt
/mnt/c/Users/nateg/OneDrive/Documentos/GitHub/quadrivium/cognetics/Earth at the Crossroads/18. The Human Ecology of Biomagnification.txt
/mnt/c/Users/nateg/OneDrive/Documentos/GitHub/quadrivium/cognetics/Earth at the Crossroads/19. The Ecological Community as a Living Mosaic.txt
/mnt/c/Users/nateg/OneDrive/Documentos/GitHub/quadrivium/cognetics/Earth at the Crossroads/20. Wildlife Adaptation to Human Landscapes.txt
/mnt/c/Users/nateg/OneDrive/Documentos/GitHub/quadrivium/cognetics/Earth at the Crossroads/21. Biodiversity, Disturbance, Invasive Species.txt
/mnt/c/Users/nateg/OneDrive/Documentos/GitHub/quadrivium/cognetics/Earth at the Crossroads/22. Biodiversity Decline and Restoration Ecology.txt
/mnt/c/Users/nateg/OneDrive/Documentos/GitHub/quadrivium/cognetics/Earth at the Crossroads/23. Microevolution and Biological Variation.txt
/mnt/c/Users/nateg/OneDrive/Documentos/GitHub/quadrivium/cognetics/Earth at the Crossroads/24. Human Impacts on Ecological Space and Time.txt
/mnt/c/Users/nateg/OneDrive/Documentos/GitHub/quadrivium/cognetics/Earth at the Crossroads/25. Population Growth and Its Natural Limits.txt
/mnt/c/Users/nateg/OneDrive/Documentos/GitHub/quadrivium/cognetics/Earth at the Crossroads/26. The Human Shift to an Urban Lifestyle.txt
/mnt/c/Users/nateg/OneDrive/Documentos/GitHub/quadrivium/cognetics/Earth at the Crossroads/27. The Ecology of Dispersal and Migration.txt
/mnt/c/Users/nateg/OneDrive/Documentos/GitHub/quadrivium/cognetics/Earth at the Crossroads/28. Human Impacts on Animal Migration.txt
/mnt/c/Users/nateg/OneDrive/Documentos/GitHub/quadrivium/cognetics/Earth at the Crossroads/29. Ecology and Economy of Sex and Reproduction.txt
/mnt/c/Users/nateg/OneDrive/Documentos/GitHub/quadrivium/cognetics/Earth at the Crossroads/30. Cities and the Human Demographic Transition.txt
/mnt/c/Users/nateg/OneDrive/Documentos/GitHub/quadrivium/cognetics/Earth at the Crossroads/31. Coevolution among Species.txt
/mnt/c/Users/nateg/OneDrive/Documentos/GitHub/quadrivium/cognetics/Earth at the Crossroads/32. The Coevolution of Human Diseases.txt
/mnt/c/Users/nateg/OneDrive/Documentos/GitHub/quadrivium/cognetics/Earth at the Crossroads/33. Strategies for Reversing Ecosystem Decline.txt
/mnt/c/Users/nateg/OneDrive/Documentos/GitHub/quadrivium/cognetics/Earth at the Crossroads/34. Designing Spaces for Wildlife.txt
/mnt/c/Users/nateg/OneDrive/Documentos/GitHub/quadrivium/cognetics/Earth at the Crossroads/35. Toward Sustainable Urban Ecosystems.txt
/mnt/c/Users/nateg/OneDrive/Documentos/GitHub/quadrivium/cognetics/Earth at the Crossroads/36. Recovering Ecosystems—Hope for the Future.txt
