/mnt/c/Users/nateg/OneDrive/Documentos/GitHub/quadrivium/cognetics/test-folder/Algebra I/00. Professor Bio.txt
/mnt/c/Users/nateg/OneDrive/Documentos/GitHub/quadrivium/cognetics/test-folder/Algebra I/01. An Introduction to the Course.txt
/mnt/c/Users/nateg/OneDrive/Documentos/GitHub/quadrivium/cognetics/test-folder/Algebra I/02. Order of Operations.txt
/mnt/c/Users/nateg/OneDrive/Documentos/GitHub/quadrivium/cognetics/test-folder/Algebra I/03. Percents, Decimals, and Fractions.txt
/mnt/c/Users/nateg/OneDrive/Documentos/GitHub/quadrivium/cognetics/test-folder/Algebra I/04. Variables and Algebraic Expressions.txt
/mnt/c/Users/nateg/OneDrive/Documentos/GitHub/quadrivium/cognetics/test-folder/Algebra I/05. Operations and Expressions.txt
/mnt/c/Users/nateg/OneDrive/Documentos/GitHub/quadrivium/cognetics/test-folder/Algebra I/06. Principles of Graphing in 2 Dimensions.txt
/mnt/c/Users/nateg/OneDrive/Documentos/GitHub/quadrivium/cognetics/test-folder/Algebra I/07. Solving Linear Equations, Part 1.txt
/mnt/c/Users/nateg/OneDrive/Documentos/GitHub/quadrivium/cognetics/test-folder/Algebra I/08. Solving Linear Equations, Part 2.txt
/mnt/c/Users/nateg/OneDrive/Documentos/GitHub/quadrivium/cognetics/test-folder/Algebra I/09. Slope of a Line.txt
/mnt/c/Users/nateg/OneDrive/Documentos/GitHub/quadrivium/cognetics/test-folder/Algebra I/10. Graphing Linear Equations, Part 1.txt
/mnt/c/Users/nateg/OneDrive/Documentos/GitHub/quadrivium/cognetics/test-folder/Algebra I/11. Graphing Linear Equations, Part 2.txt
/mnt/c/Users/nateg/OneDrive/Documentos/GitHub/quadrivium/cognetics/test-folder/Algebra I/12. Parallel and Perpendicular Lines.txt
/mnt/c/Users/nateg/OneDrive/Documentos/GitHub/quadrivium/cognetics/test-folder/Algebra I/13. Solving Word Problems with Linear Equations.txt
/mnt/c/Users/nateg/OneDrive/Documentos/GitHub/quadrivium/cognetics/test-folder/Algebra I/14. Linear Equations for Real-World Data.txt
/mnt/c/Users/nateg/OneDrive/Documentos/GitHub/quadrivium/cognetics/test-folder/Algebra I/15. Systems of Linear Equations, Part 1.txt
/mnt/c/Users/nateg/OneDrive/Documentos/GitHub/quadrivium/cognetics/test-folder/Algebra I/16. Systems of Linear Equations, Part 2.txt
/mnt/c/Users/nateg/OneDrive/Documentos/GitHub/quadrivium/cognetics/test-folder/Algebra I/17. Linear Inequalities.txt
/mnt/c/Users/nateg/OneDrive/Documentos/GitHub/quadrivium/cognetics/test-folder/Algebra I/18. An Introduction to Quadratic Polynomials.txt
/mnt/c/Users/nateg/OneDrive/Documentos/GitHub/quadrivium/cognetics/test-folder/Algebra I/19. Factoring Trinomials.txt
/mnt/c/Users/nateg/OneDrive/Documentos/GitHub/quadrivium/cognetics/test-folder/Algebra I/20. Quadratic Equations—Factoring.txt
/mnt/c/Users/nateg/OneDrive/Documentos/GitHub/quadrivium/cognetics/test-folder/Algebra I/21. Quadratic Equations—The Quadratic Formula.txt
/mnt/c/Users/nateg/OneDrive/Documentos/GitHub/quadrivium/cognetics/test-folder/Algebra I/22. Quadratic Equations—Completing the Square.txt
/mnt/c/Users/nateg/OneDrive/Documentos/GitHub/quadrivium/cognetics/test-folder/Algebra I/23. Representations of Quadratic Functions.txt
/mnt/c/Users/nateg/OneDrive/Documentos/GitHub/quadrivium/cognetics/test-folder/Algebra I/24. Quadratic Equations in the Real World.txt
/mnt/c/Users/nateg/OneDrive/Documentos/GitHub/quadrivium/cognetics/test-folder/Algebra I/25. The Pythagorean Theorem.txt
/mnt/c/Users/nateg/OneDrive/Documentos/GitHub/quadrivium/cognetics/test-folder/Algebra I/26. Polynomials of Higher Degree.txt
/mnt/c/Users/nateg/OneDrive/Documentos/GitHub/quadrivium/cognetics/test-folder/Algebra I/27. Operations and Polynomials.txt
/mnt/c/Users/nateg/OneDrive/Documentos/GitHub/quadrivium/cognetics/test-folder/Algebra I/28. Rational Expressions, Part 1.txt
/mnt/c/Users/nateg/OneDrive/Documentos/GitHub/quadrivium/cognetics/test-folder/Algebra I/29. Rational Expressions, Part 2.txt
/mnt/c/Users/nateg/OneDrive/Documentos/GitHub/quadrivium/cognetics/test-folder/Algebra I/30. Graphing Rational Functions, Part 1.txt
/mnt/c/Users/nateg/OneDrive/Documentos/GitHub/quadrivium/cognetics/test-folder/Algebra I/31. Graphing Rational Functions, Part 2.txt
/mnt/c/Users/nateg/OneDrive/Documentos/GitHub/quadrivium/cognetics/test-folder/Algebra I/32. Radical Expressions.txt
/mnt/c/Users/nateg/OneDrive/Documentos/GitHub/quadrivium/cognetics/test-folder/Algebra I/33. Solving Radical Equations.txt
/mnt/c/Users/nateg/OneDrive/Documentos/GitHub/quadrivium/cognetics/test-folder/Algebra I/34. Graphing Radical Functions.txt
/mnt/c/Users/nateg/OneDrive/Documentos/GitHub/quadrivium/cognetics/test-folder/Algebra I/35. Sequences and Pattern Recognition, Part 1.txt
/mnt/c/Users/nateg/OneDrive/Documentos/GitHub/quadrivium/cognetics/test-folder/Algebra I/36. Sequences and Pattern Recognition, Part 2.txt
