/mnt/c/Users/nateg/OneDrive/Documentos/GitHub/quadrivium/cognetics/Foundations of Western Civilization/01-1_20-_20Western_2C_20Civilization_2C_20and_20Foundations.txt
/mnt/c/Users/nateg/OneDrive/Documentos/GitHub/quadrivium/cognetics/Foundations of Western Civilization/01-2_20-_20Western_2C_20Civilization_2C_20and_20Foundations.txt
/mnt/c/Users/nateg/OneDrive/Documentos/GitHub/quadrivium/cognetics/Foundations of Western Civilization/01-3_20-_20Western_2C_20Civilization_2C_20and_20Foundations.txt
/mnt/c/Users/nateg/OneDrive/Documentos/GitHub/quadrivium/cognetics/Foundations of Western Civilization/01-4_20-_20Western_2C_20Civilization_2C_20and_20Foundations.txt
/mnt/c/Users/nateg/OneDrive/Documentos/GitHub/quadrivium/cognetics/Foundations of Western Civilization/01-5_20-_20Western_2C_20Civilization_2C_20and_20Foundations.txt
/mnt/c/Users/nateg/OneDrive/Documentos/GitHub/quadrivium/cognetics/Foundations of Western Civilization/01-6_20-_20Western_2C_20Civilization_2C_20and_20Foundations.txt
/mnt/c/Users/nateg/OneDrive/Documentos/GitHub/quadrivium/cognetics/Foundations of Western Civilization/02-1_20-_20History_20Begins_20at_20Sumer.txt
/mnt/c/Users/nateg/OneDrive/Documentos/GitHub/quadrivium/cognetics/Foundations of Western Civilization/02-2_20-_20History_20Begins_20at_20Sumer.txt
/mnt/c/Users/nateg/OneDrive/Documentos/GitHub/quadrivium/cognetics/Foundations of Western Civilization/02-3_20-_20History_20Begins_20at_20Sumer.txt
/mnt/c/Users/nateg/OneDrive/Documentos/GitHub/quadrivium/cognetics/Foundations of Western Civilization/02-4_20-_20History_20Begins_20at_20Sumer.txt
/mnt/c/Users/nateg/OneDrive/Documentos/GitHub/quadrivium/cognetics/Foundations of Western Civilization/02-5_20-_20History_20Begins_20at_20Sumer.txt
/mnt/c/Users/nateg/OneDrive/Documentos/GitHub/quadrivium/cognetics/Foundations of Western Civilization/03-1_20-_20Egypt_20-_20The_20Gift_20of_20the_20Nile.txt
/mnt/c/Users/nateg/OneDrive/Documentos/GitHub/quadrivium/cognetics/Foundations of Western Civilization/03-2_20-_20Egypt_20-_20The_20Gift_20of_20the_20Nile.txt
/mnt/c/Users/nateg/OneDrive/Documentos/GitHub/quadrivium/cognetics/Foundations of Western Civilization/03-3_20-_20Egypt_20-_20The_20Gift_20of_20the_20Nile.txt
/mnt/c/Users/nateg/OneDrive/Documentos/GitHub/quadrivium/cognetics/Foundations of Western Civilization/03-4_20-_20Egypt_20-_20The_20Gift_20of_20the_20Nile.txt
/mnt/c/Users/nateg/OneDrive/Documentos/GitHub/quadrivium/cognetics/Foundations of Western Civilization/03-5_20-_20Egypt_20-_20The_20Gift_20of_20the_20Nile.txt
/mnt/c/Users/nateg/OneDrive/Documentos/GitHub/quadrivium/cognetics/Foundations of Western Civilization/03-6_20-_20Egypt_20-_20The_20Gift_20of_20the_20Nile.txt
/mnt/c/Users/nateg/OneDrive/Documentos/GitHub/quadrivium/cognetics/Foundations of Western Civilization/04-1_20-_20The_20Hebrews_20-_20Small_20States_20and_20Big_20Ideas.txt
/mnt/c/Users/nateg/OneDrive/Documentos/GitHub/quadrivium/cognetics/Foundations of Western Civilization/04-2_20-_20The_20Hebrews_20-_20Small_20States_20and_20Big_20Ideas.txt
/mnt/c/Users/nateg/OneDrive/Documentos/GitHub/quadrivium/cognetics/Foundations of Western Civilization/04-3_20-_20The_20Hebrews_20-_20Small_20States_20and_20Big_20Ideas.txt
/mnt/c/Users/nateg/OneDrive/Documentos/GitHub/quadrivium/cognetics/Foundations of Western Civilization/04-4_20-_20The_20Hebrews_20-_20Small_20States_20and_20Big_20Ideas.txt
/mnt/c/Users/nateg/OneDrive/Documentos/GitHub/quadrivium/cognetics/Foundations of Western Civilization/04-5_20-_20The_20Hebrews_20-_20Small_20States_20and_20Big_20Ideas.txt
/mnt/c/Users/nateg/OneDrive/Documentos/GitHub/quadrivium/cognetics/Foundations of Western Civilization/04-6_20-_20The_20Hebrews_20-_20Small_20States_20and_20Big_20Ideas.txt
/mnt/c/Users/nateg/OneDrive/Documentos/GitHub/quadrivium/cognetics/Foundations of Western Civilization/05-1_20-_20A_20Succession_20of_20Empires.txt
/mnt/c/Users/nateg/OneDrive/Documentos/GitHub/quadrivium/cognetics/Foundations of Western Civilization/05-2_20-_20A_20Succession_20of_20Empires.txt
/mnt/c/Users/nateg/OneDrive/Documentos/GitHub/quadrivium/cognetics/Foundations of Western Civilization/05-3_20-_20A_20Succession_20of_20Empires.txt
/mnt/c/Users/nateg/OneDrive/Documentos/GitHub/quadrivium/cognetics/Foundations of Western Civilization/05-4_20-_20A_20Succession_20of_20Empires.txt
/mnt/c/Users/nateg/OneDrive/Documentos/GitHub/quadrivium/cognetics/Foundations of Western Civilization/05-5_20-_20A_20Succession_20of_20Empires.txt
/mnt/c/Users/nateg/OneDrive/Documentos/GitHub/quadrivium/cognetics/Foundations of Western Civilization/05-6_20-_20A_20Succession_20of_20Empires.txt
/mnt/c/Users/nateg/OneDrive/Documentos/GitHub/quadrivium/cognetics/Foundations of Western Civilization/06-1_20-_20Wide-Ruling_20Agamemnon.txt
/mnt/c/Users/nateg/OneDrive/Documentos/GitHub/quadrivium/cognetics/Foundations of Western Civilization/06-2_20-_20Wide-Ruling_20Agamemnon.txt
/mnt/c/Users/nateg/OneDrive/Documentos/GitHub/quadrivium/cognetics/Foundations of Western Civilization/06-3_20-_20Wide-Ruling_20Agamemnon.txt
/mnt/c/Users/nateg/OneDrive/Documentos/GitHub/quadrivium/cognetics/Foundations of Western Civilization/06-4_20-_20Wide-Ruling_20Agamemnon.txt
/mnt/c/Users/nateg/OneDrive/Documentos/GitHub/quadrivium/cognetics/Foundations of Western Civilization/06-5_20-_20Wide-Ruling_20Agamemnon.txt
/mnt/c/Users/nateg/OneDrive/Documentos/GitHub/quadrivium/cognetics/Foundations of Western Civilization/06-6_20-_20Wide-Ruling_20Agamemnon.txt
/mnt/c/Users/nateg/OneDrive/Documentos/GitHub/quadrivium/cognetics/Foundations of Western Civilization/07-1_20-_20Dark_20Age_20and_20Archaic_20Greece.txt
/mnt/c/Users/nateg/OneDrive/Documentos/GitHub/quadrivium/cognetics/Foundations of Western Civilization/07-2_20-_20Dark_20Age_20and_20Archaic_20Greece.txt
/mnt/c/Users/nateg/OneDrive/Documentos/GitHub/quadrivium/cognetics/Foundations of Western Civilization/07-3_20-_20Dark_20Age_20and_20Archaic_20Greece.txt
/mnt/c/Users/nateg/OneDrive/Documentos/GitHub/quadrivium/cognetics/Foundations of Western Civilization/07-4_20-_20Dark_20Age_20and_20Archaic_20Greece.txt
/mnt/c/Users/nateg/OneDrive/Documentos/GitHub/quadrivium/cognetics/Foundations of Western Civilization/07-5_20-_20Dark_20Age_20and_20Archaic_20Greece.txt
/mnt/c/Users/nateg/OneDrive/Documentos/GitHub/quadrivium/cognetics/Foundations of Western Civilization/07-6_20-_20Dark_20Age_20and_20Archaic_20Greece.txt
/mnt/c/Users/nateg/OneDrive/Documentos/GitHub/quadrivium/cognetics/Foundations of Western Civilization/08-1_20-_20The_20Greek_20Polis_20-_20Sparta.txt
/mnt/c/Users/nateg/OneDrive/Documentos/GitHub/quadrivium/cognetics/Foundations of Western Civilization/08-2_20-_20The_20Greek_20Polis_20-_20Sparta.txt
/mnt/c/Users/nateg/OneDrive/Documentos/GitHub/quadrivium/cognetics/Foundations of Western Civilization/08-3_20-_20The_20Greek_20Polis_20-_20Sparta.txt
/mnt/c/Users/nateg/OneDrive/Documentos/GitHub/quadrivium/cognetics/Foundations of Western Civilization/08-4_20-_20The_20Greek_20Polis_20-_20Sparta.txt
/mnt/c/Users/nateg/OneDrive/Documentos/GitHub/quadrivium/cognetics/Foundations of Western Civilization/08-5_20-_20The_20Greek_20Polis_20-_20Sparta.txt
/mnt/c/Users/nateg/OneDrive/Documentos/GitHub/quadrivium/cognetics/Foundations of Western Civilization/08-6_20-_20The_20Greek_20Polis_20-_20Sparta.txt
/mnt/c/Users/nateg/OneDrive/Documentos/GitHub/quadrivium/cognetics/Foundations of Western Civilization/09-1_20-_20The_20Greek_20Polis_20-_20Athens.txt
/mnt/c/Users/nateg/OneDrive/Documentos/GitHub/quadrivium/cognetics/Foundations of Western Civilization/09-2_20-_20The_20Greek_20Polis_20-_20Athens.txt
/mnt/c/Users/nateg/OneDrive/Documentos/GitHub/quadrivium/cognetics/Foundations of Western Civilization/09-3_20-_20The_20Greek_20Polis_20-_20Athens.txt
/mnt/c/Users/nateg/OneDrive/Documentos/GitHub/quadrivium/cognetics/Foundations of Western Civilization/09-4_20-_20The_20Greek_20Polis_20-_20Athens.txt
/mnt/c/Users/nateg/OneDrive/Documentos/GitHub/quadrivium/cognetics/Foundations of Western Civilization/09-5_20-_20The_20Greek_20Polis_20-_20Athens.txt
/mnt/c/Users/nateg/OneDrive/Documentos/GitHub/quadrivium/cognetics/Foundations of Western Civilization/09-6_20-_20The_20Greek_20Polis_20-_20Athens.txt
/mnt/c/Users/nateg/OneDrive/Documentos/GitHub/quadrivium/cognetics/Foundations of Western Civilization/10-1_20-_20Civic_20Culture_20-_20Architecture_20and_20Drama.txt
/mnt/c/Users/nateg/OneDrive/Documentos/GitHub/quadrivium/cognetics/Foundations of Western Civilization/10-2_20-_20Civic_20Culture_20-_20Architecture_20and_20Drama.txt
/mnt/c/Users/nateg/OneDrive/Documentos/GitHub/quadrivium/cognetics/Foundations of Western Civilization/10-3_20-_20Civic_20Culture_20-_20Architecture_20and_20Drama.txt
/mnt/c/Users/nateg/OneDrive/Documentos/GitHub/quadrivium/cognetics/Foundations of Western Civilization/10-4_20-_20Civic_20Culture_20-_20Architecture_20and_20Drama.txt
/mnt/c/Users/nateg/OneDrive/Documentos/GitHub/quadrivium/cognetics/Foundations of Western Civilization/10-5_20-_20Civic_20Culture_20-_20Architecture_20and_20Drama.txt
/mnt/c/Users/nateg/OneDrive/Documentos/GitHub/quadrivium/cognetics/Foundations of Western Civilization/10-6_20-_20Civic_20Culture_20-_20Architecture_20and_20Drama.txt
/mnt/c/Users/nateg/OneDrive/Documentos/GitHub/quadrivium/cognetics/Foundations of Western Civilization/11-1_20-_20The_20Birth_20of_20History.txt
/mnt/c/Users/nateg/OneDrive/Documentos/GitHub/quadrivium/cognetics/Foundations of Western Civilization/11-2_20-_20The_20Birth_20of_20History.txt
/mnt/c/Users/nateg/OneDrive/Documentos/GitHub/quadrivium/cognetics/Foundations of Western Civilization/11-3_20-_20The_20Birth_20of_20History.txt
/mnt/c/Users/nateg/OneDrive/Documentos/GitHub/quadrivium/cognetics/Foundations of Western Civilization/11-4_20-_20The_20Birth_20of_20History.txt
/mnt/c/Users/nateg/OneDrive/Documentos/GitHub/quadrivium/cognetics/Foundations of Western Civilization/11-5_20-_20The_20Birth_20of_20History.txt
/mnt/c/Users/nateg/OneDrive/Documentos/GitHub/quadrivium/cognetics/Foundations of Western Civilization/11-6_20-_20The_20Birth_20of_20History.txt
/mnt/c/Users/nateg/OneDrive/Documentos/GitHub/quadrivium/cognetics/Foundations of Western Civilization/12-1_20-_20From_20Greek_20Religion_20to_20Socratic_20Philosophy.txt
/mnt/c/Users/nateg/OneDrive/Documentos/GitHub/quadrivium/cognetics/Foundations of Western Civilization/12-2_20-_20From_20Greek_20Religion_20to_20Socratic_20Philosophy.txt
/mnt/c/Users/nateg/OneDrive/Documentos/GitHub/quadrivium/cognetics/Foundations of Western Civilization/12-3_20-_20From_20Greek_20Religion_20to_20Socratic_20Philosophy.txt
/mnt/c/Users/nateg/OneDrive/Documentos/GitHub/quadrivium/cognetics/Foundations of Western Civilization/12-4_20-_20From_20Greek_20Religion_20to_20Socratic_20Philosophy.txt
/mnt/c/Users/nateg/OneDrive/Documentos/GitHub/quadrivium/cognetics/Foundations of Western Civilization/12-5_20-_20From_20Greek_20Religion_20to_20Socratic_20Philosophy.txt
/mnt/c/Users/nateg/OneDrive/Documentos/GitHub/quadrivium/cognetics/Foundations of Western Civilization/12-6_20-_20From_20Greek_20Religion_20to_20Socratic_20Philosophy.txt
/mnt/c/Users/nateg/OneDrive/Documentos/GitHub/quadrivium/cognetics/Foundations of Western Civilization/13-1_20-_20Plato_20and_20Aristotle.txt
/mnt/c/Users/nateg/OneDrive/Documentos/GitHub/quadrivium/cognetics/Foundations of Western Civilization/13-2_20-_20Plato_20and_20Aristotle.txt
/mnt/c/Users/nateg/OneDrive/Documentos/GitHub/quadrivium/cognetics/Foundations of Western Civilization/13-3_20-_20Plato_20and_20Aristotle.txt
/mnt/c/Users/nateg/OneDrive/Documentos/GitHub/quadrivium/cognetics/Foundations of Western Civilization/13-4_20-_20Plato_20and_20Aristotle.txt
/mnt/c/Users/nateg/OneDrive/Documentos/GitHub/quadrivium/cognetics/Foundations of Western Civilization/13-5_20-_20Plato_20and_20Aristotle.txt
/mnt/c/Users/nateg/OneDrive/Documentos/GitHub/quadrivium/cognetics/Foundations of Western Civilization/13-6_20-_20Plato_20and_20Aristotle.txt
/mnt/c/Users/nateg/OneDrive/Documentos/GitHub/quadrivium/cognetics/Foundations of Western Civilization/14-1_20-_20The_20Failure_20of_20the_20Polis_20and_20the_20Rise_20of_20Alexander.txt
/mnt/c/Users/nateg/OneDrive/Documentos/GitHub/quadrivium/cognetics/Foundations of Western Civilization/14-2_20-_20The_20Failure_20of_20the_20Polis_20and_20the_20Rise_20of_20Alexander.txt
/mnt/c/Users/nateg/OneDrive/Documentos/GitHub/quadrivium/cognetics/Foundations of Western Civilization/14-3_20-_20The_20Failure_20of_20the_20Polis_20and_20the_20Rise_20of_20Alexander.txt
/mnt/c/Users/nateg/OneDrive/Documentos/GitHub/quadrivium/cognetics/Foundations of Western Civilization/14-4_20-_20The_20Failure_20of_20the_20Polis_20and_20the_20Rise_20of_20Alexander.txt
/mnt/c/Users/nateg/OneDrive/Documentos/GitHub/quadrivium/cognetics/Foundations of Western Civilization/14-5_20-_20The_20Failure_20of_20the_20Polis_20and_20the_20Rise_20of_20Alexander.txt
/mnt/c/Users/nateg/OneDrive/Documentos/GitHub/quadrivium/cognetics/Foundations of Western Civilization/14-6_20-_20The_20Failure_20of_20the_20Polis_20and_20the_20Rise_20of_20Alexander.txt
/mnt/c/Users/nateg/OneDrive/Documentos/GitHub/quadrivium/cognetics/Foundations of Western Civilization/15-1_20-_20The_20Hellenistic_20World.txt
/mnt/c/Users/nateg/OneDrive/Documentos/GitHub/quadrivium/cognetics/Foundations of Western Civilization/15-2_20-_20The_20Hellenistic_20World.txt
/mnt/c/Users/nateg/OneDrive/Documentos/GitHub/quadrivium/cognetics/Foundations of Western Civilization/15-3_20-_20The_20Hellenistic_20World.txt
/mnt/c/Users/nateg/OneDrive/Documentos/GitHub/quadrivium/cognetics/Foundations of Western Civilization/15-4_20-_20The_20Hellenistic_20World.txt
/mnt/c/Users/nateg/OneDrive/Documentos/GitHub/quadrivium/cognetics/Foundations of Western Civilization/15-5_20-_20The_20Hellenistic_20World.txt
/mnt/c/Users/nateg/OneDrive/Documentos/GitHub/quadrivium/cognetics/Foundations of Western Civilization/15-6_20-_20The_20Hellenistic_20World.txt
/mnt/c/Users/nateg/OneDrive/Documentos/GitHub/quadrivium/cognetics/Foundations of Western Civilization/16-1_20-_20The_20Rise_20of_20Rome.txt
/mnt/c/Users/nateg/OneDrive/Documentos/GitHub/quadrivium/cognetics/Foundations of Western Civilization/16-2_20-_20The_20Rise_20of_20Rome.txt
/mnt/c/Users/nateg/OneDrive/Documentos/GitHub/quadrivium/cognetics/Foundations of Western Civilization/16-3_20-_20The_20Rise_20of_20Rome.txt
/mnt/c/Users/nateg/OneDrive/Documentos/GitHub/quadrivium/cognetics/Foundations of Western Civilization/16-4_20-_20The_20Rise_20of_20Rome.txt
/mnt/c/Users/nateg/OneDrive/Documentos/GitHub/quadrivium/cognetics/Foundations of Western Civilization/16-5_20-_20The_20Rise_20of_20Rome.txt
/mnt/c/Users/nateg/OneDrive/Documentos/GitHub/quadrivium/cognetics/Foundations of Western Civilization/16-6_20-_20The_20Rise_20of_20Rome.txt
/mnt/c/Users/nateg/OneDrive/Documentos/GitHub/quadrivium/cognetics/Foundations of Western Civilization/17-1_20-_20The_20Roman_20Republic-Government_20and_20Politics.txt
/mnt/c/Users/nateg/OneDrive/Documentos/GitHub/quadrivium/cognetics/Foundations of Western Civilization/17-2_20-_20The_20Roman_20Republic-Government_20and_20Politics.txt
/mnt/c/Users/nateg/OneDrive/Documentos/GitHub/quadrivium/cognetics/Foundations of Western Civilization/17-3_20-_20The_20Roman_20Republic-Government_20and_20Politics.txt
/mnt/c/Users/nateg/OneDrive/Documentos/GitHub/quadrivium/cognetics/Foundations of Western Civilization/17-4_20-_20The_20Roman_20Republic-Government_20and_20Politics.txt
/mnt/c/Users/nateg/OneDrive/Documentos/GitHub/quadrivium/cognetics/Foundations of Western Civilization/17-5_20-_20The_20Roman_20Republic-Government_20and_20Politics.txt
/mnt/c/Users/nateg/OneDrive/Documentos/GitHub/quadrivium/cognetics/Foundations of Western Civilization/17-6_20-_20The_20Roman_20Republic-Government_20and_20Politics.txt
/mnt/c/Users/nateg/OneDrive/Documentos/GitHub/quadrivium/cognetics/Foundations of Western Civilization/18-1_20-_20Roman_20Imperialism.txt
/mnt/c/Users/nateg/OneDrive/Documentos/GitHub/quadrivium/cognetics/Foundations of Western Civilization/18-2_20-_20Roman_20Imperialism.txt
/mnt/c/Users/nateg/OneDrive/Documentos/GitHub/quadrivium/cognetics/Foundations of Western Civilization/18-3_20-_20Roman_20Imperialism.txt
/mnt/c/Users/nateg/OneDrive/Documentos/GitHub/quadrivium/cognetics/Foundations of Western Civilization/18-4_20-_20Roman_20Imperialism.txt
/mnt/c/Users/nateg/OneDrive/Documentos/GitHub/quadrivium/cognetics/Foundations of Western Civilization/18-5_20-_20Roman_20Imperialism.txt
/mnt/c/Users/nateg/OneDrive/Documentos/GitHub/quadrivium/cognetics/Foundations of Western Civilization/18-6_20-_20Roman_20Imperialism.txt
/mnt/c/Users/nateg/OneDrive/Documentos/GitHub/quadrivium/cognetics/Foundations of Western Civilization/19-1_20-_20The_20Culture_20of_20the_20Roman_20Republic.txt
/mnt/c/Users/nateg/OneDrive/Documentos/GitHub/quadrivium/cognetics/Foundations of Western Civilization/19-2_20-_20The_20Culture_20of_20the_20Roman_20Republic.txt
/mnt/c/Users/nateg/OneDrive/Documentos/GitHub/quadrivium/cognetics/Foundations of Western Civilization/19-3_20-_20The_20Culture_20of_20the_20Roman_20Republic.txt
/mnt/c/Users/nateg/OneDrive/Documentos/GitHub/quadrivium/cognetics/Foundations of Western Civilization/19-4_20-_20The_20Culture_20of_20the_20Roman_20Republic.txt
/mnt/c/Users/nateg/OneDrive/Documentos/GitHub/quadrivium/cognetics/Foundations of Western Civilization/19-5_20-_20The_20Culture_20of_20the_20Roman_20Republic.txt
/mnt/c/Users/nateg/OneDrive/Documentos/GitHub/quadrivium/cognetics/Foundations of Western Civilization/19-6_20-_20The_20Culture_20of_20the_20Roman_20Republic.txt
/mnt/c/Users/nateg/OneDrive/Documentos/GitHub/quadrivium/cognetics/Foundations of Western Civilization/20-1_20-_20Rome_20-_20From_20Republic_20to_20Empire.txt
/mnt/c/Users/nateg/OneDrive/Documentos/GitHub/quadrivium/cognetics/Foundations of Western Civilization/20-2_20-_20Rome_20-_20From_20Republic_20to_20Empire.txt
/mnt/c/Users/nateg/OneDrive/Documentos/GitHub/quadrivium/cognetics/Foundations of Western Civilization/20-3_20-_20Rome_20-_20From_20Republic_20to_20Empire.txt
/mnt/c/Users/nateg/OneDrive/Documentos/GitHub/quadrivium/cognetics/Foundations of Western Civilization/20-4_20-_20Rome_20-_20From_20Republic_20to_20Empire.txt
/mnt/c/Users/nateg/OneDrive/Documentos/GitHub/quadrivium/cognetics/Foundations of Western Civilization/20-5_20-_20Rome_20-_20From_20Republic_20to_20Empire.txt
/mnt/c/Users/nateg/OneDrive/Documentos/GitHub/quadrivium/cognetics/Foundations of Western Civilization/20-6_20-_20Rome_20-_20From_20Republic_20to_20Empire.txt
/mnt/c/Users/nateg/OneDrive/Documentos/GitHub/quadrivium/cognetics/Foundations of Western Civilization/21-1_20-_20The_20Pax_20Romana.txt
/mnt/c/Users/nateg/OneDrive/Documentos/GitHub/quadrivium/cognetics/Foundations of Western Civilization/21-2_20-_20The_20Pax_20Romana.txt
/mnt/c/Users/nateg/OneDrive/Documentos/GitHub/quadrivium/cognetics/Foundations of Western Civilization/21-3_20-_20The_20Pax_20Romana.txt
/mnt/c/Users/nateg/OneDrive/Documentos/GitHub/quadrivium/cognetics/Foundations of Western Civilization/21-4_20-_20The_20Pax_20Romana.txt
/mnt/c/Users/nateg/OneDrive/Documentos/GitHub/quadrivium/cognetics/Foundations of Western Civilization/21-5_20-_20The_20Pax_20Romana.txt
/mnt/c/Users/nateg/OneDrive/Documentos/GitHub/quadrivium/cognetics/Foundations of Western Civilization/21-6_20-_20The_20Pax_20Romana.txt
/mnt/c/Users/nateg/OneDrive/Documentos/GitHub/quadrivium/cognetics/Foundations of Western Civilization/22-1_20-_20Rome_27s_20Golden_20and_20Silver_20Ages.txt
/mnt/c/Users/nateg/OneDrive/Documentos/GitHub/quadrivium/cognetics/Foundations of Western Civilization/22-2_20-_20Rome_27s_20Golden_20and_20Silver_20Ages.txt
/mnt/c/Users/nateg/OneDrive/Documentos/GitHub/quadrivium/cognetics/Foundations of Western Civilization/22-3_20-_20Rome_27s_20Golden_20and_20Silver_20Ages.txt
/mnt/c/Users/nateg/OneDrive/Documentos/GitHub/quadrivium/cognetics/Foundations of Western Civilization/22-4_20-_20Rome_27s_20Golden_20and_20Silver_20Ages.txt
/mnt/c/Users/nateg/OneDrive/Documentos/GitHub/quadrivium/cognetics/Foundations of Western Civilization/22-5_20-_20Rome_27s_20Golden_20and_20Silver_20Ages.txt
/mnt/c/Users/nateg/OneDrive/Documentos/GitHub/quadrivium/cognetics/Foundations of Western Civilization/22-6_20-_20Rome_27s_20Golden_20and_20Silver_20Ages.txt
/mnt/c/Users/nateg/OneDrive/Documentos/GitHub/quadrivium/cognetics/Foundations of Western Civilization/23-1_20-_20Jesus_20and_20the_20New_20Testament.txt
/mnt/c/Users/nateg/OneDrive/Documentos/GitHub/quadrivium/cognetics/Foundations of Western Civilization/23-2_20-_20Jesus_20and_20the_20New_20Testament.txt
/mnt/c/Users/nateg/OneDrive/Documentos/GitHub/quadrivium/cognetics/Foundations of Western Civilization/23-3_20-_20Jesus_20and_20the_20New_20Testament.txt
/mnt/c/Users/nateg/OneDrive/Documentos/GitHub/quadrivium/cognetics/Foundations of Western Civilization/23-4_20-_20Jesus_20and_20the_20New_20Testament.txt
/mnt/c/Users/nateg/OneDrive/Documentos/GitHub/quadrivium/cognetics/Foundations of Western Civilization/23-5_20-_20Jesus_20and_20the_20New_20Testament.txt
/mnt/c/Users/nateg/OneDrive/Documentos/GitHub/quadrivium/cognetics/Foundations of Western Civilization/23-6_20-_20Jesus_20and_20the_20New_20Testament.txt
/mnt/c/Users/nateg/OneDrive/Documentos/GitHub/quadrivium/cognetics/Foundations of Western Civilization/24-1_20-_20The_20Emergence_20of_20a_20Christian_20Church.txt
/mnt/c/Users/nateg/OneDrive/Documentos/GitHub/quadrivium/cognetics/Foundations of Western Civilization/24-2_20-_20The_20Emergence_20of_20a_20Christian_20Church.txt
/mnt/c/Users/nateg/OneDrive/Documentos/GitHub/quadrivium/cognetics/Foundations of Western Civilization/24-3_20-_20The_20Emergence_20of_20a_20Christian_20Church.txt
/mnt/c/Users/nateg/OneDrive/Documentos/GitHub/quadrivium/cognetics/Foundations of Western Civilization/24-4_20-_20The_20Emergence_20of_20a_20Christian_20Church.txt
/mnt/c/Users/nateg/OneDrive/Documentos/GitHub/quadrivium/cognetics/Foundations of Western Civilization/24-5_20-_20The_20Emergence_20of_20a_20Christian_20Church.txt
/mnt/c/Users/nateg/OneDrive/Documentos/GitHub/quadrivium/cognetics/Foundations of Western Civilization/24-6_20-_20The_20Emergence_20of_20a_20Christian_20Church.txt
/mnt/c/Users/nateg/OneDrive/Documentos/GitHub/quadrivium/cognetics/Foundations of Western Civilization/25-1_20-_20Late_20Antiquity_20-_20Crisis_20and_20Response.txt
/mnt/c/Users/nateg/OneDrive/Documentos/GitHub/quadrivium/cognetics/Foundations of Western Civilization/25-2_20-_20Late_20Antiquity_20-_20Crisis_20and_20Response.txt
/mnt/c/Users/nateg/OneDrive/Documentos/GitHub/quadrivium/cognetics/Foundations of Western Civilization/25-3_20-_20Late_20Antiquity_20-_20Crisis_20and_20Response.txt
/mnt/c/Users/nateg/OneDrive/Documentos/GitHub/quadrivium/cognetics/Foundations of Western Civilization/25-4_20-_20Late_20Antiquity_20-_20Crisis_20and_20Response.txt
/mnt/c/Users/nateg/OneDrive/Documentos/GitHub/quadrivium/cognetics/Foundations of Western Civilization/25-5_20-_20Late_20Antiquity_20-_20Crisis_20and_20Response.txt
/mnt/c/Users/nateg/OneDrive/Documentos/GitHub/quadrivium/cognetics/Foundations of Western Civilization/25-6_20-_20Late_20Antiquity_20-_20Crisis_20and_20Response.txt
/mnt/c/Users/nateg/OneDrive/Documentos/GitHub/quadrivium/cognetics/Foundations of Western Civilization/26-1_20-_20Barbarians_20and_20Emperors.txt
/mnt/c/Users/nateg/OneDrive/Documentos/GitHub/quadrivium/cognetics/Foundations of Western Civilization/26-2_20-_20Barbarians_20and_20Emperors.txt
/mnt/c/Users/nateg/OneDrive/Documentos/GitHub/quadrivium/cognetics/Foundations of Western Civilization/26-3_20-_20Barbarians_20and_20Emperors.txt
/mnt/c/Users/nateg/OneDrive/Documentos/GitHub/quadrivium/cognetics/Foundations of Western Civilization/26-4_20-_20Barbarians_20and_20Emperors.txt
/mnt/c/Users/nateg/OneDrive/Documentos/GitHub/quadrivium/cognetics/Foundations of Western Civilization/26-5_20-_20Barbarians_20and_20Emperors.txt
/mnt/c/Users/nateg/OneDrive/Documentos/GitHub/quadrivium/cognetics/Foundations of Western Civilization/26-6_20-_20Barbarians_20and_20Emperors.txt
/mnt/c/Users/nateg/OneDrive/Documentos/GitHub/quadrivium/cognetics/Foundations of Western Civilization/27-1_20-_20The_20Emergence_20of_20the_20Catholic_20Church.txt
/mnt/c/Users/nateg/OneDrive/Documentos/GitHub/quadrivium/cognetics/Foundations of Western Civilization/27-2_20-_20The_20Emergence_20of_20the_20Catholic_20Church.txt
/mnt/c/Users/nateg/OneDrive/Documentos/GitHub/quadrivium/cognetics/Foundations of Western Civilization/27-3_20-_20The_20Emergence_20of_20the_20Catholic_20Church.txt
/mnt/c/Users/nateg/OneDrive/Documentos/GitHub/quadrivium/cognetics/Foundations of Western Civilization/27-4_20-_20The_20Emergence_20of_20the_20Catholic_20Church.txt
/mnt/c/Users/nateg/OneDrive/Documentos/GitHub/quadrivium/cognetics/Foundations of Western Civilization/27-5_20-_20The_20Emergence_20of_20the_20Catholic_20Church.txt
/mnt/c/Users/nateg/OneDrive/Documentos/GitHub/quadrivium/cognetics/Foundations of Western Civilization/27-6_20-_20The_20Emergence_20of_20the_20Catholic_20Church.txt
/mnt/c/Users/nateg/OneDrive/Documentos/GitHub/quadrivium/cognetics/Foundations of Western Civilization/28-1_20-_20Christian_20Culture_20in_20Late_20Antiquity.txt
/mnt/c/Users/nateg/OneDrive/Documentos/GitHub/quadrivium/cognetics/Foundations of Western Civilization/28-2_20-_20Christian_20Culture_20in_20Late_20Antiquity.txt
/mnt/c/Users/nateg/OneDrive/Documentos/GitHub/quadrivium/cognetics/Foundations of Western Civilization/28-3_20-_20Christian_20Culture_20in_20Late_20Antiquity.txt
/mnt/c/Users/nateg/OneDrive/Documentos/GitHub/quadrivium/cognetics/Foundations of Western Civilization/28-4_20-_20Christian_20Culture_20in_20Late_20Antiquity.txt
/mnt/c/Users/nateg/OneDrive/Documentos/GitHub/quadrivium/cognetics/Foundations of Western Civilization/28-5_20-_20Christian_20Culture_20in_20Late_20Antiquity.txt
/mnt/c/Users/nateg/OneDrive/Documentos/GitHub/quadrivium/cognetics/Foundations of Western Civilization/28-6_20-_20Christian_20Culture_20in_20Late_20Antiquity.txt
/mnt/c/Users/nateg/OneDrive/Documentos/GitHub/quadrivium/cognetics/Foundations of Western Civilization/29-1_20-_20Muhammad_20and_20Islam.txt
/mnt/c/Users/nateg/OneDrive/Documentos/GitHub/quadrivium/cognetics/Foundations of Western Civilization/29-2_20-_20Muhammad_20and_20Islam.txt
/mnt/c/Users/nateg/OneDrive/Documentos/GitHub/quadrivium/cognetics/Foundations of Western Civilization/29-3_20-_20Muhammad_20and_20Islam.txt
/mnt/c/Users/nateg/OneDrive/Documentos/GitHub/quadrivium/cognetics/Foundations of Western Civilization/29-4_20-_20Muhammad_20and_20Islam.txt
/mnt/c/Users/nateg/OneDrive/Documentos/GitHub/quadrivium/cognetics/Foundations of Western Civilization/29-5_20-_20Muhammad_20and_20Islam.txt
/mnt/c/Users/nateg/OneDrive/Documentos/GitHub/quadrivium/cognetics/Foundations of Western Civilization/29-6_20-_20Muhammad_20and_20Islam.txt
/mnt/c/Users/nateg/OneDrive/Documentos/GitHub/quadrivium/cognetics/Foundations of Western Civilization/30-1_20-_20The_20Birth_20of_20Byzantium.txt
/mnt/c/Users/nateg/OneDrive/Documentos/GitHub/quadrivium/cognetics/Foundations of Western Civilization/30-2_20-_20The_20Birth_20of_20Byzantium.txt
/mnt/c/Users/nateg/OneDrive/Documentos/GitHub/quadrivium/cognetics/Foundations of Western Civilization/30-3_20-_20The_20Birth_20of_20Byzantium.txt
/mnt/c/Users/nateg/OneDrive/Documentos/GitHub/quadrivium/cognetics/Foundations of Western Civilization/30-4_20-_20The_20Birth_20of_20Byzantium.txt
/mnt/c/Users/nateg/OneDrive/Documentos/GitHub/quadrivium/cognetics/Foundations of Western Civilization/30-5_20-_20The_20Birth_20of_20Byzantium.txt
/mnt/c/Users/nateg/OneDrive/Documentos/GitHub/quadrivium/cognetics/Foundations of Western Civilization/30-6_20-_20The_20Birth_20of_20Byzantium.txt
/mnt/c/Users/nateg/OneDrive/Documentos/GitHub/quadrivium/cognetics/Foundations of Western Civilization/31-1_20-_20Barbarian_20Kingdoms_20in_20the_20West.txt
/mnt/c/Users/nateg/OneDrive/Documentos/GitHub/quadrivium/cognetics/Foundations of Western Civilization/31-2_20-_20Barbarian_20Kingdoms_20in_20the_20West.txt
/mnt/c/Users/nateg/OneDrive/Documentos/GitHub/quadrivium/cognetics/Foundations of Western Civilization/31-3_20-_20Barbarian_20Kingdoms_20in_20the_20West.txt
/mnt/c/Users/nateg/OneDrive/Documentos/GitHub/quadrivium/cognetics/Foundations of Western Civilization/31-4_20-_20Barbarian_20Kingdoms_20in_20the_20West.txt
/mnt/c/Users/nateg/OneDrive/Documentos/GitHub/quadrivium/cognetics/Foundations of Western Civilization/31-5_20-_20Barbarian_20Kingdoms_20in_20the_20West.txt
/mnt/c/Users/nateg/OneDrive/Documentos/GitHub/quadrivium/cognetics/Foundations of Western Civilization/31-6_20-_20Barbarian_20Kingdoms_20in_20the_20West.txt
/mnt/c/Users/nateg/OneDrive/Documentos/GitHub/quadrivium/cognetics/Foundations of Western Civilization/32-1_20-_20The_20World_20of_20Charlemagne.txt
/mnt/c/Users/nateg/OneDrive/Documentos/GitHub/quadrivium/cognetics/Foundations of Western Civilization/32-2_20-_20The_20World_20of_20Charlemagne.txt
/mnt/c/Users/nateg/OneDrive/Documentos/GitHub/quadrivium/cognetics/Foundations of Western Civilization/32-3_20-_20The_20World_20of_20Charlemagne.txt
/mnt/c/Users/nateg/OneDrive/Documentos/GitHub/quadrivium/cognetics/Foundations of Western Civilization/32-4_20-_20The_20World_20of_20Charlemagne.txt
/mnt/c/Users/nateg/OneDrive/Documentos/GitHub/quadrivium/cognetics/Foundations of Western Civilization/32-5_20-_20The_20World_20of_20Charlemagne.txt
/mnt/c/Users/nateg/OneDrive/Documentos/GitHub/quadrivium/cognetics/Foundations of Western Civilization/32-6_20-_20The_20World_20of_20Charlemagne.txt
/mnt/c/Users/nateg/OneDrive/Documentos/GitHub/quadrivium/cognetics/Foundations of Western Civilization/33-1_20-_20The_20Carolingian_20Renaissance.txt
/mnt/c/Users/nateg/OneDrive/Documentos/GitHub/quadrivium/cognetics/Foundations of Western Civilization/33-2_20-_20The_20Carolingian_20Renaissance.txt
/mnt/c/Users/nateg/OneDrive/Documentos/GitHub/quadrivium/cognetics/Foundations of Western Civilization/33-3_20-_20The_20Carolingian_20Renaissance.txt
/mnt/c/Users/nateg/OneDrive/Documentos/GitHub/quadrivium/cognetics/Foundations of Western Civilization/33-4_20-_20The_20Carolingian_20Renaissance.txt
/mnt/c/Users/nateg/OneDrive/Documentos/GitHub/quadrivium/cognetics/Foundations of Western Civilization/33-5_20-_20The_20Carolingian_20Renaissance.txt
/mnt/c/Users/nateg/OneDrive/Documentos/GitHub/quadrivium/cognetics/Foundations of Western Civilization/33-6_20-_20The_20Carolingian_20Renaissance.txt
/mnt/c/Users/nateg/OneDrive/Documentos/GitHub/quadrivium/cognetics/Foundations of Western Civilization/34-1_20-_20The_20Expansion_20of_20Europe.txt
/mnt/c/Users/nateg/OneDrive/Documentos/GitHub/quadrivium/cognetics/Foundations of Western Civilization/34-2_20-_20The_20Expansion_20of_20Europe.txt
/mnt/c/Users/nateg/OneDrive/Documentos/GitHub/quadrivium/cognetics/Foundations of Western Civilization/34-3_20-_20The_20Expansion_20of_20Europe.txt
/mnt/c/Users/nateg/OneDrive/Documentos/GitHub/quadrivium/cognetics/Foundations of Western Civilization/34-4_20-_20The_20Expansion_20of_20Europe.txt
/mnt/c/Users/nateg/OneDrive/Documentos/GitHub/quadrivium/cognetics/Foundations of Western Civilization/34-5_20-_20The_20Expansion_20of_20Europe.txt
/mnt/c/Users/nateg/OneDrive/Documentos/GitHub/quadrivium/cognetics/Foundations of Western Civilization/34-6_20-_20The_20Expansion_20of_20Europe.txt
/mnt/c/Users/nateg/OneDrive/Documentos/GitHub/quadrivium/cognetics/Foundations of Western Civilization/35-1_20-_20The_20Chivalrous_20Society.txt
/mnt/c/Users/nateg/OneDrive/Documentos/GitHub/quadrivium/cognetics/Foundations of Western Civilization/35-2_20-_20The_20Chivalrous_20Society.txt
/mnt/c/Users/nateg/OneDrive/Documentos/GitHub/quadrivium/cognetics/Foundations of Western Civilization/35-3_20-_20The_20Chivalrous_20Society.txt
/mnt/c/Users/nateg/OneDrive/Documentos/GitHub/quadrivium/cognetics/Foundations of Western Civilization/35-4_20-_20The_20Chivalrous_20Society.txt
/mnt/c/Users/nateg/OneDrive/Documentos/GitHub/quadrivium/cognetics/Foundations of Western Civilization/35-5_20-_20The_20Chivalrous_20Society.txt
/mnt/c/Users/nateg/OneDrive/Documentos/GitHub/quadrivium/cognetics/Foundations of Western Civilization/35-6_20-_20The_20Chivalrous_20Society.txt
/mnt/c/Users/nateg/OneDrive/Documentos/GitHub/quadrivium/cognetics/Foundations of Western Civilization/36-1_20-_20Medieval_20Political_20Traditions_20I.txt
/mnt/c/Users/nateg/OneDrive/Documentos/GitHub/quadrivium/cognetics/Foundations of Western Civilization/36-2_20-_20Medieval_20Political_20Traditions_20I.txt
/mnt/c/Users/nateg/OneDrive/Documentos/GitHub/quadrivium/cognetics/Foundations of Western Civilization/36-3_20-_20Medieval_20Political_20Traditions_20I.txt
/mnt/c/Users/nateg/OneDrive/Documentos/GitHub/quadrivium/cognetics/Foundations of Western Civilization/36-4_20-_20Medieval_20Political_20Traditions_20I.txt
/mnt/c/Users/nateg/OneDrive/Documentos/GitHub/quadrivium/cognetics/Foundations of Western Civilization/36-5_20-_20Medieval_20Political_20Traditions_20I.txt
/mnt/c/Users/nateg/OneDrive/Documentos/GitHub/quadrivium/cognetics/Foundations of Western Civilization/36-6_20-_20Medieval_20Political_20Traditions_20I.txt
/mnt/c/Users/nateg/OneDrive/Documentos/GitHub/quadrivium/cognetics/Foundations of Western Civilization/37-1_20-_20Medieval_20Political_20Traditions_20II.txt
/mnt/c/Users/nateg/OneDrive/Documentos/GitHub/quadrivium/cognetics/Foundations of Western Civilization/37-2_20-_20Medieval_20Political_20Traditions_20II.txt
/mnt/c/Users/nateg/OneDrive/Documentos/GitHub/quadrivium/cognetics/Foundations of Western Civilization/37-3_20-_20Medieval_20Political_20Traditions_20II.txt
/mnt/c/Users/nateg/OneDrive/Documentos/GitHub/quadrivium/cognetics/Foundations of Western Civilization/37-4_20-_20Medieval_20Political_20Traditions_20II.txt
/mnt/c/Users/nateg/OneDrive/Documentos/GitHub/quadrivium/cognetics/Foundations of Western Civilization/37-5_20-_20Medieval_20Political_20Traditions_20II.txt
/mnt/c/Users/nateg/OneDrive/Documentos/GitHub/quadrivium/cognetics/Foundations of Western Civilization/37-6_20-_20Medieval_20Political_20Traditions_20II.txt
/mnt/c/Users/nateg/OneDrive/Documentos/GitHub/quadrivium/cognetics/Foundations of Western Civilization/38-1_20-_20Scholastic_20Culture.txt
/mnt/c/Users/nateg/OneDrive/Documentos/GitHub/quadrivium/cognetics/Foundations of Western Civilization/38-2_20-_20Scholastic_20Culture.txt
/mnt/c/Users/nateg/OneDrive/Documentos/GitHub/quadrivium/cognetics/Foundations of Western Civilization/38-3_20-_20Scholastic_20Culture.txt
/mnt/c/Users/nateg/OneDrive/Documentos/GitHub/quadrivium/cognetics/Foundations of Western Civilization/38-4_20-_20Scholastic_20Culture.txt
/mnt/c/Users/nateg/OneDrive/Documentos/GitHub/quadrivium/cognetics/Foundations of Western Civilization/38-5_20-_20Scholastic_20Culture.txt
/mnt/c/Users/nateg/OneDrive/Documentos/GitHub/quadrivium/cognetics/Foundations of Western Civilization/38-6_20-_20Scholastic_20Culture.txt
/mnt/c/Users/nateg/OneDrive/Documentos/GitHub/quadrivium/cognetics/Foundations of Western Civilization/39-1_20-_20Vernacular_20Culture.txt
/mnt/c/Users/nateg/OneDrive/Documentos/GitHub/quadrivium/cognetics/Foundations of Western Civilization/39-2_20-_20Vernacular_20Culture.txt
/mnt/c/Users/nateg/OneDrive/Documentos/GitHub/quadrivium/cognetics/Foundations of Western Civilization/39-3_20-_20Vernacular_20Culture.txt
/mnt/c/Users/nateg/OneDrive/Documentos/GitHub/quadrivium/cognetics/Foundations of Western Civilization/39-4_20-_20Vernacular_20Culture.txt
/mnt/c/Users/nateg/OneDrive/Documentos/GitHub/quadrivium/cognetics/Foundations of Western Civilization/39-5_20-_20Vernacular_20Culture.txt
/mnt/c/Users/nateg/OneDrive/Documentos/GitHub/quadrivium/cognetics/Foundations of Western Civilization/39-6_20-_20Vernacular_20Culture.txt
/mnt/c/Users/nateg/OneDrive/Documentos/GitHub/quadrivium/cognetics/Foundations of Western Civilization/40-1_20-_20The_20Crisis_20of_20Renaissance_20Europe.txt
/mnt/c/Users/nateg/OneDrive/Documentos/GitHub/quadrivium/cognetics/Foundations of Western Civilization/40-2_20-_20The_20Crisis_20of_20Renaissance_20Europe.txt
/mnt/c/Users/nateg/OneDrive/Documentos/GitHub/quadrivium/cognetics/Foundations of Western Civilization/40-3_20-_20The_20Crisis_20of_20Renaissance_20Europe.txt
/mnt/c/Users/nateg/OneDrive/Documentos/GitHub/quadrivium/cognetics/Foundations of Western Civilization/40-4_20-_20The_20Crisis_20of_20Renaissance_20Europe.txt
/mnt/c/Users/nateg/OneDrive/Documentos/GitHub/quadrivium/cognetics/Foundations of Western Civilization/40-5_20-_20The_20Crisis_20of_20Renaissance_20Europe.txt
/mnt/c/Users/nateg/OneDrive/Documentos/GitHub/quadrivium/cognetics/Foundations of Western Civilization/40-6_20-_20The_20Crisis_20of_20Renaissance_20Europe.txt
/mnt/c/Users/nateg/OneDrive/Documentos/GitHub/quadrivium/cognetics/Foundations of Western Civilization/41-1_20-_20The_20Renaissance_20Problem.txt
/mnt/c/Users/nateg/OneDrive/Documentos/GitHub/quadrivium/cognetics/Foundations of Western Civilization/41-2_20-_20The_20Renaissance_20Problem.txt
/mnt/c/Users/nateg/OneDrive/Documentos/GitHub/quadrivium/cognetics/Foundations of Western Civilization/41-3_20-_20The_20Renaissance_20Problem.txt
/mnt/c/Users/nateg/OneDrive/Documentos/GitHub/quadrivium/cognetics/Foundations of Western Civilization/41-4_20-_20The_20Renaissance_20Problem.txt
/mnt/c/Users/nateg/OneDrive/Documentos/GitHub/quadrivium/cognetics/Foundations of Western Civilization/41-5_20-_20The_20Renaissance_20Problem.txt
/mnt/c/Users/nateg/OneDrive/Documentos/GitHub/quadrivium/cognetics/Foundations of Western Civilization/41-6_20-_20The_20Renaissance_20Problem.txt
/mnt/c/Users/nateg/OneDrive/Documentos/GitHub/quadrivium/cognetics/Foundations of Western Civilization/42-1_20-_20Renaissance_20Portraits.txt
/mnt/c/Users/nateg/OneDrive/Documentos/GitHub/quadrivium/cognetics/Foundations of Western Civilization/42-2_20-_20Renaissance_20Portraits.txt
/mnt/c/Users/nateg/OneDrive/Documentos/GitHub/quadrivium/cognetics/Foundations of Western Civilization/42-3_20-_20Renaissance_20Portraits.txt
/mnt/c/Users/nateg/OneDrive/Documentos/GitHub/quadrivium/cognetics/Foundations of Western Civilization/42-4_20-_20Renaissance_20Portraits.txt
/mnt/c/Users/nateg/OneDrive/Documentos/GitHub/quadrivium/cognetics/Foundations of Western Civilization/42-5_20-_20Renaissance_20Portraits.txt
/mnt/c/Users/nateg/OneDrive/Documentos/GitHub/quadrivium/cognetics/Foundations of Western Civilization/42-6_20-_20Renaissance_20Portraits.txt
/mnt/c/Users/nateg/OneDrive/Documentos/GitHub/quadrivium/cognetics/Foundations of Western Civilization/43-1_20-_20The_20Northern_20Renaissance.txt
/mnt/c/Users/nateg/OneDrive/Documentos/GitHub/quadrivium/cognetics/Foundations of Western Civilization/43-2_20-_20The_20Northern_20Renaissance.txt
/mnt/c/Users/nateg/OneDrive/Documentos/GitHub/quadrivium/cognetics/Foundations of Western Civilization/43-3_20-_20The_20Northern_20Renaissance.txt
/mnt/c/Users/nateg/OneDrive/Documentos/GitHub/quadrivium/cognetics/Foundations of Western Civilization/43-4_20-_20The_20Northern_20Renaissance.txt
/mnt/c/Users/nateg/OneDrive/Documentos/GitHub/quadrivium/cognetics/Foundations of Western Civilization/43-5_20-_20The_20Northern_20Renaissance.txt
/mnt/c/Users/nateg/OneDrive/Documentos/GitHub/quadrivium/cognetics/Foundations of Western Civilization/43-6_20-_20The_20Northern_20Renaissance.txt
/mnt/c/Users/nateg/OneDrive/Documentos/GitHub/quadrivium/cognetics/Foundations of Western Civilization/44-1_20-_20The_20Protestant_20Reformation_20-_20Martin_20Luther.txt
/mnt/c/Users/nateg/OneDrive/Documentos/GitHub/quadrivium/cognetics/Foundations of Western Civilization/44-2_20-_20The_20Protestant_20Reformation_20-_20Martin_20Luther.txt
/mnt/c/Users/nateg/OneDrive/Documentos/GitHub/quadrivium/cognetics/Foundations of Western Civilization/44-3_20-_20The_20Protestant_20Reformation_20-_20Martin_20Luther.txt
/mnt/c/Users/nateg/OneDrive/Documentos/GitHub/quadrivium/cognetics/Foundations of Western Civilization/44-4_20-_20The_20Protestant_20Reformation_20-_20Martin_20Luther.txt
/mnt/c/Users/nateg/OneDrive/Documentos/GitHub/quadrivium/cognetics/Foundations of Western Civilization/44-5_20-_20The_20Protestant_20Reformation_20-_20Martin_20Luther.txt
/mnt/c/Users/nateg/OneDrive/Documentos/GitHub/quadrivium/cognetics/Foundations of Western Civilization/44-6_20-_20The_20Protestant_20Reformation_20-_20Martin_20Luther.txt
/mnt/c/Users/nateg/OneDrive/Documentos/GitHub/quadrivium/cognetics/Foundations of Western Civilization/45-1_20-_20The_20Protestant_20Reformation_20-_20John_20Calvin.txt
/mnt/c/Users/nateg/OneDrive/Documentos/GitHub/quadrivium/cognetics/Foundations of Western Civilization/45-2_20-_20The_20Protestant_20Reformation_20-_20John_20Calvin.txt
/mnt/c/Users/nateg/OneDrive/Documentos/GitHub/quadrivium/cognetics/Foundations of Western Civilization/45-3_20-_20The_20Protestant_20Reformation_20-_20John_20Calvin.txt
/mnt/c/Users/nateg/OneDrive/Documentos/GitHub/quadrivium/cognetics/Foundations of Western Civilization/45-4_20-_20The_20Protestant_20Reformation_20-_20John_20Calvin.txt
/mnt/c/Users/nateg/OneDrive/Documentos/GitHub/quadrivium/cognetics/Foundations of Western Civilization/45-5_20-_20The_20Protestant_20Reformation_20-_20John_20Calvin.txt
/mnt/c/Users/nateg/OneDrive/Documentos/GitHub/quadrivium/cognetics/Foundations of Western Civilization/45-6_20-_20The_20Protestant_20Reformation_20-_20John_20Calvin.txt
/mnt/c/Users/nateg/OneDrive/Documentos/GitHub/quadrivium/cognetics/Foundations of Western Civilization/46-1_20-_20Catholic_20Reforms_20and_20Confessionalization.txt
/mnt/c/Users/nateg/OneDrive/Documentos/GitHub/quadrivium/cognetics/Foundations of Western Civilization/46-2_20-_20Catholic_20Reforms_20and_20Confessionalization.txt
/mnt/c/Users/nateg/OneDrive/Documentos/GitHub/quadrivium/cognetics/Foundations of Western Civilization/46-3_20-_20Catholic_20Reforms_20and_20Confessionalization.txt
/mnt/c/Users/nateg/OneDrive/Documentos/GitHub/quadrivium/cognetics/Foundations of Western Civilization/46-4_20-_20Catholic_20Reforms_20and_20Confessionalization.txt
/mnt/c/Users/nateg/OneDrive/Documentos/GitHub/quadrivium/cognetics/Foundations of Western Civilization/46-5_20-_20Catholic_20Reforms_20and_20Confessionalization.txt
/mnt/c/Users/nateg/OneDrive/Documentos/GitHub/quadrivium/cognetics/Foundations of Western Civilization/46-6_20-_20Catholic_20Reforms_20and_20Confessionalization.txt
/mnt/c/Users/nateg/OneDrive/Documentos/GitHub/quadrivium/cognetics/Foundations of Western Civilization/47-1_20-_20Exploration_20and_20Empire.txt
/mnt/c/Users/nateg/OneDrive/Documentos/GitHub/quadrivium/cognetics/Foundations of Western Civilization/47-2_20-_20Exploration_20and_20Empire.txt
/mnt/c/Users/nateg/OneDrive/Documentos/GitHub/quadrivium/cognetics/Foundations of Western Civilization/47-3_20-_20Exploration_20and_20Empire.txt
/mnt/c/Users/nateg/OneDrive/Documentos/GitHub/quadrivium/cognetics/Foundations of Western Civilization/47-4_20-_20Exploration_20and_20Empire.txt
/mnt/c/Users/nateg/OneDrive/Documentos/GitHub/quadrivium/cognetics/Foundations of Western Civilization/47-5_20-_20Exploration_20and_20Empire.txt
/mnt/c/Users/nateg/OneDrive/Documentos/GitHub/quadrivium/cognetics/Foundations of Western Civilization/47-6_20-_20Exploration_20and_20Empire.txt
/mnt/c/Users/nateg/OneDrive/Documentos/GitHub/quadrivium/cognetics/Foundations of Western Civilization/48-1_20-_20What_20Challenges_20Remain.txt
/mnt/c/Users/nateg/OneDrive/Documentos/GitHub/quadrivium/cognetics/Foundations of Western Civilization/48-2_20-_20What_20Challenges_20Remain.txt
/mnt/c/Users/nateg/OneDrive/Documentos/GitHub/quadrivium/cognetics/Foundations of Western Civilization/48-3_20-_20What_20Challenges_20Remain.txt
/mnt/c/Users/nateg/OneDrive/Documentos/GitHub/quadrivium/cognetics/Foundations of Western Civilization/48-4_20-_20What_20Challenges_20Remain.txt
/mnt/c/Users/nateg/OneDrive/Documentos/GitHub/quadrivium/cognetics/Foundations of Western Civilization/48-5_20-_20What_20Challenges_20Remain.txt
/mnt/c/Users/nateg/OneDrive/Documentos/GitHub/quadrivium/cognetics/Foundations of Western Civilization/48-6_20-_20What_20Challenges_20Remain.txt
