/mnt/c/Users/nateg/OneDrive/Documentos/GitHub/quadrivium/cognetics/Nutrition/00. Professor Bio.txt
/mnt/c/Users/nateg/OneDrive/Documentos/GitHub/quadrivium/cognetics/Nutrition/01. Why We Eat What We Do .txt
/mnt/c/Users/nateg/OneDrive/Documentos/GitHub/quadrivium/cognetics/Nutrition/02. Sources of Nutrition Fact and Fiction.txt
/mnt/c/Users/nateg/OneDrive/Documentos/GitHub/quadrivium/cognetics/Nutrition/03. Our Underappreciated Digestive Tract.txt
/mnt/c/Users/nateg/OneDrive/Documentos/GitHub/quadrivium/cognetics/Nutrition/04. It's All about the Calories!.txt
/mnt/c/Users/nateg/OneDrive/Documentos/GitHub/quadrivium/cognetics/Nutrition/05. Hydration—You Are What You Drink.txt
/mnt/c/Users/nateg/OneDrive/Documentos/GitHub/quadrivium/cognetics/Nutrition/06. Not All Carbohydrates Are Created Equal.txt
/mnt/c/Users/nateg/OneDrive/Documentos/GitHub/quadrivium/cognetics/Nutrition/07. Facts on Fiber.txt
/mnt/c/Users/nateg/OneDrive/Documentos/GitHub/quadrivium/cognetics/Nutrition/08. Protein—An Indispensable Nutrient.txt
/mnt/c/Users/nateg/OneDrive/Documentos/GitHub/quadrivium/cognetics/Nutrition/09. Fat, Fat Everywhere!.txt
/mnt/c/Users/nateg/OneDrive/Documentos/GitHub/quadrivium/cognetics/Nutrition/10. Vitamins—Spotlight on C.txt
/mnt/c/Users/nateg/OneDrive/Documentos/GitHub/quadrivium/cognetics/Nutrition/11. Vitamins A and K—Multitaskers.txt
/mnt/c/Users/nateg/OneDrive/Documentos/GitHub/quadrivium/cognetics/Nutrition/12. Vitamin E—Fallen Hero; Vitamin D—Rising Star.txt
/mnt/c/Users/nateg/OneDrive/Documentos/GitHub/quadrivium/cognetics/Nutrition/13. B Vitamin Basics.txt
/mnt/c/Users/nateg/OneDrive/Documentos/GitHub/quadrivium/cognetics/Nutrition/14. The Major Minerals.txt
/mnt/c/Users/nateg/OneDrive/Documentos/GitHub/quadrivium/cognetics/Nutrition/15. The Highs and Lows of Sodium and Potassium.txt
/mnt/c/Users/nateg/OneDrive/Documentos/GitHub/quadrivium/cognetics/Nutrition/16. Iron, Zinc, Selenium—Balance Is Everything.txt
/mnt/c/Users/nateg/OneDrive/Documentos/GitHub/quadrivium/cognetics/Nutrition/17. Cardiovascular Disease—What Are the Risks.txt
/mnt/c/Users/nateg/OneDrive/Documentos/GitHub/quadrivium/cognetics/Nutrition/18. A Heart-Healthy Lifestyle.txt
/mnt/c/Users/nateg/OneDrive/Documentos/GitHub/quadrivium/cognetics/Nutrition/19. The DASH Diet—A Lifesaver.txt
/mnt/c/Users/nateg/OneDrive/Documentos/GitHub/quadrivium/cognetics/Nutrition/20. Obesity—Public Health Enemy Number One.txt
/mnt/c/Users/nateg/OneDrive/Documentos/GitHub/quadrivium/cognetics/Nutrition/21. Healthy Weight Management.txt
/mnt/c/Users/nateg/OneDrive/Documentos/GitHub/quadrivium/cognetics/Nutrition/22. Metabolic Syndrome and Type 2 Diabetes.txt
/mnt/c/Users/nateg/OneDrive/Documentos/GitHub/quadrivium/cognetics/Nutrition/23. Dietary Approaches to Weight Management.txt
/mnt/c/Users/nateg/OneDrive/Documentos/GitHub/quadrivium/cognetics/Nutrition/24. Nutrition and Cancer Prevention.txt
/mnt/c/Users/nateg/OneDrive/Documentos/GitHub/quadrivium/cognetics/Nutrition/25. Nutrition and Digestive Health.txt
/mnt/c/Users/nateg/OneDrive/Documentos/GitHub/quadrivium/cognetics/Nutrition/26. Prebiotics and Probiotics in Your Diet.txt
/mnt/c/Users/nateg/OneDrive/Documentos/GitHub/quadrivium/cognetics/Nutrition/27. Food Safety—It's in Your Hands.txt
/mnt/c/Users/nateg/OneDrive/Documentos/GitHub/quadrivium/cognetics/Nutrition/28. Demystifying Food Labels.txt
/mnt/c/Users/nateg/OneDrive/Documentos/GitHub/quadrivium/cognetics/Nutrition/29. Facts on Functional Foods.txt
/mnt/c/Users/nateg/OneDrive/Documentos/GitHub/quadrivium/cognetics/Nutrition/30. A Look at Herbal Therapy.txt
/mnt/c/Users/nateg/OneDrive/Documentos/GitHub/quadrivium/cognetics/Nutrition/31. Organic or Conventional—Your Choice.txt
/mnt/c/Users/nateg/OneDrive/Documentos/GitHub/quadrivium/cognetics/Nutrition/32. Fake or Real—Sugars and Fats.txt
/mnt/c/Users/nateg/OneDrive/Documentos/GitHub/quadrivium/cognetics/Nutrition/33. Creating Your Own Personal Nutrition Plan.txt
/mnt/c/Users/nateg/OneDrive/Documentos/GitHub/quadrivium/cognetics/Nutrition/34. Exercise and Nutrition—Partners for Life.txt
/mnt/c/Users/nateg/OneDrive/Documentos/GitHub/quadrivium/cognetics/Nutrition/35. The Future of Nutrition—Science and Trends.txt
/mnt/c/Users/nateg/OneDrive/Documentos/GitHub/quadrivium/cognetics/Nutrition/36. Nutrition Facts and FAQs.txt
