/mnt/c/Users/nateg/OneDrive/Documentos/GitHub/quadrivium/cognetics/Human Geography/Lect.01 Writing the World—The Mapmaker’s Craft.txt
/mnt/c/Users/nateg/OneDrive/Documentos/GitHub/quadrivium/cognetics/Human Geography/Lect.02 The Problem with Geographical Determinism.txt
/mnt/c/Users/nateg/OneDrive/Documentos/GitHub/quadrivium/cognetics/Human Geography/Lect.03 Anthropocene—The Age of Human Impact.txt
/mnt/c/Users/nateg/OneDrive/Documentos/GitHub/quadrivium/cognetics/Human Geography/Lect.04 Climate Change and Civilization.txt
/mnt/c/Users/nateg/OneDrive/Documentos/GitHub/quadrivium/cognetics/Human Geography/Lect.05 Global Land Change.txt
/mnt/c/Users/nateg/OneDrive/Documentos/GitHub/quadrivium/cognetics/Human Geography/Lect.06 The End of Global Population Growth.txt
/mnt/c/Users/nateg/OneDrive/Documentos/GitHub/quadrivium/cognetics/Human Geography/Lect.07 The Agricultural Puzzle.txt
/mnt/c/Users/nateg/OneDrive/Documentos/GitHub/quadrivium/cognetics/Human Geography/Lect.08 Disease Geography.txt
/mnt/c/Users/nateg/OneDrive/Documentos/GitHub/quadrivium/cognetics/Human Geography/Lect.09 Political Ecology.txt
/mnt/c/Users/nateg/OneDrive/Documentos/GitHub/quadrivium/cognetics/Human Geography/Lect.10 Economic Geography—Globalization Origins.txt
/mnt/c/Users/nateg/OneDrive/Documentos/GitHub/quadrivium/cognetics/Human Geography/Lect.11 The Columbian Exchange.txt
/mnt/c/Users/nateg/OneDrive/Documentos/GitHub/quadrivium/cognetics/Human Geography/Lect.12 Uneven Development and Global Poverty.txt
/mnt/c/Users/nateg/OneDrive/Documentos/GitHub/quadrivium/cognetics/Human Geography/Lect.13 The New Global Economy.txt
/mnt/c/Users/nateg/OneDrive/Documentos/GitHub/quadrivium/cognetics/Human Geography/Lect.14 Restless Humanity—The Migration Conundrum.txt
/mnt/c/Users/nateg/OneDrive/Documentos/GitHub/quadrivium/cognetics/Human Geography/Lect.15 Urbanization—The Rise of New World Cities.txt
/mnt/c/Users/nateg/OneDrive/Documentos/GitHub/quadrivium/cognetics/Human Geography/Lect.16 Geography of Language.txt
/mnt/c/Users/nateg/OneDrive/Documentos/GitHub/quadrivium/cognetics/Human Geography/Lect.17 Understanding Cultural Geography.txt
/mnt/c/Users/nateg/OneDrive/Documentos/GitHub/quadrivium/cognetics/Human Geography/Lect.18 The Importance of Place.txt
/mnt/c/Users/nateg/OneDrive/Documentos/GitHub/quadrivium/cognetics/Human Geography/Lect.19 Cultural Commodification.txt
/mnt/c/Users/nateg/OneDrive/Documentos/GitHub/quadrivium/cognetics/Human Geography/Lect.20 Culture, Power, and the Politics of Meaning.txt
/mnt/c/Users/nateg/OneDrive/Documentos/GitHub/quadrivium/cognetics/Human Geography/Lect.21 The Geopolitical Imagination.txt
/mnt/c/Users/nateg/OneDrive/Documentos/GitHub/quadrivium/cognetics/Human Geography/Lect.22 Regionalism and the Rise of New States.txt
/mnt/c/Users/nateg/OneDrive/Documentos/GitHub/quadrivium/cognetics/Human Geography/Lect.23 Supranationalism—Taking on Big Problems.txt
/mnt/c/Users/nateg/OneDrive/Documentos/GitHub/quadrivium/cognetics/Human Geography/Lect.24 Future Geographies.txt
