/mnt/c/Users/nateg/OneDrive/Documentos/GitHub/quadrivium/cognetics/Scott Stevens - Games People Play Game Theory in Life, Business and Beyond (VIDEO) Complete/00.Introduction.to.Professor.txt
/mnt/c/Users/nateg/OneDrive/Documentos/GitHub/quadrivium/cognetics/Scott Stevens - Games People Play Game Theory in Life, Business and Beyond (VIDEO) Complete/01.The.World.of.Game.Theory.txt
/mnt/c/Users/nateg/OneDrive/Documentos/GitHub/quadrivium/cognetics/Scott Stevens - Games People Play Game Theory in Life, Business and Beyond (VIDEO) Complete/02.The.Nature.of.the.Game.txt
/mnt/c/Users/nateg/OneDrive/Documentos/GitHub/quadrivium/cognetics/Scott Stevens - Games People Play Game Theory in Life, Business and Beyond (VIDEO) Complete/03.The.Real.Life.Chessboard.-.Sequential.Games.txt
/mnt/c/Users/nateg/OneDrive/Documentos/GitHub/quadrivium/cognetics/Scott Stevens - Games People Play Game Theory in Life, Business and Beyond (VIDEO) Complete/04.Life.s.Little.Games.-.The.2x2.Classic.Games.txt
/mnt/c/Users/nateg/OneDrive/Documentos/GitHub/quadrivium/cognetics/Scott Stevens - Games People Play Game Theory in Life, Business and Beyond (VIDEO) Complete/05.Guessing.Right.-.Simultaneous.Move.Games.txt
/mnt/c/Users/nateg/OneDrive/Documentos/GitHub/quadrivium/cognetics/Scott Stevens - Games People Play Game Theory in Life, Business and Beyond (VIDEO) Complete/06.Practical.Applications.of.Game.Theory.txt
/mnt/c/Users/nateg/OneDrive/Documentos/GitHub/quadrivium/cognetics/Scott Stevens - Games People Play Game Theory in Life, Business and Beyond (VIDEO) Complete/07.A.Random.Walk.-.Dealing.with.Chance.Events.txt
/mnt/c/Users/nateg/OneDrive/Documentos/GitHub/quadrivium/cognetics/Scott Stevens - Games People Play Game Theory in Life, Business and Beyond (VIDEO) Complete/08.Pure.Competition.-.Constant-Sum.Games.txt
/mnt/c/Users/nateg/OneDrive/Documentos/GitHub/quadrivium/cognetics/Scott Stevens - Games People Play Game Theory in Life, Business and Beyond (VIDEO) Complete/09.Mixed.Strategies.and.Nonzero-Sum.Games.txt
/mnt/c/Users/nateg/OneDrive/Documentos/GitHub/quadrivium/cognetics/Scott Stevens - Games People Play Game Theory in Life, Business and Beyond (VIDEO) Complete/10.Threats.Promises.and.Commitments.txt
/mnt/c/Users/nateg/OneDrive/Documentos/GitHub/quadrivium/cognetics/Scott Stevens - Games People Play Game Theory in Life, Business and Beyond (VIDEO) Complete/11.Credibility.Deterrence.and.Compellence.txt
/mnt/c/Users/nateg/OneDrive/Documentos/GitHub/quadrivium/cognetics/Scott Stevens - Games People Play Game Theory in Life, Business and Beyond (VIDEO) Complete/12.Incomplete.and.Imperfect.Information.txt
/mnt/c/Users/nateg/OneDrive/Documentos/GitHub/quadrivium/cognetics/Scott Stevens - Games People Play Game Theory in Life, Business and Beyond (VIDEO) Complete/13.Whom.Can.You.Trust.-.Signaling.and.Screening.txt
/mnt/c/Users/nateg/OneDrive/Documentos/GitHub/quadrivium/cognetics/Scott Stevens - Games People Play Game Theory in Life, Business and Beyond (VIDEO) Complete/14.Encouraging.Productivity.-.Incentive.Schemes.txt
/mnt/c/Users/nateg/OneDrive/Documentos/GitHub/quadrivium/cognetics/Scott Stevens - Games People Play Game Theory in Life, Business and Beyond (VIDEO) Complete/15.The.Persistence.of.Memory.-.Repeated.Games.txt
/mnt/c/Users/nateg/OneDrive/Documentos/GitHub/quadrivium/cognetics/Scott Stevens - Games People Play Game Theory in Life, Business and Beyond (VIDEO) Complete/16.Does.This.Stuff.Really.Work.txt
/mnt/c/Users/nateg/OneDrive/Documentos/GitHub/quadrivium/cognetics/Scott Stevens - Games People Play Game Theory in Life, Business and Beyond (VIDEO) Complete/17.The.Tragedy.of.the.Commons.txt
/mnt/c/Users/nateg/OneDrive/Documentos/GitHub/quadrivium/cognetics/Scott Stevens - Games People Play Game Theory in Life, Business and Beyond (VIDEO) Complete/18.Games.in.Motion.-.Evolutionary.Game.Theory.txt
/mnt/c/Users/nateg/OneDrive/Documentos/GitHub/quadrivium/cognetics/Scott Stevens - Games People Play Game Theory in Life, Business and Beyond (VIDEO) Complete/19.Game.Theory.and.Economics.-.Oligopolies.txt
/mnt/c/Users/nateg/OneDrive/Documentos/GitHub/quadrivium/cognetics/Scott Stevens - Games People Play Game Theory in Life, Business and Beyond (VIDEO) Complete/20.Voting.-.Determining.the.Wil.of.the.People.txt
/mnt/c/Users/nateg/OneDrive/Documentos/GitHub/quadrivium/cognetics/Scott Stevens - Games People Play Game Theory in Life, Business and Beyond (VIDEO) Complete/21.Auctions.and.the.Winner.s.Curse.txt
/mnt/c/Users/nateg/OneDrive/Documentos/GitHub/quadrivium/cognetics/Scott Stevens - Games People Play Game Theory in Life, Business and Beyond (VIDEO) Complete/22.Bargaining.and.Cooperative.Games.txt
/mnt/c/Users/nateg/OneDrive/Documentos/GitHub/quadrivium/cognetics/Scott Stevens - Games People Play Game Theory in Life, Business and Beyond (VIDEO) Complete/23.Game.Theory.and.Business.-.Co-opetition.txt
/mnt/c/Users/nateg/OneDrive/Documentos/GitHub/quadrivium/cognetics/Scott Stevens - Games People Play Game Theory in Life, Business and Beyond (VIDEO) Complete/24.All.the.World.s.a.Game.txt
