/mnt/c/Users/nateg/OneDrive/Documentos/GitHub/quadrivium/cognetics/test-folder/Analysis and Critique/[01-24] How to Write about Anything.txt
/mnt/c/Users/nateg/OneDrive/Documentos/GitHub/quadrivium/cognetics/test-folder/Analysis and Critique/[02-24] How to Be an Effective Reader.txt
/mnt/c/Users/nateg/OneDrive/Documentos/GitHub/quadrivium/cognetics/test-folder/Analysis and Critique/[03-24] How Literature Can Help.txt
/mnt/c/Users/nateg/OneDrive/Documentos/GitHub/quadrivium/cognetics/test-folder/Analysis and Critique/[04-24] Shaping Your Voice.txt
/mnt/c/Users/nateg/OneDrive/Documentos/GitHub/quadrivium/cognetics/test-folder/Analysis and Critique/[05-24] Knowing Your Reader.txt
/mnt/c/Users/nateg/OneDrive/Documentos/GitHub/quadrivium/cognetics/test-folder/Analysis and Critique/[06-24] The Art of the Essay-How to Start.txt
/mnt/c/Users/nateg/OneDrive/Documentos/GitHub/quadrivium/cognetics/test-folder/Analysis and Critique/[07-24] How to Organize an Argument.txt
/mnt/c/Users/nateg/OneDrive/Documentos/GitHub/quadrivium/cognetics/test-folder/Analysis and Critique/[08-24] Supporting Your Argument.txt
/mnt/c/Users/nateg/OneDrive/Documentos/GitHub/quadrivium/cognetics/test-folder/Analysis and Critique/[09-24] Finishing Strong.txt
/mnt/c/Users/nateg/OneDrive/Documentos/GitHub/quadrivium/cognetics/test-folder/Analysis and Critique/[10-24] The Uses of Poetry.txt
/mnt/c/Users/nateg/OneDrive/Documentos/GitHub/quadrivium/cognetics/test-folder/Analysis and Critique/[11-24] Poetic Diction and Syntax.txt
/mnt/c/Users/nateg/OneDrive/Documentos/GitHub/quadrivium/cognetics/test-folder/Analysis and Critique/[12-24] Drama-Writing Out Loud.txt
/mnt/c/Users/nateg/OneDrive/Documentos/GitHub/quadrivium/cognetics/test-folder/Analysis and Critique/[13-24] What You Can Learn from Autobiography.txt
/mnt/c/Users/nateg/OneDrive/Documentos/GitHub/quadrivium/cognetics/test-folder/Analysis and Critique/[14-24] Writing and Leadership.txt
/mnt/c/Users/nateg/OneDrive/Documentos/GitHub/quadrivium/cognetics/test-folder/Analysis and Critique/[15-24] The Rules of Rhetoric.txt
/mnt/c/Users/nateg/OneDrive/Documentos/GitHub/quadrivium/cognetics/test-folder/Analysis and Critique/[16-24] Invention and Arrangement.txt
/mnt/c/Users/nateg/OneDrive/Documentos/GitHub/quadrivium/cognetics/test-folder/Analysis and Critique/[17-24] Ethos and Pathos.txt
/mnt/c/Users/nateg/OneDrive/Documentos/GitHub/quadrivium/cognetics/test-folder/Analysis and Critique/[18-24] Finding What You Need.txt
/mnt/c/Users/nateg/OneDrive/Documentos/GitHub/quadrivium/cognetics/test-folder/Analysis and Critique/[19-24] Using What You Find.txt
/mnt/c/Users/nateg/OneDrive/Documentos/GitHub/quadrivium/cognetics/test-folder/Analysis and Critique/[20-24] Getting Started-Writing First Drafts.txt
/mnt/c/Users/nateg/OneDrive/Documentos/GitHub/quadrivium/cognetics/test-folder/Analysis and Critique/[21-24] Editing-Finding What's Wrong.txt
/mnt/c/Users/nateg/OneDrive/Documentos/GitHub/quadrivium/cognetics/test-folder/Analysis and Critique/[22-24] Rewriting-Fixing What's Wrong.txt
/mnt/c/Users/nateg/OneDrive/Documentos/GitHub/quadrivium/cognetics/test-folder/Analysis and Critique/[23-24] Avoiding Common Errors in Grammar and Usage.txt
/mnt/c/Users/nateg/OneDrive/Documentos/GitHub/quadrivium/cognetics/test-folder/Analysis and Critique/[24-24] The Power of Words.txt
