/mnt/c/Users/nateg/OneDrive/Documentos/GitHub/quadrivium/cognetics/Tocqueville and the American Experiment/01. An Overview of Democracy in America.txt
/mnt/c/Users/nateg/OneDrive/Documentos/GitHub/quadrivium/cognetics/Tocqueville and the American Experiment/02. Alexis de Tocqueville—A Brief Biography.txt
/mnt/c/Users/nateg/OneDrive/Documentos/GitHub/quadrivium/cognetics/Tocqueville and the American Experiment/03. The Journey to America.txt
/mnt/c/Users/nateg/OneDrive/Documentos/GitHub/quadrivium/cognetics/Tocqueville and the American Experiment/04. Equality of Conditions and Freedom.txt
/mnt/c/Users/nateg/OneDrive/Documentos/GitHub/quadrivium/cognetics/Tocqueville and the American Experiment/05. The Foundations of the American Experience.txt
/mnt/c/Users/nateg/OneDrive/Documentos/GitHub/quadrivium/cognetics/Tocqueville and the American Experiment/06. Does America Have a Mixed Constitution.txt
/mnt/c/Users/nateg/OneDrive/Documentos/GitHub/quadrivium/cognetics/Tocqueville and the American Experiment/07. The American Constitution.txt
/mnt/c/Users/nateg/OneDrive/Documentos/GitHub/quadrivium/cognetics/Tocqueville and the American Experiment/08. The Judiciary and Lawyers in America.txt
/mnt/c/Users/nateg/OneDrive/Documentos/GitHub/quadrivium/cognetics/Tocqueville and the American Experiment/09. Democracy and Local Government.txt
/mnt/c/Users/nateg/OneDrive/Documentos/GitHub/quadrivium/cognetics/Tocqueville and the American Experiment/10. Freedom of Speech in Theory and Practice.txt
/mnt/c/Users/nateg/OneDrive/Documentos/GitHub/quadrivium/cognetics/Tocqueville and the American Experiment/11. Freedom of the Press.txt
/mnt/c/Users/nateg/OneDrive/Documentos/GitHub/quadrivium/cognetics/Tocqueville and the American Experiment/12. Political Parties.txt
/mnt/c/Users/nateg/OneDrive/Documentos/GitHub/quadrivium/cognetics/Tocqueville and the American Experiment/13. The Problem of the Tyranny of the Majority.txt
/mnt/c/Users/nateg/OneDrive/Documentos/GitHub/quadrivium/cognetics/Tocqueville and the American Experiment/14. Political Associations.txt
/mnt/c/Users/nateg/OneDrive/Documentos/GitHub/quadrivium/cognetics/Tocqueville and the American Experiment/15. Civil Associations.txt
/mnt/c/Users/nateg/OneDrive/Documentos/GitHub/quadrivium/cognetics/Tocqueville and the American Experiment/16. Blacks and Indians.txt
/mnt/c/Users/nateg/OneDrive/Documentos/GitHub/quadrivium/cognetics/Tocqueville and the American Experiment/17. Mores and Democracy.txt
/mnt/c/Users/nateg/OneDrive/Documentos/GitHub/quadrivium/cognetics/Tocqueville and the American Experiment/18. Christianity and Democracy.txt
/mnt/c/Users/nateg/OneDrive/Documentos/GitHub/quadrivium/cognetics/Tocqueville and the American Experiment/19. Education and Culture in Democracies.txt
/mnt/c/Users/nateg/OneDrive/Documentos/GitHub/quadrivium/cognetics/Tocqueville and the American Experiment/20. Individualism in America.txt
/mnt/c/Users/nateg/OneDrive/Documentos/GitHub/quadrivium/cognetics/Tocqueville and the American Experiment/21. The Desire for Wealth in America.txt
/mnt/c/Users/nateg/OneDrive/Documentos/GitHub/quadrivium/cognetics/Tocqueville and the American Experiment/22. The Democratic Family.txt
/mnt/c/Users/nateg/OneDrive/Documentos/GitHub/quadrivium/cognetics/Tocqueville and the American Experiment/23. Are Democracy and Excellence Compatible.txt
/mnt/c/Users/nateg/OneDrive/Documentos/GitHub/quadrivium/cognetics/Tocqueville and the American Experiment/24. Tocqueville’s Unanswered Questions.txt
