/mnt/c/Users/nateg/OneDrive/Documentos/GitHub/quadrivium/cognetics/Biology and Human Behavior - The Neurological Origins of Individuality (2nd Edition)/01. Biology and Behavior—An Introduction.txt
/mnt/c/Users/nateg/OneDrive/Documentos/GitHub/quadrivium/cognetics/Biology and Human Behavior - The Neurological Origins of Individuality (2nd Edition)/02. The Basic Cells of the Nervous System.txt
/mnt/c/Users/nateg/OneDrive/Documentos/GitHub/quadrivium/cognetics/Biology and Human Behavior - The Neurological Origins of Individuality (2nd Edition)/03. How Two Neurons Communicate.txt
/mnt/c/Users/nateg/OneDrive/Documentos/GitHub/quadrivium/cognetics/Biology and Human Behavior - The Neurological Origins of Individuality (2nd Edition)/04. Learning and Synaptic Plasticity.txt
/mnt/c/Users/nateg/OneDrive/Documentos/GitHub/quadrivium/cognetics/Biology and Human Behavior - The Neurological Origins of Individuality (2nd Edition)/05. The Dynamics of Interacting Neurons.txt
/mnt/c/Users/nateg/OneDrive/Documentos/GitHub/quadrivium/cognetics/Biology and Human Behavior - The Neurological Origins of Individuality (2nd Edition)/06. The Limbic System.txt
/mnt/c/Users/nateg/OneDrive/Documentos/GitHub/quadrivium/cognetics/Biology and Human Behavior - The Neurological Origins of Individuality (2nd Edition)/07. The Autonomic Nervous System (ANS).txt
/mnt/c/Users/nateg/OneDrive/Documentos/GitHub/quadrivium/cognetics/Biology and Human Behavior - The Neurological Origins of Individuality (2nd Edition)/08. The Regulation of Hormones by the Brain.txt
/mnt/c/Users/nateg/OneDrive/Documentos/GitHub/quadrivium/cognetics/Biology and Human Behavior - The Neurological Origins of Individuality (2nd Edition)/09. The Regulation of the Brain by Hormones.txt
/mnt/c/Users/nateg/OneDrive/Documentos/GitHub/quadrivium/cognetics/Biology and Human Behavior - The Neurological Origins of Individuality (2nd Edition)/10. The Evolution of Behavior.txt
/mnt/c/Users/nateg/OneDrive/Documentos/GitHub/quadrivium/cognetics/Biology and Human Behavior - The Neurological Origins of Individuality (2nd Edition)/11. The Evolution of Behavior—Some Examples.txt
/mnt/c/Users/nateg/OneDrive/Documentos/GitHub/quadrivium/cognetics/Biology and Human Behavior - The Neurological Origins of Individuality (2nd Edition)/12. Cooperation, Competition, and Neuroeconomics.txt
/mnt/c/Users/nateg/OneDrive/Documentos/GitHub/quadrivium/cognetics/Biology and Human Behavior - The Neurological Origins of Individuality (2nd Edition)/13. What Do Genes Do - Microevolution of Genes.txt
/mnt/c/Users/nateg/OneDrive/Documentos/GitHub/quadrivium/cognetics/Biology and Human Behavior - The Neurological Origins of Individuality (2nd Edition)/14. What Do Genes Do - Macroevolution of Genes.txt
/mnt/c/Users/nateg/OneDrive/Documentos/GitHub/quadrivium/cognetics/Biology and Human Behavior - The Neurological Origins of Individuality (2nd Edition)/15. Behavior Genetics.txt
/mnt/c/Users/nateg/OneDrive/Documentos/GitHub/quadrivium/cognetics/Biology and Human Behavior - The Neurological Origins of Individuality (2nd Edition)/16. Behavior Genetics and Prenatal Environment.txt
/mnt/c/Users/nateg/OneDrive/Documentos/GitHub/quadrivium/cognetics/Biology and Human Behavior - The Neurological Origins of Individuality (2nd Edition)/17. An Introduction to Ethology.txt
/mnt/c/Users/nateg/OneDrive/Documentos/GitHub/quadrivium/cognetics/Biology and Human Behavior - The Neurological Origins of Individuality (2nd Edition)/18. Neuroethology.txt
/mnt/c/Users/nateg/OneDrive/Documentos/GitHub/quadrivium/cognetics/Biology and Human Behavior - The Neurological Origins of Individuality (2nd Edition)/19. The Neurobiology of Aggression I.txt
/mnt/c/Users/nateg/OneDrive/Documentos/GitHub/quadrivium/cognetics/Biology and Human Behavior - The Neurological Origins of Individuality (2nd Edition)/20. The Neurobiology of Aggression II.txt
/mnt/c/Users/nateg/OneDrive/Documentos/GitHub/quadrivium/cognetics/Biology and Human Behavior - The Neurological Origins of Individuality (2nd Edition)/21. Hormones and Aggression.txt
/mnt/c/Users/nateg/OneDrive/Documentos/GitHub/quadrivium/cognetics/Biology and Human Behavior - The Neurological Origins of Individuality (2nd Edition)/22. Early Experience and Aggression.txt
/mnt/c/Users/nateg/OneDrive/Documentos/GitHub/quadrivium/cognetics/Biology and Human Behavior - The Neurological Origins of Individuality (2nd Edition)/23. Evolution, Aggression, and Cooperation.txt
/mnt/c/Users/nateg/OneDrive/Documentos/GitHub/quadrivium/cognetics/Biology and Human Behavior - The Neurological Origins of Individuality (2nd Edition)/24. A Summary.txt
