/mnt/c/Users/nateg/OneDrive/Documentos/GitHub/quadrivium/cognetics/Forensic Science/01 Using Science—Crime Scene to Courtroom.txt
/mnt/c/Users/nateg/OneDrive/Documentos/GitHub/quadrivium/cognetics/Forensic Science/02 Crime Scenes and Forensic Evidence.txt
/mnt/c/Users/nateg/OneDrive/Documentos/GitHub/quadrivium/cognetics/Forensic Science/03 Fingerprint Science—Hands-Down ID.txt
/mnt/c/Users/nateg/OneDrive/Documentos/GitHub/quadrivium/cognetics/Forensic Science/04 Telltale Marks—Tools, Guns, and Ammunition.txt
/mnt/c/Users/nateg/OneDrive/Documentos/GitHub/quadrivium/cognetics/Forensic Science/05 Good Impressions—Shoes, Tires, and Skin.txt
/mnt/c/Users/nateg/OneDrive/Documentos/GitHub/quadrivium/cognetics/Forensic Science/06 Forensics of Fibers, Paint, and Glass.txt
/mnt/c/Users/nateg/OneDrive/Documentos/GitHub/quadrivium/cognetics/Forensic Science/07 Traces of Hair and Fur.txt
/mnt/c/Users/nateg/OneDrive/Documentos/GitHub/quadrivium/cognetics/Forensic Science/08 Soil, Protist, Plant, and Animal Traces.txt
/mnt/c/Users/nateg/OneDrive/Documentos/GitHub/quadrivium/cognetics/Forensic Science/09 Serology—Blood and Other Body Fluids.txt
/mnt/c/Users/nateg/OneDrive/Documentos/GitHub/quadrivium/cognetics/Forensic Science/10 The Forensic Analysis of DNA.txt
/mnt/c/Users/nateg/OneDrive/Documentos/GitHub/quadrivium/cognetics/Forensic Science/11 Forensic Toxicology of Drugs and Poisons.txt
/mnt/c/Users/nateg/OneDrive/Documentos/GitHub/quadrivium/cognetics/Forensic Science/12 The Forensics of Substance Abuse.txt
/mnt/c/Users/nateg/OneDrive/Documentos/GitHub/quadrivium/cognetics/Forensic Science/13 Handwriting and Forgery Analysis.txt
/mnt/c/Users/nateg/OneDrive/Documentos/GitHub/quadrivium/cognetics/Forensic Science/14 Computer Forensics and Digital Evidence.txt
/mnt/c/Users/nateg/OneDrive/Documentos/GitHub/quadrivium/cognetics/Forensic Science/15 Structure Failure—Forensic Engineering.txt
/mnt/c/Users/nateg/OneDrive/Documentos/GitHub/quadrivium/cognetics/Forensic Science/16 Forensic Analysis of Vehicle Accidents.txt
/mnt/c/Users/nateg/OneDrive/Documentos/GitHub/quadrivium/cognetics/Forensic Science/17 Fire Science and Explosion Forensics.txt
/mnt/c/Users/nateg/OneDrive/Documentos/GitHub/quadrivium/cognetics/Forensic Science/18 Blood Evidence—Stains and Spatters.txt
/mnt/c/Users/nateg/OneDrive/Documentos/GitHub/quadrivium/cognetics/Forensic Science/19 The Science of Death.txt
/mnt/c/Users/nateg/OneDrive/Documentos/GitHub/quadrivium/cognetics/Forensic Science/20 Death Investigation—Algor, Livor, and Rigor.txt
/mnt/c/Users/nateg/OneDrive/Documentos/GitHub/quadrivium/cognetics/Forensic Science/21 Autopsy—Cause and Manner of Death.txt
/mnt/c/Users/nateg/OneDrive/Documentos/GitHub/quadrivium/cognetics/Forensic Science/22 Decomposition—From Bugs to Bones.txt
/mnt/c/Users/nateg/OneDrive/Documentos/GitHub/quadrivium/cognetics/Forensic Science/23 Forensic Anthropology—Skeleton Stories.txt
/mnt/c/Users/nateg/OneDrive/Documentos/GitHub/quadrivium/cognetics/Forensic Science/24 Forensics of Teeth and Bite Marks.txt
/mnt/c/Users/nateg/OneDrive/Documentos/GitHub/quadrivium/cognetics/Forensic Science/25 Police Sketches and Facial Reproductions.txt
/mnt/c/Users/nateg/OneDrive/Documentos/GitHub/quadrivium/cognetics/Forensic Science/26 Interview, Interrogation, Intelligence.txt
/mnt/c/Users/nateg/OneDrive/Documentos/GitHub/quadrivium/cognetics/Forensic Science/27 Forensic Profiling—Who, How, and Why.txt
/mnt/c/Users/nateg/OneDrive/Documentos/GitHub/quadrivium/cognetics/Forensic Science/28 Human Memory and Eyewitness Accounts.txt
/mnt/c/Users/nateg/OneDrive/Documentos/GitHub/quadrivium/cognetics/Forensic Science/29 Criminal Minds—Psychology and Psychiatry.txt
/mnt/c/Users/nateg/OneDrive/Documentos/GitHub/quadrivium/cognetics/Forensic Science/30 When Forensic Evidence Is on Trial.txt
/mnt/c/Users/nateg/OneDrive/Documentos/GitHub/quadrivium/cognetics/Forensic Science/31 Forensic Scientists and Expert Testimony.txt
/mnt/c/Users/nateg/OneDrive/Documentos/GitHub/quadrivium/cognetics/Forensic Science/32 Comparing Crimes and Crime Labs.txt
/mnt/c/Users/nateg/OneDrive/Documentos/GitHub/quadrivium/cognetics/Forensic Science/33 Crimes—Nobody’s Supposed to Get Hurt.txt
/mnt/c/Users/nateg/OneDrive/Documentos/GitHub/quadrivium/cognetics/Forensic Science/34 Crimes—Killers of One, Killers of Many.txt
/mnt/c/Users/nateg/OneDrive/Documentos/GitHub/quadrivium/cognetics/Forensic Science/35 Applications—Mass-Disaster Forensics.txt
/mnt/c/Users/nateg/OneDrive/Documentos/GitHub/quadrivium/cognetics/Forensic Science/36 Applications—Identification Matters.txt
