/mnt/c/Users/nateg/OneDrive/Documentos/GitHub/quadrivium/cognetics/Joy of Mathematics/00. Intro.txt
/mnt/c/Users/nateg/OneDrive/Documentos/GitHub/quadrivium/cognetics/Joy of Mathematics/01. The Joy of Math—The Big Picture.txt
/mnt/c/Users/nateg/OneDrive/Documentos/GitHub/quadrivium/cognetics/Joy of Mathematics/02. The Joy of Numbers.txt
/mnt/c/Users/nateg/OneDrive/Documentos/GitHub/quadrivium/cognetics/Joy of Mathematics/03. The Joy of Primes.txt
/mnt/c/Users/nateg/OneDrive/Documentos/GitHub/quadrivium/cognetics/Joy of Mathematics/04. The Joy of Counting.txt
/mnt/c/Users/nateg/OneDrive/Documentos/GitHub/quadrivium/cognetics/Joy of Mathematics/05. The Joy of Fibonacci Numbers.txt
/mnt/c/Users/nateg/OneDrive/Documentos/GitHub/quadrivium/cognetics/Joy of Mathematics/06. The Joy of Algebra.txt
/mnt/c/Users/nateg/OneDrive/Documentos/GitHub/quadrivium/cognetics/Joy of Mathematics/07. The Joy of Higher Algebra.txt
/mnt/c/Users/nateg/OneDrive/Documentos/GitHub/quadrivium/cognetics/Joy of Mathematics/08. The Joy of Algebra Made Visual.txt
/mnt/c/Users/nateg/OneDrive/Documentos/GitHub/quadrivium/cognetics/Joy of Mathematics/09. The Joy of 9.txt
/mnt/c/Users/nateg/OneDrive/Documentos/GitHub/quadrivium/cognetics/Joy of Mathematics/10. The Joy of Proofs.txt
/mnt/c/Users/nateg/OneDrive/Documentos/GitHub/quadrivium/cognetics/Joy of Mathematics/11. The Joy of Geometry.txt
/mnt/c/Users/nateg/OneDrive/Documentos/GitHub/quadrivium/cognetics/Joy of Mathematics/12. The Joy of Pi.txt
/mnt/c/Users/nateg/OneDrive/Documentos/GitHub/quadrivium/cognetics/Joy of Mathematics/13. The Joy of Trigonometry.txt
/mnt/c/Users/nateg/OneDrive/Documentos/GitHub/quadrivium/cognetics/Joy of Mathematics/14. The Joy of the Imaginary Number i.txt
/mnt/c/Users/nateg/OneDrive/Documentos/GitHub/quadrivium/cognetics/Joy of Mathematics/15. The Joy of the Number e.txt
/mnt/c/Users/nateg/OneDrive/Documentos/GitHub/quadrivium/cognetics/Joy of Mathematics/16. The Joy of Infinity.txt
/mnt/c/Users/nateg/OneDrive/Documentos/GitHub/quadrivium/cognetics/Joy of Mathematics/17. The Joy of Infinite Series.txt
/mnt/c/Users/nateg/OneDrive/Documentos/GitHub/quadrivium/cognetics/Joy of Mathematics/18. The Joy of Differential Calculus.txt
/mnt/c/Users/nateg/OneDrive/Documentos/GitHub/quadrivium/cognetics/Joy of Mathematics/19. The Joy of Approximating with Calculus.txt
/mnt/c/Users/nateg/OneDrive/Documentos/GitHub/quadrivium/cognetics/Joy of Mathematics/20. The Joy of Integral Calculus.txt
/mnt/c/Users/nateg/OneDrive/Documentos/GitHub/quadrivium/cognetics/Joy of Mathematics/21. The Joy of Pascal's Triangle.txt
/mnt/c/Users/nateg/OneDrive/Documentos/GitHub/quadrivium/cognetics/Joy of Mathematics/22. The Joy of Probability.txt
/mnt/c/Users/nateg/OneDrive/Documentos/GitHub/quadrivium/cognetics/Joy of Mathematics/23. The Joy of Mathematical Games.txt
/mnt/c/Users/nateg/OneDrive/Documentos/GitHub/quadrivium/cognetics/Joy of Mathematics/24. The Joy of Mathematical Magic.txt
