/mnt/c/Users/nateg/OneDrive/Documentos/GitHub/quadrivium/cognetics/Understanding the Universe/01. A Grand Tour of the Cosmos.txt
/mnt/c/Users/nateg/OneDrive/Documentos/GitHub/quadrivium/cognetics/Understanding the Universe/02. The Rainbow Connection.txt
/mnt/c/Users/nateg/OneDrive/Documentos/GitHub/quadrivium/cognetics/Understanding the Universe/03. Sunrise, Sunset.txt
/mnt/c/Users/nateg/OneDrive/Documentos/GitHub/quadrivium/cognetics/Understanding the Universe/04. Bright Objects in the Night Sky.txt
/mnt/c/Users/nateg/OneDrive/Documentos/GitHub/quadrivium/cognetics/Understanding the Universe/05. Fainter Phenomena in the Night Sky.txt
/mnt/c/Users/nateg/OneDrive/Documentos/GitHub/quadrivium/cognetics/Understanding the Universe/06. Our Sky through Binoculars and Telescopes.txt
/mnt/c/Users/nateg/OneDrive/Documentos/GitHub/quadrivium/cognetics/Understanding the Universe/07. The Celestial Sphere.txt
/mnt/c/Users/nateg/OneDrive/Documentos/GitHub/quadrivium/cognetics/Understanding the Universe/08. The Reason for the Seasons.txt
/mnt/c/Users/nateg/OneDrive/Documentos/GitHub/quadrivium/cognetics/Understanding the Universe/09. Lunar Phases and Eerie Lunar Eclipses.txt
/mnt/c/Users/nateg/OneDrive/Documentos/GitHub/quadrivium/cognetics/Understanding the Universe/10. Glorious Total Solar Eclipses.txt
/mnt/c/Users/nateg/OneDrive/Documentos/GitHub/quadrivium/cognetics/Understanding the Universe/11. More Eclipse Tales.txt
/mnt/c/Users/nateg/OneDrive/Documentos/GitHub/quadrivium/cognetics/Understanding the Universe/12. Early Studies of the Solar System.txt
/mnt/c/Users/nateg/OneDrive/Documentos/GitHub/quadrivium/cognetics/Understanding the Universe/13. The Geocentric Universe.txt
/mnt/c/Users/nateg/OneDrive/Documentos/GitHub/quadrivium/cognetics/Understanding the Universe/14. Galileo and the Copernican Revolution.txt
/mnt/c/Users/nateg/OneDrive/Documentos/GitHub/quadrivium/cognetics/Understanding the Universe/15. Refinements to the Heliocentric Model.txt
/mnt/c/Users/nateg/OneDrive/Documentos/GitHub/quadrivium/cognetics/Understanding the Universe/16. On the Shoulders of Giants.txt
/mnt/c/Users/nateg/OneDrive/Documentos/GitHub/quadrivium/cognetics/Understanding the Universe/17. Surveying Space and Time.txt
/mnt/c/Users/nateg/OneDrive/Documentos/GitHub/quadrivium/cognetics/Understanding the Universe/18. Scale Models of the Universe.txt
/mnt/c/Users/nateg/OneDrive/Documentos/GitHub/quadrivium/cognetics/Understanding the Universe/19. Light—The Supreme Informant.txt
/mnt/c/Users/nateg/OneDrive/Documentos/GitHub/quadrivium/cognetics/Understanding the Universe/20. The Wave-Particle Duality of Light.txt
/mnt/c/Users/nateg/OneDrive/Documentos/GitHub/quadrivium/cognetics/Understanding the Universe/21. The Colors of Stars.txt
/mnt/c/Users/nateg/OneDrive/Documentos/GitHub/quadrivium/cognetics/Understanding the Universe/22. The Fingerprints of Atoms.txt
/mnt/c/Users/nateg/OneDrive/Documentos/GitHub/quadrivium/cognetics/Understanding the Universe/23. Modern Telescopes.txt
/mnt/c/Users/nateg/OneDrive/Documentos/GitHub/quadrivium/cognetics/Understanding the Universe/24. A Better Set of Eyes.txt
/mnt/c/Users/nateg/OneDrive/Documentos/GitHub/quadrivium/cognetics/Understanding the Universe/25. Our Sun, the Nearest Star.txt
/mnt/c/Users/nateg/OneDrive/Documentos/GitHub/quadrivium/cognetics/Understanding the Universe/26. The Earth, Third Rock from the Sun.txt
/mnt/c/Users/nateg/OneDrive/Documentos/GitHub/quadrivium/cognetics/Understanding the Universe/27. Our Moon, Earth's Nearest Neighbor.txt
/mnt/c/Users/nateg/OneDrive/Documentos/GitHub/quadrivium/cognetics/Understanding the Universe/28. Mercury and Venus.txt
/mnt/c/Users/nateg/OneDrive/Documentos/GitHub/quadrivium/cognetics/Understanding the Universe/29. Of Mars and Martians.txt
/mnt/c/Users/nateg/OneDrive/Documentos/GitHub/quadrivium/cognetics/Understanding the Universe/30. Jupiter and Its Amazing Moons.txt
/mnt/c/Users/nateg/OneDrive/Documentos/GitHub/quadrivium/cognetics/Understanding the Universe/31. Magnificent Saturn.txt
/mnt/c/Users/nateg/OneDrive/Documentos/GitHub/quadrivium/cognetics/Understanding the Universe/32. Uranus and Neptune, the Small Giants.txt
/mnt/c/Users/nateg/OneDrive/Documentos/GitHub/quadrivium/cognetics/Understanding the Universe/33. Pluto and Its Cousins.txt
/mnt/c/Users/nateg/OneDrive/Documentos/GitHub/quadrivium/cognetics/Understanding the Universe/34. Asteroids and Dwarf Planets.txt
/mnt/c/Users/nateg/OneDrive/Documentos/GitHub/quadrivium/cognetics/Understanding the Universe/35. Comets—Gorgeous Primordial Snowballs.txt
/mnt/c/Users/nateg/OneDrive/Documentos/GitHub/quadrivium/cognetics/Understanding the Universe/36. Catastrophic Collisions.txt
/mnt/c/Users/nateg/OneDrive/Documentos/GitHub/quadrivium/cognetics/Understanding the Universe/37. The Formation of Planetary Systems.txt
/mnt/c/Users/nateg/OneDrive/Documentos/GitHub/quadrivium/cognetics/Understanding the Universe/38. The Quest for Other Planetary Systems.txt
/mnt/c/Users/nateg/OneDrive/Documentos/GitHub/quadrivium/cognetics/Understanding the Universe/39. Extra-Solar Planets Galore!.txt
/mnt/c/Users/nateg/OneDrive/Documentos/GitHub/quadrivium/cognetics/Understanding the Universe/40. Life Beyond the Earth.txt
/mnt/c/Users/nateg/OneDrive/Documentos/GitHub/quadrivium/cognetics/Understanding the Universe/41. The Search for Extraterrestrials.txt
/mnt/c/Users/nateg/OneDrive/Documentos/GitHub/quadrivium/cognetics/Understanding the Universe/42. Special Relativity and Interstellar Travel.txt
/mnt/c/Users/nateg/OneDrive/Documentos/GitHub/quadrivium/cognetics/Understanding the Universe/43. Stars—Distant Suns.txt
/mnt/c/Users/nateg/OneDrive/Documentos/GitHub/quadrivium/cognetics/Understanding the Universe/44. The Intrinsic Brightnesses of Stars.txt
/mnt/c/Users/nateg/OneDrive/Documentos/GitHub/quadrivium/cognetics/Understanding the Universe/45. The Diverse Sizes of Stars.txt
/mnt/c/Users/nateg/OneDrive/Documentos/GitHub/quadrivium/cognetics/Understanding the Universe/46. Binary Stars and Stellar Masses.txt
/mnt/c/Users/nateg/OneDrive/Documentos/GitHub/quadrivium/cognetics/Understanding the Universe/47. Star Clusters, Ages, and Remote Distances.txt
/mnt/c/Users/nateg/OneDrive/Documentos/GitHub/quadrivium/cognetics/Understanding the Universe/48. How Stars Shine—Nature's Nuclear Reactors.txt
/mnt/c/Users/nateg/OneDrive/Documentos/GitHub/quadrivium/cognetics/Understanding the Universe/49. Solar Neutrinos—Probes of the Sun's Core.txt
/mnt/c/Users/nateg/OneDrive/Documentos/GitHub/quadrivium/cognetics/Understanding the Universe/50. Brown Dwarfs and Free-Floating Planets.txt
/mnt/c/Users/nateg/OneDrive/Documentos/GitHub/quadrivium/cognetics/Understanding the Universe/51. Our Sun's Brilliant Future.txt
/mnt/c/Users/nateg/OneDrive/Documentos/GitHub/quadrivium/cognetics/Understanding the Universe/52. White Dwarfs and Nova Eruptions.txt
/mnt/c/Users/nateg/OneDrive/Documentos/GitHub/quadrivium/cognetics/Understanding the Universe/53. Exploding Stars—Celestial Fireworks!.txt
/mnt/c/Users/nateg/OneDrive/Documentos/GitHub/quadrivium/cognetics/Understanding the Universe/54. White Dwarf Supernovae—Stealing to Explode.txt
/mnt/c/Users/nateg/OneDrive/Documentos/GitHub/quadrivium/cognetics/Understanding the Universe/55. Core-Collapse Supernovae—Gravity Wins.txt
/mnt/c/Users/nateg/OneDrive/Documentos/GitHub/quadrivium/cognetics/Understanding the Universe/56. The Brightest Supernova in Nearly 400 Years.txt
/mnt/c/Users/nateg/OneDrive/Documentos/GitHub/quadrivium/cognetics/Understanding the Universe/57. The Corpses of Massive Stars.txt
/mnt/c/Users/nateg/OneDrive/Documentos/GitHub/quadrivium/cognetics/Understanding the Universe/58. Einstein's General Theory of Relativity.txt
/mnt/c/Users/nateg/OneDrive/Documentos/GitHub/quadrivium/cognetics/Understanding the Universe/59. Warping of Space and Time.txt
/mnt/c/Users/nateg/OneDrive/Documentos/GitHub/quadrivium/cognetics/Understanding the Universe/60. Black Holes—Abandon Hope, Ye Who Enter.txt
/mnt/c/Users/nateg/OneDrive/Documentos/GitHub/quadrivium/cognetics/Understanding the Universe/61. The Quest for Black Holes.txt
/mnt/c/Users/nateg/OneDrive/Documentos/GitHub/quadrivium/cognetics/Understanding the Universe/62. Imagining the Journey to a Black Hole.txt
/mnt/c/Users/nateg/OneDrive/Documentos/GitHub/quadrivium/cognetics/Understanding the Universe/63. Wormholes—Gateways to Other Universes.txt
/mnt/c/Users/nateg/OneDrive/Documentos/GitHub/quadrivium/cognetics/Understanding the Universe/64. Quantum Physics and Black-Hole Evaporation.txt
/mnt/c/Users/nateg/OneDrive/Documentos/GitHub/quadrivium/cognetics/Understanding the Universe/65. Enigmatic Gamma-Ray Bursts.txt
/mnt/c/Users/nateg/OneDrive/Documentos/GitHub/quadrivium/cognetics/Understanding the Universe/66. Birth Cries of Black Holes.txt
/mnt/c/Users/nateg/OneDrive/Documentos/GitHub/quadrivium/cognetics/Understanding the Universe/67. Our Home—The Milky Way Galaxy.txt
/mnt/c/Users/nateg/OneDrive/Documentos/GitHub/quadrivium/cognetics/Understanding the Universe/68. Structure of the Milky Way Galaxy.txt
/mnt/c/Users/nateg/OneDrive/Documentos/GitHub/quadrivium/cognetics/Understanding the Universe/69. Other Galaxies—Island Universes.txt
/mnt/c/Users/nateg/OneDrive/Documentos/GitHub/quadrivium/cognetics/Understanding the Universe/70. The Dark Side of Matter.txt
/mnt/c/Users/nateg/OneDrive/Documentos/GitHub/quadrivium/cognetics/Understanding the Universe/71. Cosmology—The Really Big Picture.txt
/mnt/c/Users/nateg/OneDrive/Documentos/GitHub/quadrivium/cognetics/Understanding the Universe/72. Expansion of the Universe and the Big Bang.txt
/mnt/c/Users/nateg/OneDrive/Documentos/GitHub/quadrivium/cognetics/Understanding the Universe/73. Searching for Distant Galaxies.txt
/mnt/c/Users/nateg/OneDrive/Documentos/GitHub/quadrivium/cognetics/Understanding the Universe/74. The Evolution of Galaxies.txt
/mnt/c/Users/nateg/OneDrive/Documentos/GitHub/quadrivium/cognetics/Understanding the Universe/75. Active Galaxies and Quasars.txt
/mnt/c/Users/nateg/OneDrive/Documentos/GitHub/quadrivium/cognetics/Understanding the Universe/76. Cosmic Powerhouses of the Distant Past.txt
/mnt/c/Users/nateg/OneDrive/Documentos/GitHub/quadrivium/cognetics/Understanding the Universe/77. Supermassive Black Holes.txt
/mnt/c/Users/nateg/OneDrive/Documentos/GitHub/quadrivium/cognetics/Understanding the Universe/78. Feeding the Monster.txt
/mnt/c/Users/nateg/OneDrive/Documentos/GitHub/quadrivium/cognetics/Understanding the Universe/79. The Paradox of the Dark Night Sky.txt
/mnt/c/Users/nateg/OneDrive/Documentos/GitHub/quadrivium/cognetics/Understanding the Universe/80. The Age of the Universe.txt
/mnt/c/Users/nateg/OneDrive/Documentos/GitHub/quadrivium/cognetics/Understanding the Universe/81. When Geometry Is Destiny.txt
/mnt/c/Users/nateg/OneDrive/Documentos/GitHub/quadrivium/cognetics/Understanding the Universe/82. The Mass Density of the Universe.txt
/mnt/c/Users/nateg/OneDrive/Documentos/GitHub/quadrivium/cognetics/Understanding the Universe/83. Einstein's Biggest Blunder.txt
/mnt/c/Users/nateg/OneDrive/Documentos/GitHub/quadrivium/cognetics/Understanding the Universe/84. The Afterglow of the Big Bang.txt
/mnt/c/Users/nateg/OneDrive/Documentos/GitHub/quadrivium/cognetics/Understanding the Universe/85. Ripples in the Cosmic Background Radiation.txt
/mnt/c/Users/nateg/OneDrive/Documentos/GitHub/quadrivium/cognetics/Understanding the Universe/86. The Stuff of the Cosmos.txt
/mnt/c/Users/nateg/OneDrive/Documentos/GitHub/quadrivium/cognetics/Understanding the Universe/87. Dark Energy—Quantum Fluctuations.txt
/mnt/c/Users/nateg/OneDrive/Documentos/GitHub/quadrivium/cognetics/Understanding the Universe/88. Dark Energy—Quintessence.txt
/mnt/c/Users/nateg/OneDrive/Documentos/GitHub/quadrivium/cognetics/Understanding the Universe/89. Grand Unification & Theories of Everything.txt
/mnt/c/Users/nateg/OneDrive/Documentos/GitHub/quadrivium/cognetics/Understanding the Universe/90. Searching for Hidden Dimensions.txt
/mnt/c/Users/nateg/OneDrive/Documentos/GitHub/quadrivium/cognetics/Understanding the Universe/91. The Shape, Size, and Fate of the Universe.txt
/mnt/c/Users/nateg/OneDrive/Documentos/GitHub/quadrivium/cognetics/Understanding the Universe/92. In the Beginning.txt
/mnt/c/Users/nateg/OneDrive/Documentos/GitHub/quadrivium/cognetics/Understanding the Universe/93. The Inflationary Universe.txt
/mnt/c/Users/nateg/OneDrive/Documentos/GitHub/quadrivium/cognetics/Understanding the Universe/94. The Ultimate Free Lunch.txt
/mnt/c/Users/nateg/OneDrive/Documentos/GitHub/quadrivium/cognetics/Understanding the Universe/95. A Universe of Universes.txt
/mnt/c/Users/nateg/OneDrive/Documentos/GitHub/quadrivium/cognetics/Understanding the Universe/96. Reflections on Life and the Cosmos.txt
