/mnt/c/Users/nateg/OneDrive/Documentos/GitHub/quadrivium/cognetics/Memory And The Human Lifespan/01. Prof. Steve Joordens - Memory Is A Party.txt
/mnt/c/Users/nateg/OneDrive/Documentos/GitHub/quadrivium/cognetics/Memory And The Human Lifespan/02. Prof. Steve Joordens - The Ancient Art Of Memory.txt
/mnt/c/Users/nateg/OneDrive/Documentos/GitHub/quadrivium/cognetics/Memory And The Human Lifespan/03. Prof. Steve Joordens - Rote Memorization And A Science Of Forgetting.txt
/mnt/c/Users/nateg/OneDrive/Documentos/GitHub/quadrivium/cognetics/Memory And The Human Lifespan/04. Prof. Steve Joordens - Sensory Memory-Brief Traces Of The Past.txt
/mnt/c/Users/nateg/OneDrive/Documentos/GitHub/quadrivium/cognetics/Memory And The Human Lifespan/05. Prof. Steve Joordens - The Conveyor Belt Of Working Memory.txt
/mnt/c/Users/nateg/OneDrive/Documentos/GitHub/quadrivium/cognetics/Memory And The Human Lifespan/06. Prof. Steve Joordens - Encoding-Our Gateway Into Long-Term Memory.txt
/mnt/c/Users/nateg/OneDrive/Documentos/GitHub/quadrivium/cognetics/Memory And The Human Lifespan/07. Prof. Steve Joordens - Episodic And Semantic Long-Term Memory.txt
/mnt/c/Users/nateg/OneDrive/Documentos/GitHub/quadrivium/cognetics/Memory And The Human Lifespan/08. Prof. Steve Joordens - The Secret Passage-Implicit Memory.txt
/mnt/c/Users/nateg/OneDrive/Documentos/GitHub/quadrivium/cognetics/Memory And The Human Lifespan/09. Prof. Steve Joordens - From Procedural Memory To Habit.txt
/mnt/c/Users/nateg/OneDrive/Documentos/GitHub/quadrivium/cognetics/Memory And The Human Lifespan/10. Prof. Steve Joordens - When Memory Systems Battle-Habits Vs. Goals.txt
/mnt/c/Users/nateg/OneDrive/Documentos/GitHub/quadrivium/cognetics/Memory And The Human Lifespan/11. Prof. Steve Joordens - Sleep And The Consolidation Of Memories.txt
/mnt/c/Users/nateg/OneDrive/Documentos/GitHub/quadrivium/cognetics/Memory And The Human Lifespan/12. Prof. Steve Joordens - Infant And Early Childhood Memory.txt
/mnt/c/Users/nateg/OneDrive/Documentos/GitHub/quadrivium/cognetics/Memory And The Human Lifespan/13. Prof. Steve Joordens - Animal Cognition And Memory.txt
/mnt/c/Users/nateg/OneDrive/Documentos/GitHub/quadrivium/cognetics/Memory And The Human Lifespan/14. Prof. Steve Joordens - Mapping Memory In The Brain.txt
/mnt/c/Users/nateg/OneDrive/Documentos/GitHub/quadrivium/cognetics/Memory And The Human Lifespan/15. Prof. Steve Joordens - Neural Network Models.txt
/mnt/c/Users/nateg/OneDrive/Documentos/GitHub/quadrivium/cognetics/Memory And The Human Lifespan/16. Prof. Steve Joordens - Learning From Brain Damage And Amnesias.txt
/mnt/c/Users/nateg/OneDrive/Documentos/GitHub/quadrivium/cognetics/Memory And The Human Lifespan/17. Prof. Steve Joordens - The Many Challenges Of Alzheimer's Disease.txt
/mnt/c/Users/nateg/OneDrive/Documentos/GitHub/quadrivium/cognetics/Memory And The Human Lifespan/18. Prof. Steve Joordens - That Powerful Glow Of Warm Familiarity.txt
/mnt/c/Users/nateg/OneDrive/Documentos/GitHub/quadrivium/cognetics/Memory And The Human Lifespan/19. Prof. Steve Joordens - Deja Vu And The Illusion Of Memory.txt
/mnt/c/Users/nateg/OneDrive/Documentos/GitHub/quadrivium/cognetics/Memory And The Human Lifespan/20. Prof. Steve Joordens - Recovered Memories Or False Memories.txt
/mnt/c/Users/nateg/OneDrive/Documentos/GitHub/quadrivium/cognetics/Memory And The Human Lifespan/21. Prof. Steve Joordens - Mind The Gaps! Memory As Reconstruction.txt
/mnt/c/Users/nateg/OneDrive/Documentos/GitHub/quadrivium/cognetics/Memory And The Human Lifespan/22. Prof. Steve Joordens - How We Choose What's Important To Remember.txt
/mnt/c/Users/nateg/OneDrive/Documentos/GitHub/quadrivium/cognetics/Memory And The Human Lifespan/23. Prof. Steve Joordens - Aging, Memory, And Cognitive Transition.txt
/mnt/c/Users/nateg/OneDrive/Documentos/GitHub/quadrivium/cognetics/Memory And The Human Lifespan/24. Prof. Steve Joordens - The Monster At The End Of The Book.txt
