/mnt/c/Users/nateg/OneDrive/Documentos/GitHub/quadrivium/foresight/Active Inference Institute/ActInf GuestStream #015.1： Bobby Azarian, Universal Bayesianism： A New Kind of Theory of Everything.txt
/mnt/c/Users/nateg/OneDrive/Documentos/GitHub/quadrivium/foresight/Active Inference Institute/ActInf GuestStream 041.1 ~ ＂A conversation on Chomsky & Large Language Models＂ ~ Murphy & Piantadosi.txt
/mnt/c/Users/nateg/OneDrive/Documentos/GitHub/quadrivium/foresight/Active Inference Institute/ActInf GuestStream 051.1 ~ Tommaso Salvatori ＂Causal Inference via Predictive Coding＂.txt
/mnt/c/Users/nateg/OneDrive/Documentos/GitHub/quadrivium/foresight/Active Inference Institute/ActInf GuestStream 065.1 ~ Phoebe Klett, ＂Towards Bayesian World Models＂.txt
/mnt/c/Users/nateg/OneDrive/Documentos/GitHub/quadrivium/foresight/Active Inference Institute/ActInf GuestStream 077.1 ~ Gareth Lee Stubbs： ＂The Police Hunch＂ Bayesian Brain, Active Inference.txt
/mnt/c/Users/nateg/OneDrive/Documentos/GitHub/quadrivium/foresight/Active Inference Institute/ActInf GuestStream 082.2 ~ Robert Worden ＂Three-dimensional Spatial Cognition： Bees and Bats＂.txt
/mnt/c/Users/nateg/OneDrive/Documentos/GitHub/quadrivium/foresight/Active Inference Institute/ActInf GuestStream 082.3 ~ ＂The Projective Wave Theory of Consciousness＂ Worden, Rudrauf, Williford.txt
/mnt/c/Users/nateg/OneDrive/Documentos/GitHub/quadrivium/foresight/Active Inference Institute/ActInf GuestStream 083.1 ~ ＂Embodied intelligence＂, Joshua Bongard.txt
/mnt/c/Users/nateg/OneDrive/Documentos/GitHub/quadrivium/foresight/Active Inference Institute/ActInf GuestStream 084.1 ~ Anthropocentric bias and the possibility of artificial cognition.txt
/mnt/c/Users/nateg/OneDrive/Documentos/GitHub/quadrivium/foresight/Active Inference Institute/ActInf Livestream #025.0 ~ ＂The Computational Boundary of a Self＂.txt
/mnt/c/Users/nateg/OneDrive/Documentos/GitHub/quadrivium/foresight/Active Inference Institute/ActInf Livestream #053.2 ~ ＂Snakes and Ladders in Paleoanthropology＂ & ＂To copy or not to copy…＂.txt
/mnt/c/Users/nateg/OneDrive/Documentos/GitHub/quadrivium/foresight/Active Inference Institute/ActInf MathStream 008.1 ~ R Servajean： Intro to Bayesian mechanics： state-based formalism (part 1).txt
/mnt/c/Users/nateg/OneDrive/Documentos/GitHub/quadrivium/foresight/Active Inference Institute/ActInf MathStream 009.1 ~ Jonathan Gorard： A computational perspective on observation and cognition.txt
/mnt/c/Users/nateg/OneDrive/Documentos/GitHub/quadrivium/foresight/Active Inference Institute/Active Inference BookStream 002.02 ~ Parr, Pezzulo, Friston ~ Chapters 4, 5, 7, 8.txt
/mnt/c/Users/nateg/OneDrive/Documentos/GitHub/quadrivium/foresight/Active Inference Institute/Active Inference LiveStream 057.0 ~ Active Data Selection and Information Seeking.txt
/mnt/c/Users/nateg/OneDrive/Documentos/GitHub/quadrivium/foresight/Active Inference Institute/Collective Behavior (Discussion) ~ Daniel Friedman ~ Active Inference for the Social Sciences 2023.txt
/mnt/c/Users/nateg/OneDrive/Documentos/GitHub/quadrivium/foresight/Active Inference Institute/John Vervaeke ~ Active Inference Insights 003 ~ Relevance Realisation, Predictive Processing, Flow.txt
/mnt/c/Users/nateg/OneDrive/Documentos/GitHub/quadrivium/foresight/Active Inference Institute/MathArtStream 4 ~ Kirby Urner： “Dimension＂ in Synergetics.txt
/mnt/c/Users/nateg/OneDrive/Documentos/GitHub/quadrivium/foresight/Active Inference Institute/Semiotics and Semantics (Discussion) ~ Lorena Sganzerla ~ Active Inference for Social Sciences 2023.txt
/mnt/c/Users/nateg/OneDrive/Documentos/GitHub/quadrivium/foresight/Active Inference Institute/＂Physics as Information Processing＂ ~ Ander Aguirre ~ Discussion 3.txt
/mnt/c/Users/nateg/OneDrive/Documentos/GitHub/quadrivium/foresight/Active Inference Institute/＂Physics as Information Processing＂ ~ Chris Fields ~ Lecture 4.txt
/mnt/c/Users/nateg/OneDrive/Documentos/GitHub/quadrivium/foresight/Active Inference Institute/＂Physics as Information Processing＂ ~ Chris Fields ~ Lecture 5.txt
