/mnt/c/Users/nateg/OneDrive/Documentos/GitHub/quadrivium/cognetics/Queen of the Sciences/01. What Is Mathematics.txt
/mnt/c/Users/nateg/OneDrive/Documentos/GitHub/quadrivium/cognetics/Queen of the Sciences/02. Babylonian and Egyptian Mathematics.txt
/mnt/c/Users/nateg/OneDrive/Documentos/GitHub/quadrivium/cognetics/Queen of the Sciences/03. Greek Mathematics—Thales to Euclid.txt
/mnt/c/Users/nateg/OneDrive/Documentos/GitHub/quadrivium/cognetics/Queen of the Sciences/04. Greek Mathematics—Archimedes to Hypatia.txt
/mnt/c/Users/nateg/OneDrive/Documentos/GitHub/quadrivium/cognetics/Queen of the Sciences/05. Astronomy and the Origins of Trigonometry.txt
/mnt/c/Users/nateg/OneDrive/Documentos/GitHub/quadrivium/cognetics/Queen of the Sciences/06. Indian Mathematics—Trigonometry Blossoms.txt
/mnt/c/Users/nateg/OneDrive/Documentos/GitHub/quadrivium/cognetics/Queen of the Sciences/07. Chinese Mathematics—Advances in Computation.txt
/mnt/c/Users/nateg/OneDrive/Documentos/GitHub/quadrivium/cognetics/Queen of the Sciences/08. Islamic Mathematics—The Creation of Algebra.txt
/mnt/c/Users/nateg/OneDrive/Documentos/GitHub/quadrivium/cognetics/Queen of the Sciences/09. Italian Algebraists Solve the Cubic.txt
/mnt/c/Users/nateg/OneDrive/Documentos/GitHub/quadrivium/cognetics/Queen of the Sciences/10. Napier and the Natural Logarithm.txt
/mnt/c/Users/nateg/OneDrive/Documentos/GitHub/quadrivium/cognetics/Queen of the Sciences/11. Galileo and the Mathematics of Motion.txt
/mnt/c/Users/nateg/OneDrive/Documentos/GitHub/quadrivium/cognetics/Queen of the Sciences/12. Fermat, Descartes, and Analytic Geometry.txt
/mnt/c/Users/nateg/OneDrive/Documentos/GitHub/quadrivium/cognetics/Queen of the Sciences/13. Newton—Modeling the Universe.txt
/mnt/c/Users/nateg/OneDrive/Documentos/GitHub/quadrivium/cognetics/Queen of the Sciences/14. Leibniz and the Emergence of Calculus.txt
/mnt/c/Users/nateg/OneDrive/Documentos/GitHub/quadrivium/cognetics/Queen of the Sciences/15. Euler—Calculus Proves Its Promise.txt
/mnt/c/Users/nateg/OneDrive/Documentos/GitHub/quadrivium/cognetics/Queen of the Sciences/16. Geometry—From Alhambra to Escher.txt
/mnt/c/Users/nateg/OneDrive/Documentos/GitHub/quadrivium/cognetics/Queen of the Sciences/17. Gauss—Invention of Differential Geometry.txt
/mnt/c/Users/nateg/OneDrive/Documentos/GitHub/quadrivium/cognetics/Queen of the Sciences/18. Algebra Becomes the Science of Symmetry.txt
/mnt/c/Users/nateg/OneDrive/Documentos/GitHub/quadrivium/cognetics/Queen of the Sciences/19. Modern Analysis—Fourier to Carleson.txt
/mnt/c/Users/nateg/OneDrive/Documentos/GitHub/quadrivium/cognetics/Queen of the Sciences/20. Riemann Sets New Directions for Analysis.txt
/mnt/c/Users/nateg/OneDrive/Documentos/GitHub/quadrivium/cognetics/Queen of the Sciences/21. Sylvester and Ramanujan—Different Worlds.txt
/mnt/c/Users/nateg/OneDrive/Documentos/GitHub/quadrivium/cognetics/Queen of the Sciences/22. Fermat's Last Theorem—The Final Triumph.txt
/mnt/c/Users/nateg/OneDrive/Documentos/GitHub/quadrivium/cognetics/Queen of the Sciences/23. Mathematics—The Ultimate Physical Reality.txt
/mnt/c/Users/nateg/OneDrive/Documentos/GitHub/quadrivium/cognetics/Queen of the Sciences/24. Problems and Prospects for the 21st Century.txt
