/mnt/c/Users/nateg/OneDrive/Documentos/GitHub/quadrivium/cognetics/Understanding Modern Electronics/01 Electricity And Electronics.txt
/mnt/c/Users/nateg/OneDrive/Documentos/GitHub/quadrivium/cognetics/Understanding Modern Electronics/02 Circuits And Symbols.txt
/mnt/c/Users/nateg/OneDrive/Documentos/GitHub/quadrivium/cognetics/Understanding Modern Electronics/03 Instruments And Measurement.txt
/mnt/c/Users/nateg/OneDrive/Documentos/GitHub/quadrivium/cognetics/Understanding Modern Electronics/04 AC versus DC .txt
/mnt/c/Users/nateg/OneDrive/Documentos/GitHub/quadrivium/cognetics/Understanding Modern Electronics/05 Up The Treble Down The Bass!.txt
/mnt/c/Users/nateg/OneDrive/Documentos/GitHub/quadrivium/cognetics/Understanding Modern Electronics/06 Semiconductors—The Miracle Material.txt
/mnt/c/Users/nateg/OneDrive/Documentos/GitHub/quadrivium/cognetics/Understanding Modern Electronics/07 Transistors And How  They Work.txt
/mnt/c/Users/nateg/OneDrive/Documentos/GitHub/quadrivium/cognetics/Understanding Modern Electronics/08 Transistors As Amplifiers.txt
/mnt/c/Users/nateg/OneDrive/Documentos/GitHub/quadrivium/cognetics/Understanding Modern Electronics/09 Building An Audio Amplifier.txt
/mnt/c/Users/nateg/OneDrive/Documentos/GitHub/quadrivium/cognetics/Understanding Modern Electronics/10 The Ideal Amplifier.txt
/mnt/c/Users/nateg/OneDrive/Documentos/GitHub/quadrivium/cognetics/Understanding Modern Electronics/11 Feedback Magic.txt
/mnt/c/Users/nateg/OneDrive/Documentos/GitHub/quadrivium/cognetics/Understanding Modern Electronics/12 Electronic Feedback.txt
/mnt/c/Users/nateg/OneDrive/Documentos/GitHub/quadrivium/cognetics/Understanding Modern Electronics/13 Amplifier Circuits Using Op-Amps.txt
/mnt/c/Users/nateg/OneDrive/Documentos/GitHub/quadrivium/cognetics/Understanding Modern Electronics/14 More Fun With Op-Amps.txt
/mnt/c/Users/nateg/OneDrive/Documentos/GitHub/quadrivium/cognetics/Understanding Modern Electronics/15 Using Op-Amps With Circuits.txt
/mnt/c/Users/nateg/OneDrive/Documentos/GitHub/quadrivium/cognetics/Understanding Modern Electronics/16 Digital Versus Analog.txt
/mnt/c/Users/nateg/OneDrive/Documentos/GitHub/quadrivium/cognetics/Understanding Modern Electronics/17 Electronics Goes Digital.txt
/mnt/c/Users/nateg/OneDrive/Documentos/GitHub/quadrivium/cognetics/Understanding Modern Electronics/18 Flip-Flop Circuits.txt
/mnt/c/Users/nateg/OneDrive/Documentos/GitHub/quadrivium/cognetics/Understanding Modern Electronics/19 Shift And Divide Your USB And Your Watch.txt
/mnt/c/Users/nateg/OneDrive/Documentos/GitHub/quadrivium/cognetics/Understanding Modern Electronics/20 Digital Memory.txt
/mnt/c/Users/nateg/OneDrive/Documentos/GitHub/quadrivium/cognetics/Understanding Modern Electronics/21 Digital Counters.txt
/mnt/c/Users/nateg/OneDrive/Documentos/GitHub/quadrivium/cognetics/Understanding Modern Electronics/22 Digital To Analog.txt
/mnt/c/Users/nateg/OneDrive/Documentos/GitHub/quadrivium/cognetics/Understanding Modern Electronics/23 Analog To Digital.txt
/mnt/c/Users/nateg/OneDrive/Documentos/GitHub/quadrivium/cognetics/Understanding Modern Electronics/24 Your Future In Electronics.txt
