/mnt/c/Users/nateg/OneDrive/Documentos/GitHub/quadrivium/cognetics/Shape of Nature/00. Professor Bio.txt
/mnt/c/Users/nateg/OneDrive/Documentos/GitHub/quadrivium/cognetics/Shape of Nature/01. Understanding Nature.txt
/mnt/c/Users/nateg/OneDrive/Documentos/GitHub/quadrivium/cognetics/Shape of Nature/02. The Language of Shapes.txt
/mnt/c/Users/nateg/OneDrive/Documentos/GitHub/quadrivium/cognetics/Shape of Nature/03. Knots and Strings.txt
/mnt/c/Users/nateg/OneDrive/Documentos/GitHub/quadrivium/cognetics/Shape of Nature/04. Creating New Knots from Old.txt
/mnt/c/Users/nateg/OneDrive/Documentos/GitHub/quadrivium/cognetics/Shape of Nature/05. DNA Entanglement.txt
/mnt/c/Users/nateg/OneDrive/Documentos/GitHub/quadrivium/cognetics/Shape of Nature/06. The Jones Revolution.txt
/mnt/c/Users/nateg/OneDrive/Documentos/GitHub/quadrivium/cognetics/Shape of Nature/07. Symmetries of Molecules.txt
/mnt/c/Users/nateg/OneDrive/Documentos/GitHub/quadrivium/cognetics/Shape of Nature/08. The Messy Business of Tangles and Mutations.txt
/mnt/c/Users/nateg/OneDrive/Documentos/GitHub/quadrivium/cognetics/Shape of Nature/09. Braids and the Language of Groups.txt
/mnt/c/Users/nateg/OneDrive/Documentos/GitHub/quadrivium/cognetics/Shape of Nature/10. Platonic Solids and Euler's Masterpiece.txt
/mnt/c/Users/nateg/OneDrive/Documentos/GitHub/quadrivium/cognetics/Shape of Nature/11. Surfaces and a New Notion of Equivalence.txt
/mnt/c/Users/nateg/OneDrive/Documentos/GitHub/quadrivium/cognetics/Shape of Nature/12. Reaching Boundaries and Losing Orientations.txt
/mnt/c/Users/nateg/OneDrive/Documentos/GitHub/quadrivium/cognetics/Shape of Nature/13. Knots and Surfaces.txt
/mnt/c/Users/nateg/OneDrive/Documentos/GitHub/quadrivium/cognetics/Shape of Nature/14. Wind Flows and Currents.txt
/mnt/c/Users/nateg/OneDrive/Documentos/GitHub/quadrivium/cognetics/Shape of Nature/15. Curvature and Gauss's Geometric Gem.txt
/mnt/c/Users/nateg/OneDrive/Documentos/GitHub/quadrivium/cognetics/Shape of Nature/16. Playing with Scissors and Polygons.txt
/mnt/c/Users/nateg/OneDrive/Documentos/GitHub/quadrivium/cognetics/Shape of Nature/17. Bending Chains and Folding Origami.txt
/mnt/c/Users/nateg/OneDrive/Documentos/GitHub/quadrivium/cognetics/Shape of Nature/18. Cauchy's Rigidity and Connelly's Flexibility.txt
/mnt/c/Users/nateg/OneDrive/Documentos/GitHub/quadrivium/cognetics/Shape of Nature/19. Mountain Terrains and Surface Reconstruction.txt
/mnt/c/Users/nateg/OneDrive/Documentos/GitHub/quadrivium/cognetics/Shape of Nature/20. Voronoi's Regions of Influence.txt
/mnt/c/Users/nateg/OneDrive/Documentos/GitHub/quadrivium/cognetics/Shape of Nature/21. Convex Hulls and Computational Complexity.txt
/mnt/c/Users/nateg/OneDrive/Documentos/GitHub/quadrivium/cognetics/Shape of Nature/22. Patterns and Colors.txt
/mnt/c/Users/nateg/OneDrive/Documentos/GitHub/quadrivium/cognetics/Shape of Nature/23. Orange Stackings and Bubble Partitions.txt
/mnt/c/Users/nateg/OneDrive/Documentos/GitHub/quadrivium/cognetics/Shape of Nature/24. The Topology of the Universe.txt
/mnt/c/Users/nateg/OneDrive/Documentos/GitHub/quadrivium/cognetics/Shape of Nature/25. Tetrahedra and Mathematical Surgery.txt
/mnt/c/Users/nateg/OneDrive/Documentos/GitHub/quadrivium/cognetics/Shape of Nature/26. The Fundamental Group.txt
/mnt/c/Users/nateg/OneDrive/Documentos/GitHub/quadrivium/cognetics/Shape of Nature/27. Poincaré's Question and Perelman's Answer.txt
/mnt/c/Users/nateg/OneDrive/Documentos/GitHub/quadrivium/cognetics/Shape of Nature/28. The Geometry of the Universe.txt
/mnt/c/Users/nateg/OneDrive/Documentos/GitHub/quadrivium/cognetics/Shape of Nature/29. Visualizing in Higher Dimensions.txt
/mnt/c/Users/nateg/OneDrive/Documentos/GitHub/quadrivium/cognetics/Shape of Nature/30. Polyhedra in Higher Dimensions.txt
/mnt/c/Users/nateg/OneDrive/Documentos/GitHub/quadrivium/cognetics/Shape of Nature/31. Particle Motions.txt
/mnt/c/Users/nateg/OneDrive/Documentos/GitHub/quadrivium/cognetics/Shape of Nature/32. Particle Collisions.txt
/mnt/c/Users/nateg/OneDrive/Documentos/GitHub/quadrivium/cognetics/Shape of Nature/33. Evolutionary Trees.txt
/mnt/c/Users/nateg/OneDrive/Documentos/GitHub/quadrivium/cognetics/Shape of Nature/34. Chaos and Fractals.txt
/mnt/c/Users/nateg/OneDrive/Documentos/GitHub/quadrivium/cognetics/Shape of Nature/35. Reclaiming Leonardo da Vinci.txt
/mnt/c/Users/nateg/OneDrive/Documentos/GitHub/quadrivium/cognetics/Shape of Nature/36. Pushing the Forefront.txt
