/mnt/c/Users/nateg/OneDrive/Documentos/GitHub/quadrivium/cognetics/Inventions that changed the world/01 Great Inventions in Everyday Life.txt
/mnt/c/Users/nateg/OneDrive/Documentos/GitHub/quadrivium/cognetics/Inventions that changed the world/02 The Potter’s Wheel and Metallurgy.txt
/mnt/c/Users/nateg/OneDrive/Documentos/GitHub/quadrivium/cognetics/Inventions that changed the world/03 Beer, Wine, and Distilled Spirits.txt
/mnt/c/Users/nateg/OneDrive/Documentos/GitHub/quadrivium/cognetics/Inventions that changed the world/04 The Galley, Coins, and the Alphabet.txt
/mnt/c/Users/nateg/OneDrive/Documentos/GitHub/quadrivium/cognetics/Inventions that changed the world/05 Crossbows East and West.txt
/mnt/c/Users/nateg/OneDrive/Documentos/GitHub/quadrivium/cognetics/Inventions that changed the world/06 Roman Arches—Aqueducts and the Colosseum.txt
/mnt/c/Users/nateg/OneDrive/Documentos/GitHub/quadrivium/cognetics/Inventions that changed the world/07 Waterwheels and Clocks.txt
/mnt/c/Users/nateg/OneDrive/Documentos/GitHub/quadrivium/cognetics/Inventions that changed the world/08 Pagodas and Cathedrals.txt
/mnt/c/Users/nateg/OneDrive/Documentos/GitHub/quadrivium/cognetics/Inventions that changed the world/09 Paper and Printing.txt
/mnt/c/Users/nateg/OneDrive/Documentos/GitHub/quadrivium/cognetics/Inventions that changed the world/10 Gunpowder, Cannons, and Guns.txt
/mnt/c/Users/nateg/OneDrive/Documentos/GitHub/quadrivium/cognetics/Inventions that changed the world/11 Telescopes and Microscopes.txt
/mnt/c/Users/nateg/OneDrive/Documentos/GitHub/quadrivium/cognetics/Inventions that changed the world/12 The Caravel and Celestial Navigation.txt
/mnt/c/Users/nateg/OneDrive/Documentos/GitHub/quadrivium/cognetics/Inventions that changed the world/13 Unblocking the Power of Coal and Iron.txt
/mnt/c/Users/nateg/OneDrive/Documentos/GitHub/quadrivium/cognetics/Inventions that changed the world/14 Steam Engines and Pin Making.txt
/mnt/c/Users/nateg/OneDrive/Documentos/GitHub/quadrivium/cognetics/Inventions that changed the world/15 Canals and Railroads.txt
/mnt/c/Users/nateg/OneDrive/Documentos/GitHub/quadrivium/cognetics/Inventions that changed the world/16 Food Preservation.txt
/mnt/c/Users/nateg/OneDrive/Documentos/GitHub/quadrivium/cognetics/Inventions that changed the world/17 Water and Sewer Systems.txt
/mnt/c/Users/nateg/OneDrive/Documentos/GitHub/quadrivium/cognetics/Inventions that changed the world/18 Batteries and Electric Generators.txt
/mnt/c/Users/nateg/OneDrive/Documentos/GitHub/quadrivium/cognetics/Inventions that changed the world/19 Cameras, Telephones, and Phonographs.txt
/mnt/c/Users/nateg/OneDrive/Documentos/GitHub/quadrivium/cognetics/Inventions that changed the world/20 Electric Light and Power.txt
/mnt/c/Users/nateg/OneDrive/Documentos/GitHub/quadrivium/cognetics/Inventions that changed the world/21 Department Stores and Modern Retailing.txt
/mnt/c/Users/nateg/OneDrive/Documentos/GitHub/quadrivium/cognetics/Inventions that changed the world/22 Motion Pictures.txt
/mnt/c/Users/nateg/OneDrive/Documentos/GitHub/quadrivium/cognetics/Inventions that changed the world/23 Surgery and the Operating Room.txt
/mnt/c/Users/nateg/OneDrive/Documentos/GitHub/quadrivium/cognetics/Inventions that changed the world/24 Steel, Glass, and Plastics.txt
/mnt/c/Users/nateg/OneDrive/Documentos/GitHub/quadrivium/cognetics/Inventions that changed the world/25 The Model T.txt
/mnt/c/Users/nateg/OneDrive/Documentos/GitHub/quadrivium/cognetics/Inventions that changed the world/26 Aviation—The “Wright” Time for Flight.txt
/mnt/c/Users/nateg/OneDrive/Documentos/GitHub/quadrivium/cognetics/Inventions that changed the world/27 Radio and Television.txt
/mnt/c/Users/nateg/OneDrive/Documentos/GitHub/quadrivium/cognetics/Inventions that changed the world/28 Nuclear Power.txt
/mnt/c/Users/nateg/OneDrive/Documentos/GitHub/quadrivium/cognetics/Inventions that changed the world/29 Household Appliances.txt
/mnt/c/Users/nateg/OneDrive/Documentos/GitHub/quadrivium/cognetics/Inventions that changed the world/30 Electronics and the Chip.txt
/mnt/c/Users/nateg/OneDrive/Documentos/GitHub/quadrivium/cognetics/Inventions that changed the world/31 Satellites and Cell Phones.txt
/mnt/c/Users/nateg/OneDrive/Documentos/GitHub/quadrivium/cognetics/Inventions that changed the world/32 Personal Computing.txt
/mnt/c/Users/nateg/OneDrive/Documentos/GitHub/quadrivium/cognetics/Inventions that changed the world/33 Genetic Engineering.txt
/mnt/c/Users/nateg/OneDrive/Documentos/GitHub/quadrivium/cognetics/Inventions that changed the world/34 The Internet.txt
/mnt/c/Users/nateg/OneDrive/Documentos/GitHub/quadrivium/cognetics/Inventions that changed the world/35 Social Media and Democracy.txt
/mnt/c/Users/nateg/OneDrive/Documentos/GitHub/quadrivium/cognetics/Inventions that changed the world/36 Inventions and History.txt
