[flyxion@volsorium] [2025-01-20 06:58:01] Script started.
[flyxion@volsorium] [2025-01-20 06:58:01] Processing directory: /mnt/c/Users/nateg/OneDrive/Documentos/GitHub/quadrivium/cryptomnesia
[flyxion@volsorium] [2025-01-20 06:58:01] Processing file: /mnt/c/Users/nateg/OneDrive/Documentos/GitHub/quadrivium/cryptomnesia/Depth ？ ： Charge ! ： In Conversation with Dr. Joanna Kujawa - Spiritual Detective [PHr8ID8a2SM].en.txt
[flyxion@volsorium] [2025-01-20 06:58:01] Split /mnt/c/Users/nateg/OneDrive/Documentos/GitHub/quadrivium/cryptomnesia/Depth ？ ： Charge ! ： In Conversation with Dr. Joanna Kujawa - Spiritual Detective [PHr8ID8a2SM].en.txt into chunks of 200 lines each.
[flyxion@volsorium] [2025-01-20 06:58:01] Summarizing chunk: chunkaa
[flyxion@volsorium] [2025-01-20 06:58:21] Summarizing chunk: chunkab
[flyxion@volsorium] [2025-01-20 06:58:33] Summarizing chunk: chunkac
[flyxion@volsorium] [2025-01-20 06:58:44] Summarizing chunk: chunkad
[flyxion@volsorium] [2025-01-20 06:58:54] Summarizing chunk: chunkae
[flyxion@volsorium] [2025-01-20 06:59:11] Summarizing chunk: chunkaf
[flyxion@volsorium] [2025-01-20 06:59:21] Summarizing chunk: chunkag
[flyxion@volsorium] [2025-01-20 06:59:33] Summarizing chunk: chunkah
[flyxion@volsorium] [2025-01-20 06:59:42] Processed and cleaned up: Depth ？ ： Charge ! ： In Conversation with Dr. Joanna Kujawa - Spiritual Detective [PHr8ID8a2SM].en.txt
Depth ？ ： Charge ! ： In Conversation with Dr. Joanna Kujawa - Spiritual Detective [PHr8ID8a2SM].en.txt completed
[flyxion@volsorium] [2025-01-20 06:59:42] Processing file: /mnt/c/Users/nateg/OneDrive/Documentos/GitHub/quadrivium/cryptomnesia/Depth ？ ： Charge ! ： In Conversation： Ammon HIllman [6siW2CG7JPw].en.txt
[flyxion@volsorium] [2025-01-20 06:59:42] Split /mnt/c/Users/nateg/OneDrive/Documentos/GitHub/quadrivium/cryptomnesia/Depth ？ ： Charge ! ： In Conversation： Ammon HIllman [6siW2CG7JPw].en.txt into chunks of 200 lines each.
[flyxion@volsorium] [2025-01-20 06:59:42] Summarizing chunk: chunkaa
[flyxion@volsorium] [2025-01-20 06:59:50] Summarizing chunk: chunkab
[flyxion@volsorium] [2025-01-20 07:00:04] Summarizing chunk: chunkac
[flyxion@volsorium] [2025-01-20 07:00:13] Summarizing chunk: chunkad
[flyxion@volsorium] [2025-01-20 07:00:30] Summarizing chunk: chunkae
[flyxion@volsorium] [2025-01-20 07:00:40] Summarizing chunk: chunkaf
[flyxion@volsorium] [2025-01-20 07:00:52] Summarizing chunk: chunkag
[flyxion@volsorium] [2025-01-20 07:01:07] Summarizing chunk: chunkah
[flyxion@volsorium] [2025-01-20 07:01:21] Summarizing chunk: chunkai
[flyxion@volsorium] [2025-01-20 07:01:31] Summarizing chunk: chunkaj
[flyxion@volsorium] [2025-01-20 07:01:42] Summarizing chunk: chunkak
[flyxion@volsorium] [2025-01-20 07:01:53] Summarizing chunk: chunkal
[flyxion@volsorium] [2025-01-20 07:02:07] Summarizing chunk: chunkam
[flyxion@volsorium] [2025-01-20 07:02:23] Summarizing chunk: chunkan
[flyxion@volsorium] [2025-01-20 07:02:34] Summarizing chunk: chunkao
[flyxion@volsorium] [2025-01-20 07:02:47] Summarizing chunk: chunkap
[flyxion@volsorium] [2025-01-20 07:02:58] Summarizing chunk: chunkaq
[flyxion@volsorium] [2025-01-20 07:03:08] Summarizing chunk: chunkar
[flyxion@volsorium] [2025-01-20 07:03:18] Summarizing chunk: chunkas
[flyxion@volsorium] [2025-01-20 07:03:27] Processed and cleaned up: Depth ？ ： Charge ! ： In Conversation： Ammon HIllman [6siW2CG7JPw].en.txt
Depth ？ ： Charge ! ： In Conversation： Ammon HIllman [6siW2CG7JPw].en.txt completed
[flyxion@volsorium] [2025-01-20 07:03:27] Processing file: /mnt/c/Users/nateg/OneDrive/Documentos/GitHub/quadrivium/cryptomnesia/Depth？ ： Charge! ： Tenzo on Language, Awakening, Zen, and Clarity of Purpose [3UFM1fKkZr8].en.txt
[flyxion@volsorium] [2025-01-20 07:03:27] Split /mnt/c/Users/nateg/OneDrive/Documentos/GitHub/quadrivium/cryptomnesia/Depth？ ： Charge! ： Tenzo on Language, Awakening, Zen, and Clarity of Purpose [3UFM1fKkZr8].en.txt into chunks of 200 lines each.
[flyxion@volsorium] [2025-01-20 07:03:27] Summarizing chunk: chunkaa
[flyxion@volsorium] [2025-01-20 07:03:40] Summarizing chunk: chunkab
[flyxion@volsorium] [2025-01-20 07:03:53] Summarizing chunk: chunkac
[flyxion@volsorium] [2025-01-20 07:04:05] Summarizing chunk: chunkad
[flyxion@volsorium] [2025-01-20 07:04:16] Summarizing chunk: chunkae
[flyxion@volsorium] [2025-01-20 07:04:28] Summarizing chunk: chunkaf
[flyxion@volsorium] [2025-01-20 07:04:39] Summarizing chunk: chunkag
[flyxion@volsorium] [2025-01-20 07:04:49] Summarizing chunk: chunkah
[flyxion@volsorium] [2025-01-20 07:05:02] Summarizing chunk: chunkai
[flyxion@volsorium] [2025-01-20 07:05:13] Summarizing chunk: chunkaj
[flyxion@volsorium] [2025-01-20 07:05:27] Summarizing chunk: chunkak
[flyxion@volsorium] [2025-01-20 07:05:38] Summarizing chunk: chunkal
[flyxion@volsorium] [2025-01-20 07:05:49] Summarizing chunk: chunkam
[flyxion@volsorium] [2025-01-20 07:05:54] Processed and cleaned up: Depth？ ： Charge! ： Tenzo on Language, Awakening, Zen, and Clarity of Purpose [3UFM1fKkZr8].en.txt
Depth？ ： Charge! ： Tenzo on Language, Awakening, Zen, and Clarity of Purpose [3UFM1fKkZr8].en.txt completed
[flyxion@volsorium] [2025-01-20 07:05:54] Processing file: /mnt/c/Users/nateg/OneDrive/Documentos/GitHub/quadrivium/cryptomnesia/Devin Is A Lie？ [a2MDENSvzJk].en.txt
[flyxion@volsorium] [2025-01-20 07:05:54] Split /mnt/c/Users/nateg/OneDrive/Documentos/GitHub/quadrivium/cryptomnesia/Devin Is A Lie？ [a2MDENSvzJk].en.txt into chunks of 200 lines each.
[flyxion@volsorium] [2025-01-20 07:05:54] Summarizing chunk: chunkaa
[flyxion@volsorium] [2025-01-20 07:06:06] Summarizing chunk: chunkab
[flyxion@volsorium] [2025-01-20 07:06:18] Summarizing chunk: chunkac
[flyxion@volsorium] [2025-01-20 07:06:30] Summarizing chunk: chunkad
[flyxion@volsorium] [2025-01-20 07:06:42] Summarizing chunk: chunkae
[flyxion@volsorium] [2025-01-20 07:06:57] Summarizing chunk: chunkaf
[flyxion@volsorium] [2025-01-20 07:07:01] Processed and cleaned up: Devin Is A Lie？ [a2MDENSvzJk].en.txt
Devin Is A Lie？ [a2MDENSvzJk].en.txt completed
[flyxion@volsorium] [2025-01-20 07:07:01] Processing file: /mnt/c/Users/nateg/OneDrive/Documentos/GitHub/quadrivium/cryptomnesia/Discussion with Martin Hanczyc： minimal models of cognition and active matter research [mg9kOX-5ftc].en.txt
[flyxion@volsorium] [2025-01-20 07:07:01] Split /mnt/c/Users/nateg/OneDrive/Documentos/GitHub/quadrivium/cryptomnesia/Discussion with Martin Hanczyc： minimal models of cognition and active matter research [mg9kOX-5ftc].en.txt into chunks of 200 lines each.
[flyxion@volsorium] [2025-01-20 07:07:01] Summarizing chunk: chunkaa
[flyxion@volsorium] [2025-01-20 07:07:11] Summarizing chunk: chunkab
[flyxion@volsorium] [2025-01-20 07:07:25] Summarizing chunk: chunkac
[flyxion@volsorium] [2025-01-20 07:07:36] Summarizing chunk: chunkad
[flyxion@volsorium] [2025-01-20 07:07:45] Summarizing chunk: chunkae
[flyxion@volsorium] [2025-01-20 07:07:56] Summarizing chunk: chunkaf
[flyxion@volsorium] [2025-01-20 07:08:08] Summarizing chunk: chunkag
[flyxion@volsorium] [2025-01-20 07:08:17] Processed and cleaned up: Discussion with Martin Hanczyc： minimal models of cognition and active matter research [mg9kOX-5ftc].en.txt
Discussion with Martin Hanczyc： minimal models of cognition and active matter research [mg9kOX-5ftc].en.txt completed
[flyxion@volsorium] [2025-01-20 07:08:17] Processing file: /mnt/c/Users/nateg/OneDrive/Documentos/GitHub/quadrivium/cryptomnesia/Do We See Reality As It Is？ ｜ Donald Hoffman [YBmzqNIlbcI].en.txt
[flyxion@volsorium] [2025-01-20 07:08:17] Split /mnt/c/Users/nateg/OneDrive/Documentos/GitHub/quadrivium/cryptomnesia/Do We See Reality As It Is？ ｜ Donald Hoffman [YBmzqNIlbcI].en.txt into chunks of 200 lines each.
[flyxion@volsorium] [2025-01-20 07:08:17] Summarizing chunk: chunkaa
[flyxion@volsorium] [2025-01-20 07:08:33] Summarizing chunk: chunkab
[flyxion@volsorium] [2025-01-20 07:08:52] Summarizing chunk: chunkac
[flyxion@volsorium] [2025-01-20 07:09:04] Summarizing chunk: chunkad
[flyxion@volsorium] [2025-01-20 07:09:22] Processed and cleaned up: Do We See Reality As It Is？ ｜ Donald Hoffman [YBmzqNIlbcI].en.txt
Do We See Reality As It Is？ ｜ Donald Hoffman [YBmzqNIlbcI].en.txt completed
[flyxion@volsorium] [2025-01-20 07:09:22] Processing file: /mnt/c/Users/nateg/OneDrive/Documentos/GitHub/quadrivium/cryptomnesia/Dodging Latent Space Detectors： Obfuscated Activation Attacks with Luke, Erik & Scott [WirqcBPy36A].en.txt
[flyxion@volsorium] [2025-01-20 07:09:22] Split /mnt/c/Users/nateg/OneDrive/Documentos/GitHub/quadrivium/cryptomnesia/Dodging Latent Space Detectors： Obfuscated Activation Attacks with Luke, Erik & Scott [WirqcBPy36A].en.txt into chunks of 200 lines each.
[flyxion@volsorium] [2025-01-20 07:09:22] Summarizing chunk: chunkaa
[flyxion@volsorium] [2025-01-20 07:09:40] Summarizing chunk: chunkab
[flyxion@volsorium] [2025-01-20 07:09:55] Summarizing chunk: chunkac
[flyxion@volsorium] [2025-01-20 07:10:05] Summarizing chunk: chunkad
[flyxion@volsorium] [2025-01-20 07:10:22] Summarizing chunk: chunkae
[flyxion@volsorium] [2025-01-20 07:10:36] Summarizing chunk: chunkaf
[flyxion@volsorium] [2025-01-20 07:10:46] Summarizing chunk: chunkag
[flyxion@volsorium] [2025-01-20 07:11:04] Summarizing chunk: chunkah
[flyxion@volsorium] [2025-01-20 07:11:16] Summarizing chunk: chunkai
[flyxion@volsorium] [2025-01-20 07:11:29] Summarizing chunk: chunkaj
[flyxion@volsorium] [2025-01-20 07:11:42] Summarizing chunk: chunkak
[flyxion@volsorium] [2025-01-20 07:11:58] Summarizing chunk: chunkal
[flyxion@volsorium] [2025-01-20 07:12:10] Summarizing chunk: chunkam
[flyxion@volsorium] [2025-01-20 07:12:25] Summarizing chunk: chunkan
[flyxion@volsorium] [2025-01-20 07:12:39] Summarizing chunk: chunkao
[flyxion@volsorium] [2025-01-20 07:12:58] Summarizing chunk: chunkap
[flyxion@volsorium] [2025-01-20 07:13:09] Summarizing chunk: chunkaq
[flyxion@volsorium] [2025-01-20 07:13:24] Summarizing chunk: chunkar
[flyxion@volsorium] [2025-01-20 07:13:37] Processed and cleaned up: Dodging Latent Space Detectors： Obfuscated Activation Attacks with Luke, Erik & Scott [WirqcBPy36A].en.txt
Dodging Latent Space Detectors： Obfuscated Activation Attacks with Luke, Erik & Scott [WirqcBPy36A].en.txt completed
[flyxion@volsorium] [2025-01-20 07:13:37] Processing file: /mnt/c/Users/nateg/OneDrive/Documentos/GitHub/quadrivium/cryptomnesia/Donald Hoffman - Consciousness, Mysteries Beyond Spacetime, and Waking up from the Dream of Life [yqOVu263OSk].en.txt
[flyxion@volsorium] [2025-01-20 07:13:38] Split /mnt/c/Users/nateg/OneDrive/Documentos/GitHub/quadrivium/cryptomnesia/Donald Hoffman - Consciousness, Mysteries Beyond Spacetime, and Waking up from the Dream of Life [yqOVu263OSk].en.txt into chunks of 200 lines each.
[flyxion@volsorium] [2025-01-20 07:13:38] Summarizing chunk: chunkaa
[flyxion@volsorium] [2025-01-20 07:13:49] Summarizing chunk: chunkab
[flyxion@volsorium] [2025-01-20 07:13:57] Summarizing chunk: chunkac
[flyxion@volsorium] [2025-01-20 07:14:12] Summarizing chunk: chunkad
[flyxion@volsorium] [2025-01-20 07:14:24] Summarizing chunk: chunkae
[flyxion@volsorium] [2025-01-20 07:14:37] Summarizing chunk: chunkaf
[flyxion@volsorium] [2025-01-20 07:14:52] Summarizing chunk: chunkag
[flyxion@volsorium] [2025-01-20 07:15:07] Summarizing chunk: chunkah
[flyxion@volsorium] [2025-01-20 07:15:18] Summarizing chunk: chunkai
[flyxion@volsorium] [2025-01-20 07:15:23] Processed and cleaned up: Donald Hoffman - Consciousness, Mysteries Beyond Spacetime, and Waking up from the Dream of Life [yqOVu263OSk].en.txt
Donald Hoffman - Consciousness, Mysteries Beyond Spacetime, and Waking up from the Dream of Life [yqOVu263OSk].en.txt completed
[flyxion@volsorium] [2025-01-20 07:15:23] Processing file: /mnt/c/Users/nateg/OneDrive/Documentos/GitHub/quadrivium/cryptomnesia/Donald Hoffman’s New Approach To Consciousness [mU_WBela71Y].en.txt
[flyxion@volsorium] [2025-01-20 07:15:25] Split /mnt/c/Users/nateg/OneDrive/Documentos/GitHub/quadrivium/cryptomnesia/Donald Hoffman’s New Approach To Consciousness [mU_WBela71Y].en.txt into chunks of 200 lines each.
[flyxion@volsorium] [2025-01-20 07:15:25] Summarizing chunk: chunkaa
[flyxion@volsorium] [2025-01-20 07:15:39] Summarizing chunk: chunkab
[flyxion@volsorium] [2025-01-20 07:15:52] Summarizing chunk: chunkac
[flyxion@volsorium] [2025-01-20 07:16:03] Summarizing chunk: chunkad
[flyxion@volsorium] [2025-01-20 07:16:15] Summarizing chunk: chunkae
[flyxion@volsorium] [2025-01-20 07:16:26] Summarizing chunk: chunkaf
[flyxion@volsorium] [2025-01-20 07:16:37] Summarizing chunk: chunkag
[flyxion@volsorium] [2025-01-20 07:16:47] Summarizing chunk: chunkah
[flyxion@volsorium] [2025-01-20 07:17:02] Summarizing chunk: chunkai
[flyxion@volsorium] [2025-01-20 07:17:13] Summarizing chunk: chunkaj
[flyxion@volsorium] [2025-01-20 07:17:26] Summarizing chunk: chunkak
[flyxion@volsorium] [2025-01-20 07:17:34] Processed and cleaned up: Donald Hoffman’s New Approach To Consciousness [mU_WBela71Y].en.txt
Donald Hoffman’s New Approach To Consciousness [mU_WBela71Y].en.txt completed
[flyxion@volsorium] [2025-01-20 07:17:34] Processing file: /mnt/c/Users/nateg/OneDrive/Documentos/GitHub/quadrivium/cryptomnesia/Dr. Tour EXPOSES the False Science Behind Origin of Life Research [v36_v4hsB-Y].en.txt
[flyxion@volsorium] [2025-01-20 07:17:34] Split /mnt/c/Users/nateg/OneDrive/Documentos/GitHub/quadrivium/cryptomnesia/Dr. Tour EXPOSES the False Science Behind Origin of Life Research [v36_v4hsB-Y].en.txt into chunks of 200 lines each.
[flyxion@volsorium] [2025-01-20 07:17:34] Summarizing chunk: chunkaa
[flyxion@volsorium] [2025-01-20 07:17:49] Summarizing chunk: chunkab
[flyxion@volsorium] [2025-01-20 07:18:05] Summarizing chunk: chunkac
[flyxion@volsorium] [2025-01-20 07:18:15] Summarizing chunk: chunkad
[flyxion@volsorium] [2025-01-20 07:18:34] Summarizing chunk: chunkae
[flyxion@volsorium] [2025-01-20 07:18:46] Summarizing chunk: chunkaf
[flyxion@volsorium] [2025-01-20 07:18:55] Summarizing chunk: chunkag
[flyxion@volsorium] [2025-01-20 07:19:09] Summarizing chunk: chunkah
[flyxion@volsorium] [2025-01-20 07:19:25] Summarizing chunk: chunkai
[flyxion@volsorium] [2025-01-20 07:19:36] Summarizing chunk: chunkaj
[flyxion@volsorium] [2025-01-20 07:19:47] Processed and cleaned up: Dr. Tour EXPOSES the False Science Behind Origin of Life Research [v36_v4hsB-Y].en.txt
Dr. Tour EXPOSES the False Science Behind Origin of Life Research [v36_v4hsB-Y].en.txt completed
[flyxion@volsorium] [2025-01-20 07:19:47] Processing file: /mnt/c/Users/nateg/OneDrive/Documentos/GitHub/quadrivium/cryptomnesia/Dynamic Deep Learning ｜ Richard Sutton [75jr5E4OzEE].en.txt
[flyxion@volsorium] [2025-01-20 07:19:47] Split /mnt/c/Users/nateg/OneDrive/Documentos/GitHub/quadrivium/cryptomnesia/Dynamic Deep Learning ｜ Richard Sutton [75jr5E4OzEE].en.txt into chunks of 200 lines each.
[flyxion@volsorium] [2025-01-20 07:19:47] Summarizing chunk: chunkaa
[flyxion@volsorium] [2025-01-20 07:19:59] Summarizing chunk: chunkab
[flyxion@volsorium] [2025-01-20 07:20:13] Summarizing chunk: chunkac
[flyxion@volsorium] [2025-01-20 07:20:27] Summarizing chunk: chunkad
[flyxion@volsorium] [2025-01-20 07:20:47] Summarizing chunk: chunkae
[flyxion@volsorium] [2025-01-20 07:21:05] Summarizing chunk: chunkaf
[flyxion@volsorium] [2025-01-20 07:21:17] Summarizing chunk: chunkag
[flyxion@volsorium] [2025-01-20 07:21:29] Summarizing chunk: chunkah
[flyxion@volsorium] [2025-01-20 07:21:39] Processed and cleaned up: Dynamic Deep Learning ｜ Richard Sutton [75jr5E4OzEE].en.txt
Dynamic Deep Learning ｜ Richard Sutton [75jr5E4OzEE].en.txt completed
[flyxion@volsorium] [2025-01-20 07:21:39] Processing file: /mnt/c/Users/nateg/OneDrive/Documentos/GitHub/quadrivium/cryptomnesia/EDWARD SAID： THE MYTH OF THE CLASH OF CIVILIZATIONS ｜ FREE FILMS FOR CONTEXT ON ISRAEL'S WAR ON GAZA [ty_-zHrfEUY].en.txt
[flyxion@volsorium] [2025-01-20 07:21:39] Split /mnt/c/Users/nateg/OneDrive/Documentos/GitHub/quadrivium/cryptomnesia/EDWARD SAID： THE MYTH OF THE CLASH OF CIVILIZATIONS ｜ FREE FILMS FOR CONTEXT ON ISRAEL'S WAR ON GAZA [ty_-zHrfEUY].en.txt into chunks of 200 lines each.
[flyxion@volsorium] [2025-01-20 07:21:39] Summarizing chunk: chunkaa
[flyxion@volsorium] [2025-01-20 07:21:50] Summarizing chunk: chunkab
[flyxion@volsorium] [2025-01-20 07:22:00] Summarizing chunk: chunkac
[flyxion@volsorium] [2025-01-20 07:22:11] Summarizing chunk: chunkad
[flyxion@volsorium] [2025-01-20 07:22:24] Summarizing chunk: chunkae
[flyxion@volsorium] [2025-01-20 07:22:35] Summarizing chunk: chunkaf
[flyxion@volsorium] [2025-01-20 07:22:45] Summarizing chunk: chunkag
[flyxion@volsorium] [2025-01-20 07:22:49] Processed and cleaned up: EDWARD SAID： THE MYTH OF THE CLASH OF CIVILIZATIONS ｜ FREE FILMS FOR CONTEXT ON ISRAEL'S WAR ON GAZA [ty_-zHrfEUY].en.txt
EDWARD SAID： THE MYTH OF THE CLASH OF CIVILIZATIONS ｜ FREE FILMS FOR CONTEXT ON ISRAEL'S WAR ON GAZA [ty_-zHrfEUY].en.txt completed
[flyxion@volsorium] [2025-01-20 07:22:49] Processing file: /mnt/c/Users/nateg/OneDrive/Documentos/GitHub/quadrivium/cryptomnesia/Economist Explains How Government Wastes BILLIONS ｜ Aaron meets Mariana Mazzucato ｜ Downstream [6PbYGgkdywY].en.txt
[flyxion@volsorium] [2025-01-20 07:22:49] Split /mnt/c/Users/nateg/OneDrive/Documentos/GitHub/quadrivium/cryptomnesia/Economist Explains How Government Wastes BILLIONS ｜ Aaron meets Mariana Mazzucato ｜ Downstream [6PbYGgkdywY].en.txt into chunks of 200 lines each.
[flyxion@volsorium] [2025-01-20 07:22:49] Summarizing chunk: chunkaa
[flyxion@volsorium] [2025-01-20 07:23:00] Summarizing chunk: chunkab
[flyxion@volsorium] [2025-01-20 07:23:13] Summarizing chunk: chunkac
[flyxion@volsorium] [2025-01-20 07:23:28] Summarizing chunk: chunkad
[flyxion@volsorium] [2025-01-20 07:23:38] Summarizing chunk: chunkae
[flyxion@volsorium] [2025-01-20 07:23:50] Summarizing chunk: chunkaf
[flyxion@volsorium] [2025-01-20 07:24:05] Summarizing chunk: chunkag
[flyxion@volsorium] [2025-01-20 07:24:18] Summarizing chunk: chunkah
[flyxion@volsorium] [2025-01-20 07:24:28] Processed and cleaned up: Economist Explains How Government Wastes BILLIONS ｜ Aaron meets Mariana Mazzucato ｜ Downstream [6PbYGgkdywY].en.txt
Economist Explains How Government Wastes BILLIONS ｜ Aaron meets Mariana Mazzucato ｜ Downstream [6PbYGgkdywY].en.txt completed
[flyxion@volsorium] [2025-01-20 07:24:28] Processing file: /mnt/c/Users/nateg/OneDrive/Documentos/GitHub/quadrivium/cryptomnesia/Electromagnetism as a Gauge Theory [Sj_GSBaUE1o].en.txt
[flyxion@volsorium] [2025-01-20 07:24:28] Split /mnt/c/Users/nateg/OneDrive/Documentos/GitHub/quadrivium/cryptomnesia/Electromagnetism as a Gauge Theory [Sj_GSBaUE1o].en.txt into chunks of 200 lines each.
[flyxion@volsorium] [2025-01-20 07:24:28] Summarizing chunk: chunkaa
[flyxion@volsorium] [2025-01-20 07:24:44] Summarizing chunk: chunkab
[flyxion@volsorium] [2025-01-20 07:25:00] Summarizing chunk: chunkac
[flyxion@volsorium] [2025-01-20 07:25:15] Summarizing chunk: chunkad
[flyxion@volsorium] [2025-01-20 07:25:30] Summarizing chunk: chunkae
[flyxion@volsorium] [2025-01-20 07:25:46] Summarizing chunk: chunkaf
[flyxion@volsorium] [2025-01-20 07:26:01] Summarizing chunk: chunkag
[flyxion@volsorium] [2025-01-20 07:26:14] Summarizing chunk: chunkah
[flyxion@volsorium] [2025-01-20 07:26:31] Summarizing chunk: chunkai
[flyxion@volsorium] [2025-01-20 07:26:43] Summarizing chunk: chunkaj
[flyxion@volsorium] [2025-01-20 07:26:57] Summarizing chunk: chunkak
[flyxion@volsorium] [2025-01-20 07:27:12] Summarizing chunk: chunkal
[flyxion@volsorium] [2025-01-20 07:27:23] Summarizing chunk: chunkam
[flyxion@volsorium] [2025-01-20 07:27:38] Summarizing chunk: chunkan
[flyxion@volsorium] [2025-01-20 07:27:55] Summarizing chunk: chunkao
[flyxion@volsorium] [2025-01-20 07:28:16] Summarizing chunk: chunkap
[flyxion@volsorium] [2025-01-20 07:28:29] Summarizing chunk: chunkaq
[flyxion@volsorium] [2025-01-20 07:28:42] Summarizing chunk: chunkar
[flyxion@volsorium] [2025-01-20 07:28:57] Summarizing chunk: chunkas
[flyxion@volsorium] [2025-01-20 07:29:13] Summarizing chunk: chunkat
[flyxion@volsorium] [2025-01-20 07:29:30] Summarizing chunk: chunkau
[flyxion@volsorium] [2025-01-20 07:29:47] Summarizing chunk: chunkav
[flyxion@volsorium] [2025-01-20 07:30:02] Summarizing chunk: chunkaw
[flyxion@volsorium] [2025-01-20 07:30:20] Summarizing chunk: chunkax
[flyxion@volsorium] [2025-01-20 07:30:32] Summarizing chunk: chunkay
[flyxion@volsorium] [2025-01-20 07:30:50] Summarizing chunk: chunkaz
[flyxion@volsorium] [2025-01-20 07:30:56] Processed and cleaned up: Electromagnetism as a Gauge Theory [Sj_GSBaUE1o].en.txt
Electromagnetism as a Gauge Theory [Sj_GSBaUE1o].en.txt completed
[flyxion@volsorium] [2025-01-20 07:30:57] Processing file: /mnt/c/Users/nateg/OneDrive/Documentos/GitHub/quadrivium/cryptomnesia/Eliot Rosenstock： Žižek in the Clinic, Dialectical Egoism and Self-Interest [Fzj71b777ZI].en.txt
[flyxion@volsorium] [2025-01-20 07:30:57] Split /mnt/c/Users/nateg/OneDrive/Documentos/GitHub/quadrivium/cryptomnesia/Eliot Rosenstock： Žižek in the Clinic, Dialectical Egoism and Self-Interest [Fzj71b777ZI].en.txt into chunks of 200 lines each.
[flyxion@volsorium] [2025-01-20 07:30:57] Summarizing chunk: chunkaa
[flyxion@volsorium] [2025-01-20 07:31:08] Summarizing chunk: chunkab
[flyxion@volsorium] [2025-01-20 07:31:19] Summarizing chunk: chunkac
[flyxion@volsorium] [2025-01-20 07:31:32] Summarizing chunk: chunkad
[flyxion@volsorium] [2025-01-20 07:31:40] Summarizing chunk: chunkae
[flyxion@volsorium] [2025-01-20 07:31:52] Summarizing chunk: chunkaf
[flyxion@volsorium] [2025-01-20 07:32:04] Summarizing chunk: chunkag
[flyxion@volsorium] [2025-01-20 07:32:17] Summarizing chunk: chunkah
[flyxion@volsorium] [2025-01-20 07:32:29] Summarizing chunk: chunkai
[flyxion@volsorium] [2025-01-20 07:32:44] Summarizing chunk: chunkaj
[flyxion@volsorium] [2025-01-20 07:32:54] Summarizing chunk: chunkak
[flyxion@volsorium] [2025-01-20 07:33:08] Summarizing chunk: chunkal
[flyxion@volsorium] [2025-01-20 07:33:23] Summarizing chunk: chunkam
[flyxion@volsorium] [2025-01-20 07:33:26] Processed and cleaned up: Eliot Rosenstock： Žižek in the Clinic, Dialectical Egoism and Self-Interest [Fzj71b777ZI].en.txt
Eliot Rosenstock： Žižek in the Clinic, Dialectical Egoism and Self-Interest [Fzj71b777ZI].en.txt completed
[flyxion@volsorium] [2025-01-20 07:33:26] Processing file: /mnt/c/Users/nateg/OneDrive/Documentos/GitHub/quadrivium/cryptomnesia/Ep 51： Why do brains dream？ ｜ INNER COSMOS WITH DAVID EAGLEMAN [xLnNEsCpyMo].en.txt
[flyxion@volsorium] [2025-01-20 07:33:26] Split /mnt/c/Users/nateg/OneDrive/Documentos/GitHub/quadrivium/cryptomnesia/Ep 51： Why do brains dream？ ｜ INNER COSMOS WITH DAVID EAGLEMAN [xLnNEsCpyMo].en.txt into chunks of 200 lines each.
[flyxion@volsorium] [2025-01-20 07:33:26] Summarizing chunk: chunkaa
[flyxion@volsorium] [2025-01-20 07:33:57] Summarizing chunk: chunkab
[flyxion@volsorium] [2025-01-20 07:34:11] Summarizing chunk: chunkac
[flyxion@volsorium] [2025-01-20 07:34:22] Summarizing chunk: chunkad
[flyxion@volsorium] [2025-01-20 07:34:34] Summarizing chunk: chunkae
[flyxion@volsorium] [2025-01-20 07:34:43] Summarizing chunk: chunkaf
[flyxion@volsorium] [2025-01-20 07:34:54] Processed and cleaned up: Ep 51： Why do brains dream？ ｜ INNER COSMOS WITH DAVID EAGLEMAN [xLnNEsCpyMo].en.txt
Ep 51： Why do brains dream？ ｜ INNER COSMOS WITH DAVID EAGLEMAN [xLnNEsCpyMo].en.txt completed
[flyxion@volsorium] [2025-01-20 07:34:54] Processing file: /mnt/c/Users/nateg/OneDrive/Documentos/GitHub/quadrivium/cryptomnesia/Ep 83： Why Do Your 30 Trillion Cells Feel Like a Self？ Part 2 ｜ INNER COSMOS WITH DAVID EAGLEMAN [-isMj7XgLF4].en.txt
[flyxion@volsorium] [2025-01-20 07:34:54] Split /mnt/c/Users/nateg/OneDrive/Documentos/GitHub/quadrivium/cryptomnesia/Ep 83： Why Do Your 30 Trillion Cells Feel Like a Self？ Part 2 ｜ INNER COSMOS WITH DAVID EAGLEMAN [-isMj7XgLF4].en.txt into chunks of 200 lines each.
[flyxion@volsorium] [2025-01-20 07:34:54] Summarizing chunk: chunkaa
[flyxion@volsorium] [2025-01-20 07:35:08] Summarizing chunk: chunkab
[flyxion@volsorium] [2025-01-20 07:35:22] Summarizing chunk: chunkac
[flyxion@volsorium] [2025-01-20 07:35:37] Summarizing chunk: chunkad
[flyxion@volsorium] [2025-01-20 07:35:49] Summarizing chunk: chunkae
[flyxion@volsorium] [2025-01-20 07:36:03] Summarizing chunk: chunkaf
[flyxion@volsorium] [2025-01-20 07:36:16] Summarizing chunk: chunkag
[flyxion@volsorium] [2025-01-20 07:36:28] Summarizing chunk: chunkah
[flyxion@volsorium] [2025-01-20 07:36:39] Summarizing chunk: chunkai
[flyxion@volsorium] [2025-01-20 07:36:47] Processed and cleaned up: Ep 83： Why Do Your 30 Trillion Cells Feel Like a Self？ Part 2 ｜ INNER COSMOS WITH DAVID EAGLEMAN [-isMj7XgLF4].en.txt
Ep 83： Why Do Your 30 Trillion Cells Feel Like a Self？ Part 2 ｜ INNER COSMOS WITH DAVID EAGLEMAN [-isMj7XgLF4].en.txt completed
[flyxion@volsorium] [2025-01-20 07:36:47] Processing file: /mnt/c/Users/nateg/OneDrive/Documentos/GitHub/quadrivium/cryptomnesia/Eric Schmidt unveils new book on the future of AI at Princeton University [xFz80aaGeQs].en.txt
[flyxion@volsorium] [2025-01-20 07:36:48] Split /mnt/c/Users/nateg/OneDrive/Documentos/GitHub/quadrivium/cryptomnesia/Eric Schmidt unveils new book on the future of AI at Princeton University [xFz80aaGeQs].en.txt into chunks of 200 lines each.
[flyxion@volsorium] [2025-01-20 07:36:48] Summarizing chunk: chunkaa
[flyxion@volsorium] [2025-01-20 07:37:00] Summarizing chunk: chunkab
[flyxion@volsorium] [2025-01-20 07:37:15] Summarizing chunk: chunkac
[flyxion@volsorium] [2025-01-20 07:37:27] Summarizing chunk: chunkad
[flyxion@volsorium] [2025-01-20 07:37:44] Summarizing chunk: chunkae
[flyxion@volsorium] [2025-01-20 07:37:52] Summarizing chunk: chunkaf
[flyxion@volsorium] [2025-01-20 07:38:06] Summarizing chunk: chunkag
[flyxion@volsorium] [2025-01-20 07:38:18] Summarizing chunk: chunkah
[flyxion@volsorium] [2025-01-20 07:38:26] Processed and cleaned up: Eric Schmidt unveils new book on the future of AI at Princeton University [xFz80aaGeQs].en.txt
Eric Schmidt unveils new book on the future of AI at Princeton University [xFz80aaGeQs].en.txt completed
[flyxion@volsorium] [2025-01-20 07:38:26] Processing file: /mnt/c/Users/nateg/OneDrive/Documentos/GitHub/quadrivium/cryptomnesia/Everybody wants to waste your time [56EyKNjhUDY].en.txt
[flyxion@volsorium] [2025-01-20 07:38:26] Split /mnt/c/Users/nateg/OneDrive/Documentos/GitHub/quadrivium/cryptomnesia/Everybody wants to waste your time [56EyKNjhUDY].en.txt into chunks of 200 lines each.
[flyxion@volsorium] [2025-01-20 07:38:26] Summarizing chunk: chunkaa
[flyxion@volsorium] [2025-01-20 07:38:34] Summarizing chunk: chunkab
[flyxion@volsorium] [2025-01-20 07:38:46] Summarizing chunk: chunkac
[flyxion@volsorium] [2025-01-20 07:38:56] Summarizing chunk: chunkad
[flyxion@volsorium] [2025-01-20 07:39:09] Summarizing chunk: chunkae
[flyxion@volsorium] [2025-01-20 07:39:18] Processed and cleaned up: Everybody wants to waste your time [56EyKNjhUDY].en.txt
Everybody wants to waste your time [56EyKNjhUDY].en.txt completed
[flyxion@volsorium] [2025-01-20 07:39:18] Processing file: /mnt/c/Users/nateg/OneDrive/Documentos/GitHub/quadrivium/cryptomnesia/Evolution： A Theory in Crisis - Peter Saunders interviews John Lennox [9fqkVkW8RO4].en.txt
[flyxion@volsorium] [2025-01-20 07:39:19] Split /mnt/c/Users/nateg/OneDrive/Documentos/GitHub/quadrivium/cryptomnesia/Evolution： A Theory in Crisis - Peter Saunders interviews John Lennox [9fqkVkW8RO4].en.txt into chunks of 200 lines each.
[flyxion@volsorium] [2025-01-20 07:39:19] Summarizing chunk: chunkaa
[flyxion@volsorium] [2025-01-20 07:39:34] Summarizing chunk: chunkab
[flyxion@volsorium] [2025-01-20 07:39:46] Summarizing chunk: chunkac
[flyxion@volsorium] [2025-01-20 07:40:05] Summarizing chunk: chunkad
[flyxion@volsorium] [2025-01-20 07:40:18] Summarizing chunk: chunkae
[flyxion@volsorium] [2025-01-20 07:40:33] Summarizing chunk: chunkaf
[flyxion@volsorium] [2025-01-20 07:40:48] Summarizing chunk: chunkag
[flyxion@volsorium] [2025-01-20 07:40:56] Processed and cleaned up: Evolution： A Theory in Crisis - Peter Saunders interviews John Lennox [9fqkVkW8RO4].en.txt
Evolution： A Theory in Crisis - Peter Saunders interviews John Lennox [9fqkVkW8RO4].en.txt completed
[flyxion@volsorium] [2025-01-20 07:40:56] Processing file: /mnt/c/Users/nateg/OneDrive/Documentos/GitHub/quadrivium/cryptomnesia/Exceeding Earth's Safe Limits with Johan Rockström ｜ TGS 134 [JaboF3vAsZs].en.txt
[flyxion@volsorium] [2025-01-20 07:40:56] Split /mnt/c/Users/nateg/OneDrive/Documentos/GitHub/quadrivium/cryptomnesia/Exceeding Earth's Safe Limits with Johan Rockström ｜ TGS 134 [JaboF3vAsZs].en.txt into chunks of 200 lines each.
[flyxion@volsorium] [2025-01-20 07:40:56] Summarizing chunk: chunkaa
[flyxion@volsorium] [2025-01-20 07:41:08] Summarizing chunk: chunkab
[flyxion@volsorium] [2025-01-20 07:41:19] Summarizing chunk: chunkac
[flyxion@volsorium] [2025-01-20 07:41:32] Summarizing chunk: chunkad
[flyxion@volsorium] [2025-01-20 07:41:45] Summarizing chunk: chunkae
[flyxion@volsorium] [2025-01-20 07:41:59] Summarizing chunk: chunkaf
[flyxion@volsorium] [2025-01-20 07:42:07] Summarizing chunk: chunkag
[flyxion@volsorium] [2025-01-20 07:42:19] Summarizing chunk: chunkah
[flyxion@volsorium] [2025-01-20 07:42:30] Summarizing chunk: chunkai
[flyxion@volsorium] [2025-01-20 07:42:40] Summarizing chunk: chunkaj
[flyxion@volsorium] [2025-01-20 07:42:51] Summarizing chunk: chunkak
[flyxion@volsorium] [2025-01-20 07:43:00] Processed and cleaned up: Exceeding Earth's Safe Limits with Johan Rockström ｜ TGS 134 [JaboF3vAsZs].en.txt
Exceeding Earth's Safe Limits with Johan Rockström ｜ TGS 134 [JaboF3vAsZs].en.txt completed
[flyxion@volsorium] [2025-01-20 07:43:00] Processing file: /mnt/c/Users/nateg/OneDrive/Documentos/GitHub/quadrivium/cryptomnesia/Exploring the Mind： John Vervaeke on Relevance Realization and Consciousness [Ev5LWNXzET4].en.txt
[flyxion@volsorium] [2025-01-20 07:43:00] Split /mnt/c/Users/nateg/OneDrive/Documentos/GitHub/quadrivium/cryptomnesia/Exploring the Mind： John Vervaeke on Relevance Realization and Consciousness [Ev5LWNXzET4].en.txt into chunks of 200 lines each.
[flyxion@volsorium] [2025-01-20 07:43:00] Summarizing chunk: chunkaa
[flyxion@volsorium] [2025-01-20 07:43:10] Summarizing chunk: chunkab
[flyxion@volsorium] [2025-01-20 07:43:23] Summarizing chunk: chunkac
[flyxion@volsorium] [2025-01-20 07:43:36] Summarizing chunk: chunkad
[flyxion@volsorium] [2025-01-20 07:43:47] Summarizing chunk: chunkae
[flyxion@volsorium] [2025-01-20 07:44:01] Summarizing chunk: chunkaf
[flyxion@volsorium] [2025-01-20 07:44:13] Summarizing chunk: chunkag
[flyxion@volsorium] [2025-01-20 07:44:26] Summarizing chunk: chunkah
[flyxion@volsorium] [2025-01-20 07:44:36] Summarizing chunk: chunkai
[flyxion@volsorium] [2025-01-20 07:44:53] Summarizing chunk: chunkaj
[flyxion@volsorium] [2025-01-20 07:45:06] Summarizing chunk: chunkak
[flyxion@volsorium] [2025-01-20 07:45:20] Summarizing chunk: chunkal
[flyxion@volsorium] [2025-01-20 07:45:31] Summarizing chunk: chunkam
[flyxion@volsorium] [2025-01-20 07:45:46] Summarizing chunk: chunkan
[flyxion@volsorium] [2025-01-20 07:45:55] Processed and cleaned up: Exploring the Mind： John Vervaeke on Relevance Realization and Consciousness [Ev5LWNXzET4].en.txt
Exploring the Mind： John Vervaeke on Relevance Realization and Consciousness [Ev5LWNXzET4].en.txt completed
[flyxion@volsorium] [2025-01-20 07:45:55] Processing file: /mnt/c/Users/nateg/OneDrive/Documentos/GitHub/quadrivium/cryptomnesia/Exploring the Prosodic Dimension： Beyond Text in Spoken Communication ｜ Catherine Lai ｜ UKIS 2024 [nx8dZQn_0ow].en.txt
[flyxion@volsorium] [2025-01-20 07:45:55] Split /mnt/c/Users/nateg/OneDrive/Documentos/GitHub/quadrivium/cryptomnesia/Exploring the Prosodic Dimension： Beyond Text in Spoken Communication ｜ Catherine Lai ｜ UKIS 2024 [nx8dZQn_0ow].en.txt into chunks of 200 lines each.
[flyxion@volsorium] [2025-01-20 07:45:55] Summarizing chunk: chunkaa
[flyxion@volsorium] [2025-01-20 07:46:06] Summarizing chunk: chunkab
[flyxion@volsorium] [2025-01-20 07:46:21] Summarizing chunk: chunkac
[flyxion@volsorium] [2025-01-20 07:46:35] Summarizing chunk: chunkad
[flyxion@volsorium] [2025-01-20 07:46:48] Summarizing chunk: chunkae
[flyxion@volsorium] [2025-01-20 07:47:03] Summarizing chunk: chunkaf
[flyxion@volsorium] [2025-01-20 07:47:15] Summarizing chunk: chunkag
[flyxion@volsorium] [2025-01-20 07:47:22] Processed and cleaned up: Exploring the Prosodic Dimension： Beyond Text in Spoken Communication ｜ Catherine Lai ｜ UKIS 2024 [nx8dZQn_0ow].en.txt
Exploring the Prosodic Dimension： Beyond Text in Spoken Communication ｜ Catherine Lai ｜ UKIS 2024 [nx8dZQn_0ow].en.txt completed
[flyxion@volsorium] [2025-01-20 07:47:22] Processing file: /mnt/c/Users/nateg/OneDrive/Documentos/GitHub/quadrivium/cryptomnesia/FULL SPEECH： Barack Obama’s full speech at the DNC [AxxVM_Vfcck].en.txt
[flyxion@volsorium] [2025-01-20 07:47:22] Split /mnt/c/Users/nateg/OneDrive/Documentos/GitHub/quadrivium/cryptomnesia/FULL SPEECH： Barack Obama’s full speech at the DNC [AxxVM_Vfcck].en.txt into chunks of 200 lines each.
[flyxion@volsorium] [2025-01-20 07:47:22] Summarizing chunk: chunkaa
[flyxion@volsorium] [2025-01-20 07:47:30] Summarizing chunk: chunkab
[flyxion@volsorium] [2025-01-20 07:47:40] Summarizing chunk: chunkac
[flyxion@volsorium] [2025-01-20 07:47:52] Summarizing chunk: chunkad
[flyxion@volsorium] [2025-01-20 07:47:57] Processed and cleaned up: FULL SPEECH： Barack Obama’s full speech at the DNC [AxxVM_Vfcck].en.txt
FULL SPEECH： Barack Obama’s full speech at the DNC [AxxVM_Vfcck].en.txt completed
[flyxion@volsorium] [2025-01-20 07:47:57] Processing file: /mnt/c/Users/nateg/OneDrive/Documentos/GitHub/quadrivium/cryptomnesia/Free will is not an illusion ｜ Denis Noble [et7XUoenAxo].en.txt
[flyxion@volsorium] [2025-01-20 07:47:57] Split /mnt/c/Users/nateg/OneDrive/Documentos/GitHub/quadrivium/cryptomnesia/Free will is not an illusion ｜ Denis Noble [et7XUoenAxo].en.txt into chunks of 200 lines each.
[flyxion@volsorium] [2025-01-20 07:47:58] Summarizing chunk: chunkaa
[flyxion@volsorium] [2025-01-20 07:48:10] Summarizing chunk: chunkab
[flyxion@volsorium] [2025-01-20 07:48:23] Processed and cleaned up: Free will is not an illusion ｜ Denis Noble [et7XUoenAxo].en.txt
Free will is not an illusion ｜ Denis Noble [et7XUoenAxo].en.txt completed
[flyxion@volsorium] [2025-01-20 07:48:23] Processing file: /mnt/c/Users/nateg/OneDrive/Documentos/GitHub/quadrivium/cryptomnesia/Full speech： VP Kamala Harris accepts presidential nomination at 2024 DNC ｜ USA TODAY [Spnt_Epepdo].en.txt
[flyxion@volsorium] [2025-01-20 07:48:23] Split /mnt/c/Users/nateg/OneDrive/Documentos/GitHub/quadrivium/cryptomnesia/Full speech： VP Kamala Harris accepts presidential nomination at 2024 DNC ｜ USA TODAY [Spnt_Epepdo].en.txt into chunks of 200 lines each.
[flyxion@volsorium] [2025-01-20 07:48:23] Summarizing chunk: chunkaa
[flyxion@volsorium] [2025-01-20 07:48:32] Summarizing chunk: chunkab
[flyxion@volsorium] [2025-01-20 07:48:44] Summarizing chunk: chunkac
[flyxion@volsorium] [2025-01-20 07:48:55] Summarizing chunk: chunkad
[flyxion@volsorium] [2025-01-20 07:48:56] Processed and cleaned up: Full speech： VP Kamala Harris accepts presidential nomination at 2024 DNC ｜ USA TODAY [Spnt_Epepdo].en.txt
Full speech： VP Kamala Harris accepts presidential nomination at 2024 DNC ｜ USA TODAY [Spnt_Epepdo].en.txt completed
[flyxion@volsorium] [2025-01-20 07:48:56] Processing file: /mnt/c/Users/nateg/OneDrive/Documentos/GitHub/quadrivium/cryptomnesia/Gen Alpha is Getting WORSE, Mom Goes Viral： ＂My kid scares me＂ [smd-Mg24hRI].en.txt
[flyxion@volsorium] [2025-01-20 07:48:56] Split /mnt/c/Users/nateg/OneDrive/Documentos/GitHub/quadrivium/cryptomnesia/Gen Alpha is Getting WORSE, Mom Goes Viral： ＂My kid scares me＂ [smd-Mg24hRI].en.txt into chunks of 200 lines each.
[flyxion@volsorium] [2025-01-20 07:48:56] Summarizing chunk: chunkaa
[flyxion@volsorium] [2025-01-20 07:49:05] Summarizing chunk: chunkab
[flyxion@volsorium] [2025-01-20 07:49:20] Summarizing chunk: chunkac
[flyxion@volsorium] [2025-01-20 07:49:33] Summarizing chunk: chunkad
[flyxion@volsorium] [2025-01-20 07:49:47] Processed and cleaned up: Gen Alpha is Getting WORSE, Mom Goes Viral： ＂My kid scares me＂ [smd-Mg24hRI].en.txt
Gen Alpha is Getting WORSE, Mom Goes Viral： ＂My kid scares me＂ [smd-Mg24hRI].en.txt completed
[flyxion@volsorium] [2025-01-20 07:49:47] Processing file: /mnt/c/Users/nateg/OneDrive/Documentos/GitHub/quadrivium/cryptomnesia/Generative AI and the decolonisation of academic communication - research podcast [TsGdTSRhNPI].en-GB.txt
[flyxion@volsorium] [2025-01-20 07:49:47] Split /mnt/c/Users/nateg/OneDrive/Documentos/GitHub/quadrivium/cryptomnesia/Generative AI and the decolonisation of academic communication - research podcast [TsGdTSRhNPI].en-GB.txt into chunks of 200 lines each.
[flyxion@volsorium] [2025-01-20 07:49:47] Summarizing chunk: chunkaa
[flyxion@volsorium] [2025-01-20 07:50:00] Processed and cleaned up: Generative AI and the decolonisation of academic communication - research podcast [TsGdTSRhNPI].en-GB.txt
Generative AI and the decolonisation of academic communication - research podcast [TsGdTSRhNPI].en-GB.txt completed
[flyxion@volsorium] [2025-01-20 07:50:00] Processing file: /mnt/c/Users/nateg/OneDrive/Documentos/GitHub/quadrivium/cryptomnesia/Generative AI in a Nutshell - how to survive and thrive in the age of AI [2IK3DFHRFfw].en.txt
[flyxion@volsorium] [2025-01-20 07:50:00] Split /mnt/c/Users/nateg/OneDrive/Documentos/GitHub/quadrivium/cryptomnesia/Generative AI in a Nutshell - how to survive and thrive in the age of AI [2IK3DFHRFfw].en.txt into chunks of 200 lines each.
[flyxion@volsorium] [2025-01-20 07:50:00] Summarizing chunk: chunkaa
[flyxion@volsorium] [2025-01-20 07:50:14] Summarizing chunk: chunkab
[flyxion@volsorium] [2025-01-20 07:50:26] Summarizing chunk: chunkac
[flyxion@volsorium] [2025-01-20 07:50:36] Processed and cleaned up: Generative AI in a Nutshell - how to survive and thrive in the age of AI [2IK3DFHRFfw].en.txt
Generative AI in a Nutshell - how to survive and thrive in the age of AI [2IK3DFHRFfw].en.txt completed
[flyxion@volsorium] [2025-01-20 07:50:36] Processing file: /mnt/c/Users/nateg/OneDrive/Documentos/GitHub/quadrivium/cryptomnesia/Genius After Psychoanalysis： A Conversation with Daniel Cho [NRAjkjk3pcA].en.txt
[flyxion@volsorium] [2025-01-20 07:50:36] Split /mnt/c/Users/nateg/OneDrive/Documentos/GitHub/quadrivium/cryptomnesia/Genius After Psychoanalysis： A Conversation with Daniel Cho [NRAjkjk3pcA].en.txt into chunks of 200 lines each.
[flyxion@volsorium] [2025-01-20 07:50:36] Summarizing chunk: chunkaa
[flyxion@volsorium] [2025-01-20 07:50:50] Summarizing chunk: chunkab
[flyxion@volsorium] [2025-01-20 07:51:04] Summarizing chunk: chunkac
[flyxion@volsorium] [2025-01-20 07:51:20] Summarizing chunk: chunkad
[flyxion@volsorium] [2025-01-20 07:51:32] Summarizing chunk: chunkae
[flyxion@volsorium] [2025-01-20 07:51:44] Summarizing chunk: chunkaf
[flyxion@volsorium] [2025-01-20 07:51:55] Summarizing chunk: chunkag
[flyxion@volsorium] [2025-01-20 07:52:05] Processed and cleaned up: Genius After Psychoanalysis： A Conversation with Daniel Cho [NRAjkjk3pcA].en.txt
Genius After Psychoanalysis： A Conversation with Daniel Cho [NRAjkjk3pcA].en.txt completed
[flyxion@volsorium] [2025-01-20 07:52:05] Processing file: /mnt/c/Users/nateg/OneDrive/Documentos/GitHub/quadrivium/cryptomnesia/Geoffrey Weiss - Has WWIII Already Started？ [IWCSePYdT2U].en.txt
[flyxion@volsorium] [2025-01-20 07:52:05] Split /mnt/c/Users/nateg/OneDrive/Documentos/GitHub/quadrivium/cryptomnesia/Geoffrey Weiss - Has WWIII Already Started？ [IWCSePYdT2U].en.txt into chunks of 200 lines each.
[flyxion@volsorium] [2025-01-20 07:52:05] Summarizing chunk: chunkaa
[flyxion@volsorium] [2025-01-20 07:52:20] Summarizing chunk: chunkab
[flyxion@volsorium] [2025-01-20 07:52:37] Summarizing chunk: chunkac
[flyxion@volsorium] [2025-01-20 07:52:48] Summarizing chunk: chunkad
[flyxion@volsorium] [2025-01-20 07:52:58] Processed and cleaned up: Geoffrey Weiss - Has WWIII Already Started？ [IWCSePYdT2U].en.txt
Geoffrey Weiss - Has WWIII Already Started？ [IWCSePYdT2U].en.txt completed
[flyxion@volsorium] [2025-01-20 07:52:58] Processing file: /mnt/c/Users/nateg/OneDrive/Documentos/GitHub/quadrivium/cryptomnesia/Google Could Change Forever [x0UkcjTWIOQ].en.txt
[flyxion@volsorium] [2025-01-20 07:52:58] Split /mnt/c/Users/nateg/OneDrive/Documentos/GitHub/quadrivium/cryptomnesia/Google Could Change Forever [x0UkcjTWIOQ].en.txt into chunks of 200 lines each.
[flyxion@volsorium] [2025-01-20 07:52:58] Summarizing chunk: chunkaa
[flyxion@volsorium] [2025-01-20 07:53:11] Summarizing chunk: chunkab
[flyxion@volsorium] [2025-01-20 07:53:26] Summarizing chunk: chunkac
[flyxion@volsorium] [2025-01-20 07:53:38] Processed and cleaned up: Google Could Change Forever [x0UkcjTWIOQ].en.txt
Google Could Change Forever [x0UkcjTWIOQ].en.txt completed
[flyxion@volsorium] [2025-01-20 07:53:38] Processing file: /mnt/c/Users/nateg/OneDrive/Documentos/GitHub/quadrivium/cryptomnesia/Google Research Unveils ＂Transformers 2.0＂ aka TITANS [x8jFFhCLDJY].en.txt
[flyxion@volsorium] [2025-01-20 07:53:38] Split /mnt/c/Users/nateg/OneDrive/Documentos/GitHub/quadrivium/cryptomnesia/Google Research Unveils ＂Transformers 2.0＂ aka TITANS [x8jFFhCLDJY].en.txt into chunks of 200 lines each.
[flyxion@volsorium] [2025-01-20 07:53:38] Summarizing chunk: chunkaa
[flyxion@volsorium] [2025-01-20 07:53:50] Summarizing chunk: chunkab
[flyxion@volsorium] [2025-01-20 07:54:02] Summarizing chunk: chunkac
[flyxion@volsorium] [2025-01-20 07:54:12] Processed and cleaned up: Google Research Unveils ＂Transformers 2.0＂ aka TITANS [x8jFFhCLDJY].en.txt
Google Research Unveils ＂Transformers 2.0＂ aka TITANS [x8jFFhCLDJY].en.txt completed
[flyxion@volsorium] [2025-01-20 07:54:12] Processing file: /mnt/c/Users/nateg/OneDrive/Documentos/GitHub/quadrivium/cryptomnesia/Grace Blakeley Explains How To Reform UK Democracy [byDnypzD0Z0].en.txt
[flyxion@volsorium] [2025-01-20 07:54:12] Split /mnt/c/Users/nateg/OneDrive/Documentos/GitHub/quadrivium/cryptomnesia/Grace Blakeley Explains How To Reform UK Democracy [byDnypzD0Z0].en.txt into chunks of 200 lines each.
[flyxion@volsorium] [2025-01-20 07:54:12] Summarizing chunk: chunkaa
[flyxion@volsorium] [2025-01-20 07:54:22] Summarizing chunk: chunkab
[flyxion@volsorium] [2025-01-20 07:54:37] Summarizing chunk: chunkac
[flyxion@volsorium] [2025-01-20 07:54:51] Summarizing chunk: chunkad
[flyxion@volsorium] [2025-01-20 07:55:04] Summarizing chunk: chunkae
[flyxion@volsorium] [2025-01-20 07:55:14] Summarizing chunk: chunkaf
[flyxion@volsorium] [2025-01-20 07:55:23] Summarizing chunk: chunkag
[flyxion@volsorium] [2025-01-20 07:55:35] Summarizing chunk: chunkah
[flyxion@volsorium] [2025-01-20 07:55:48] Summarizing chunk: chunkai
[flyxion@volsorium] [2025-01-20 07:55:53] Processed and cleaned up: Grace Blakeley Explains How To Reform UK Democracy [byDnypzD0Z0].en.txt
Grace Blakeley Explains How To Reform UK Democracy [byDnypzD0Z0].en.txt completed
[flyxion@volsorium] [2025-01-20 07:55:53] Processing file: /mnt/c/Users/nateg/OneDrive/Documentos/GitHub/quadrivium/cryptomnesia/Here’s How America Really Runs Britain ｜ Aaron Bastani meets Angus Hanton [uK7DINiVuPA].en.txt
[flyxion@volsorium] [2025-01-20 07:55:53] Split /mnt/c/Users/nateg/OneDrive/Documentos/GitHub/quadrivium/cryptomnesia/Here’s How America Really Runs Britain ｜ Aaron Bastani meets Angus Hanton [uK7DINiVuPA].en.txt into chunks of 200 lines each.
[flyxion@volsorium] [2025-01-20 07:55:53] Summarizing chunk: chunkaa
[flyxion@volsorium] [2025-01-20 07:56:05] Summarizing chunk: chunkab
[flyxion@volsorium] [2025-01-20 07:56:16] Summarizing chunk: chunkac
