/mnt/c/Users/nateg/OneDrive/Documentos/GitHub/quadrivium/cognetics/Vikings/01 The Vikings in Medieval History.txt
/mnt/c/Users/nateg/OneDrive/Documentos/GitHub/quadrivium/cognetics/Vikings/02 Land and People of Medieval Scandinavia.txt
/mnt/c/Users/nateg/OneDrive/Documentos/GitHub/quadrivium/cognetics/Vikings/03 Scandinavian Society in the Bronze Age.txt
/mnt/c/Users/nateg/OneDrive/Documentos/GitHub/quadrivium/cognetics/Vikings/04 Scandinavia in the Celtic and Roman Ages.txt
/mnt/c/Users/nateg/OneDrive/Documentos/GitHub/quadrivium/cognetics/Vikings/05 The Age of Migrations.txt
/mnt/c/Users/nateg/OneDrive/Documentos/GitHub/quadrivium/cognetics/Vikings/06 The Norse Gods.txt
/mnt/c/Users/nateg/OneDrive/Documentos/GitHub/quadrivium/cognetics/Vikings/07 Runes, Poetry, and Visual Arts.txt
/mnt/c/Users/nateg/OneDrive/Documentos/GitHub/quadrivium/cognetics/Vikings/08 Legendary Kings and Heroes.txt
/mnt/c/Users/nateg/OneDrive/Documentos/GitHub/quadrivium/cognetics/Vikings/09 A Revolution in Shipbuilding.txt
/mnt/c/Users/nateg/OneDrive/Documentos/GitHub/quadrivium/cognetics/Vikings/10 Warfare and Society in the Viking Age.txt
/mnt/c/Users/nateg/OneDrive/Documentos/GitHub/quadrivium/cognetics/Vikings/11 Merchants and Commerce in the Viking Age.txt
/mnt/c/Users/nateg/OneDrive/Documentos/GitHub/quadrivium/cognetics/Vikings/12 Christendom on the Eve of the Viking Age.txt
/mnt/c/Users/nateg/OneDrive/Documentos/GitHub/quadrivium/cognetics/Vikings/13 Viking Raids on the Carolingian Empire.txt
/mnt/c/Users/nateg/OneDrive/Documentos/GitHub/quadrivium/cognetics/Vikings/14 The Duchy of Normandy.txt
/mnt/c/Users/nateg/OneDrive/Documentos/GitHub/quadrivium/cognetics/Vikings/15 Viking Assault on England.txt
/mnt/c/Users/nateg/OneDrive/Documentos/GitHub/quadrivium/cognetics/Vikings/16 The Danelaw.txt
/mnt/c/Users/nateg/OneDrive/Documentos/GitHub/quadrivium/cognetics/Vikings/17 Viking Assault on England.txt
/mnt/c/Users/nateg/OneDrive/Documentos/GitHub/quadrivium/cognetics/Vikings/18 Norse Kings of Dublin and Ireland.txt
/mnt/c/Users/nateg/OneDrive/Documentos/GitHub/quadrivium/cognetics/Vikings/19 The Settlement of Iceland.txt
/mnt/c/Users/nateg/OneDrive/Documentos/GitHub/quadrivium/cognetics/Vikings/20 Iceland - A Frontier Republic.txt
/mnt/c/Users/nateg/OneDrive/Documentos/GitHub/quadrivium/cognetics/Vikings/21 Skaldic Poetry and Sagas.txt
/mnt/c/Users/nateg/OneDrive/Documentos/GitHub/quadrivium/cognetics/Vikings/22 Western Voyages to Greenland and Vinland.txt
/mnt/c/Users/nateg/OneDrive/Documentos/GitHub/quadrivium/cognetics/Vikings/23 Swedes in the Baltic Sea and Russia.txt
/mnt/c/Users/nateg/OneDrive/Documentos/GitHub/quadrivium/cognetics/Vikings/24 The Road to Byzantium.txt
/mnt/c/Users/nateg/OneDrive/Documentos/GitHub/quadrivium/cognetics/Vikings/25 From Varangians into Russians.txt
/mnt/c/Users/nateg/OneDrive/Documentos/GitHub/quadrivium/cognetics/Vikings/26 Transformation of Scandinavian Society.txt
/mnt/c/Users/nateg/OneDrive/Documentos/GitHub/quadrivium/cognetics/Vikings/27 St. Anskar and the First Christian Missions.txt
/mnt/c/Users/nateg/OneDrive/Documentos/GitHub/quadrivium/cognetics/Vikings/28 Formation of the Kingdom of Denmark.txt
/mnt/c/Users/nateg/OneDrive/Documentos/GitHub/quadrivium/cognetics/Vikings/29 Cnut the Great.txt
/mnt/c/Users/nateg/OneDrive/Documentos/GitHub/quadrivium/cognetics/Vikings/30 Collapse of Cnut's Empire.txt
/mnt/c/Users/nateg/OneDrive/Documentos/GitHub/quadrivium/cognetics/Vikings/31 Jarls and Sea Kings of Norway.txt
/mnt/c/Users/nateg/OneDrive/Documentos/GitHub/quadrivium/cognetics/Vikings/32 St. Olaf of Norway.txt
/mnt/c/Users/nateg/OneDrive/Documentos/GitHub/quadrivium/cognetics/Vikings/33 Kings of the Swedes and Goths.txt
/mnt/c/Users/nateg/OneDrive/Documentos/GitHub/quadrivium/cognetics/Vikings/34 Christianization and Economic Change.txt
/mnt/c/Users/nateg/OneDrive/Documentos/GitHub/quadrivium/cognetics/Vikings/35 From Vikings to Crusaders.txt
/mnt/c/Users/nateg/OneDrive/Documentos/GitHub/quadrivium/cognetics/Vikings/36 The Viking Legacy.txt
