/mnt/c/Users/nateg/OneDrive/Documentos/GitHub/quadrivium/cognetics/Quantum Physics/01 The Quantum Enigma.txt
/mnt/c/Users/nateg/OneDrive/Documentos/GitHub/quadrivium/cognetics/Quantum Physics/02 The View From 1900.txt
/mnt/c/Users/nateg/OneDrive/Documentos/GitHub/quadrivium/cognetics/Quantum Physics/03 Two Revolutionaries - Planck and Einstein.txt
/mnt/c/Users/nateg/OneDrive/Documentos/GitHub/quadrivium/cognetics/Quantum Physics/04 Particles of Light, Waves of Matter.txt
/mnt/c/Users/nateg/OneDrive/Documentos/GitHub/quadrivium/cognetics/Quantum Physics/05 Standing waves and Stable atoms.txt
/mnt/c/Users/nateg/OneDrive/Documentos/GitHub/quadrivium/cognetics/Quantum Physics/06 Uncertainty.txt
/mnt/c/Users/nateg/OneDrive/Documentos/GitHub/quadrivium/cognetics/Quantum Physics/07 Complementarity and the Great Debate.txt
/mnt/c/Users/nateg/OneDrive/Documentos/GitHub/quadrivium/cognetics/Quantum Physics/08 Paradoxes of Interferences.txt
/mnt/c/Users/nateg/OneDrive/Documentos/GitHub/quadrivium/cognetics/Quantum Physics/09 States, Amplitudes, and Probabilities.txt
/mnt/c/Users/nateg/OneDrive/Documentos/GitHub/quadrivium/cognetics/Quantum Physics/10 Particles That Spin.txt
/mnt/c/Users/nateg/OneDrive/Documentos/GitHub/quadrivium/cognetics/Quantum Physics/11 Quantum Twins .txt
/mnt/c/Users/nateg/OneDrive/Documentos/GitHub/quadrivium/cognetics/Quantum Physics/12 The Gregarious Particles .txt
/mnt/c/Users/nateg/OneDrive/Documentos/GitHub/quadrivium/cognetics/Quantum Physics/13 Antisymmetric and Antisocial.txt
/mnt/c/Users/nateg/OneDrive/Documentos/GitHub/quadrivium/cognetics/Quantum Physics/14 The Most Important Minus Sign in the World.txt
/mnt/c/Users/nateg/OneDrive/Documentos/GitHub/quadrivium/cognetics/Quantum Physics/15 Entanglement.txt
/mnt/c/Users/nateg/OneDrive/Documentos/GitHub/quadrivium/cognetics/Quantum Physics/16 Bell and Beyond.txt
/mnt/c/Users/nateg/OneDrive/Documentos/GitHub/quadrivium/cognetics/Quantum Physics/17 All the Myriad Ways .txt
/mnt/c/Users/nateg/OneDrive/Documentos/GitHub/quadrivium/cognetics/Quantum Physics/18 Much Ado about Nothing .txt
/mnt/c/Users/nateg/OneDrive/Documentos/GitHub/quadrivium/cognetics/Quantum Physics/19 Quantum Cloning .txt
/mnt/c/Users/nateg/OneDrive/Documentos/GitHub/quadrivium/cognetics/Quantum Physics/20 Quantum Cryptography .txt
/mnt/c/Users/nateg/OneDrive/Documentos/GitHub/quadrivium/cognetics/Quantum Physics/21 Bits, Qubits, and Ebits .txt
/mnt/c/Users/nateg/OneDrive/Documentos/GitHub/quadrivium/cognetics/Quantum Physics/22 Quantum Computers.txt
/mnt/c/Users/nateg/OneDrive/Documentos/GitHub/quadrivium/cognetics/Quantum Physics/23 Many Worlds or One .txt
/mnt/c/Users/nateg/OneDrive/Documentos/GitHub/quadrivium/cognetics/Quantum Physics/24 The Great Smoky Dragon .txt
