/mnt/c/Users/nateg/OneDrive/Documentos/GitHub/quadrivium/cognetics/Major Transitions in Evolution/1518_01 Macroevolution and Major Transitions.txt
/mnt/c/Users/nateg/OneDrive/Documentos/GitHub/quadrivium/cognetics/Major Transitions in Evolution/1518_02 Paleontology and Geologic Time.txt
/mnt/c/Users/nateg/OneDrive/Documentos/GitHub/quadrivium/cognetics/Major Transitions in Evolution/1518_03 Single-Celled Life-Prokaryotes to Eukaryotes.txt
/mnt/c/Users/nateg/OneDrive/Documentos/GitHub/quadrivium/cognetics/Major Transitions in Evolution/1518_04 Metazoans-The Earliest Multicellular Animals.txt
/mnt/c/Users/nateg/OneDrive/Documentos/GitHub/quadrivium/cognetics/Major Transitions in Evolution/1518_05 The Development of Skeletons.txt
/mnt/c/Users/nateg/OneDrive/Documentos/GitHub/quadrivium/cognetics/Major Transitions in Evolution/1518_06 The Rise of Vertebrates.txt
/mnt/c/Users/nateg/OneDrive/Documentos/GitHub/quadrivium/cognetics/Major Transitions in Evolution/1518_07 Colonization of the Land.txt
/mnt/c/Users/nateg/OneDrive/Documentos/GitHub/quadrivium/cognetics/Major Transitions in Evolution/1518_08 Origins of Insects and of Powered Flight.txt
/mnt/c/Users/nateg/OneDrive/Documentos/GitHub/quadrivium/cognetics/Major Transitions in Evolution/1518_09 Seed Plants and the First Forests.txt
/mnt/c/Users/nateg/OneDrive/Documentos/GitHub/quadrivium/cognetics/Major Transitions in Evolution/1518_10 From Fish to 4-Limbed Animals.txt
/mnt/c/Users/nateg/OneDrive/Documentos/GitHub/quadrivium/cognetics/Major Transitions in Evolution/1518_11 The Egg Came First-Early Reptile Evolution.txt
/mnt/c/Users/nateg/OneDrive/Documentos/GitHub/quadrivium/cognetics/Major Transitions in Evolution/1518_12 The Origins and Successes of the Dinosaurs.txt
/mnt/c/Users/nateg/OneDrive/Documentos/GitHub/quadrivium/cognetics/Major Transitions in Evolution/1518_13 Marine and Flying Reptiles.txt
/mnt/c/Users/nateg/OneDrive/Documentos/GitHub/quadrivium/cognetics/Major Transitions in Evolution/1518_14 Birds-The Dinosaurs among Us.txt
/mnt/c/Users/nateg/OneDrive/Documentos/GitHub/quadrivium/cognetics/Major Transitions in Evolution/1518_15 The First Flowers and Pollinator Coevolution.txt
/mnt/c/Users/nateg/OneDrive/Documentos/GitHub/quadrivium/cognetics/Major Transitions in Evolution/1518_16 Egg to Placenta-Early Mammal Evolution.txt
/mnt/c/Users/nateg/OneDrive/Documentos/GitHub/quadrivium/cognetics/Major Transitions in Evolution/1518_17 From Land to Sea-The Evolution of Whales.txt
/mnt/c/Users/nateg/OneDrive/Documentos/GitHub/quadrivium/cognetics/Major Transitions in Evolution/1518_18 Moving on Up-The First Primates.txt
/mnt/c/Users/nateg/OneDrive/Documentos/GitHub/quadrivium/cognetics/Major Transitions in Evolution/1518_19 Apes-Swinging Down from the Trees.txt
/mnt/c/Users/nateg/OneDrive/Documentos/GitHub/quadrivium/cognetics/Major Transitions in Evolution/1518_20 From 4 Legs to 2-The Hominin Radiation.txt
/mnt/c/Users/nateg/OneDrive/Documentos/GitHub/quadrivium/cognetics/Major Transitions in Evolution/1518_21 First Humans-Toolmakers and Hunter-Gatherers.txt
/mnt/c/Users/nateg/OneDrive/Documentos/GitHub/quadrivium/cognetics/Major Transitions in Evolution/1518_22 From Homo to sapiens-Talking and Thinking.txt
/mnt/c/Users/nateg/OneDrive/Documentos/GitHub/quadrivium/cognetics/Major Transitions in Evolution/1518_23 Our Accelerating Evolution.txt
/mnt/c/Users/nateg/OneDrive/Documentos/GitHub/quadrivium/cognetics/Major Transitions in Evolution/1518_24 Reflections on Major Transitions.txt
