/mnt/c/Users/nateg/OneDrive/Documentos/GitHub/quadrivium/metacrisis/The Seeking/A Republic, If You Can Keep It w⧸ Daniel Schmachtenberger @ Zion 2.0.txt
/mnt/c/Users/nateg/OneDrive/Documentos/GitHub/quadrivium/metacrisis/The Seeking/Addressing the Sensemaking Crisis： The Consilience Project w⧸ Daniel Schmachtenberger @ Dent.txt
/mnt/c/Users/nateg/OneDrive/Documentos/GitHub/quadrivium/metacrisis/The Seeking/Being & Becoming, The Bledsoe Show - Daniel Schmachtenberger.txt
/mnt/c/Users/nateg/OneDrive/Documentos/GitHub/quadrivium/metacrisis/The Seeking/Biohacking Nootropics for Better Brain Function - Daniel Schmachtenberger, Anthony DiClementi.txt
/mnt/c/Users/nateg/OneDrive/Documentos/GitHub/quadrivium/metacrisis/The Seeking/Civilization as a Paperclip Maximizer - Daniel Schmachtenberger.txt
/mnt/c/Users/nateg/OneDrive/Documentos/GitHub/quadrivium/metacrisis/The Seeking/Current State of Medicine & Health Care - Daniel Schmachtenberger.txt
/mnt/c/Users/nateg/OneDrive/Documentos/GitHub/quadrivium/metacrisis/The Seeking/Epistemology & the Making of Sense - Daniel Schmachtenberger at the Buckminster Fuller Institute.txt
/mnt/c/Users/nateg/OneDrive/Documentos/GitHub/quadrivium/metacrisis/The Seeking/Ethics, Wellbeing & Philosophy of Science, Unbeatable Mind - Daniel Schmachtenberger.txt
/mnt/c/Users/nateg/OneDrive/Documentos/GitHub/quadrivium/metacrisis/The Seeking/Exponential Medicine & Brain Health - Daniel Schmachtenberger.txt
/mnt/c/Users/nateg/OneDrive/Documentos/GitHub/quadrivium/metacrisis/The Seeking/Exponential Systems Approach to Health and Wellness - Dan Stickler, Daniel Schmachtenberger.txt
/mnt/c/Users/nateg/OneDrive/Documentos/GitHub/quadrivium/metacrisis/The Seeking/Historical & Situational Assessment - Daniel Schmachtenberger, Wade Davis @ Virtual Burning Man 2020.txt
/mnt/c/Users/nateg/OneDrive/Documentos/GitHub/quadrivium/metacrisis/The Seeking/How to Become an Agent for Evolution - Daniel Schmachtenberger @ Radical Brilliance Podcast.txt
/mnt/c/Users/nateg/OneDrive/Documentos/GitHub/quadrivium/metacrisis/The Seeking/How to Shift Your Perception and Accelerate Your Evolution - Daniel Schmachtenberger @ SoulTalk.txt
/mnt/c/Users/nateg/OneDrive/Documentos/GitHub/quadrivium/metacrisis/The Seeking/Markets, Exponential Technology & Transitionary Systems - Daniel Schmachtenberger.txt
/mnt/c/Users/nateg/OneDrive/Documentos/GitHub/quadrivium/metacrisis/The Seeking/Optimizing the Human Experience, Ronnie Landis podcast - Daniel Schmachtenberger.txt
/mnt/c/Users/nateg/OneDrive/Documentos/GitHub/quadrivium/metacrisis/The Seeking/Overcoming Existential Risks by Redesigning Civilization - Daniel Schmachtenberger @ The Disruptors.txt
/mnt/c/Users/nateg/OneDrive/Documentos/GitHub/quadrivium/metacrisis/The Seeking/Perspectives - Daniel Schmachtenberger, Fedor Holz.txt
/mnt/c/Users/nateg/OneDrive/Documentos/GitHub/quadrivium/metacrisis/The Seeking/The Future of Medicine - Daniel Schmachtenberger.txt
/mnt/c/Users/nateg/OneDrive/Documentos/GitHub/quadrivium/metacrisis/The Seeking/Ubiquitous Psychopathology - Daniel Schmachtenberger.txt
/mnt/c/Users/nateg/OneDrive/Documentos/GitHub/quadrivium/metacrisis/The Seeking/Upgrade Your Consciousness - Daniel Schmachtenberger.txt
/mnt/c/Users/nateg/OneDrive/Documentos/GitHub/quadrivium/metacrisis/The Seeking/Utopia or Bust： Designing a Non Self-Terminating Civilization - Daniel Schmachtenberger.txt
/mnt/c/Users/nateg/OneDrive/Documentos/GitHub/quadrivium/metacrisis/The Seeking/Wellbeing, Health & Healing in a Complex World - Daniel Schmachtenberger (2019).txt
/mnt/c/Users/nateg/OneDrive/Documentos/GitHub/quadrivium/metacrisis/The Seeking/Where Do Good Ideas Come From - Daniel Schmachtenberger @ Radical Brilliance Podcast.txt
