/mnt/c/Users/nateg/OneDrive/Documentos/GitHub/quadrivium/cognetics/History of Life/01 The Interconnected Earth.txt
/mnt/c/Users/nateg/OneDrive/Documentos/GitHub/quadrivium/cognetics/History of Life/02 The Vast Depths of Earth Time.txt
/mnt/c/Users/nateg/OneDrive/Documentos/GitHub/quadrivium/cognetics/History of Life/03 Fossil Clocks.txt
/mnt/c/Users/nateg/OneDrive/Documentos/GitHub/quadrivium/cognetics/History of Life/04 Paleontologists as Detectives.txt
/mnt/c/Users/nateg/OneDrive/Documentos/GitHub/quadrivium/cognetics/History of Life/05 The Shifting Surface of Planet Earth.txt
/mnt/c/Users/nateg/OneDrive/Documentos/GitHub/quadrivium/cognetics/History of Life/06 Earliest Origins—Formation of the Planet.txt
/mnt/c/Users/nateg/OneDrive/Documentos/GitHub/quadrivium/cognetics/History of Life/07 Origins of Land, Ocean, and Air.txt
/mnt/c/Users/nateg/OneDrive/Documentos/GitHub/quadrivium/cognetics/History of Life/08 The Early Chemical Evolution of Life.txt
/mnt/c/Users/nateg/OneDrive/Documentos/GitHub/quadrivium/cognetics/History of Life/09 Hints of the First Life Forms.txt
/mnt/c/Users/nateg/OneDrive/Documentos/GitHub/quadrivium/cognetics/History of Life/10 How Life Transformed the Early Earth.txt
/mnt/c/Users/nateg/OneDrive/Documentos/GitHub/quadrivium/cognetics/History of Life/11 Snowball Earth—Another Crisis.txt
/mnt/c/Users/nateg/OneDrive/Documentos/GitHub/quadrivium/cognetics/History of Life/12 Metazoans—Life Grows Up.txt
/mnt/c/Users/nateg/OneDrive/Documentos/GitHub/quadrivium/cognetics/History of Life/13 Incredible Variety—The Cambrian Explosion.txt
/mnt/c/Users/nateg/OneDrive/Documentos/GitHub/quadrivium/cognetics/History of Life/14 Window to a Lost World—The Burgess Shale.txt
/mnt/c/Users/nateg/OneDrive/Documentos/GitHub/quadrivium/cognetics/History of Life/15 The Forgotten Fossils in Earth’s Story.txt
/mnt/c/Users/nateg/OneDrive/Documentos/GitHub/quadrivium/cognetics/History of Life/16 Introduction to the Great Mass Extinctions.txt
/mnt/c/Users/nateg/OneDrive/Documentos/GitHub/quadrivium/cognetics/History of Life/17 The Collapse of Earth’s First Eden.txt
/mnt/c/Users/nateg/OneDrive/Documentos/GitHub/quadrivium/cognetics/History of Life/18 Making the Break for Land.txt
/mnt/c/Users/nateg/OneDrive/Documentos/GitHub/quadrivium/cognetics/History of Life/19 Getting a Backbone—The Story of Vertebrates.txt
/mnt/c/Users/nateg/OneDrive/Documentos/GitHub/quadrivium/cognetics/History of Life/20 The Evolution of Jaws.txt
/mnt/c/Users/nateg/OneDrive/Documentos/GitHub/quadrivium/cognetics/History of Life/21 These Limbs Were Made for Walking.txt
/mnt/c/Users/nateg/OneDrive/Documentos/GitHub/quadrivium/cognetics/History of Life/22 Tiktaalik—The Search for a Fishapod.txt
/mnt/c/Users/nateg/OneDrive/Documentos/GitHub/quadrivium/cognetics/History of Life/23 Carboniferous Giants and Coal.txt
/mnt/c/Users/nateg/OneDrive/Documentos/GitHub/quadrivium/cognetics/History of Life/24 Amniotes—The Shape of Things to Come.txt
/mnt/c/Users/nateg/OneDrive/Documentos/GitHub/quadrivium/cognetics/History of Life/25 Permian Extinction—Life’s Worst Catastrophe.txt
/mnt/c/Users/nateg/OneDrive/Documentos/GitHub/quadrivium/cognetics/History of Life/26 Finding the Killer—The Greenhouse Earth.txt
/mnt/c/Users/nateg/OneDrive/Documentos/GitHub/quadrivium/cognetics/History of Life/27 The Dinosaurs Take Over.txt
/mnt/c/Users/nateg/OneDrive/Documentos/GitHub/quadrivium/cognetics/History of Life/28 Letting the Dinosaurs Speak—Paleobehavior.txt
/mnt/c/Users/nateg/OneDrive/Documentos/GitHub/quadrivium/cognetics/History of Life/29 Conquering the Air—The Evolution of Flight.txt
/mnt/c/Users/nateg/OneDrive/Documentos/GitHub/quadrivium/cognetics/History of Life/30 Monsters of the Deep—Mesozoic Oceans.txt
/mnt/c/Users/nateg/OneDrive/Documentos/GitHub/quadrivium/cognetics/History of Life/31 The Cretaceous Earth—A Tropical Planet.txt
/mnt/c/Users/nateg/OneDrive/Documentos/GitHub/quadrivium/cognetics/History of Life/32 The Sky Is Falling—End of the Dinosaurs.txt
/mnt/c/Users/nateg/OneDrive/Documentos/GitHub/quadrivium/cognetics/History of Life/33 The Collision of North and South America.txt
/mnt/c/Users/nateg/OneDrive/Documentos/GitHub/quadrivium/cognetics/History of Life/34 The Rise of Mammals and the Last Ice Age.txt
/mnt/c/Users/nateg/OneDrive/Documentos/GitHub/quadrivium/cognetics/History of Life/35 The Humble Origins of Human Beings.txt
/mnt/c/Users/nateg/OneDrive/Documentos/GitHub/quadrivium/cognetics/History of Life/36 The Conscious Earth.txt
