/mnt/c/Users/nateg/OneDrive/Documentos/GitHub/quadrivium/cognetics/World War II - A Military and Social History/01 The Origins of the Second World War.txt
/mnt/c/Users/nateg/OneDrive/Documentos/GitHub/quadrivium/cognetics/World War II - A Military and Social History/02 Hitler's Challenge to the International System, 1933-1936.txt
/mnt/c/Users/nateg/OneDrive/Documentos/GitHub/quadrivium/cognetics/World War II - A Military and Social History/03 The Failure of the International System.txt
/mnt/c/Users/nateg/OneDrive/Documentos/GitHub/quadrivium/cognetics/World War II - A Military and Social History/04 The Coming of War.txt
/mnt/c/Users/nateg/OneDrive/Documentos/GitHub/quadrivium/cognetics/World War II - A Military and Social History/05 Blitzkrieg.txt
/mnt/c/Users/nateg/OneDrive/Documentos/GitHub/quadrivium/cognetics/World War II - A Military and Social History/06 The German Offensive in the West.txt
/mnt/c/Users/nateg/OneDrive/Documentos/GitHub/quadrivium/cognetics/World War II - A Military and Social History/07 'Their Finest Hour' - Britain Alone.txt
/mnt/c/Users/nateg/OneDrive/Documentos/GitHub/quadrivium/cognetics/World War II - A Military and Social History/08 The Battle of Britain.txt
/mnt/c/Users/nateg/OneDrive/Documentos/GitHub/quadrivium/cognetics/World War II - A Military and Social History/09 Hitler Moves East.txt
/mnt/c/Users/nateg/OneDrive/Documentos/GitHub/quadrivium/cognetics/World War II - A Military and Social History/10 The Germans Before Moscow.txt
/mnt/c/Users/nateg/OneDrive/Documentos/GitHub/quadrivium/cognetics/World War II - A Military and Social History/11 The War in Asia.txt
/mnt/c/Users/nateg/OneDrive/Documentos/GitHub/quadrivium/cognetics/World War II - A Military and Social History/12 The Japanese Gamble.txt
/mnt/c/Users/nateg/OneDrive/Documentos/GitHub/quadrivium/cognetics/World War II - A Military and Social History/13 The Height of Japanese Power.txt
/mnt/c/Users/nateg/OneDrive/Documentos/GitHub/quadrivium/cognetics/World War II - A Military and Social History/14 Turning the Tide in the Pacific - Midway and Guadalcanal.txt
/mnt/c/Users/nateg/OneDrive/Documentos/GitHub/quadrivium/cognetics/World War II - A Military and Social History/15 The War in North Africa.txt
/mnt/c/Users/nateg/OneDrive/Documentos/GitHub/quadrivium/cognetics/World War II - A Military and Social History/16 War in the Mediterranean - The Invasions of Sicily and It.txt
/mnt/c/Users/nateg/OneDrive/Documentos/GitHub/quadrivium/cognetics/World War II - A Military and Social History/17 Stalingrad - The Turning Point on the Eastern Front.txt
/mnt/c/Users/nateg/OneDrive/Documentos/GitHub/quadrivium/cognetics/World War II - A Military and Social History/18 Eisenhower and Operation Overlord.txt
/mnt/c/Users/nateg/OneDrive/Documentos/GitHub/quadrivium/cognetics/World War II - A Military and Social History/19 D-Day to Paris.txt
/mnt/c/Users/nateg/OneDrive/Documentos/GitHub/quadrivium/cognetics/World War II - A Military and Social History/20 Operation Market Garden and the Battle of the Bulge.txt
/mnt/c/Users/nateg/OneDrive/Documentos/GitHub/quadrivium/cognetics/World War II - A Military and Social History/21 Advance Across the Pacific.txt
/mnt/c/Users/nateg/OneDrive/Documentos/GitHub/quadrivium/cognetics/World War II - A Military and Social History/22 Turning Point in the Southwest Pacific - Leyte Gulf and t.txt
/mnt/c/Users/nateg/OneDrive/Documentos/GitHub/quadrivium/cognetics/World War II - A Military and Social History/23 The Final Drive for Japan - Iwo Jima, Okinawa, and the Fi.txt
/mnt/c/Users/nateg/OneDrive/Documentos/GitHub/quadrivium/cognetics/World War II - A Military and Social History/24 War in the Air.txt
/mnt/c/Users/nateg/OneDrive/Documentos/GitHub/quadrivium/cognetics/World War II - A Military and Social History/25 Hitler's New Order in Europe.txt
/mnt/c/Users/nateg/OneDrive/Documentos/GitHub/quadrivium/cognetics/World War II - A Military and Social History/26 'This Man's Army'.txt
/mnt/c/Users/nateg/OneDrive/Documentos/GitHub/quadrivium/cognetics/World War II - A Military and Social History/27 Daily Life, Culture, and Society in Wartime.txt
/mnt/c/Users/nateg/OneDrive/Documentos/GitHub/quadrivium/cognetics/World War II - A Military and Social History/28 The Race for Berlin.txt
/mnt/c/Users/nateg/OneDrive/Documentos/GitHub/quadrivium/cognetics/World War II - A Military and Social History/29 Truman, the Bomb, and the End of the War in the Pacific.txt
/mnt/c/Users/nateg/OneDrive/Documentos/GitHub/quadrivium/cognetics/World War II - A Military and Social History/30 The Costs of War.txt
