/mnt/c/Users/nateg/OneDrive/Documentos/GitHub/quadrivium/cognetics/Foundations of Eastern Civilization/01 Journey to the East.txt
/mnt/c/Users/nateg/OneDrive/Documentos/GitHub/quadrivium/cognetics/Foundations of Eastern Civilization/02 Yin and Yang—The Geography of China.txt
/mnt/c/Users/nateg/OneDrive/Documentos/GitHub/quadrivium/cognetics/Foundations of Eastern Civilization/03 Early China and the Mysterious Xia.txt
/mnt/c/Users/nateg/OneDrive/Documentos/GitHub/quadrivium/cognetics/Foundations of Eastern Civilization/04 The Coming of the Shang.txt
/mnt/c/Users/nateg/OneDrive/Documentos/GitHub/quadrivium/cognetics/Foundations of Eastern Civilization/05 The Shang and Writing for the Gods.txt
/mnt/c/Users/nateg/OneDrive/Documentos/GitHub/quadrivium/cognetics/Foundations of Eastern Civilization/06 The Zhou and the Mandate of Heaven.txt
/mnt/c/Users/nateg/OneDrive/Documentos/GitHub/quadrivium/cognetics/Foundations of Eastern Civilization/07 Great Ideas of the Zhou—Confucianism.txt
/mnt/c/Users/nateg/OneDrive/Documentos/GitHub/quadrivium/cognetics/Foundations of Eastern Civilization/08 Great Ideas of the Zhou—Later Confucianism.txt
/mnt/c/Users/nateg/OneDrive/Documentos/GitHub/quadrivium/cognetics/Foundations of Eastern Civilization/09 Great Ideas of the Zhou—Daoism.txt
/mnt/c/Users/nateg/OneDrive/Documentos/GitHub/quadrivium/cognetics/Foundations of Eastern Civilization/10 Great Ideas of the Zhou—Legalism.txt
/mnt/c/Users/nateg/OneDrive/Documentos/GitHub/quadrivium/cognetics/Foundations of Eastern Civilization/11 The Qin and the First Emperor of China.txt
/mnt/c/Users/nateg/OneDrive/Documentos/GitHub/quadrivium/cognetics/Foundations of Eastern Civilization/12 Contact with the West—The Early Han.txt
/mnt/c/Users/nateg/OneDrive/Documentos/GitHub/quadrivium/cognetics/Foundations of Eastern Civilization/13 Triumph and Tragedy—The Later Han.txt
/mnt/c/Users/nateg/OneDrive/Documentos/GitHub/quadrivium/cognetics/Foundations of Eastern Civilization/14 Silk Roads—In the Footsteps of Nomads.txt
/mnt/c/Users/nateg/OneDrive/Documentos/GitHub/quadrivium/cognetics/Foundations of Eastern Civilization/15 Silk Roads—The Envoy Zhang Qian.txt
/mnt/c/Users/nateg/OneDrive/Documentos/GitHub/quadrivium/cognetics/Foundations of Eastern Civilization/16 Silk Roads—Perils of Camels and Caravans.txt
/mnt/c/Users/nateg/OneDrive/Documentos/GitHub/quadrivium/cognetics/Foundations of Eastern Civilization/17 Silk Roads—Rome and Roads from the West.txt
/mnt/c/Users/nateg/OneDrive/Documentos/GitHub/quadrivium/cognetics/Foundations of Eastern Civilization/18 Silk Roads—The Lost Kushan Empire.txt
/mnt/c/Users/nateg/OneDrive/Documentos/GitHub/quadrivium/cognetics/Foundations of Eastern Civilization/19 Origins of Buddhism.txt
/mnt/c/Users/nateg/OneDrive/Documentos/GitHub/quadrivium/cognetics/Foundations of Eastern Civilization/20 The Age of Disunity.txt
/mnt/c/Users/nateg/OneDrive/Documentos/GitHub/quadrivium/cognetics/Foundations of Eastern Civilization/21 The Great Taizong and the Rise of the Tang.txt
/mnt/c/Users/nateg/OneDrive/Documentos/GitHub/quadrivium/cognetics/Foundations of Eastern Civilization/22 Changan and the Glittering Tang.txt
/mnt/c/Users/nateg/OneDrive/Documentos/GitHub/quadrivium/cognetics/Foundations of Eastern Civilization/23 Korea—Mysterious Beginnings.txt
/mnt/c/Users/nateg/OneDrive/Documentos/GitHub/quadrivium/cognetics/Foundations of Eastern Civilization/24 Korea—The Land of Morning Calm.txt
/mnt/c/Users/nateg/OneDrive/Documentos/GitHub/quadrivium/cognetics/Foundations of Eastern Civilization/25 Korea—The Unified Silla.txt
/mnt/c/Users/nateg/OneDrive/Documentos/GitHub/quadrivium/cognetics/Foundations of Eastern Civilization/26 Korea—The Koryo.txt
/mnt/c/Users/nateg/OneDrive/Documentos/GitHub/quadrivium/cognetics/Foundations of Eastern Civilization/27 Japan—Geography and Early Cultures.txt
/mnt/c/Users/nateg/OneDrive/Documentos/GitHub/quadrivium/cognetics/Foundations of Eastern Civilization/28 Japan—Treasures of the Tomb Period.txt
/mnt/c/Users/nateg/OneDrive/Documentos/GitHub/quadrivium/cognetics/Foundations of Eastern Civilization/29 Japan—Nara and the Great Eastern Temple.txt
/mnt/c/Users/nateg/OneDrive/Documentos/GitHub/quadrivium/cognetics/Foundations of Eastern Civilization/30 Japan—The World of the Heian.txt
/mnt/c/Users/nateg/OneDrive/Documentos/GitHub/quadrivium/cognetics/Foundations of Eastern Civilization/31 Southeast Asia—Vietnam.txt
/mnt/c/Users/nateg/OneDrive/Documentos/GitHub/quadrivium/cognetics/Foundations of Eastern Civilization/32 Southeast Asia—Indian and Islamic Influences.txt
/mnt/c/Users/nateg/OneDrive/Documentos/GitHub/quadrivium/cognetics/Foundations of Eastern Civilization/33 The Industrial Revolution of the Song.txt
/mnt/c/Users/nateg/OneDrive/Documentos/GitHub/quadrivium/cognetics/Foundations of Eastern Civilization/34 Intellectual and Cultural Life of the Song.txt
/mnt/c/Users/nateg/OneDrive/Documentos/GitHub/quadrivium/cognetics/Foundations of Eastern Civilization/35 The Mongols Conquer the World.txt
/mnt/c/Users/nateg/OneDrive/Documentos/GitHub/quadrivium/cognetics/Foundations of Eastern Civilization/36 Shaking the Foundation—Mongols in the East.txt
/mnt/c/Users/nateg/OneDrive/Documentos/GitHub/quadrivium/cognetics/Foundations of Eastern Civilization/37 The Rise of the Ming.txt
/mnt/c/Users/nateg/OneDrive/Documentos/GitHub/quadrivium/cognetics/Foundations of Eastern Civilization/38 Great Treasure Fleets of the Ming.txt
/mnt/c/Users/nateg/OneDrive/Documentos/GitHub/quadrivium/cognetics/Foundations of Eastern Civilization/39 The Qing—Nomads Return from the North.txt
/mnt/c/Users/nateg/OneDrive/Documentos/GitHub/quadrivium/cognetics/Foundations of Eastern Civilization/40 The Qing—The Last Emperor of China.txt
/mnt/c/Users/nateg/OneDrive/Documentos/GitHub/quadrivium/cognetics/Foundations of Eastern Civilization/41 Korea Choson—Rise of the Yangban.txt
/mnt/c/Users/nateg/OneDrive/Documentos/GitHub/quadrivium/cognetics/Foundations of Eastern Civilization/42 Korea Choson—The Last Dynasty.txt
/mnt/c/Users/nateg/OneDrive/Documentos/GitHub/quadrivium/cognetics/Foundations of Eastern Civilization/43 Medieval Japan—Samurai and Shoguns.txt
/mnt/c/Users/nateg/OneDrive/Documentos/GitHub/quadrivium/cognetics/Foundations of Eastern Civilization/44 Tokugawa and Meiji Japan.txt
/mnt/c/Users/nateg/OneDrive/Documentos/GitHub/quadrivium/cognetics/Foundations of Eastern Civilization/45 The People’s Republic of China.txt
/mnt/c/Users/nateg/OneDrive/Documentos/GitHub/quadrivium/cognetics/Foundations of Eastern Civilization/46 Isolation and Cold War Conflicts.txt
/mnt/c/Users/nateg/OneDrive/Documentos/GitHub/quadrivium/cognetics/Foundations of Eastern Civilization/47 The Rise of the East Asian Tigers.txt
/mnt/c/Users/nateg/OneDrive/Documentos/GitHub/quadrivium/cognetics/Foundations of Eastern Civilization/48 The Enduring Ideas of Eastern Civilization.txt
