/mnt/c/Users/nateg/OneDrive/Documentos/GitHub/quadrivium/cognetics/Will to Power - The Philosophy of Friedrich Nietzsche/L01.24 - Why Read Nietzsche.txt
/mnt/c/Users/nateg/OneDrive/Documentos/GitHub/quadrivium/cognetics/Will to Power - The Philosophy of Friedrich Nietzsche/L02.24 - Quashing the Rumors About Nietzsche.txt
/mnt/c/Users/nateg/OneDrive/Documentos/GitHub/quadrivium/cognetics/Will to Power - The Philosophy of Friedrich Nietzsche/L03.24 - The Fusion of Philosophy and Psychology.txt
/mnt/c/Users/nateg/OneDrive/Documentos/GitHub/quadrivium/cognetics/Will to Power - The Philosophy of Friedrich Nietzsche/L04.24 - 'God is Dead' - Nietzsche and Christianity.txt
/mnt/c/Users/nateg/OneDrive/Documentos/GitHub/quadrivium/cognetics/Will to Power - The Philosophy of Friedrich Nietzsche/L05.24 - Nietzsche and the Greeks.txt
/mnt/c/Users/nateg/OneDrive/Documentos/GitHub/quadrivium/cognetics/Will to Power - The Philosophy of Friedrich Nietzsche/L06.24 - Why the Greeks Were So Beautiful - Nietzsche on Tragedy.txt
/mnt/c/Users/nateg/OneDrive/Documentos/GitHub/quadrivium/cognetics/Will to Power - The Philosophy of Friedrich Nietzsche/L07.24 - Nietzsche and Schopenhauer on Pessimism.txt
/mnt/c/Users/nateg/OneDrive/Documentos/GitHub/quadrivium/cognetics/Will to Power - The Philosophy of Friedrich Nietzsche/L08.24 - Nietzsche, Jesus, Zarathustra.txt
/mnt/c/Users/nateg/OneDrive/Documentos/GitHub/quadrivium/cognetics/Will to Power - The Philosophy of Friedrich Nietzsche/L09.24 - Nietzsche on Reason, Instinct and Passion.txt
/mnt/c/Users/nateg/OneDrive/Documentos/GitHub/quadrivium/cognetics/Will to Power - The Philosophy of Friedrich Nietzsche/L10.24 - Nietzsche's Style and the Problem of Truth.txt
/mnt/c/Users/nateg/OneDrive/Documentos/GitHub/quadrivium/cognetics/Will to Power - The Philosophy of Friedrich Nietzsche/L11.24 - Nietzsche on Truth and Interpretation.txt
/mnt/c/Users/nateg/OneDrive/Documentos/GitHub/quadrivium/cognetics/Will to Power - The Philosophy of Friedrich Nietzsche/L12.24 - 'Become Who You Are' - Freedom, Fate and Free Will.txt
/mnt/c/Users/nateg/OneDrive/Documentos/GitHub/quadrivium/cognetics/Will to Power - The Philosophy of Friedrich Nietzsche/L13.24 - Nietzsche as Moral Psychologist - Love, Resentment and Pity.txt
/mnt/c/Users/nateg/OneDrive/Documentos/GitHub/quadrivium/cognetics/Will to Power - The Philosophy of Friedrich Nietzsche/L14.24 - Nietzsche on Love.txt
/mnt/c/Users/nateg/OneDrive/Documentos/GitHub/quadrivium/cognetics/Will to Power - The Philosophy of Friedrich Nietzsche/L15.24 - Nietzsche and Women.txt
/mnt/c/Users/nateg/OneDrive/Documentos/GitHub/quadrivium/cognetics/Will to Power - The Philosophy of Friedrich Nietzsche/L16.24 - Nietzsche's Top Ten.txt
/mnt/c/Users/nateg/OneDrive/Documentos/GitHub/quadrivium/cognetics/Will to Power - The Philosophy of Friedrich Nietzsche/L17.24 - Nietzsche on History and Evolution.txt
/mnt/c/Users/nateg/OneDrive/Documentos/GitHub/quadrivium/cognetics/Will to Power - The Philosophy of Friedrich Nietzsche/L18.24 - What Is Nihilism - The Problem of Aestheticism.txt
/mnt/c/Users/nateg/OneDrive/Documentos/GitHub/quadrivium/cognetics/Will to Power - The Philosophy of Friedrich Nietzsche/L19.24 - The Ranking of Values - Morality and Modernity.txt
/mnt/c/Users/nateg/OneDrive/Documentos/GitHub/quadrivium/cognetics/Will to Power - The Philosophy of Friedrich Nietzsche/L20.24 - Nietzsche's Immoralism - Virtue, Self and Selfishness.txt
/mnt/c/Users/nateg/OneDrive/Documentos/GitHub/quadrivium/cognetics/Will to Power - The Philosophy of Friedrich Nietzsche/L21.24 - On the Genealogy of Morals - Master and Slave Morality.txt
/mnt/c/Users/nateg/OneDrive/Documentos/GitHub/quadrivium/cognetics/Will to Power - The Philosophy of Friedrich Nietzsche/L22.24 - Resentment, Revenge and Justice.txt
/mnt/c/Users/nateg/OneDrive/Documentos/GitHub/quadrivium/cognetics/Will to Power - The Philosophy of Friedrich Nietzsche/L23.24 - The Will to Power and The Ubermench.txt
/mnt/c/Users/nateg/OneDrive/Documentos/GitHub/quadrivium/cognetics/Will to Power - The Philosophy of Friedrich Nietzsche/L24.24 - Eternal Recurrence - Nietzsche Says 'Yes!' to Life.txt
