/mnt/c/Users/nateg/OneDrive/Documentos/GitHub/quadrivium/metacrisis/Active Inference Institute/ActInf GuestStream 051.1 ~ Tommaso Salvatori ＂Causal Inference via Predictive Coding＂.txt
/mnt/c/Users/nateg/OneDrive/Documentos/GitHub/quadrivium/metacrisis/Active Inference Institute/ActInf GuestStream 071.1 ~ The empirical status of predictive coding and active inference.txt
/mnt/c/Users/nateg/OneDrive/Documentos/GitHub/quadrivium/metacrisis/Active Inference Institute/ActInf Livestream #026.0 ~ “Bayesian Mechanics for Stationary Processes”.txt
/mnt/c/Users/nateg/OneDrive/Documentos/GitHub/quadrivium/metacrisis/Active Inference Institute/ActInf MathStream 008.2 ~ R Servajean： Intro to Bayesian mechanics： paths-based formalism (part 2).txt
/mnt/c/Users/nateg/OneDrive/Documentos/GitHub/quadrivium/metacrisis/Active Inference Institute/Active Inference BookStream #002.1 ~ Thomas Parr ~ Active Inference and Free Energy Principle....txt
/mnt/c/Users/nateg/OneDrive/Documentos/GitHub/quadrivium/metacrisis/Active Inference Institute/Active Inference BookStream 002.01 ~ Parr, Pezzulo, Friston ~ Chapters 1, 2, 3, 6.txt
/mnt/c/Users/nateg/OneDrive/Documentos/GitHub/quadrivium/metacrisis/Active Inference Institute/Active Inference BookStream 002.02 ~ Parr, Pezzulo, Friston ~ Chapters 4, 5, 7, 8.txt
/mnt/c/Users/nateg/OneDrive/Documentos/GitHub/quadrivium/metacrisis/Active Inference Institute/Active Inference ModelStream #007.1 ~ Conor Heins & Daphne Demekas ~ pymdp.txt
/mnt/c/Users/nateg/OneDrive/Documentos/GitHub/quadrivium/metacrisis/Active Inference Institute/Active Inference ~ Parr, Pezzulo, Friston ~ Chapter 1 ~ BookStream #002.01.txt
/mnt/c/Users/nateg/OneDrive/Documentos/GitHub/quadrivium/metacrisis/Active Inference Institute/Active Inference ~ Parr, Pezzulo, Friston ~ Chapter 10 ~ BookStream #002.03.txt
/mnt/c/Users/nateg/OneDrive/Documentos/GitHub/quadrivium/metacrisis/Active Inference Institute/Active Inference ~ Parr, Pezzulo, Friston ~ Chapter 2 ~ BookStream #002.01.txt
/mnt/c/Users/nateg/OneDrive/Documentos/GitHub/quadrivium/metacrisis/Active Inference Institute/Active Inference ~ Parr, Pezzulo, Friston ~ Chapter 3 ~ BookStream #002.01.txt
/mnt/c/Users/nateg/OneDrive/Documentos/GitHub/quadrivium/metacrisis/Active Inference Institute/Active Inference ~ Parr, Pezzulo, Friston ~ Chapter 4 ~ BookStream #002.02.txt
/mnt/c/Users/nateg/OneDrive/Documentos/GitHub/quadrivium/metacrisis/Active Inference Institute/Active Inference ~ Parr, Pezzulo, Friston ~ Chapter 5 ~ BookStream #002.02.txt
/mnt/c/Users/nateg/OneDrive/Documentos/GitHub/quadrivium/metacrisis/Active Inference Institute/Active Inference ~ Parr, Pezzulo, Friston ~ Chapter 6 ~ BookStream #002.01.txt
/mnt/c/Users/nateg/OneDrive/Documentos/GitHub/quadrivium/metacrisis/Active Inference Institute/Active Inference ~ Parr, Pezzulo, Friston ~ Chapter 7 ~ BookStream #002.02.txt
/mnt/c/Users/nateg/OneDrive/Documentos/GitHub/quadrivium/metacrisis/Active Inference Institute/Active Inference ~ Parr, Pezzulo, Friston ~ Chapter 8 ~ BookStream #002.02.txt
/mnt/c/Users/nateg/OneDrive/Documentos/GitHub/quadrivium/metacrisis/Active Inference Institute/Active Inference ~ Parr, Pezzulo, Friston ~ Chapter 9 ~ BookStream #002.03.txt
/mnt/c/Users/nateg/OneDrive/Documentos/GitHub/quadrivium/metacrisis/Active Inference Institute/Basics of Active Inference (Discussion) ~ Ben White ~ Active Inference for the Social Sciences 2023.txt
/mnt/c/Users/nateg/OneDrive/Documentos/GitHub/quadrivium/metacrisis/Active Inference Institute/Basics of Active Inference (Lecture) ~ Ben White ~ Active Inference for the Social Sciences 2023.txt
/mnt/c/Users/nateg/OneDrive/Documentos/GitHub/quadrivium/metacrisis/Active Inference Institute/Collective Behavior (Discussion) ~ Daniel Friedman ~ Active Inference for the Social Sciences 2023.txt
/mnt/c/Users/nateg/OneDrive/Documentos/GitHub/quadrivium/metacrisis/Active Inference Institute/Collective Behavior (Lecture) ~ Daniel Friedman ~ Active Inference for the Social Sciences 2023.txt
/mnt/c/Users/nateg/OneDrive/Documentos/GitHub/quadrivium/metacrisis/Active Inference Institute/Conclusion (Discussion) ~ Active Inference for the Social Sciences 2023.txt
/mnt/c/Users/nateg/OneDrive/Documentos/GitHub/quadrivium/metacrisis/Active Inference Institute/Introduction (Lecture) ~ Avel Guénin-Carlut ~ Active Inference for the Social Sciences 2023.txt
/mnt/c/Users/nateg/OneDrive/Documentos/GitHub/quadrivium/metacrisis/Active Inference Institute/Karl Friston ~ Active Inference Insights 001 ~ Free Energy, Time, Consciousness.txt
/mnt/c/Users/nateg/OneDrive/Documentos/GitHub/quadrivium/metacrisis/Active Inference Institute/Karl Friston ＂Active inference and deep temporal models＂ 23.09.19.txt
/mnt/c/Users/nateg/OneDrive/Documentos/GitHub/quadrivium/metacrisis/Active Inference Institute/Norms, Scripts, Narratives, Languages (Lecture) ~ Mahault Albarracin ~ ActInf Social Sciences 2023.txt
/mnt/c/Users/nateg/OneDrive/Documentos/GitHub/quadrivium/metacrisis/Active Inference Institute/Semiotics and Semantics (Discussion) ~ Lorena Sganzerla ~ Active Inference for Social Sciences 2023.txt
/mnt/c/Users/nateg/OneDrive/Documentos/GitHub/quadrivium/metacrisis/Active Inference Institute/Semiotics and Semantics (Lecture) ~ Lorena Sganzerla ~ Active Inference for the Social Sciences 2023.txt
/mnt/c/Users/nateg/OneDrive/Documentos/GitHub/quadrivium/metacrisis/Active Inference Institute/Social constraints (Discussion) ~ Avel Guénin-Carlut ~ ActInf Social Sciences 2023.txt
/mnt/c/Users/nateg/OneDrive/Documentos/GitHub/quadrivium/metacrisis/Active Inference Institute/Social constraints (Lecture) ~ Avel Guénin-Carlut ~ ActInf Social Sciences 2023.txt
/mnt/c/Users/nateg/OneDrive/Documentos/GitHub/quadrivium/metacrisis/Active Inference Institute/“Physics as Information Processing” by Chris Fields ~ Course overview.txt
/mnt/c/Users/nateg/OneDrive/Documentos/GitHub/quadrivium/metacrisis/Active Inference Institute/＂Physics as Information Processing＂ ~ Ander Aguirre ~ Discussion 1.txt
/mnt/c/Users/nateg/OneDrive/Documentos/GitHub/quadrivium/metacrisis/Active Inference Institute/＂Physics as Information Processing＂ ~ Ander Aguirre ~ Discussion 2.txt
/mnt/c/Users/nateg/OneDrive/Documentos/GitHub/quadrivium/metacrisis/Active Inference Institute/＂Physics as Information Processing＂ ~ Ander Aguirre ~ Discussion 3.txt
/mnt/c/Users/nateg/OneDrive/Documentos/GitHub/quadrivium/metacrisis/Active Inference Institute/＂Physics as Information Processing＂ ~ Ander Aguirre ~ Discussion 4.txt
/mnt/c/Users/nateg/OneDrive/Documentos/GitHub/quadrivium/metacrisis/Active Inference Institute/＂Physics as Information Processing＂ ~ Ander Aguirre ~ Discussion 5.txt
/mnt/c/Users/nateg/OneDrive/Documentos/GitHub/quadrivium/metacrisis/Active Inference Institute/＂Physics as Information Processing＂ ~ Ander Aguirre ~ Discussion 6.txt
/mnt/c/Users/nateg/OneDrive/Documentos/GitHub/quadrivium/metacrisis/Active Inference Institute/＂Physics as Information Processing＂ ~ Chris Fields ~ Lecture 1.txt
/mnt/c/Users/nateg/OneDrive/Documentos/GitHub/quadrivium/metacrisis/Active Inference Institute/＂Physics as Information Processing＂ ~ Chris Fields ~ Lecture 2.txt
/mnt/c/Users/nateg/OneDrive/Documentos/GitHub/quadrivium/metacrisis/Active Inference Institute/＂Physics as Information Processing＂ ~ Chris Fields ~ Lecture 3.txt
/mnt/c/Users/nateg/OneDrive/Documentos/GitHub/quadrivium/metacrisis/Active Inference Institute/＂Physics as Information Processing＂ ~ Chris Fields ~ Lecture 4.txt
/mnt/c/Users/nateg/OneDrive/Documentos/GitHub/quadrivium/metacrisis/Active Inference Institute/＂Physics as Information Processing＂ ~ Chris Fields ~ Lecture 5.txt
/mnt/c/Users/nateg/OneDrive/Documentos/GitHub/quadrivium/metacrisis/Active Inference Institute/＂Physics as Information Processing＂ ~ Chris Fields ~ Lecture 6.txt
