/mnt/c/Users/nateg/OneDrive/Documentos/GitHub/quadrivium/cognetics/Human Prehistory and the First Civilizations/- 01-1 Introducing Human Prehistory.txt
/mnt/c/Users/nateg/OneDrive/Documentos/GitHub/quadrivium/cognetics/Human Prehistory and the First Civilizations/- 01-2 Introducing Human Prehistory.txt
/mnt/c/Users/nateg/OneDrive/Documentos/GitHub/quadrivium/cognetics/Human Prehistory and the First Civilizations/- 01-3 Introducing Human Prehistory.txt
/mnt/c/Users/nateg/OneDrive/Documentos/GitHub/quadrivium/cognetics/Human Prehistory and the First Civilizations/- 01-4 Introducing Human Prehistory.txt
/mnt/c/Users/nateg/OneDrive/Documentos/GitHub/quadrivium/cognetics/Human Prehistory and the First Civilizations/- 01-5 Introducing Human Prehistory.txt
/mnt/c/Users/nateg/OneDrive/Documentos/GitHub/quadrivium/cognetics/Human Prehistory and the First Civilizations/- 01-6 Introducing Human Prehistory.txt
/mnt/c/Users/nateg/OneDrive/Documentos/GitHub/quadrivium/cognetics/Human Prehistory and the First Civilizations/- 02-1 In the Beginning.txt
/mnt/c/Users/nateg/OneDrive/Documentos/GitHub/quadrivium/cognetics/Human Prehistory and the First Civilizations/- 02-2 In the Beginning.txt
/mnt/c/Users/nateg/OneDrive/Documentos/GitHub/quadrivium/cognetics/Human Prehistory and the First Civilizations/- 02-3 In the Beginning.txt
/mnt/c/Users/nateg/OneDrive/Documentos/GitHub/quadrivium/cognetics/Human Prehistory and the First Civilizations/- 02-4 In the Beginning.txt
/mnt/c/Users/nateg/OneDrive/Documentos/GitHub/quadrivium/cognetics/Human Prehistory and the First Civilizations/- 02-5 In the Beginning.txt
/mnt/c/Users/nateg/OneDrive/Documentos/GitHub/quadrivium/cognetics/Human Prehistory and the First Civilizations/- 02-6 In the Beginning.txt
/mnt/c/Users/nateg/OneDrive/Documentos/GitHub/quadrivium/cognetics/Human Prehistory and the First Civilizations/- 03-1 Our Earliest Ancestors.txt
/mnt/c/Users/nateg/OneDrive/Documentos/GitHub/quadrivium/cognetics/Human Prehistory and the First Civilizations/- 03-2 Our Earliest Ancestors.txt
/mnt/c/Users/nateg/OneDrive/Documentos/GitHub/quadrivium/cognetics/Human Prehistory and the First Civilizations/- 03-3 Our Earliest Ancestors.txt
/mnt/c/Users/nateg/OneDrive/Documentos/GitHub/quadrivium/cognetics/Human Prehistory and the First Civilizations/- 03-4 Our Earliest Ancestors.txt
/mnt/c/Users/nateg/OneDrive/Documentos/GitHub/quadrivium/cognetics/Human Prehistory and the First Civilizations/- 03-5 Our Earliest Ancestors.txt
/mnt/c/Users/nateg/OneDrive/Documentos/GitHub/quadrivium/cognetics/Human Prehistory and the First Civilizations/- 03-6 Our Earliest Ancestors.txt
/mnt/c/Users/nateg/OneDrive/Documentos/GitHub/quadrivium/cognetics/Human Prehistory and the First Civilizations/- 04-1 The First Human Diaspora.txt
/mnt/c/Users/nateg/OneDrive/Documentos/GitHub/quadrivium/cognetics/Human Prehistory and the First Civilizations/- 04-2 The First Human Diaspora.txt
/mnt/c/Users/nateg/OneDrive/Documentos/GitHub/quadrivium/cognetics/Human Prehistory and the First Civilizations/- 04-3 The First Human Diaspora.txt
/mnt/c/Users/nateg/OneDrive/Documentos/GitHub/quadrivium/cognetics/Human Prehistory and the First Civilizations/- 04-4 The First Human Diaspora.txt
/mnt/c/Users/nateg/OneDrive/Documentos/GitHub/quadrivium/cognetics/Human Prehistory and the First Civilizations/- 04-5 The First Human Diaspora.txt
/mnt/c/Users/nateg/OneDrive/Documentos/GitHub/quadrivium/cognetics/Human Prehistory and the First Civilizations/- 04-6 The First Human Diaspora.txt
/mnt/c/Users/nateg/OneDrive/Documentos/GitHub/quadrivium/cognetics/Human Prehistory and the First Civilizations/- 05-1 The First Europeans.txt
/mnt/c/Users/nateg/OneDrive/Documentos/GitHub/quadrivium/cognetics/Human Prehistory and the First Civilizations/- 05-2 The First Europeans.txt
/mnt/c/Users/nateg/OneDrive/Documentos/GitHub/quadrivium/cognetics/Human Prehistory and the First Civilizations/- 05-3 The First Europeans.txt
/mnt/c/Users/nateg/OneDrive/Documentos/GitHub/quadrivium/cognetics/Human Prehistory and the First Civilizations/- 05-4 The First Europeans.txt
/mnt/c/Users/nateg/OneDrive/Documentos/GitHub/quadrivium/cognetics/Human Prehistory and the First Civilizations/- 05-5 The First Europeans.txt
/mnt/c/Users/nateg/OneDrive/Documentos/GitHub/quadrivium/cognetics/Human Prehistory and the First Civilizations/- 05-6 The First Europeans.txt
/mnt/c/Users/nateg/OneDrive/Documentos/GitHub/quadrivium/cognetics/Human Prehistory and the First Civilizations/- 06-1 The Neanderthals.txt
/mnt/c/Users/nateg/OneDrive/Documentos/GitHub/quadrivium/cognetics/Human Prehistory and the First Civilizations/- 06-2 The Neanderthals.txt
/mnt/c/Users/nateg/OneDrive/Documentos/GitHub/quadrivium/cognetics/Human Prehistory and the First Civilizations/- 06-3 The Neanderthals.txt
/mnt/c/Users/nateg/OneDrive/Documentos/GitHub/quadrivium/cognetics/Human Prehistory and the First Civilizations/- 06-4 The Neanderthals.txt
/mnt/c/Users/nateg/OneDrive/Documentos/GitHub/quadrivium/cognetics/Human Prehistory and the First Civilizations/- 06-5 The Neanderthals.txt
/mnt/c/Users/nateg/OneDrive/Documentos/GitHub/quadrivium/cognetics/Human Prehistory and the First Civilizations/- 06-6 The Neanderthals.txt
/mnt/c/Users/nateg/OneDrive/Documentos/GitHub/quadrivium/cognetics/Human Prehistory and the First Civilizations/- 07-1 The origins of Homo Sapiens Sapiens.txt
/mnt/c/Users/nateg/OneDrive/Documentos/GitHub/quadrivium/cognetics/Human Prehistory and the First Civilizations/- 07-2 The origins of Homo Sapiens Sapiens.txt
/mnt/c/Users/nateg/OneDrive/Documentos/GitHub/quadrivium/cognetics/Human Prehistory and the First Civilizations/- 07-3 The origins of Homo Sapiens Sapiens.txt
/mnt/c/Users/nateg/OneDrive/Documentos/GitHub/quadrivium/cognetics/Human Prehistory and the First Civilizations/- 07-4 The origins of Homo Sapiens Sapiens.txt
/mnt/c/Users/nateg/OneDrive/Documentos/GitHub/quadrivium/cognetics/Human Prehistory and the First Civilizations/- 07-5 The origins of Homo Sapiens Sapiens.txt
/mnt/c/Users/nateg/OneDrive/Documentos/GitHub/quadrivium/cognetics/Human Prehistory and the First Civilizations/- 07-6 The origins of Homo Sapiens Sapiens.txt
/mnt/c/Users/nateg/OneDrive/Documentos/GitHub/quadrivium/cognetics/Human Prehistory and the First Civilizations/- 08-1 The Great Diaspora.txt
/mnt/c/Users/nateg/OneDrive/Documentos/GitHub/quadrivium/cognetics/Human Prehistory and the First Civilizations/- 08-2 The Great Diaspora.txt
/mnt/c/Users/nateg/OneDrive/Documentos/GitHub/quadrivium/cognetics/Human Prehistory and the First Civilizations/- 08-3 The Great Diaspora.txt
/mnt/c/Users/nateg/OneDrive/Documentos/GitHub/quadrivium/cognetics/Human Prehistory and the First Civilizations/- 08-4 The Great Diaspora.txt
/mnt/c/Users/nateg/OneDrive/Documentos/GitHub/quadrivium/cognetics/Human Prehistory and the First Civilizations/- 08-5 The Great Diaspora.txt
/mnt/c/Users/nateg/OneDrive/Documentos/GitHub/quadrivium/cognetics/Human Prehistory and the First Civilizations/- 08-6 The Great Diaspora.txt
/mnt/c/Users/nateg/OneDrive/Documentos/GitHub/quadrivium/cognetics/Human Prehistory and the First Civilizations/- 09-1 The World of the Cro-Magnons.txt
/mnt/c/Users/nateg/OneDrive/Documentos/GitHub/quadrivium/cognetics/Human Prehistory and the First Civilizations/- 09-2 The World of the Cro-Magnons.txt
/mnt/c/Users/nateg/OneDrive/Documentos/GitHub/quadrivium/cognetics/Human Prehistory and the First Civilizations/- 09-3 The World of the Cro-Magnons.txt
/mnt/c/Users/nateg/OneDrive/Documentos/GitHub/quadrivium/cognetics/Human Prehistory and the First Civilizations/- 09-4 The World of the Cro-Magnons.txt
/mnt/c/Users/nateg/OneDrive/Documentos/GitHub/quadrivium/cognetics/Human Prehistory and the First Civilizations/- 09-5 The World of the Cro-Magnons.txt
/mnt/c/Users/nateg/OneDrive/Documentos/GitHub/quadrivium/cognetics/Human Prehistory and the First Civilizations/- 09-6 The World of the Cro-Magnons.txt
/mnt/c/Users/nateg/OneDrive/Documentos/GitHub/quadrivium/cognetics/Human Prehistory and the First Civilizations/- 10-1 Artists and Mammoth Hunters.txt
/mnt/c/Users/nateg/OneDrive/Documentos/GitHub/quadrivium/cognetics/Human Prehistory and the First Civilizations/- 10-2 Artists and Mammoth Hunters.txt
/mnt/c/Users/nateg/OneDrive/Documentos/GitHub/quadrivium/cognetics/Human Prehistory and the First Civilizations/- 10-3 Artists and Mammoth Hunters.txt
/mnt/c/Users/nateg/OneDrive/Documentos/GitHub/quadrivium/cognetics/Human Prehistory and the First Civilizations/- 10-4 Artists and Mammoth Hunters.txt
/mnt/c/Users/nateg/OneDrive/Documentos/GitHub/quadrivium/cognetics/Human Prehistory and the First Civilizations/- 10-5 Artists and Mammoth Hunters.txt
/mnt/c/Users/nateg/OneDrive/Documentos/GitHub/quadrivium/cognetics/Human Prehistory and the First Civilizations/- 10-6 Artists and Mammoth Hunters.txt
/mnt/c/Users/nateg/OneDrive/Documentos/GitHub/quadrivium/cognetics/Human Prehistory and the First Civilizations/- 11-1 The first Americans.txt
/mnt/c/Users/nateg/OneDrive/Documentos/GitHub/quadrivium/cognetics/Human Prehistory and the First Civilizations/- 11-2 The first Americans.txt
/mnt/c/Users/nateg/OneDrive/Documentos/GitHub/quadrivium/cognetics/Human Prehistory and the First Civilizations/- 11-3 The first Americans.txt
/mnt/c/Users/nateg/OneDrive/Documentos/GitHub/quadrivium/cognetics/Human Prehistory and the First Civilizations/- 11-4 The first Americans.txt
/mnt/c/Users/nateg/OneDrive/Documentos/GitHub/quadrivium/cognetics/Human Prehistory and the First Civilizations/- 11-5 The first Americans.txt
/mnt/c/Users/nateg/OneDrive/Documentos/GitHub/quadrivium/cognetics/Human Prehistory and the First Civilizations/- 11-6 The first Americans.txt
/mnt/c/Users/nateg/OneDrive/Documentos/GitHub/quadrivium/cognetics/Human Prehistory and the First Civilizations/- 12-1 The Paleo-Indians and Afterward(1).txt
/mnt/c/Users/nateg/OneDrive/Documentos/GitHub/quadrivium/cognetics/Human Prehistory and the First Civilizations/- 12-1 The Paleo-Indians and Afterward.txt
/mnt/c/Users/nateg/OneDrive/Documentos/GitHub/quadrivium/cognetics/Human Prehistory and the First Civilizations/- 12-2 The Paleo-Indians and Afterward.txt
/mnt/c/Users/nateg/OneDrive/Documentos/GitHub/quadrivium/cognetics/Human Prehistory and the First Civilizations/- 12-3 The Paleo-Indians and Afterward.txt
/mnt/c/Users/nateg/OneDrive/Documentos/GitHub/quadrivium/cognetics/Human Prehistory and the First Civilizations/- 12-4 The Paleo-Indians and Afterward.txt
/mnt/c/Users/nateg/OneDrive/Documentos/GitHub/quadrivium/cognetics/Human Prehistory and the First Civilizations/- 12-5 The Paleo-Indians and Afterward.txt
/mnt/c/Users/nateg/OneDrive/Documentos/GitHub/quadrivium/cognetics/Human Prehistory and the First Civilizations/- 13-1 After the Ice Age.txt
/mnt/c/Users/nateg/OneDrive/Documentos/GitHub/quadrivium/cognetics/Human Prehistory and the First Civilizations/- 13-2 After the Ice Age.txt
/mnt/c/Users/nateg/OneDrive/Documentos/GitHub/quadrivium/cognetics/Human Prehistory and the First Civilizations/- 13-3 After the Ice Age.txt
/mnt/c/Users/nateg/OneDrive/Documentos/GitHub/quadrivium/cognetics/Human Prehistory and the First Civilizations/- 13-4 After the Ice Age.txt
/mnt/c/Users/nateg/OneDrive/Documentos/GitHub/quadrivium/cognetics/Human Prehistory and the First Civilizations/- 13-5 After the Ice Age.txt
/mnt/c/Users/nateg/OneDrive/Documentos/GitHub/quadrivium/cognetics/Human Prehistory and the First Civilizations/- 13-6 After the Ice Age.txt
/mnt/c/Users/nateg/OneDrive/Documentos/GitHub/quadrivium/cognetics/Human Prehistory and the First Civilizations/- 14-1 The First Farmers.txt
/mnt/c/Users/nateg/OneDrive/Documentos/GitHub/quadrivium/cognetics/Human Prehistory and the First Civilizations/- 14-2 The First Farmers.txt
/mnt/c/Users/nateg/OneDrive/Documentos/GitHub/quadrivium/cognetics/Human Prehistory and the First Civilizations/- 14-3 The First Farmers.txt
/mnt/c/Users/nateg/OneDrive/Documentos/GitHub/quadrivium/cognetics/Human Prehistory and the First Civilizations/- 14-4 The First Farmers.txt
/mnt/c/Users/nateg/OneDrive/Documentos/GitHub/quadrivium/cognetics/Human Prehistory and the First Civilizations/- 14-5 The First Farmers.txt
/mnt/c/Users/nateg/OneDrive/Documentos/GitHub/quadrivium/cognetics/Human Prehistory and the First Civilizations/- 14-6 The First Farmers.txt
/mnt/c/Users/nateg/OneDrive/Documentos/GitHub/quadrivium/cognetics/Human Prehistory and the First Civilizations/- 15-1 Why Farming.txt
/mnt/c/Users/nateg/OneDrive/Documentos/GitHub/quadrivium/cognetics/Human Prehistory and the First Civilizations/- 15-2 Why Farming.txt
/mnt/c/Users/nateg/OneDrive/Documentos/GitHub/quadrivium/cognetics/Human Prehistory and the First Civilizations/- 15-3 Why Farming.txt
/mnt/c/Users/nateg/OneDrive/Documentos/GitHub/quadrivium/cognetics/Human Prehistory and the First Civilizations/- 15-4 Why Farming.txt
/mnt/c/Users/nateg/OneDrive/Documentos/GitHub/quadrivium/cognetics/Human Prehistory and the First Civilizations/- 15-5 Why Farming.txt
/mnt/c/Users/nateg/OneDrive/Documentos/GitHub/quadrivium/cognetics/Human Prehistory and the First Civilizations/- 15-6 Why Farming.txt
/mnt/c/Users/nateg/OneDrive/Documentos/GitHub/quadrivium/cognetics/Human Prehistory and the First Civilizations/- 16-1 The First European Farmers.txt
/mnt/c/Users/nateg/OneDrive/Documentos/GitHub/quadrivium/cognetics/Human Prehistory and the First Civilizations/- 16-2 The First European Farmers.txt
/mnt/c/Users/nateg/OneDrive/Documentos/GitHub/quadrivium/cognetics/Human Prehistory and the First Civilizations/- 16-3 The First European Farmers.txt
/mnt/c/Users/nateg/OneDrive/Documentos/GitHub/quadrivium/cognetics/Human Prehistory and the First Civilizations/- 16-4 The First European Farmers.txt
/mnt/c/Users/nateg/OneDrive/Documentos/GitHub/quadrivium/cognetics/Human Prehistory and the First Civilizations/- 16-5 The First European Farmers.txt
/mnt/c/Users/nateg/OneDrive/Documentos/GitHub/quadrivium/cognetics/Human Prehistory and the First Civilizations/- 16-6 The First European Farmers.txt
/mnt/c/Users/nateg/OneDrive/Documentos/GitHub/quadrivium/cognetics/Human Prehistory and the First Civilizations/- 17-1 Farming in Asia and Settling the Pacific.txt
/mnt/c/Users/nateg/OneDrive/Documentos/GitHub/quadrivium/cognetics/Human Prehistory and the First Civilizations/- 17-2 Farming in Asia and Settling the Pacific.txt
/mnt/c/Users/nateg/OneDrive/Documentos/GitHub/quadrivium/cognetics/Human Prehistory and the First Civilizations/- 17-3 Farming in Asia and Settling the Pacific.txt
/mnt/c/Users/nateg/OneDrive/Documentos/GitHub/quadrivium/cognetics/Human Prehistory and the First Civilizations/- 17-4 Farming in Asia and Settling the Pacific.txt
/mnt/c/Users/nateg/OneDrive/Documentos/GitHub/quadrivium/cognetics/Human Prehistory and the First Civilizations/- 17-5 Farming in Asia and Settling the Pacific.txt
/mnt/c/Users/nateg/OneDrive/Documentos/GitHub/quadrivium/cognetics/Human Prehistory and the First Civilizations/- 17-6 Farming in Asia and Settling the Pacific.txt
/mnt/c/Users/nateg/OneDrive/Documentos/GitHub/quadrivium/cognetics/Human Prehistory and the First Civilizations/- 18-1 The Story of Maize.txt
/mnt/c/Users/nateg/OneDrive/Documentos/GitHub/quadrivium/cognetics/Human Prehistory and the First Civilizations/- 18-2 The Story of Maize.txt
/mnt/c/Users/nateg/OneDrive/Documentos/GitHub/quadrivium/cognetics/Human Prehistory and the First Civilizations/- 18-3 The Story of Maize.txt
/mnt/c/Users/nateg/OneDrive/Documentos/GitHub/quadrivium/cognetics/Human Prehistory and the First Civilizations/- 18-4 The Story of Maize.txt
/mnt/c/Users/nateg/OneDrive/Documentos/GitHub/quadrivium/cognetics/Human Prehistory and the First Civilizations/- 18-5 The Story of Maize.txt
/mnt/c/Users/nateg/OneDrive/Documentos/GitHub/quadrivium/cognetics/Human Prehistory and the First Civilizations/- 18-6 The Story of Maize.txt
/mnt/c/Users/nateg/OneDrive/Documentos/GitHub/quadrivium/cognetics/Human Prehistory and the First Civilizations/- 19-1 The Origins of States and Civilization.txt
/mnt/c/Users/nateg/OneDrive/Documentos/GitHub/quadrivium/cognetics/Human Prehistory and the First Civilizations/- 19-2 The Origins of States and Civilization.txt
/mnt/c/Users/nateg/OneDrive/Documentos/GitHub/quadrivium/cognetics/Human Prehistory and the First Civilizations/- 19-3 The Origins of States and Civilization.txt
/mnt/c/Users/nateg/OneDrive/Documentos/GitHub/quadrivium/cognetics/Human Prehistory and the First Civilizations/- 19-4 The Origins of States and Civilization.txt
/mnt/c/Users/nateg/OneDrive/Documentos/GitHub/quadrivium/cognetics/Human Prehistory and the First Civilizations/- 19-5 The Origins of States and Civilization.txt
/mnt/c/Users/nateg/OneDrive/Documentos/GitHub/quadrivium/cognetics/Human Prehistory and the First Civilizations/- 19-6 The Origins of States and Civilization.txt
/mnt/c/Users/nateg/OneDrive/Documentos/GitHub/quadrivium/cognetics/Human Prehistory and the First Civilizations/- 20-1 Sumerian Civilization.txt
/mnt/c/Users/nateg/OneDrive/Documentos/GitHub/quadrivium/cognetics/Human Prehistory and the First Civilizations/- 20-2 Sumerian Civilization.txt
/mnt/c/Users/nateg/OneDrive/Documentos/GitHub/quadrivium/cognetics/Human Prehistory and the First Civilizations/- 20-3 Sumerian Civilization.txt
/mnt/c/Users/nateg/OneDrive/Documentos/GitHub/quadrivium/cognetics/Human Prehistory and the First Civilizations/- 20-4 Sumerian Civilization.txt
/mnt/c/Users/nateg/OneDrive/Documentos/GitHub/quadrivium/cognetics/Human Prehistory and the First Civilizations/- 20-5 Sumerian Civilization.txt
/mnt/c/Users/nateg/OneDrive/Documentos/GitHub/quadrivium/cognetics/Human Prehistory and the First Civilizations/- 20-6 Sumerian Civilization.txt
/mnt/c/Users/nateg/OneDrive/Documentos/GitHub/quadrivium/cognetics/Human Prehistory and the First Civilizations/- 21-1 Ancient Egyptian Civilization to the Old Kingdom.txt
/mnt/c/Users/nateg/OneDrive/Documentos/GitHub/quadrivium/cognetics/Human Prehistory and the First Civilizations/- 21-2 Ancient Egyptian Civilization to the Old Kingdom.txt
/mnt/c/Users/nateg/OneDrive/Documentos/GitHub/quadrivium/cognetics/Human Prehistory and the First Civilizations/- 21-3 Ancient Egyptian Civilization to the Old Kingdom.txt
/mnt/c/Users/nateg/OneDrive/Documentos/GitHub/quadrivium/cognetics/Human Prehistory and the First Civilizations/- 21-4 Ancient Egyptian Civilization to the Old Kingdom.txt
/mnt/c/Users/nateg/OneDrive/Documentos/GitHub/quadrivium/cognetics/Human Prehistory and the First Civilizations/- 21-5 Ancient Egyptian Civilization to the Old Kingdom.txt
/mnt/c/Users/nateg/OneDrive/Documentos/GitHub/quadrivium/cognetics/Human Prehistory and the First Civilizations/- 21-6 Ancient Egyptian Civilization to the Old Kingdom.txt
/mnt/c/Users/nateg/OneDrive/Documentos/GitHub/quadrivium/cognetics/Human Prehistory and the First Civilizations/- 22-1 Ancient Egypt - Middle and New Kingdoms.txt
/mnt/c/Users/nateg/OneDrive/Documentos/GitHub/quadrivium/cognetics/Human Prehistory and the First Civilizations/- 22-2 Ancient Egypt - Middle and New Kingdoms.txt
/mnt/c/Users/nateg/OneDrive/Documentos/GitHub/quadrivium/cognetics/Human Prehistory and the First Civilizations/- 22-3 Ancient Egypt - Middle and New Kingdoms.txt
/mnt/c/Users/nateg/OneDrive/Documentos/GitHub/quadrivium/cognetics/Human Prehistory and the First Civilizations/- 22-4 Ancient Egypt - Middle and New Kingdoms.txt
/mnt/c/Users/nateg/OneDrive/Documentos/GitHub/quadrivium/cognetics/Human Prehistory and the First Civilizations/- 22-5 Ancient Egypt - Middle and New Kingdoms.txt
/mnt/c/Users/nateg/OneDrive/Documentos/GitHub/quadrivium/cognetics/Human Prehistory and the First Civilizations/- 22-6 Ancient Egypt - Middle and New Kingdoms.txt
/mnt/c/Users/nateg/OneDrive/Documentos/GitHub/quadrivium/cognetics/Human Prehistory and the First Civilizations/- 23-1 The Minoan Civilization of Crete.txt
/mnt/c/Users/nateg/OneDrive/Documentos/GitHub/quadrivium/cognetics/Human Prehistory and the First Civilizations/- 23-2 The Minoan Civilization of Crete.txt
/mnt/c/Users/nateg/OneDrive/Documentos/GitHub/quadrivium/cognetics/Human Prehistory and the First Civilizations/- 23-3 The Minoan Civilization of Crete.txt
/mnt/c/Users/nateg/OneDrive/Documentos/GitHub/quadrivium/cognetics/Human Prehistory and the First Civilizations/- 23-4 The Minoan Civilization of Crete.txt
/mnt/c/Users/nateg/OneDrive/Documentos/GitHub/quadrivium/cognetics/Human Prehistory and the First Civilizations/- 23-5 The Minoan Civilization of Crete.txt
/mnt/c/Users/nateg/OneDrive/Documentos/GitHub/quadrivium/cognetics/Human Prehistory and the First Civilizations/- 23-6 The Minoan Civilization of Crete.txt
/mnt/c/Users/nateg/OneDrive/Documentos/GitHub/quadrivium/cognetics/Human Prehistory and the First Civilizations/- 24-1 The Eastern Mediterranean World.txt
/mnt/c/Users/nateg/OneDrive/Documentos/GitHub/quadrivium/cognetics/Human Prehistory and the First Civilizations/- 24-2 The Eastern Mediterranean World.txt
/mnt/c/Users/nateg/OneDrive/Documentos/GitHub/quadrivium/cognetics/Human Prehistory and the First Civilizations/- 24-3 The Eastern Mediterranean World.txt
/mnt/c/Users/nateg/OneDrive/Documentos/GitHub/quadrivium/cognetics/Human Prehistory and the First Civilizations/- 24-4 The Eastern Mediterranean World.txt
/mnt/c/Users/nateg/OneDrive/Documentos/GitHub/quadrivium/cognetics/Human Prehistory and the First Civilizations/- 24-5 The Eastern Mediterranean World.txt
/mnt/c/Users/nateg/OneDrive/Documentos/GitHub/quadrivium/cognetics/Human Prehistory and the First Civilizations/- 24-6 The Eastern Mediterranean World.txt
/mnt/c/Users/nateg/OneDrive/Documentos/GitHub/quadrivium/cognetics/Human Prehistory and the First Civilizations/- 25-1 The Harappan Civilization of South Asia.txt
/mnt/c/Users/nateg/OneDrive/Documentos/GitHub/quadrivium/cognetics/Human Prehistory and the First Civilizations/- 25-2 The Harappan Civilization of South Asia.txt
/mnt/c/Users/nateg/OneDrive/Documentos/GitHub/quadrivium/cognetics/Human Prehistory and the First Civilizations/- 25-3 The Harappan Civilization of South Asia.txt
/mnt/c/Users/nateg/OneDrive/Documentos/GitHub/quadrivium/cognetics/Human Prehistory and the First Civilizations/- 25-4 The Harappan Civilization of South Asia.txt
/mnt/c/Users/nateg/OneDrive/Documentos/GitHub/quadrivium/cognetics/Human Prehistory and the First Civilizations/- 25-5 The Harappan Civilization of South Asia.txt
/mnt/c/Users/nateg/OneDrive/Documentos/GitHub/quadrivium/cognetics/Human Prehistory and the First Civilizations/- 25-6 The Harappan Civilization of South Asia.txt
/mnt/c/Users/nateg/OneDrive/Documentos/GitHub/quadrivium/cognetics/Human Prehistory and the First Civilizations/- 26-1 South and Southeast Asia.txt
/mnt/c/Users/nateg/OneDrive/Documentos/GitHub/quadrivium/cognetics/Human Prehistory and the First Civilizations/- 26-2 South and Southeast Asia.txt
/mnt/c/Users/nateg/OneDrive/Documentos/GitHub/quadrivium/cognetics/Human Prehistory and the First Civilizations/- 26-3 South and Southeast Asia.txt
/mnt/c/Users/nateg/OneDrive/Documentos/GitHub/quadrivium/cognetics/Human Prehistory and the First Civilizations/- 26-4 South and Southeast Asia.txt
/mnt/c/Users/nateg/OneDrive/Documentos/GitHub/quadrivium/cognetics/Human Prehistory and the First Civilizations/- 26-5 South and Southeast Asia.txt
/mnt/c/Users/nateg/OneDrive/Documentos/GitHub/quadrivium/cognetics/Human Prehistory and the First Civilizations/- 26-6 South and Southeast Asia.txt
/mnt/c/Users/nateg/OneDrive/Documentos/GitHub/quadrivium/cognetics/Human Prehistory and the First Civilizations/- 27-1 Africa - A World of Interconnectedness.txt
/mnt/c/Users/nateg/OneDrive/Documentos/GitHub/quadrivium/cognetics/Human Prehistory and the First Civilizations/- 27-2 Africa - A World of Interconnectedness.txt
/mnt/c/Users/nateg/OneDrive/Documentos/GitHub/quadrivium/cognetics/Human Prehistory and the First Civilizations/- 27-3 Africa - A World of Interconnectedness.txt
/mnt/c/Users/nateg/OneDrive/Documentos/GitHub/quadrivium/cognetics/Human Prehistory and the First Civilizations/- 27-4 Africa - A World of Interconnectedness.txt
/mnt/c/Users/nateg/OneDrive/Documentos/GitHub/quadrivium/cognetics/Human Prehistory and the First Civilizations/- 27-5 Africa - A World of Interconnectedness.txt
/mnt/c/Users/nateg/OneDrive/Documentos/GitHub/quadrivium/cognetics/Human Prehistory and the First Civilizations/- 27-6 Africa - A World of Interconnectedness.txt
/mnt/c/Users/nateg/OneDrive/Documentos/GitHub/quadrivium/cognetics/Human Prehistory and the First Civilizations/- 28-1 Origins of Chinese Civilization.txt
/mnt/c/Users/nateg/OneDrive/Documentos/GitHub/quadrivium/cognetics/Human Prehistory and the First Civilizations/- 28-2 Origins of Chinese Civilization.txt
/mnt/c/Users/nateg/OneDrive/Documentos/GitHub/quadrivium/cognetics/Human Prehistory and the First Civilizations/- 28-3 Origins of Chinese Civilization.txt
/mnt/c/Users/nateg/OneDrive/Documentos/GitHub/quadrivium/cognetics/Human Prehistory and the First Civilizations/- 28-4 Origins of Chinese Civilization.txt
/mnt/c/Users/nateg/OneDrive/Documentos/GitHub/quadrivium/cognetics/Human Prehistory and the First Civilizations/- 28-5 Origins of Chinese Civilization.txt
/mnt/c/Users/nateg/OneDrive/Documentos/GitHub/quadrivium/cognetics/Human Prehistory and the First Civilizations/- 28-6 Origins of Chinese Civilization.txt
/mnt/c/Users/nateg/OneDrive/Documentos/GitHub/quadrivium/cognetics/Human Prehistory and the First Civilizations/- 29-1 China - Zhou to the Han.txt
/mnt/c/Users/nateg/OneDrive/Documentos/GitHub/quadrivium/cognetics/Human Prehistory and the First Civilizations/- 29-2 China - Zhou to the Han.txt
/mnt/c/Users/nateg/OneDrive/Documentos/GitHub/quadrivium/cognetics/Human Prehistory and the First Civilizations/- 29-3 China - Zhou to the Han.txt
/mnt/c/Users/nateg/OneDrive/Documentos/GitHub/quadrivium/cognetics/Human Prehistory and the First Civilizations/- 29-4 China - Zhou to the Han.txt
/mnt/c/Users/nateg/OneDrive/Documentos/GitHub/quadrivium/cognetics/Human Prehistory and the First Civilizations/- 29-5 China - Zhou to the Han.txt
/mnt/c/Users/nateg/OneDrive/Documentos/GitHub/quadrivium/cognetics/Human Prehistory and the First Civilizations/- 29-6 China - Zhou to the Han.txt
/mnt/c/Users/nateg/OneDrive/Documentos/GitHub/quadrivium/cognetics/Human Prehistory and the First Civilizations/- 30-1 Southeast Asian Civilizations.txt
/mnt/c/Users/nateg/OneDrive/Documentos/GitHub/quadrivium/cognetics/Human Prehistory and the First Civilizations/- 30-2 Southeast Asian Civilizations.txt
/mnt/c/Users/nateg/OneDrive/Documentos/GitHub/quadrivium/cognetics/Human Prehistory and the First Civilizations/- 30-3 Southeast Asian Civilizations.txt
/mnt/c/Users/nateg/OneDrive/Documentos/GitHub/quadrivium/cognetics/Human Prehistory and the First Civilizations/- 30-4 Southeast Asian Civilizations.txt
/mnt/c/Users/nateg/OneDrive/Documentos/GitHub/quadrivium/cognetics/Human Prehistory and the First Civilizations/- 30-5 Southeast Asian Civilizations.txt
/mnt/c/Users/nateg/OneDrive/Documentos/GitHub/quadrivium/cognetics/Human Prehistory and the First Civilizations/- 30-6 Southeast Asian Civilizations.txt
/mnt/c/Users/nateg/OneDrive/Documentos/GitHub/quadrivium/cognetics/Human Prehistory and the First Civilizations/- 31-1 Pueblos and Moundbuilders in North America.txt
/mnt/c/Users/nateg/OneDrive/Documentos/GitHub/quadrivium/cognetics/Human Prehistory and the First Civilizations/- 31-2 Pueblos and Moundbuilders in North America.txt
/mnt/c/Users/nateg/OneDrive/Documentos/GitHub/quadrivium/cognetics/Human Prehistory and the First Civilizations/- 31-3 Pueblos and Moundbuilders in North America.txt
/mnt/c/Users/nateg/OneDrive/Documentos/GitHub/quadrivium/cognetics/Human Prehistory and the First Civilizations/- 31-4 Pueblos and Moundbuilders in North America.txt
/mnt/c/Users/nateg/OneDrive/Documentos/GitHub/quadrivium/cognetics/Human Prehistory and the First Civilizations/- 31-5 Pueblos and Moundbuilders in North America.txt
/mnt/c/Users/nateg/OneDrive/Documentos/GitHub/quadrivium/cognetics/Human Prehistory and the First Civilizations/- 31-6 Pueblos and Moundbuilders in North America.txt
/mnt/c/Users/nateg/OneDrive/Documentos/GitHub/quadrivium/cognetics/Human Prehistory and the First Civilizations/- 32-1 Ancient Maya Civilization.txt
/mnt/c/Users/nateg/OneDrive/Documentos/GitHub/quadrivium/cognetics/Human Prehistory and the First Civilizations/- 32-2 Ancient Maya Civilization.txt
/mnt/c/Users/nateg/OneDrive/Documentos/GitHub/quadrivium/cognetics/Human Prehistory and the First Civilizations/- 32-3 Ancient Maya Civilization.txt
/mnt/c/Users/nateg/OneDrive/Documentos/GitHub/quadrivium/cognetics/Human Prehistory and the First Civilizations/- 32-4 Ancient Maya Civilization.txt
/mnt/c/Users/nateg/OneDrive/Documentos/GitHub/quadrivium/cognetics/Human Prehistory and the First Civilizations/- 32-5 Ancient Maya Civilization.txt
/mnt/c/Users/nateg/OneDrive/Documentos/GitHub/quadrivium/cognetics/Human Prehistory and the First Civilizations/- 32-6 Ancient Maya Civilization.txt
/mnt/c/Users/nateg/OneDrive/Documentos/GitHub/quadrivium/cognetics/Human Prehistory and the First Civilizations/- 33-1 Highland Mesoamerican Civilization.txt
/mnt/c/Users/nateg/OneDrive/Documentos/GitHub/quadrivium/cognetics/Human Prehistory and the First Civilizations/- 33-2 Highland Mesoamerican Civilization.txt
/mnt/c/Users/nateg/OneDrive/Documentos/GitHub/quadrivium/cognetics/Human Prehistory and the First Civilizations/- 33-3 Highland Mesoamerican Civilization.txt
/mnt/c/Users/nateg/OneDrive/Documentos/GitHub/quadrivium/cognetics/Human Prehistory and the First Civilizations/- 33-4 Highland Mesoamerican Civilization.txt
/mnt/c/Users/nateg/OneDrive/Documentos/GitHub/quadrivium/cognetics/Human Prehistory and the First Civilizations/- 33-5 Highland Mesoamerican Civilization.txt
/mnt/c/Users/nateg/OneDrive/Documentos/GitHub/quadrivium/cognetics/Human Prehistory and the First Civilizations/- 33-6 Highland Mesoamerican Civilization.txt
/mnt/c/Users/nateg/OneDrive/Documentos/GitHub/quadrivium/cognetics/Human Prehistory and the First Civilizations/- 34-1 The Origins of Andean Civilization.txt
/mnt/c/Users/nateg/OneDrive/Documentos/GitHub/quadrivium/cognetics/Human Prehistory and the First Civilizations/- 34-2 The Origins of Andean Civilization.txt
/mnt/c/Users/nateg/OneDrive/Documentos/GitHub/quadrivium/cognetics/Human Prehistory and the First Civilizations/- 34-3 The Origins of Andean Civilization.txt
/mnt/c/Users/nateg/OneDrive/Documentos/GitHub/quadrivium/cognetics/Human Prehistory and the First Civilizations/- 34-4 The Origins of Andean Civilization.txt
/mnt/c/Users/nateg/OneDrive/Documentos/GitHub/quadrivium/cognetics/Human Prehistory and the First Civilizations/- 34-5 The Origins of Andean Civilization.txt
/mnt/c/Users/nateg/OneDrive/Documentos/GitHub/quadrivium/cognetics/Human Prehistory and the First Civilizations/- 34-6 The Origins of Andean Civilization.txt
/mnt/c/Users/nateg/OneDrive/Documentos/GitHub/quadrivium/cognetics/Human Prehistory and the First Civilizations/- 35-1 The Inka and Their Predecessors.txt
/mnt/c/Users/nateg/OneDrive/Documentos/GitHub/quadrivium/cognetics/Human Prehistory and the First Civilizations/- 35-2 The Inka and Their Predecessors.txt
/mnt/c/Users/nateg/OneDrive/Documentos/GitHub/quadrivium/cognetics/Human Prehistory and the First Civilizations/- 35-3 The Inka and Their Predecessors.txt
/mnt/c/Users/nateg/OneDrive/Documentos/GitHub/quadrivium/cognetics/Human Prehistory and the First Civilizations/- 35-4 The Inka and Their Predecessors.txt
/mnt/c/Users/nateg/OneDrive/Documentos/GitHub/quadrivium/cognetics/Human Prehistory and the First Civilizations/- 35-5 The Inka and Their Predecessors.txt
/mnt/c/Users/nateg/OneDrive/Documentos/GitHub/quadrivium/cognetics/Human Prehistory and the First Civilizations/- 35-6 The Inka and Their Predecessors.txt
/mnt/c/Users/nateg/OneDrive/Documentos/GitHub/quadrivium/cognetics/Human Prehistory and the First Civilizations/- 36-1 Epilogue.txt
/mnt/c/Users/nateg/OneDrive/Documentos/GitHub/quadrivium/cognetics/Human Prehistory and the First Civilizations/- 36-2 Epilogue.txt
/mnt/c/Users/nateg/OneDrive/Documentos/GitHub/quadrivium/cognetics/Human Prehistory and the First Civilizations/- 36-3 Epilogue.txt
/mnt/c/Users/nateg/OneDrive/Documentos/GitHub/quadrivium/cognetics/Human Prehistory and the First Civilizations/- 36-4 Epilogue.txt
/mnt/c/Users/nateg/OneDrive/Documentos/GitHub/quadrivium/cognetics/Human Prehistory and the First Civilizations/- 36-5 Epilogue.txt
/mnt/c/Users/nateg/OneDrive/Documentos/GitHub/quadrivium/cognetics/Human Prehistory and the First Civilizations/- 36-6 Epilogue.txt
