/mnt/c/Users/nateg/OneDrive/Documentos/GitHub/quadrivium/cognetics/Long 19th Century - 1789-1914/01.01 The Long 19th Century.txt
/mnt/c/Users/nateg/OneDrive/Documentos/GitHub/quadrivium/cognetics/Long 19th Century - 1789-1914/01.02 The Long 19th Century.txt
/mnt/c/Users/nateg/OneDrive/Documentos/GitHub/quadrivium/cognetics/Long 19th Century - 1789-1914/01.03 The Long 19th Century.txt
/mnt/c/Users/nateg/OneDrive/Documentos/GitHub/quadrivium/cognetics/Long 19th Century - 1789-1914/01.04 The Long 19th Century.txt
/mnt/c/Users/nateg/OneDrive/Documentos/GitHub/quadrivium/cognetics/Long 19th Century - 1789-1914/01.05 The Long 19th Century.txt
/mnt/c/Users/nateg/OneDrive/Documentos/GitHub/quadrivium/cognetics/Long 19th Century - 1789-1914/01.06 The Long 19th Century.txt
/mnt/c/Users/nateg/OneDrive/Documentos/GitHub/quadrivium/cognetics/Long 19th Century - 1789-1914/02.01 The Legacy of the Past - The Old Regime.txt
/mnt/c/Users/nateg/OneDrive/Documentos/GitHub/quadrivium/cognetics/Long 19th Century - 1789-1914/02.02 The Legacy of the Past - The Old Regime.txt
/mnt/c/Users/nateg/OneDrive/Documentos/GitHub/quadrivium/cognetics/Long 19th Century - 1789-1914/02.03 The Legacy of the Past - The Old Regime.txt
/mnt/c/Users/nateg/OneDrive/Documentos/GitHub/quadrivium/cognetics/Long 19th Century - 1789-1914/02.04 The Legacy of the Past - The Old Regime.txt
/mnt/c/Users/nateg/OneDrive/Documentos/GitHub/quadrivium/cognetics/Long 19th Century - 1789-1914/02.05 The Legacy of the Past - The Old Regime.txt
/mnt/c/Users/nateg/OneDrive/Documentos/GitHub/quadrivium/cognetics/Long 19th Century - 1789-1914/02.06 The Legacy of the Past - The Old Regime.txt
/mnt/c/Users/nateg/OneDrive/Documentos/GitHub/quadrivium/cognetics/Long 19th Century - 1789-1914/03.01 The Age of Revolution, 1789-1848.txt
/mnt/c/Users/nateg/OneDrive/Documentos/GitHub/quadrivium/cognetics/Long 19th Century - 1789-1914/03.02 The Age of Revolution, 1789-1848.txt
/mnt/c/Users/nateg/OneDrive/Documentos/GitHub/quadrivium/cognetics/Long 19th Century - 1789-1914/03.03 The Age of Revolution, 1789-1848.txt
/mnt/c/Users/nateg/OneDrive/Documentos/GitHub/quadrivium/cognetics/Long 19th Century - 1789-1914/03.04 The Age of Revolution, 1789-1848.txt
/mnt/c/Users/nateg/OneDrive/Documentos/GitHub/quadrivium/cognetics/Long 19th Century - 1789-1914/03.05 The Age of Revolution, 1789-1848.txt
/mnt/c/Users/nateg/OneDrive/Documentos/GitHub/quadrivium/cognetics/Long 19th Century - 1789-1914/03.06 The Age of Revolution, 1789-1848.txt
/mnt/c/Users/nateg/OneDrive/Documentos/GitHub/quadrivium/cognetics/Long 19th Century - 1789-1914/04.01 The French Revolution.txt
/mnt/c/Users/nateg/OneDrive/Documentos/GitHub/quadrivium/cognetics/Long 19th Century - 1789-1914/04.02 The French Revolution.txt
/mnt/c/Users/nateg/OneDrive/Documentos/GitHub/quadrivium/cognetics/Long 19th Century - 1789-1914/04.03 The French Revolution.txt
/mnt/c/Users/nateg/OneDrive/Documentos/GitHub/quadrivium/cognetics/Long 19th Century - 1789-1914/04.04 The French Revolution.txt
/mnt/c/Users/nateg/OneDrive/Documentos/GitHub/quadrivium/cognetics/Long 19th Century - 1789-1914/04.05 The French Revolution.txt
/mnt/c/Users/nateg/OneDrive/Documentos/GitHub/quadrivium/cognetics/Long 19th Century - 1789-1914/04.06 The French Revolution.txt
/mnt/c/Users/nateg/OneDrive/Documentos/GitHub/quadrivium/cognetics/Long 19th Century - 1789-1914/05.01 The Napoleonic Era, 1799-1815.txt
/mnt/c/Users/nateg/OneDrive/Documentos/GitHub/quadrivium/cognetics/Long 19th Century - 1789-1914/05.02 The Napoleonic Era, 1799-1815.txt
/mnt/c/Users/nateg/OneDrive/Documentos/GitHub/quadrivium/cognetics/Long 19th Century - 1789-1914/05.03 The Napoleonic Era, 1799-1815.txt
/mnt/c/Users/nateg/OneDrive/Documentos/GitHub/quadrivium/cognetics/Long 19th Century - 1789-1914/05.04 The Napoleonic Era, 1799-1815.txt
/mnt/c/Users/nateg/OneDrive/Documentos/GitHub/quadrivium/cognetics/Long 19th Century - 1789-1914/05.05 The Napoleonic Era, 1799-1815.txt
/mnt/c/Users/nateg/OneDrive/Documentos/GitHub/quadrivium/cognetics/Long 19th Century - 1789-1914/05.06 The Napoleonic Era, 1799-1815.txt
/mnt/c/Users/nateg/OneDrive/Documentos/GitHub/quadrivium/cognetics/Long 19th Century - 1789-1914/06.01 The First Industrial Revolution, 1760-1850.txt
/mnt/c/Users/nateg/OneDrive/Documentos/GitHub/quadrivium/cognetics/Long 19th Century - 1789-1914/06.02 The First Industrial Revolution, 1760-1850.txt
/mnt/c/Users/nateg/OneDrive/Documentos/GitHub/quadrivium/cognetics/Long 19th Century - 1789-1914/06.03 The First Industrial Revolution, 1760-1850.txt
/mnt/c/Users/nateg/OneDrive/Documentos/GitHub/quadrivium/cognetics/Long 19th Century - 1789-1914/06.04 The First Industrial Revolution, 1760-1850.txt
/mnt/c/Users/nateg/OneDrive/Documentos/GitHub/quadrivium/cognetics/Long 19th Century - 1789-1914/06.05 The First Industrial Revolution, 1760-1850.txt
/mnt/c/Users/nateg/OneDrive/Documentos/GitHub/quadrivium/cognetics/Long 19th Century - 1789-1914/06.06 The First Industrial Revolution, 1760-1850.txt
/mnt/c/Users/nateg/OneDrive/Documentos/GitHub/quadrivium/cognetics/Long 19th Century - 1789-1914/07.01 The Era of Metternich, 1815-1848.txt
/mnt/c/Users/nateg/OneDrive/Documentos/GitHub/quadrivium/cognetics/Long 19th Century - 1789-1914/07.02 The Era of Metternich, 1815-1848.txt
/mnt/c/Users/nateg/OneDrive/Documentos/GitHub/quadrivium/cognetics/Long 19th Century - 1789-1914/07.03 The Era of Metternich, 1815-1848.txt
/mnt/c/Users/nateg/OneDrive/Documentos/GitHub/quadrivium/cognetics/Long 19th Century - 1789-1914/07.04 The Era of Metternich, 1815-1848.txt
/mnt/c/Users/nateg/OneDrive/Documentos/GitHub/quadrivium/cognetics/Long 19th Century - 1789-1914/07.05 The Era of Metternich, 1815-1848.txt
/mnt/c/Users/nateg/OneDrive/Documentos/GitHub/quadrivium/cognetics/Long 19th Century - 1789-1914/07.06 The Era of Metternich, 1815-1848.txt
/mnt/c/Users/nateg/OneDrive/Documentos/GitHub/quadrivium/cognetics/Long 19th Century - 1789-1914/08.01 The Revolutions of 1848.txt
/mnt/c/Users/nateg/OneDrive/Documentos/GitHub/quadrivium/cognetics/Long 19th Century - 1789-1914/08.02 The Revolutions of 1848.txt
/mnt/c/Users/nateg/OneDrive/Documentos/GitHub/quadrivium/cognetics/Long 19th Century - 1789-1914/08.03 The Revolutions of 1848.txt
/mnt/c/Users/nateg/OneDrive/Documentos/GitHub/quadrivium/cognetics/Long 19th Century - 1789-1914/08.04 The Revolutions of 1848.txt
/mnt/c/Users/nateg/OneDrive/Documentos/GitHub/quadrivium/cognetics/Long 19th Century - 1789-1914/08.05 The Revolutions of 1848.txt
/mnt/c/Users/nateg/OneDrive/Documentos/GitHub/quadrivium/cognetics/Long 19th Century - 1789-1914/08.06 The Revolutions of 1848.txt
/mnt/c/Users/nateg/OneDrive/Documentos/GitHub/quadrivium/cognetics/Long 19th Century - 1789-1914/09.01 Europe, 1850-1871 - An Overview.txt
/mnt/c/Users/nateg/OneDrive/Documentos/GitHub/quadrivium/cognetics/Long 19th Century - 1789-1914/09.02 Europe, 1850-1871 - An Overview.txt
/mnt/c/Users/nateg/OneDrive/Documentos/GitHub/quadrivium/cognetics/Long 19th Century - 1789-1914/09.03 Europe, 1850-1871 - An Overview.txt
/mnt/c/Users/nateg/OneDrive/Documentos/GitHub/quadrivium/cognetics/Long 19th Century - 1789-1914/09.04 Europe, 1850-1871 - An Overview.txt
/mnt/c/Users/nateg/OneDrive/Documentos/GitHub/quadrivium/cognetics/Long 19th Century - 1789-1914/09.05 Europe, 1850-1871 - An Overview.txt
/mnt/c/Users/nateg/OneDrive/Documentos/GitHub/quadrivium/cognetics/Long 19th Century - 1789-1914/09.06 Europe, 1850-1871 - An Overview.txt
/mnt/c/Users/nateg/OneDrive/Documentos/GitHub/quadrivium/cognetics/Long 19th Century - 1789-1914/10.01 The Crimean War, 1853-1856.txt
/mnt/c/Users/nateg/OneDrive/Documentos/GitHub/quadrivium/cognetics/Long 19th Century - 1789-1914/10.02 The Crimean War, 1853-1856.txt
/mnt/c/Users/nateg/OneDrive/Documentos/GitHub/quadrivium/cognetics/Long 19th Century - 1789-1914/10.03 The Crimean War, 1853-1856.txt
/mnt/c/Users/nateg/OneDrive/Documentos/GitHub/quadrivium/cognetics/Long 19th Century - 1789-1914/10.04 The Crimean War, 1853-1856.txt
/mnt/c/Users/nateg/OneDrive/Documentos/GitHub/quadrivium/cognetics/Long 19th Century - 1789-1914/10.05 The Crimean War, 1853-1856.txt
/mnt/c/Users/nateg/OneDrive/Documentos/GitHub/quadrivium/cognetics/Long 19th Century - 1789-1914/10.06 The Crimean War, 1853-1856.txt
/mnt/c/Users/nateg/OneDrive/Documentos/GitHub/quadrivium/cognetics/Long 19th Century - 1789-1914/11.01 From Napoleon to Napoleon - France, 1815-1852.txt
/mnt/c/Users/nateg/OneDrive/Documentos/GitHub/quadrivium/cognetics/Long 19th Century - 1789-1914/11.02 From Napoleon to Napoleon - France, 1815-1852.txt
/mnt/c/Users/nateg/OneDrive/Documentos/GitHub/quadrivium/cognetics/Long 19th Century - 1789-1914/11.03 From Napoleon to Napoleon - France, 1815-1852.txt
/mnt/c/Users/nateg/OneDrive/Documentos/GitHub/quadrivium/cognetics/Long 19th Century - 1789-1914/11.04 From Napoleon to Napoleon - France, 1815-1852.txt
/mnt/c/Users/nateg/OneDrive/Documentos/GitHub/quadrivium/cognetics/Long 19th Century - 1789-1914/11.05 From Napoleon to Napoleon - France, 1815-1852.txt
/mnt/c/Users/nateg/OneDrive/Documentos/GitHub/quadrivium/cognetics/Long 19th Century - 1789-1914/11.06 From Napoleon to Napoleon - France, 1815-1852.txt
/mnt/c/Users/nateg/OneDrive/Documentos/GitHub/quadrivium/cognetics/Long 19th Century - 1789-1914/12.01 Napoleon III - An Evaluation.txt
/mnt/c/Users/nateg/OneDrive/Documentos/GitHub/quadrivium/cognetics/Long 19th Century - 1789-1914/12.02 Napoleon III - An Evaluation.txt
/mnt/c/Users/nateg/OneDrive/Documentos/GitHub/quadrivium/cognetics/Long 19th Century - 1789-1914/12.03 Napoleon III - An Evaluation.txt
/mnt/c/Users/nateg/OneDrive/Documentos/GitHub/quadrivium/cognetics/Long 19th Century - 1789-1914/12.04 Napoleon III - An Evaluation.txt
/mnt/c/Users/nateg/OneDrive/Documentos/GitHub/quadrivium/cognetics/Long 19th Century - 1789-1914/12.05 Napoleon III - An Evaluation.txt
/mnt/c/Users/nateg/OneDrive/Documentos/GitHub/quadrivium/cognetics/Long 19th Century - 1789-1914/12.06 Napoleon III - An Evaluation.txt
/mnt/c/Users/nateg/OneDrive/Documentos/GitHub/quadrivium/cognetics/Long 19th Century - 1789-1914/13.01 Italy on the Eve - An Overview.txt
/mnt/c/Users/nateg/OneDrive/Documentos/GitHub/quadrivium/cognetics/Long 19th Century - 1789-1914/13.02 Italy on the Eve - An Overview.txt
/mnt/c/Users/nateg/OneDrive/Documentos/GitHub/quadrivium/cognetics/Long 19th Century - 1789-1914/13.03 Italy on the Eve - An Overview.txt
/mnt/c/Users/nateg/OneDrive/Documentos/GitHub/quadrivium/cognetics/Long 19th Century - 1789-1914/13.04 Italy on the Eve - An Overview.txt
/mnt/c/Users/nateg/OneDrive/Documentos/GitHub/quadrivium/cognetics/Long 19th Century - 1789-1914/13.05 Italy on the Eve - An Overview.txt
/mnt/c/Users/nateg/OneDrive/Documentos/GitHub/quadrivium/cognetics/Long 19th Century - 1789-1914/13.06 Italy on the Eve - An Overview.txt
/mnt/c/Users/nateg/OneDrive/Documentos/GitHub/quadrivium/cognetics/Long 19th Century - 1789-1914/14.01 Cavour and Napoleon III - 'Unifying' Italy.txt
/mnt/c/Users/nateg/OneDrive/Documentos/GitHub/quadrivium/cognetics/Long 19th Century - 1789-1914/14.02 Cavour and Napoleon III - 'Unifying' Italy.txt
/mnt/c/Users/nateg/OneDrive/Documentos/GitHub/quadrivium/cognetics/Long 19th Century - 1789-1914/14.03 Cavour and Napoleon III - 'Unifying' Italy.txt
/mnt/c/Users/nateg/OneDrive/Documentos/GitHub/quadrivium/cognetics/Long 19th Century - 1789-1914/14.04 Cavour and Napoleon III - 'Unifying' Italy.txt
/mnt/c/Users/nateg/OneDrive/Documentos/GitHub/quadrivium/cognetics/Long 19th Century - 1789-1914/14.05 Cavour and Napoleon III - 'Unifying' Italy.txt
/mnt/c/Users/nateg/OneDrive/Documentos/GitHub/quadrivium/cognetics/Long 19th Century - 1789-1914/14.06 Cavour and Napoleon III - 'Unifying' Italy.txt
/mnt/c/Users/nateg/OneDrive/Documentos/GitHub/quadrivium/cognetics/Long 19th Century - 1789-1914/15.01 Germany on the Eve.txt
/mnt/c/Users/nateg/OneDrive/Documentos/GitHub/quadrivium/cognetics/Long 19th Century - 1789-1914/15.02 Germany on the Eve.txt
/mnt/c/Users/nateg/OneDrive/Documentos/GitHub/quadrivium/cognetics/Long 19th Century - 1789-1914/15.03 Germany on the Eve.txt
/mnt/c/Users/nateg/OneDrive/Documentos/GitHub/quadrivium/cognetics/Long 19th Century - 1789-1914/15.04 Germany on the Eve.txt
/mnt/c/Users/nateg/OneDrive/Documentos/GitHub/quadrivium/cognetics/Long 19th Century - 1789-1914/15.05 Germany on the Eve.txt
/mnt/c/Users/nateg/OneDrive/Documentos/GitHub/quadrivium/cognetics/Long 19th Century - 1789-1914/15.06 Germany on the Eve.txt
/mnt/c/Users/nateg/OneDrive/Documentos/GitHub/quadrivium/cognetics/Long 19th Century - 1789-1914/16.01 Age of Bismark - Creating the German Empire.txt
/mnt/c/Users/nateg/OneDrive/Documentos/GitHub/quadrivium/cognetics/Long 19th Century - 1789-1914/16.02 Age of Bismark - Creating the German Empire.txt
/mnt/c/Users/nateg/OneDrive/Documentos/GitHub/quadrivium/cognetics/Long 19th Century - 1789-1914/16.03 Age of Bismark - Creating the German Empire.txt
/mnt/c/Users/nateg/OneDrive/Documentos/GitHub/quadrivium/cognetics/Long 19th Century - 1789-1914/16.04 Age of Bismark - Creating the German Empire.txt
/mnt/c/Users/nateg/OneDrive/Documentos/GitHub/quadrivium/cognetics/Long 19th Century - 1789-1914/16.05 Age of Bismark - Creating the German Empire.txt
/mnt/c/Users/nateg/OneDrive/Documentos/GitHub/quadrivium/cognetics/Long 19th Century - 1789-1914/16.06 Age of Bismark - Creating the German Empire.txt
/mnt/c/Users/nateg/OneDrive/Documentos/GitHub/quadrivium/cognetics/Long 19th Century - 1789-1914/17.01 The British Way.txt
/mnt/c/Users/nateg/OneDrive/Documentos/GitHub/quadrivium/cognetics/Long 19th Century - 1789-1914/17.02 The British Way.txt
/mnt/c/Users/nateg/OneDrive/Documentos/GitHub/quadrivium/cognetics/Long 19th Century - 1789-1914/17.03 The British Way.txt
/mnt/c/Users/nateg/OneDrive/Documentos/GitHub/quadrivium/cognetics/Long 19th Century - 1789-1914/17.04 The British Way.txt
/mnt/c/Users/nateg/OneDrive/Documentos/GitHub/quadrivium/cognetics/Long 19th Century - 1789-1914/17.05 The British Way.txt
/mnt/c/Users/nateg/OneDrive/Documentos/GitHub/quadrivium/cognetics/Long 19th Century - 1789-1914/17.06 The British Way.txt
/mnt/c/Users/nateg/OneDrive/Documentos/GitHub/quadrivium/cognetics/Long 19th Century - 1789-1914/18.01 The Russian Experience, 1789-1881.txt
/mnt/c/Users/nateg/OneDrive/Documentos/GitHub/quadrivium/cognetics/Long 19th Century - 1789-1914/18.02 The Russian Experience, 1789-1881.txt
/mnt/c/Users/nateg/OneDrive/Documentos/GitHub/quadrivium/cognetics/Long 19th Century - 1789-1914/18.03 The Russian Experience, 1789-1881.txt
/mnt/c/Users/nateg/OneDrive/Documentos/GitHub/quadrivium/cognetics/Long 19th Century - 1789-1914/18.04 The Russian Experience, 1789-1881.txt
/mnt/c/Users/nateg/OneDrive/Documentos/GitHub/quadrivium/cognetics/Long 19th Century - 1789-1914/18.05 The Russian Experience, 1789-1881.txt
/mnt/c/Users/nateg/OneDrive/Documentos/GitHub/quadrivium/cognetics/Long 19th Century - 1789-1914/18.06 The Russian Experience, 1789-1881.txt
/mnt/c/Users/nateg/OneDrive/Documentos/GitHub/quadrivium/cognetics/Long 19th Century - 1789-1914/19.01 The Apogee of Europe, 1870-1914.txt
/mnt/c/Users/nateg/OneDrive/Documentos/GitHub/quadrivium/cognetics/Long 19th Century - 1789-1914/19.02 The Apogee of Europe, 1870-1914.txt
/mnt/c/Users/nateg/OneDrive/Documentos/GitHub/quadrivium/cognetics/Long 19th Century - 1789-1914/19.03 The Apogee of Europe, 1870-1914.txt
/mnt/c/Users/nateg/OneDrive/Documentos/GitHub/quadrivium/cognetics/Long 19th Century - 1789-1914/19.04 The Apogee of Europe, 1870-1914.txt
/mnt/c/Users/nateg/OneDrive/Documentos/GitHub/quadrivium/cognetics/Long 19th Century - 1789-1914/19.05 The Apogee of Europe, 1870-1914.txt
/mnt/c/Users/nateg/OneDrive/Documentos/GitHub/quadrivium/cognetics/Long 19th Century - 1789-1914/19.06 The Apogee of Europe, 1870-1914.txt
/mnt/c/Users/nateg/OneDrive/Documentos/GitHub/quadrivium/cognetics/Long 19th Century - 1789-1914/20.01 The Industrialization of Europe.txt
/mnt/c/Users/nateg/OneDrive/Documentos/GitHub/quadrivium/cognetics/Long 19th Century - 1789-1914/20.02 The Industrialization of Europe.txt
/mnt/c/Users/nateg/OneDrive/Documentos/GitHub/quadrivium/cognetics/Long 19th Century - 1789-1914/20.03 The Industrialization of Europe.txt
/mnt/c/Users/nateg/OneDrive/Documentos/GitHub/quadrivium/cognetics/Long 19th Century - 1789-1914/20.04 The Industrialization of Europe.txt
/mnt/c/Users/nateg/OneDrive/Documentos/GitHub/quadrivium/cognetics/Long 19th Century - 1789-1914/20.05 The Industrialization of Europe.txt
/mnt/c/Users/nateg/OneDrive/Documentos/GitHub/quadrivium/cognetics/Long 19th Century - 1789-1914/20.06 The Industrialization of Europe.txt
/mnt/c/Users/nateg/OneDrive/Documentos/GitHub/quadrivium/cognetics/Long 19th Century - 1789-1914/21.01 The Socialist Response.txt
/mnt/c/Users/nateg/OneDrive/Documentos/GitHub/quadrivium/cognetics/Long 19th Century - 1789-1914/21.02 The Socialist Response.txt
/mnt/c/Users/nateg/OneDrive/Documentos/GitHub/quadrivium/cognetics/Long 19th Century - 1789-1914/21.03 The Socialist Response.txt
/mnt/c/Users/nateg/OneDrive/Documentos/GitHub/quadrivium/cognetics/Long 19th Century - 1789-1914/21.04 The Socialist Response.txt
/mnt/c/Users/nateg/OneDrive/Documentos/GitHub/quadrivium/cognetics/Long 19th Century - 1789-1914/21.05 The Socialist Response.txt
/mnt/c/Users/nateg/OneDrive/Documentos/GitHub/quadrivium/cognetics/Long 19th Century - 1789-1914/21.06 The Socialist Response.txt
/mnt/c/Users/nateg/OneDrive/Documentos/GitHub/quadrivium/cognetics/Long 19th Century - 1789-1914/22.01 The Longest Hatred - European Anti-Semitism.txt
/mnt/c/Users/nateg/OneDrive/Documentos/GitHub/quadrivium/cognetics/Long 19th Century - 1789-1914/22.02 The Longest Hatred - European Anti-Semitism.txt
/mnt/c/Users/nateg/OneDrive/Documentos/GitHub/quadrivium/cognetics/Long 19th Century - 1789-1914/22.03 The Longest Hatred - European Anti-Semitism.txt
/mnt/c/Users/nateg/OneDrive/Documentos/GitHub/quadrivium/cognetics/Long 19th Century - 1789-1914/22.04 The Longest Hatred - European Anti-Semitism.txt
/mnt/c/Users/nateg/OneDrive/Documentos/GitHub/quadrivium/cognetics/Long 19th Century - 1789-1914/22.05 The Longest Hatred - European Anti-Semitism.txt
/mnt/c/Users/nateg/OneDrive/Documentos/GitHub/quadrivium/cognetics/Long 19th Century - 1789-1914/22.06 The Longest Hatred - European Anti-Semitism.txt
/mnt/c/Users/nateg/OneDrive/Documentos/GitHub/quadrivium/cognetics/Long 19th Century - 1789-1914/23.01 England, 1868-1914 - Liberalism to Democracy.txt
/mnt/c/Users/nateg/OneDrive/Documentos/GitHub/quadrivium/cognetics/Long 19th Century - 1789-1914/23.02 England, 1868-1914 - Liberalism to Democracy.txt
/mnt/c/Users/nateg/OneDrive/Documentos/GitHub/quadrivium/cognetics/Long 19th Century - 1789-1914/23.03 England, 1868-1914 - Liberalism to Democracy.txt
/mnt/c/Users/nateg/OneDrive/Documentos/GitHub/quadrivium/cognetics/Long 19th Century - 1789-1914/23.04 England, 1868-1914 - Liberalism to Democracy.txt
/mnt/c/Users/nateg/OneDrive/Documentos/GitHub/quadrivium/cognetics/Long 19th Century - 1789-1914/23.05 England, 1868-1914 - Liberalism to Democracy.txt
/mnt/c/Users/nateg/OneDrive/Documentos/GitHub/quadrivium/cognetics/Long 19th Century - 1789-1914/23.06 England, 1868-1914 - Liberalism to Democracy.txt
/mnt/c/Users/nateg/OneDrive/Documentos/GitHub/quadrivium/cognetics/Long 19th Century - 1789-1914/24.01 The Third Republic - France, 1970-1914.txt
/mnt/c/Users/nateg/OneDrive/Documentos/GitHub/quadrivium/cognetics/Long 19th Century - 1789-1914/24.02 The Third Republic - France, 1970-1914.txt
/mnt/c/Users/nateg/OneDrive/Documentos/GitHub/quadrivium/cognetics/Long 19th Century - 1789-1914/24.03 The Third Republic - France, 1970-1914.txt
/mnt/c/Users/nateg/OneDrive/Documentos/GitHub/quadrivium/cognetics/Long 19th Century - 1789-1914/24.04 The Third Republic - France, 1970-1914.txt
/mnt/c/Users/nateg/OneDrive/Documentos/GitHub/quadrivium/cognetics/Long 19th Century - 1789-1914/24.05 The Third Republic - France, 1970-1914.txt
/mnt/c/Users/nateg/OneDrive/Documentos/GitHub/quadrivium/cognetics/Long 19th Century - 1789-1914/24.06 The Third Republic - France, 1970-1914.txt
/mnt/c/Users/nateg/OneDrive/Documentos/GitHub/quadrivium/cognetics/Long 19th Century - 1789-1914/25.01 Bismarckian and Wilhelminian Germany.txt
/mnt/c/Users/nateg/OneDrive/Documentos/GitHub/quadrivium/cognetics/Long 19th Century - 1789-1914/25.02 Bismarckian and Wilhelminian Germany.txt
/mnt/c/Users/nateg/OneDrive/Documentos/GitHub/quadrivium/cognetics/Long 19th Century - 1789-1914/25.03 Bismarckian and Wilhelminian Germany.txt
/mnt/c/Users/nateg/OneDrive/Documentos/GitHub/quadrivium/cognetics/Long 19th Century - 1789-1914/25.04 Bismarckian and Wilhelminian Germany.txt
/mnt/c/Users/nateg/OneDrive/Documentos/GitHub/quadrivium/cognetics/Long 19th Century - 1789-1914/25.05 Bismarckian and Wilhelminian Germany.txt
/mnt/c/Users/nateg/OneDrive/Documentos/GitHub/quadrivium/cognetics/Long 19th Century - 1789-1914/25.06 Bismarckian and Wilhelminian Germany.txt
/mnt/c/Users/nateg/OneDrive/Documentos/GitHub/quadrivium/cognetics/Long 19th Century - 1789-1914/26.01 Flawed States - Austria-Hungary and Italy.txt
/mnt/c/Users/nateg/OneDrive/Documentos/GitHub/quadrivium/cognetics/Long 19th Century - 1789-1914/26.02 Flawed States - Austria-Hungary and Italy.txt
/mnt/c/Users/nateg/OneDrive/Documentos/GitHub/quadrivium/cognetics/Long 19th Century - 1789-1914/26.03 Flawed States - Austria-Hungary and Italy.txt
/mnt/c/Users/nateg/OneDrive/Documentos/GitHub/quadrivium/cognetics/Long 19th Century - 1789-1914/26.04 Flawed States - Austria-Hungary and Italy.txt
/mnt/c/Users/nateg/OneDrive/Documentos/GitHub/quadrivium/cognetics/Long 19th Century - 1789-1914/26.05 Flawed States - Austria-Hungary and Italy.txt
/mnt/c/Users/nateg/OneDrive/Documentos/GitHub/quadrivium/cognetics/Long 19th Century - 1789-1914/26.06 Flawed States - Austria-Hungary and Italy.txt
/mnt/c/Users/nateg/OneDrive/Documentos/GitHub/quadrivium/cognetics/Long 19th Century - 1789-1914/27.01 Russia, Turkey, and the Balkans.txt
/mnt/c/Users/nateg/OneDrive/Documentos/GitHub/quadrivium/cognetics/Long 19th Century - 1789-1914/27.02 Russia, Turkey, and the Balkans.txt
/mnt/c/Users/nateg/OneDrive/Documentos/GitHub/quadrivium/cognetics/Long 19th Century - 1789-1914/27.03 Russia, Turkey, and the Balkans.txt
/mnt/c/Users/nateg/OneDrive/Documentos/GitHub/quadrivium/cognetics/Long 19th Century - 1789-1914/27.04 Russia, Turkey, and the Balkans.txt
/mnt/c/Users/nateg/OneDrive/Documentos/GitHub/quadrivium/cognetics/Long 19th Century - 1789-1914/27.05 Russia, Turkey, and the Balkans.txt
/mnt/c/Users/nateg/OneDrive/Documentos/GitHub/quadrivium/cognetics/Long 19th Century - 1789-1914/27.06 Russia, Turkey, and the Balkans.txt
/mnt/c/Users/nateg/OneDrive/Documentos/GitHub/quadrivium/cognetics/Long 19th Century - 1789-1914/28.01 Bismark Dominates Europe, 1870-1890.txt
/mnt/c/Users/nateg/OneDrive/Documentos/GitHub/quadrivium/cognetics/Long 19th Century - 1789-1914/28.02 Bismark Dominates Europe, 1870-1890.txt
/mnt/c/Users/nateg/OneDrive/Documentos/GitHub/quadrivium/cognetics/Long 19th Century - 1789-1914/28.03 Bismark Dominates Europe, 1870-1890.txt
/mnt/c/Users/nateg/OneDrive/Documentos/GitHub/quadrivium/cognetics/Long 19th Century - 1789-1914/28.04 Bismark Dominates Europe, 1870-1890.txt
/mnt/c/Users/nateg/OneDrive/Documentos/GitHub/quadrivium/cognetics/Long 19th Century - 1789-1914/28.05 Bismark Dominates Europe, 1870-1890.txt
/mnt/c/Users/nateg/OneDrive/Documentos/GitHub/quadrivium/cognetics/Long 19th Century - 1789-1914/28.06 Bismark Dominates Europe, 1870-1890.txt
/mnt/c/Users/nateg/OneDrive/Documentos/GitHub/quadrivium/cognetics/Long 19th Century - 1789-1914/29.01 The 'New' Imperialism.txt
/mnt/c/Users/nateg/OneDrive/Documentos/GitHub/quadrivium/cognetics/Long 19th Century - 1789-1914/29.02 The 'New' Imperialism.txt
/mnt/c/Users/nateg/OneDrive/Documentos/GitHub/quadrivium/cognetics/Long 19th Century - 1789-1914/29.03 The 'New' Imperialism.txt
/mnt/c/Users/nateg/OneDrive/Documentos/GitHub/quadrivium/cognetics/Long 19th Century - 1789-1914/29.04 The 'New' Imperialism.txt
/mnt/c/Users/nateg/OneDrive/Documentos/GitHub/quadrivium/cognetics/Long 19th Century - 1789-1914/29.05 The 'New' Imperialism.txt
/mnt/c/Users/nateg/OneDrive/Documentos/GitHub/quadrivium/cognetics/Long 19th Century - 1789-1914/29.06 The 'New' Imperialism.txt
/mnt/c/Users/nateg/OneDrive/Documentos/GitHub/quadrivium/cognetics/Long 19th Century - 1789-1914/30.01 The Diplomacy of Imperialism, 1890-1907.txt
/mnt/c/Users/nateg/OneDrive/Documentos/GitHub/quadrivium/cognetics/Long 19th Century - 1789-1914/30.02 The Diplomacy of Imperialism, 1890-1907.txt
/mnt/c/Users/nateg/OneDrive/Documentos/GitHub/quadrivium/cognetics/Long 19th Century - 1789-1914/30.03 The Diplomacy of Imperialism, 1890-1907.txt
/mnt/c/Users/nateg/OneDrive/Documentos/GitHub/quadrivium/cognetics/Long 19th Century - 1789-1914/30.04 The Diplomacy of Imperialism, 1890-1907.txt
/mnt/c/Users/nateg/OneDrive/Documentos/GitHub/quadrivium/cognetics/Long 19th Century - 1789-1914/30.05 The Diplomacy of Imperialism, 1890-1907.txt
/mnt/c/Users/nateg/OneDrive/Documentos/GitHub/quadrivium/cognetics/Long 19th Century - 1789-1914/30.06 The Diplomacy of Imperialism, 1890-1907.txt
/mnt/c/Users/nateg/OneDrive/Documentos/GitHub/quadrivium/cognetics/Long 19th Century - 1789-1914/31.01 Europe in Crisis, 1908-1914 - Outbreak of War.txt
/mnt/c/Users/nateg/OneDrive/Documentos/GitHub/quadrivium/cognetics/Long 19th Century - 1789-1914/31.02 Europe in Crisis, 1908-1914 - Outbreak of War.txt
/mnt/c/Users/nateg/OneDrive/Documentos/GitHub/quadrivium/cognetics/Long 19th Century - 1789-1914/31.03 Europe in Crisis, 1908-1914 - Outbreak of War.txt
/mnt/c/Users/nateg/OneDrive/Documentos/GitHub/quadrivium/cognetics/Long 19th Century - 1789-1914/31.04 Europe in Crisis, 1908-1914 - Outbreak of War.txt
/mnt/c/Users/nateg/OneDrive/Documentos/GitHub/quadrivium/cognetics/Long 19th Century - 1789-1914/31.05 Europe in Crisis, 1908-1914 - Outbreak of War.txt
/mnt/c/Users/nateg/OneDrive/Documentos/GitHub/quadrivium/cognetics/Long 19th Century - 1789-1914/31.06 Europe in Crisis, 1908-1914 - Outbreak of War.txt
/mnt/c/Users/nateg/OneDrive/Documentos/GitHub/quadrivium/cognetics/Long 19th Century - 1789-1914/32.01 The Origins of World War I.txt
/mnt/c/Users/nateg/OneDrive/Documentos/GitHub/quadrivium/cognetics/Long 19th Century - 1789-1914/32.02 The Origins of World War I.txt
/mnt/c/Users/nateg/OneDrive/Documentos/GitHub/quadrivium/cognetics/Long 19th Century - 1789-1914/32.03 The Origins of World War I.txt
/mnt/c/Users/nateg/OneDrive/Documentos/GitHub/quadrivium/cognetics/Long 19th Century - 1789-1914/32.04 The Origins of World War I.txt
/mnt/c/Users/nateg/OneDrive/Documentos/GitHub/quadrivium/cognetics/Long 19th Century - 1789-1914/32.05 The Origins of World War I.txt
/mnt/c/Users/nateg/OneDrive/Documentos/GitHub/quadrivium/cognetics/Long 19th Century - 1789-1914/32.06 The Origins of World War I.txt
/mnt/c/Users/nateg/OneDrive/Documentos/GitHub/quadrivium/cognetics/Long 19th Century - 1789-1914/33.01 The Great War - A Military Overview.txt
/mnt/c/Users/nateg/OneDrive/Documentos/GitHub/quadrivium/cognetics/Long 19th Century - 1789-1914/33.02 The Great War - A Military Overview.txt
/mnt/c/Users/nateg/OneDrive/Documentos/GitHub/quadrivium/cognetics/Long 19th Century - 1789-1914/33.03 The Great War - A Military Overview.txt
/mnt/c/Users/nateg/OneDrive/Documentos/GitHub/quadrivium/cognetics/Long 19th Century - 1789-1914/33.04 The Great War - A Military Overview.txt
/mnt/c/Users/nateg/OneDrive/Documentos/GitHub/quadrivium/cognetics/Long 19th Century - 1789-1914/33.05 The Great War - A Military Overview.txt
/mnt/c/Users/nateg/OneDrive/Documentos/GitHub/quadrivium/cognetics/Long 19th Century - 1789-1914/33.06 The Great War - A Military Overview.txt
/mnt/c/Users/nateg/OneDrive/Documentos/GitHub/quadrivium/cognetics/Long 19th Century - 1789-1914/34.01 The Home Front During Total War.txt
/mnt/c/Users/nateg/OneDrive/Documentos/GitHub/quadrivium/cognetics/Long 19th Century - 1789-1914/34.02 The Home Front During Total War.txt
/mnt/c/Users/nateg/OneDrive/Documentos/GitHub/quadrivium/cognetics/Long 19th Century - 1789-1914/34.03 The Home Front During Total War.txt
/mnt/c/Users/nateg/OneDrive/Documentos/GitHub/quadrivium/cognetics/Long 19th Century - 1789-1914/34.04 The Home Front During Total War.txt
/mnt/c/Users/nateg/OneDrive/Documentos/GitHub/quadrivium/cognetics/Long 19th Century - 1789-1914/34.05 The Home Front During Total War.txt
/mnt/c/Users/nateg/OneDrive/Documentos/GitHub/quadrivium/cognetics/Long 19th Century - 1789-1914/34.06 The Home Front During Total War.txt
/mnt/c/Users/nateg/OneDrive/Documentos/GitHub/quadrivium/cognetics/Long 19th Century - 1789-1914/35.01 The Impact of World War I - New World Disorder.txt
/mnt/c/Users/nateg/OneDrive/Documentos/GitHub/quadrivium/cognetics/Long 19th Century - 1789-1914/35.02 The Impact of World War I - New World Disorder.txt
/mnt/c/Users/nateg/OneDrive/Documentos/GitHub/quadrivium/cognetics/Long 19th Century - 1789-1914/35.03 The Impact of World War I - New World Disorder.txt
/mnt/c/Users/nateg/OneDrive/Documentos/GitHub/quadrivium/cognetics/Long 19th Century - 1789-1914/35.04 The Impact of World War I - New World Disorder.txt
/mnt/c/Users/nateg/OneDrive/Documentos/GitHub/quadrivium/cognetics/Long 19th Century - 1789-1914/35.05 The Impact of World War I - New World Disorder.txt
/mnt/c/Users/nateg/OneDrive/Documentos/GitHub/quadrivium/cognetics/Long 19th Century - 1789-1914/35.06 The Impact of World War I - New World Disorder.txt
/mnt/c/Users/nateg/OneDrive/Documentos/GitHub/quadrivium/cognetics/Long 19th Century - 1789-1914/36.01 Looking Back, Thinking Ahead.txt
/mnt/c/Users/nateg/OneDrive/Documentos/GitHub/quadrivium/cognetics/Long 19th Century - 1789-1914/36.02 Looking Back, Thinking Ahead.txt
/mnt/c/Users/nateg/OneDrive/Documentos/GitHub/quadrivium/cognetics/Long 19th Century - 1789-1914/36.03 Looking Back, Thinking Ahead.txt
/mnt/c/Users/nateg/OneDrive/Documentos/GitHub/quadrivium/cognetics/Long 19th Century - 1789-1914/36.04 Looking Back, Thinking Ahead.txt
/mnt/c/Users/nateg/OneDrive/Documentos/GitHub/quadrivium/cognetics/Long 19th Century - 1789-1914/36.05 Looking Back, Thinking Ahead.txt
/mnt/c/Users/nateg/OneDrive/Documentos/GitHub/quadrivium/cognetics/Long 19th Century - 1789-1914/36.06 Looking Back, Thinking Ahead.txt
