/mnt/c/Users/nateg/OneDrive/Documentos/GitHub/quadrivium/cognetics/Dark Matter, Dark Energy/00. Professor Bio.txt
/mnt/c/Users/nateg/OneDrive/Documentos/GitHub/quadrivium/cognetics/Dark Matter, Dark Energy/01. Fundamental Building Blocks.txt
/mnt/c/Users/nateg/OneDrive/Documentos/GitHub/quadrivium/cognetics/Dark Matter, Dark Energy/02. The Smooth, Expanding Universe.txt
/mnt/c/Users/nateg/OneDrive/Documentos/GitHub/quadrivium/cognetics/Dark Matter, Dark Energy/03. Space, Time, and Gravity.txt
/mnt/c/Users/nateg/OneDrive/Documentos/GitHub/quadrivium/cognetics/Dark Matter, Dark Energy/04. Cosmology in Einstein's Universe.txt
/mnt/c/Users/nateg/OneDrive/Documentos/GitHub/quadrivium/cognetics/Dark Matter, Dark Energy/05. Galaxies and Clusters.txt
/mnt/c/Users/nateg/OneDrive/Documentos/GitHub/quadrivium/cognetics/Dark Matter, Dark Energy/06. Gravitational Lensing.txt
/mnt/c/Users/nateg/OneDrive/Documentos/GitHub/quadrivium/cognetics/Dark Matter, Dark Energy/07. Atoms and Particles.txt
/mnt/c/Users/nateg/OneDrive/Documentos/GitHub/quadrivium/cognetics/Dark Matter, Dark Energy/08. The Standard Model of Particle Physics.txt
/mnt/c/Users/nateg/OneDrive/Documentos/GitHub/quadrivium/cognetics/Dark Matter, Dark Energy/09. Relic Particles from the Big Bang.txt
/mnt/c/Users/nateg/OneDrive/Documentos/GitHub/quadrivium/cognetics/Dark Matter, Dark Energy/10. Primordial Nucleosynthesis.txt
/mnt/c/Users/nateg/OneDrive/Documentos/GitHub/quadrivium/cognetics/Dark Matter, Dark Energy/11. The Cosmic Microwave Background.txt
/mnt/c/Users/nateg/OneDrive/Documentos/GitHub/quadrivium/cognetics/Dark Matter, Dark Energy/12. Dark Stars and Black Holes.txt
/mnt/c/Users/nateg/OneDrive/Documentos/GitHub/quadrivium/cognetics/Dark Matter, Dark Energy/13. WIMPs and Supersymmetry.txt
/mnt/c/Users/nateg/OneDrive/Documentos/GitHub/quadrivium/cognetics/Dark Matter, Dark Energy/14. The Accelerating Universe.txt
/mnt/c/Users/nateg/OneDrive/Documentos/GitHub/quadrivium/cognetics/Dark Matter, Dark Energy/15. The Geometry of Space.txt
/mnt/c/Users/nateg/OneDrive/Documentos/GitHub/quadrivium/cognetics/Dark Matter, Dark Energy/16. Smooth Tension and Acceleration.txt
/mnt/c/Users/nateg/OneDrive/Documentos/GitHub/quadrivium/cognetics/Dark Matter, Dark Energy/17. Vacuum Energy.txt
/mnt/c/Users/nateg/OneDrive/Documentos/GitHub/quadrivium/cognetics/Dark Matter, Dark Energy/18. Quintessence.txt
/mnt/c/Users/nateg/OneDrive/Documentos/GitHub/quadrivium/cognetics/Dark Matter, Dark Energy/19. Was Einstein Right.txt
/mnt/c/Users/nateg/OneDrive/Documentos/GitHub/quadrivium/cognetics/Dark Matter, Dark Energy/20. Inflation.txt
/mnt/c/Users/nateg/OneDrive/Documentos/GitHub/quadrivium/cognetics/Dark Matter, Dark Energy/21. Strings and Extra Dimensions.txt
/mnt/c/Users/nateg/OneDrive/Documentos/GitHub/quadrivium/cognetics/Dark Matter, Dark Energy/22. Beyond the Observable Universe.txt
/mnt/c/Users/nateg/OneDrive/Documentos/GitHub/quadrivium/cognetics/Dark Matter, Dark Energy/23. Future Experiments.txt
/mnt/c/Users/nateg/OneDrive/Documentos/GitHub/quadrivium/cognetics/Dark Matter, Dark Energy/24. The Past and Future of the Dark Side.txt
