/mnt/c/Users/nateg/OneDrive/Documentos/GitHub/quadrivium/cognetics/Unexpected Economics/01. The World Of Choices.txt
/mnt/c/Users/nateg/OneDrive/Documentos/GitHub/quadrivium/cognetics/Unexpected Economics/02. A Market For Pregnancy.txt
/mnt/c/Users/nateg/OneDrive/Documentos/GitHub/quadrivium/cognetics/Unexpected Economics/03. Selling A Kidney.txt
/mnt/c/Users/nateg/OneDrive/Documentos/GitHub/quadrivium/cognetics/Unexpected Economics/04. Traffic Congestion osts Pricing And You.txt
/mnt/c/Users/nateg/OneDrive/Documentos/GitHub/quadrivium/cognetics/Unexpected Economics/05. Two-Way Ties Between Religion And Economics.txt
/mnt/c/Users/nateg/OneDrive/Documentos/GitHub/quadrivium/cognetics/Unexpected Economics/06. Prediction Markets Windows On The Future.txt
/mnt/c/Users/nateg/OneDrive/Documentos/GitHub/quadrivium/cognetics/Unexpected Economics/07. Pathways For Crime And Crime Fighting.txt
/mnt/c/Users/nateg/OneDrive/Documentos/GitHub/quadrivium/cognetics/Unexpected Economics/08. Terrorism As An Occupational Choice.txt
/mnt/c/Users/nateg/OneDrive/Documentos/GitHub/quadrivium/cognetics/Unexpected Economics/09. Marriage As A Search Market.txt
/mnt/c/Users/nateg/OneDrive/Documentos/GitHub/quadrivium/cognetics/Unexpected Economics/10. Procreation And Parenthood.txt
/mnt/c/Users/nateg/OneDrive/Documentos/GitHub/quadrivium/cognetics/Unexpected Economics/11. Small Choices And Racial Discrimination.txt
/mnt/c/Users/nateg/OneDrive/Documentos/GitHub/quadrivium/cognetics/Unexpected Economics/12. Cooperation And The Prisoner's Dilemma.txt
/mnt/c/Users/nateg/OneDrive/Documentos/GitHub/quadrivium/cognetics/Unexpected Economics/13. Fairness And The Ultimatum Game.txt
/mnt/c/Users/nateg/OneDrive/Documentos/GitHub/quadrivium/cognetics/Unexpected Economics/14. Myopic Preferences And Behavioral Economics.txt
/mnt/c/Users/nateg/OneDrive/Documentos/GitHub/quadrivium/cognetics/Unexpected Economics/15. Altruism Charity And Gifts.txt
/mnt/c/Users/nateg/OneDrive/Documentos/GitHub/quadrivium/cognetics/Unexpected Economics/16. Loss Aversion And Reference Point Bias.txt
/mnt/c/Users/nateg/OneDrive/Documentos/GitHub/quadrivium/cognetics/Unexpected Economics/17. Risk And Uncertainty.txt
/mnt/c/Users/nateg/OneDrive/Documentos/GitHub/quadrivium/cognetics/Unexpected Economics/18. Human Herds And Information Cascades.txt
/mnt/c/Users/nateg/OneDrive/Documentos/GitHub/quadrivium/cognetics/Unexpected Economics/19. Addiction And Choice.txt
/mnt/c/Users/nateg/OneDrive/Documentos/GitHub/quadrivium/cognetics/Unexpected Economics/20. Obesity Who Bears The Costs.txt
/mnt/c/Users/nateg/OneDrive/Documentos/GitHub/quadrivium/cognetics/Unexpected Economics/21. The Economics Of Natural Disasters.txt
/mnt/c/Users/nateg/OneDrive/Documentos/GitHub/quadrivium/cognetics/Unexpected Economics/22. Sports Lessons ay Performance Tournaments .txt
/mnt/c/Users/nateg/OneDrive/Documentos/GitHub/quadrivium/cognetics/Unexpected Economics/23. Voting Money And Politics.txt
/mnt/c/Users/nateg/OneDrive/Documentos/GitHub/quadrivium/cognetics/Unexpected Economics/24. The Pursuit Of Happiness.txt
