/mnt/c/Users/nateg/OneDrive/Documentos/GitHub/quadrivium/cognetics/Economic Prosperity/01 The Foundations of Economic Prosperity.txt
/mnt/c/Users/nateg/OneDrive/Documentos/GitHub/quadrivium/cognetics/Economic Prosperity/02 Does Economic Prosperity Make You Happy.txt
/mnt/c/Users/nateg/OneDrive/Documentos/GitHub/quadrivium/cognetics/Economic Prosperity/03 Varieties of Entrepreneurship.txt
/mnt/c/Users/nateg/OneDrive/Documentos/GitHub/quadrivium/cognetics/Economic Prosperity/04 Individual Prosperity—The Developed World.txt
/mnt/c/Users/nateg/OneDrive/Documentos/GitHub/quadrivium/cognetics/Economic Prosperity/05 Individual Prosperity—The Developing World.txt
/mnt/c/Users/nateg/OneDrive/Documentos/GitHub/quadrivium/cognetics/Economic Prosperity/06 Foundations of National Prosperity.txt
/mnt/c/Users/nateg/OneDrive/Documentos/GitHub/quadrivium/cognetics/Economic Prosperity/07 Perils to National Prosperity.txt
/mnt/c/Users/nateg/OneDrive/Documentos/GitHub/quadrivium/cognetics/Economic Prosperity/08 Political Foundations of Prosperity.txt
/mnt/c/Users/nateg/OneDrive/Documentos/GitHub/quadrivium/cognetics/Economic Prosperity/09 Mysteries of the Industrial Revolution.txt
/mnt/c/Users/nateg/OneDrive/Documentos/GitHub/quadrivium/cognetics/Economic Prosperity/10 Sources of Poverty.txt
/mnt/c/Users/nateg/OneDrive/Documentos/GitHub/quadrivium/cognetics/Economic Prosperity/11 Reducing Poverty with Economic Development.txt
/mnt/c/Users/nateg/OneDrive/Documentos/GitHub/quadrivium/cognetics/Economic Prosperity/12 National Prosperity in the Developing World.txt
/mnt/c/Users/nateg/OneDrive/Documentos/GitHub/quadrivium/cognetics/Economic Prosperity/13 National Prosperity in the Developed World.txt
/mnt/c/Users/nateg/OneDrive/Documentos/GitHub/quadrivium/cognetics/Economic Prosperity/14 Can Prosperity Be Lost.txt
/mnt/c/Users/nateg/OneDrive/Documentos/GitHub/quadrivium/cognetics/Economic Prosperity/15 Inequality and Prosperity.txt
/mnt/c/Users/nateg/OneDrive/Documentos/GitHub/quadrivium/cognetics/Economic Prosperity/16 Globalization and Global Prosperity.txt
/mnt/c/Users/nateg/OneDrive/Documentos/GitHub/quadrivium/cognetics/Economic Prosperity/17 Great Powers and Global Prosperity.txt
/mnt/c/Users/nateg/OneDrive/Documentos/GitHub/quadrivium/cognetics/Economic Prosperity/18 The Washington versus the Beijing Consensus.txt
/mnt/c/Users/nateg/OneDrive/Documentos/GitHub/quadrivium/cognetics/Economic Prosperity/19 Political Challenges to Global Prosperity.txt
/mnt/c/Users/nateg/OneDrive/Documentos/GitHub/quadrivium/cognetics/Economic Prosperity/20 Financial Challenges to Global Prosperity.txt
/mnt/c/Users/nateg/OneDrive/Documentos/GitHub/quadrivium/cognetics/Economic Prosperity/21 Will the Developed World Stagnate.txt
/mnt/c/Users/nateg/OneDrive/Documentos/GitHub/quadrivium/cognetics/Economic Prosperity/22 Global Prosperity and the Environment.txt
/mnt/c/Users/nateg/OneDrive/Documentos/GitHub/quadrivium/cognetics/Economic Prosperity/23 Ideological Challenges to Global Prosperity.txt
/mnt/c/Users/nateg/OneDrive/Documentos/GitHub/quadrivium/cognetics/Economic Prosperity/24 The Ethics of Global Prosperity.txt
