/mnt/c/Users/nateg/OneDrive/Documentos/GitHub/quadrivium/cognetics/Thinking Differently/01 Individual Diversity and Collective Performance.txt
/mnt/c/Users/nateg/OneDrive/Documentos/GitHub/quadrivium/cognetics/Thinking Differently/02 Why Now The Rise of Diversity.txt
/mnt/c/Users/nateg/OneDrive/Documentos/GitHub/quadrivium/cognetics/Thinking Differently/03 Diversity Squared.txt
/mnt/c/Users/nateg/OneDrive/Documentos/GitHub/quadrivium/cognetics/Thinking Differently/04 The Wisdom of Crowds.txt
/mnt/c/Users/nateg/OneDrive/Documentos/GitHub/quadrivium/cognetics/Thinking Differently/05 The Diversity Prediction Theorem Times Three.txt
/mnt/c/Users/nateg/OneDrive/Documentos/GitHub/quadrivium/cognetics/Thinking Differently/06 The Weighting Is the Hardest Part.txt
/mnt/c/Users/nateg/OneDrive/Documentos/GitHub/quadrivium/cognetics/Thinking Differently/07 Foxes and Hedgehogs - Can I Be Diverse.txt
/mnt/c/Users/nateg/OneDrive/Documentos/GitHub/quadrivium/cognetics/Thinking Differently/08 Fermis Barbers - Estimating and Predicting.txt
/mnt/c/Users/nateg/OneDrive/Documentos/GitHub/quadrivium/cognetics/Thinking Differently/09 Problem Solving.txt
/mnt/c/Users/nateg/OneDrive/Documentos/GitHub/quadrivium/cognetics/Thinking Differently/10 Diverse Perspectives.txt
/mnt/c/Users/nateg/OneDrive/Documentos/GitHub/quadrivium/cognetics/Thinking Differently/11 Heuristics and the Adjacent Possible.txt
/mnt/c/Users/nateg/OneDrive/Documentos/GitHub/quadrivium/cognetics/Thinking Differently/12 Diversity Trumps Ability.txt
/mnt/c/Users/nateg/OneDrive/Documentos/GitHub/quadrivium/cognetics/Thinking Differently/13 Digging Holes and Splicing Genes.txt
/mnt/c/Users/nateg/OneDrive/Documentos/GitHub/quadrivium/cognetics/Thinking Differently/14 Ability and Diversity.txt
/mnt/c/Users/nateg/OneDrive/Documentos/GitHub/quadrivium/cognetics/Thinking Differently/15 Combining and Recombining Heuristics.txt
/mnt/c/Users/nateg/OneDrive/Documentos/GitHub/quadrivium/cognetics/Thinking Differently/16 Beware of False Prophets - No Free Lunch.txt
/mnt/c/Users/nateg/OneDrive/Documentos/GitHub/quadrivium/cognetics/Thinking Differently/17 Crowdsourcing and the Limits of Diversity.txt
/mnt/c/Users/nateg/OneDrive/Documentos/GitHub/quadrivium/cognetics/Thinking Differently/18 Experimentation, Variation, and Six Sigma.txt
/mnt/c/Users/nateg/OneDrive/Documentos/GitHub/quadrivium/cognetics/Thinking Differently/19 Diversity and Robustness.txt
/mnt/c/Users/nateg/OneDrive/Documentos/GitHub/quadrivium/cognetics/Thinking Differently/20 Inescapable Benefits of Diversity.txt
/mnt/c/Users/nateg/OneDrive/Documentos/GitHub/quadrivium/cognetics/Thinking Differently/21 The Historical Value of Diversity.txt
/mnt/c/Users/nateg/OneDrive/Documentos/GitHub/quadrivium/cognetics/Thinking Differently/22 Homophily, Incentives, and Groupthink.txt
/mnt/c/Users/nateg/OneDrive/Documentos/GitHub/quadrivium/cognetics/Thinking Differently/23 The Problem of Diverse Preferences.txt
/mnt/c/Users/nateg/OneDrive/Documentos/GitHub/quadrivium/cognetics/Thinking Differently/24 The Team. The Team. The Team..txt
