/mnt/c/Users/nateg/OneDrive/Documentos/GitHub/quadrivium/cognetics/Questions of Value/01 Questions of Value.txt
/mnt/c/Users/nateg/OneDrive/Documentos/GitHub/quadrivium/cognetics/Questions of Value/02 Facts & Values.txt
/mnt/c/Users/nateg/OneDrive/Documentos/GitHub/quadrivium/cognetics/Questions of Value/03 Lives to Envy, Lives to Admire.txt
/mnt/c/Users/nateg/OneDrive/Documentos/GitHub/quadrivium/cognetics/Questions of Value/04 Foundations of EthicsБ─■Theories of the Good.txt
/mnt/c/Users/nateg/OneDrive/Documentos/GitHub/quadrivium/cognetics/Questions of Value/05 Foundations of EthicsБ─■Theories of the Right.txt
/mnt/c/Users/nateg/OneDrive/Documentos/GitHub/quadrivium/cognetics/Questions of Value/06 Thoughts on Religion & Values.txt
/mnt/c/Users/nateg/OneDrive/Documentos/GitHub/quadrivium/cognetics/Questions of Value/07 Life's Priorities.txt
/mnt/c/Users/nateg/OneDrive/Documentos/GitHub/quadrivium/cognetics/Questions of Value/08 The Cash Value of a Life.txt
/mnt/c/Users/nateg/OneDrive/Documentos/GitHub/quadrivium/cognetics/Questions of Value/09 How Do We Know Right from Wrong.txt
/mnt/c/Users/nateg/OneDrive/Documentos/GitHub/quadrivium/cognetics/Questions of Value/10 Cultures & ValuesБ─■Questions of Relativism.txt
/mnt/c/Users/nateg/OneDrive/Documentos/GitHub/quadrivium/cognetics/Questions of Value/11 Cultures & ValuesБ─■Hopi, Navajo & Ik.txt
/mnt/c/Users/nateg/OneDrive/Documentos/GitHub/quadrivium/cognetics/Questions of Value/12 Evolution, Ethics & Game Theory.txt
/mnt/c/Users/nateg/OneDrive/Documentos/GitHub/quadrivium/cognetics/Questions of Value/13 The Objective Side of Value.txt
/mnt/c/Users/nateg/OneDrive/Documentos/GitHub/quadrivium/cognetics/Questions of Value/14 Better Off Dead.txt
/mnt/c/Users/nateg/OneDrive/Documentos/GitHub/quadrivium/cognetics/Questions of Value/15 A Picture of Justice.txt
/mnt/c/Users/nateg/OneDrive/Documentos/GitHub/quadrivium/cognetics/Questions of Value/16 Life's Horrors.txt
/mnt/c/Users/nateg/OneDrive/Documentos/GitHub/quadrivium/cognetics/Questions of Value/17 A Genealogy of My Morals.txt
/mnt/c/Users/nateg/OneDrive/Documentos/GitHub/quadrivium/cognetics/Questions of Value/18 Theories of Punishment.txt
/mnt/c/Users/nateg/OneDrive/Documentos/GitHub/quadrivium/cognetics/Questions of Value/19 Choice & Chance.txt
/mnt/c/Users/nateg/OneDrive/Documentos/GitHub/quadrivium/cognetics/Questions of Value/20 Free Will & Determinism.txt
/mnt/c/Users/nateg/OneDrive/Documentos/GitHub/quadrivium/cognetics/Questions of Value/21 Images of Immortality.txt
/mnt/c/Users/nateg/OneDrive/Documentos/GitHub/quadrivium/cognetics/Questions of Value/22 Ethical Knowledge, Rationality & Rules.txt
/mnt/c/Users/nateg/OneDrive/Documentos/GitHub/quadrivium/cognetics/Questions of Value/23 Moralities in Conflict & in Change.txt
/mnt/c/Users/nateg/OneDrive/Documentos/GitHub/quadrivium/cognetics/Questions of Value/24 Summing Up.txt
