Script started at Tue Sep  2 18:32:06 ADT 2025
Summaries will be saved to data-science-methods.txt
Processing 4th_paradigm_book_complete.txt
Temporary directory created: /mnt/c/Users/nateg/OneDrive/Documentos/GitHub/quadrivium/data-science/processing/tmp_4th_paradigm_book_complete.txt_0pQr4r
File split into chunks: /mnt/c/Users/nateg/OneDrive/Documentos/GitHub/quadrivium/data-science/processing/tmp_4th_paradigm_book_complete.txt_0pQr4r/chunk_aa
/mnt/c/Users/nateg/OneDrive/Documentos/GitHub/quadrivium/data-science/processing/tmp_4th_paradigm_book_complete.txt_0pQr4r/chunk_ab
/mnt/c/Users/nateg/OneDrive/Documentos/GitHub/quadrivium/data-science/processing/tmp_4th_paradigm_book_complete.txt_0pQr4r/chunk_ac
/mnt/c/Users/nateg/OneDrive/Documentos/GitHub/quadrivium/data-science/processing/tmp_4th_paradigm_book_complete.txt_0pQr4r/chunk_ad
/mnt/c/Users/nateg/OneDrive/Documentos/GitHub/quadrivium/data-science/processing/tmp_4th_paradigm_book_complete.txt_0pQr4r/chunk_ae
Temporary directory /mnt/c/Users/nateg/OneDrive/Documentos/GitHub/quadrivium/data-science/processing/tmp_4th_paradigm_book_complete.txt_0pQr4r removed
4th_paradigm_book_complete.txt
Processing data-science-in-practice.txt
Temporary directory created: /mnt/c/Users/nateg/OneDrive/Documentos/GitHub/quadrivium/data-science/processing/tmp_data-science-in-practice.txt_4SgYSI
File split into chunks: /mnt/c/Users/nateg/OneDrive/Documentos/GitHub/quadrivium/data-science/processing/tmp_data-science-in-practice.txt_4SgYSI/chunk_aa
/mnt/c/Users/nateg/OneDrive/Documentos/GitHub/quadrivium/data-science/processing/tmp_data-science-in-practice.txt_4SgYSI/chunk_ab
/mnt/c/Users/nateg/OneDrive/Documentos/GitHub/quadrivium/data-science/processing/tmp_data-science-in-practice.txt_4SgYSI/chunk_ac
/mnt/c/Users/nateg/OneDrive/Documentos/GitHub/quadrivium/data-science/processing/tmp_data-science-in-practice.txt_4SgYSI/chunk_ad
Temporary directory /mnt/c/Users/nateg/OneDrive/Documentos/GitHub/quadrivium/data-science/processing/tmp_data-science-in-practice.txt_4SgYSI removed
data-science-in-practice.txt
Processing iterative-methods.txt
Temporary directory created: /mnt/c/Users/nateg/OneDrive/Documentos/GitHub/quadrivium/data-science/processing/tmp_iterative-methods.txt_uQXgir
File split into chunks: /mnt/c/Users/nateg/OneDrive/Documentos/GitHub/quadrivium/data-science/processing/tmp_iterative-methods.txt_uQXgir/chunk_aa
/mnt/c/Users/nateg/OneDrive/Documentos/GitHub/quadrivium/data-science/processing/tmp_iterative-methods.txt_uQXgir/chunk_ab
/mnt/c/Users/nateg/OneDrive/Documentos/GitHub/quadrivium/data-science/processing/tmp_iterative-methods.txt_uQXgir/chunk_ac
/mnt/c/Users/nateg/OneDrive/Documentos/GitHub/quadrivium/data-science/processing/tmp_iterative-methods.txt_uQXgir/chunk_ad
/mnt/c/Users/nateg/OneDrive/Documentos/GitHub/quadrivium/data-science/processing/tmp_iterative-methods.txt_uQXgir/chunk_ae
/mnt/c/Users/nateg/OneDrive/Documentos/GitHub/quadrivium/data-science/processing/tmp_iterative-methods.txt_uQXgir/chunk_af
/mnt/c/Users/nateg/OneDrive/Documentos/GitHub/quadrivium/data-science/processing/tmp_iterative-methods.txt_uQXgir/chunk_ag
/mnt/c/Users/nateg/OneDrive/Documentos/GitHub/quadrivium/data-science/processing/tmp_iterative-methods.txt_uQXgir/chunk_ah
/mnt/c/Users/nateg/OneDrive/Documentos/GitHub/quadrivium/data-science/processing/tmp_iterative-methods.txt_uQXgir/chunk_ai
/mnt/c/Users/nateg/OneDrive/Documentos/GitHub/quadrivium/data-science/processing/tmp_iterative-methods.txt_uQXgir/chunk_aj
/mnt/c/Users/nateg/OneDrive/Documentos/GitHub/quadrivium/data-science/processing/tmp_iterative-methods.txt_uQXgir/chunk_ak
/mnt/c/Users/nateg/OneDrive/Documentos/GitHub/quadrivium/data-science/processing/tmp_iterative-methods.txt_uQXgir/chunk_al
/mnt/c/Users/nateg/OneDrive/Documentos/GitHub/quadrivium/data-science/processing/tmp_iterative-methods.txt_uQXgir/chunk_am
/mnt/c/Users/nateg/OneDrive/Documentos/GitHub/quadrivium/data-science/processing/tmp_iterative-methods.txt_uQXgir/chunk_an
/mnt/c/Users/nateg/OneDrive/Documentos/GitHub/quadrivium/data-science/processing/tmp_iterative-methods.txt_uQXgir/chunk_ao
/mnt/c/Users/nateg/OneDrive/Documentos/GitHub/quadrivium/data-science/processing/tmp_iterative-methods.txt_uQXgir/chunk_ap
/mnt/c/Users/nateg/OneDrive/Documentos/GitHub/quadrivium/data-science/processing/tmp_iterative-methods.txt_uQXgir/chunk_aq
/mnt/c/Users/nateg/OneDrive/Documentos/GitHub/quadrivium/data-science/processing/tmp_iterative-methods.txt_uQXgir/chunk_ar
/mnt/c/Users/nateg/OneDrive/Documentos/GitHub/quadrivium/data-science/processing/tmp_iterative-methods.txt_uQXgir/chunk_as
/mnt/c/Users/nateg/OneDrive/Documentos/GitHub/quadrivium/data-science/processing/tmp_iterative-methods.txt_uQXgir/chunk_at
/mnt/c/Users/nateg/OneDrive/Documentos/GitHub/quadrivium/data-science/processing/tmp_iterative-methods.txt_uQXgir/chunk_au
/mnt/c/Users/nateg/OneDrive/Documentos/GitHub/quadrivium/data-science/processing/tmp_iterative-methods.txt_uQXgir/chunk_av
/mnt/c/Users/nateg/OneDrive/Documentos/GitHub/quadrivium/data-science/processing/tmp_iterative-methods.txt_uQXgir/chunk_aw
/mnt/c/Users/nateg/OneDrive/Documentos/GitHub/quadrivium/data-science/processing/tmp_iterative-methods.txt_uQXgir/chunk_ax
/mnt/c/Users/nateg/OneDrive/Documentos/GitHub/quadrivium/data-science/processing/tmp_iterative-methods.txt_uQXgir/chunk_ay
/mnt/c/Users/nateg/OneDrive/Documentos/GitHub/quadrivium/data-science/processing/tmp_iterative-methods.txt_uQXgir/chunk_az
/mnt/c/Users/nateg/OneDrive/Documentos/GitHub/quadrivium/data-science/processing/tmp_iterative-methods.txt_uQXgir/chunk_ba
/mnt/c/Users/nateg/OneDrive/Documentos/GitHub/quadrivium/data-science/processing/tmp_iterative-methods.txt_uQXgir/chunk_bb
/mnt/c/Users/nateg/OneDrive/Documentos/GitHub/quadrivium/data-science/processing/tmp_iterative-methods.txt_uQXgir/chunk_bc
/mnt/c/Users/nateg/OneDrive/Documentos/GitHub/quadrivium/data-science/processing/tmp_iterative-methods.txt_uQXgir/chunk_bd
/mnt/c/Users/nateg/OneDrive/Documentos/GitHub/quadrivium/data-science/processing/tmp_iterative-methods.txt_uQXgir/chunk_be
/mnt/c/Users/nateg/OneDrive/Documentos/GitHub/quadrivium/data-science/processing/tmp_iterative-methods.txt_uQXgir/chunk_bf
/mnt/c/Users/nateg/OneDrive/Documentos/GitHub/quadrivium/data-science/processing/tmp_iterative-methods.txt_uQXgir/chunk_bg
/mnt/c/Users/nateg/OneDrive/Documentos/GitHub/quadrivium/data-science/processing/tmp_iterative-methods.txt_uQXgir/chunk_bh
/mnt/c/Users/nateg/OneDrive/Documentos/GitHub/quadrivium/data-science/processing/tmp_iterative-methods.txt_uQXgir/chunk_bi
Temporary directory /mnt/c/Users/nateg/OneDrive/Documentos/GitHub/quadrivium/data-science/processing/tmp_iterative-methods.txt_uQXgir removed
iterative-methods.txt
Processing patterns.txt
Temporary directory created: /mnt/c/Users/nateg/OneDrive/Documentos/GitHub/quadrivium/data-science/processing/tmp_patterns.txt_jY0XDu
File split into chunks: /mnt/c/Users/nateg/OneDrive/Documentos/GitHub/quadrivium/data-science/processing/tmp_patterns.txt_jY0XDu/chunk_aa
/mnt/c/Users/nateg/OneDrive/Documentos/GitHub/quadrivium/data-science/processing/tmp_patterns.txt_jY0XDu/chunk_ab
/mnt/c/Users/nateg/OneDrive/Documentos/GitHub/quadrivium/data-science/processing/tmp_patterns.txt_jY0XDu/chunk_ac
/mnt/c/Users/nateg/OneDrive/Documentos/GitHub/quadrivium/data-science/processing/tmp_patterns.txt_jY0XDu/chunk_ad
/mnt/c/Users/nateg/OneDrive/Documentos/GitHub/quadrivium/data-science/processing/tmp_patterns.txt_jY0XDu/chunk_ae
/mnt/c/Users/nateg/OneDrive/Documentos/GitHub/quadrivium/data-science/processing/tmp_patterns.txt_jY0XDu/chunk_af
/mnt/c/Users/nateg/OneDrive/Documentos/GitHub/quadrivium/data-science/processing/tmp_patterns.txt_jY0XDu/chunk_ag
Temporary directory /mnt/c/Users/nateg/OneDrive/Documentos/GitHub/quadrivium/data-science/processing/tmp_patterns.txt_jY0XDu removed
patterns.txt
Script completed at Tue Sep  2 23:57:50 ADT 2025
