/mnt/c/Users/nateg/OneDrive/Documentos/GitHub/quadrivium/foresight/Rahul Sam/Against Cynicism： My Case For Living Life To The Fullest ｜ Camus, Jung & Kierkegaard.txt
/mnt/c/Users/nateg/OneDrive/Documentos/GitHub/quadrivium/foresight/Rahul Sam/Analytical Philosopher's Views on Psychoanalysis and German Idealism (w⧸ Jessica Taylor).txt
/mnt/c/Users/nateg/OneDrive/Documentos/GitHub/quadrivium/foresight/Rahul Sam/Autism Is Not a Disorder but a Mode of Being.txt
/mnt/c/Users/nateg/OneDrive/Documentos/GitHub/quadrivium/foresight/Rahul Sam/Boredom Is the Root of All Evil ｜ Kierkegaard & Žižek.txt
/mnt/c/Users/nateg/OneDrive/Documentos/GitHub/quadrivium/foresight/Rahul Sam/Bros Discuss... Techno-Optimism (w⧸ Euwyn Goh).txt
/mnt/c/Users/nateg/OneDrive/Documentos/GitHub/quadrivium/foresight/Rahul Sam/Chomsky vs. Skinner： The Linguistics Debate of the Century.txt
/mnt/c/Users/nateg/OneDrive/Documentos/GitHub/quadrivium/foresight/Rahul Sam/Cognitive Scientist Explains Explanatory Coherence and Computational Philosophy.txt
/mnt/c/Users/nateg/OneDrive/Documentos/GitHub/quadrivium/foresight/Rahul Sam/Cognitive Scientist Explains How Humans Read.txt
/mnt/c/Users/nateg/OneDrive/Documentos/GitHub/quadrivium/foresight/Rahul Sam/Cognitive Scientists' Criticism of Karl Friston's Free Energy Principle.txt
/mnt/c/Users/nateg/OneDrive/Documentos/GitHub/quadrivium/foresight/Rahul Sam/Effective Java By Joshua Bloch Item 10： Obey The General Contract When Overriding Equals (Part 1).txt
/mnt/c/Users/nateg/OneDrive/Documentos/GitHub/quadrivium/foresight/Rahul Sam/Effective Java By Joshua Bloch Item 10： Obey The General Contract When Overriding Equals (Part 2).txt
/mnt/c/Users/nateg/OneDrive/Documentos/GitHub/quadrivium/foresight/Rahul Sam/Effective Java By Joshua Bloch Item 10： Obey The General Contract When Overriding Equals (Part 3).txt
/mnt/c/Users/nateg/OneDrive/Documentos/GitHub/quadrivium/foresight/Rahul Sam/Effective Java By Joshua Bloch Item 10： Obey The General Contract When Overriding Equals (Part 4).txt
/mnt/c/Users/nateg/OneDrive/Documentos/GitHub/quadrivium/foresight/Rahul Sam/Effective Java By Joshua Bloch Item 11： Always Override HashCode When You Override Equals.txt
/mnt/c/Users/nateg/OneDrive/Documentos/GitHub/quadrivium/foresight/Rahul Sam/Effective Java By Joshua Bloch Item 12： Always Override ToString.txt
/mnt/c/Users/nateg/OneDrive/Documentos/GitHub/quadrivium/foresight/Rahul Sam/Effective Java By Joshua Bloch Item 13： Override Clone Judiciously (Part 1).txt
/mnt/c/Users/nateg/OneDrive/Documentos/GitHub/quadrivium/foresight/Rahul Sam/Effective Java By Joshua Bloch Item 13： Override Clone Judiciously (Part 2).txt
/mnt/c/Users/nateg/OneDrive/Documentos/GitHub/quadrivium/foresight/Rahul Sam/Effective Java By Joshua Bloch Item 1： Consider Static Factory Methods Instead Of Constructors.txt
/mnt/c/Users/nateg/OneDrive/Documentos/GitHub/quadrivium/foresight/Rahul Sam/Effective Java By Joshua Bloch Item 8： Avoid Finalizers And Cleaners.txt
/mnt/c/Users/nateg/OneDrive/Documentos/GitHub/quadrivium/foresight/Rahul Sam/Effective Java By Joshua Bloch Item 9： Prefer Try-with-resources To Try-finally.txt
/mnt/c/Users/nateg/OneDrive/Documentos/GitHub/quadrivium/foresight/Rahul Sam/Effective Java Item 2： Consider A Method When Faced With Many Constructor Parameters.txt
/mnt/c/Users/nateg/OneDrive/Documentos/GitHub/quadrivium/foresight/Rahul Sam/Effective Java Item 3： Enforce The Singleton Property With A Private Constructor Or An Enum Type.txt
/mnt/c/Users/nateg/OneDrive/Documentos/GitHub/quadrivium/foresight/Rahul Sam/Effective Java Item 4： Enforce Noninstantiability With A Private Constructor.txt
/mnt/c/Users/nateg/OneDrive/Documentos/GitHub/quadrivium/foresight/Rahul Sam/Effective Java Item 5： Prefer Dependency Injection To Hardwiring Resources.txt
/mnt/c/Users/nateg/OneDrive/Documentos/GitHub/quadrivium/foresight/Rahul Sam/Effective Java Item 6： Avoid Creating Unnecessary Objects.txt
/mnt/c/Users/nateg/OneDrive/Documentos/GitHub/quadrivium/foresight/Rahul Sam/Effective Java Item 7： Eliminate Obsolete Object References.txt
/mnt/c/Users/nateg/OneDrive/Documentos/GitHub/quadrivium/foresight/Rahul Sam/Emancipation After Hegel, Zizek's Ontology and Great Expectations ｜ May 2023 Book Haul.txt
/mnt/c/Users/nateg/OneDrive/Documentos/GitHub/quadrivium/foresight/Rahul Sam/Foundations of Cognitive Science (w⧸ Jessica Taylor).txt
/mnt/c/Users/nateg/OneDrive/Documentos/GitHub/quadrivium/foresight/Rahul Sam/Heideggerian Phenomenology vs. Empirical Science.txt
/mnt/c/Users/nateg/OneDrive/Documentos/GitHub/quadrivium/foresight/Rahul Sam/Iris Berent on Innate Knowledge, Linguistics, and Theories of Cognition.txt
/mnt/c/Users/nateg/OneDrive/Documentos/GitHub/quadrivium/foresight/Rahul Sam/Is Jordan Peterson a Fascist？ (Vaush and PF Jung's Debate Follow-Up) ｜ RSam Pod #18.txt
/mnt/c/Users/nateg/OneDrive/Documentos/GitHub/quadrivium/foresight/Rahul Sam/Jacob Bell on Heidegger, Phenomenology and Structures of Meaning ｜ IR #17.txt
/mnt/c/Users/nateg/OneDrive/Documentos/GitHub/quadrivium/foresight/Rahul Sam/Karl Popper vs. Thomas Kuhn ｜ The Great Method Debate.txt
/mnt/c/Users/nateg/OneDrive/Documentos/GitHub/quadrivium/foresight/Rahul Sam/Karl Popper, Falsifiability and Its Discontents.txt
/mnt/c/Users/nateg/OneDrive/Documentos/GitHub/quadrivium/foresight/Rahul Sam/Language Precedes the Existence of an Individual ｜ A Lacanian Perspective.txt
/mnt/c/Users/nateg/OneDrive/Documentos/GitHub/quadrivium/foresight/Rahul Sam/Less Than Nothing, Religion and Nothingness and The Ethics of Ambiguity ｜ Feb 2023 Book Haul.txt
/mnt/c/Users/nateg/OneDrive/Documentos/GitHub/quadrivium/foresight/Rahul Sam/Masculinity and Nothingness.txt
/mnt/c/Users/nateg/OneDrive/Documentos/GitHub/quadrivium/foresight/Rahul Sam/Mel Andrews： Ontology of the Free Energy Principle and the Philosophy of Machine Learning.txt
/mnt/c/Users/nateg/OneDrive/Documentos/GitHub/quadrivium/foresight/Rahul Sam/Never Fall In Love With Suffering (Guiding Axiom 5⧸7) ｜ IR #14.txt
/mnt/c/Users/nateg/OneDrive/Documentos/GitHub/quadrivium/foresight/Rahul Sam/Never Mistake Cynicism For Wisdom (Guiding Axiom 3⧸7) ｜ IR #12.txt
/mnt/c/Users/nateg/OneDrive/Documentos/GitHub/quadrivium/foresight/Rahul Sam/On Ideology & Unhappiness (Guiding Axiom 1⧸7) ｜ IR #10.txt
/mnt/c/Users/nateg/OneDrive/Documentos/GitHub/quadrivium/foresight/Rahul Sam/On Writing Without Lies, Machinations And Bullshit (Guiding Axiom 4⧸7) ｜ IR #13.txt
/mnt/c/Users/nateg/OneDrive/Documentos/GitHub/quadrivium/foresight/Rahul Sam/Only God Can Patronise (Guiding Axiom 2⧸7) ｜ IR #11.txt
/mnt/c/Users/nateg/OneDrive/Documentos/GitHub/quadrivium/foresight/Rahul Sam/Ontological Incompleteness and the Lacking God.txt
/mnt/c/Users/nateg/OneDrive/Documentos/GitHub/quadrivium/foresight/Rahul Sam/Philosophy Begins in Disappointment.txt
/mnt/c/Users/nateg/OneDrive/Documentos/GitHub/quadrivium/foresight/Rahul Sam/Schelling's Criticism of Hegel & Negative Philosophy.txt
/mnt/c/Users/nateg/OneDrive/Documentos/GitHub/quadrivium/foresight/Rahul Sam/Set-Theoretic Multiverse Has No Connection with the Many Worlds of Quantum Mechanics.txt
/mnt/c/Users/nateg/OneDrive/Documentos/GitHub/quadrivium/foresight/Rahul Sam/The Best Criticism Of Jordan Peterson I've Read ｜ IR #8.txt
/mnt/c/Users/nateg/OneDrive/Documentos/GitHub/quadrivium/foresight/Rahul Sam/The Metaphysical Case for Love (Intro).txt
/mnt/c/Users/nateg/OneDrive/Documentos/GitHub/quadrivium/foresight/Rahul Sam/The Problem With MGTOW, Manosphere, NoFap & Red Pill Bros ｜ Inner REALM #5.txt
/mnt/c/Users/nateg/OneDrive/Documentos/GitHub/quadrivium/foresight/Rahul Sam/The Traumatic Core of Love.txt
/mnt/c/Users/nateg/OneDrive/Documentos/GitHub/quadrivium/foresight/Rahul Sam/There's No Thinking Without Love ｜ Byung-Chul Han and The Agony of Eros.txt
/mnt/c/Users/nateg/OneDrive/Documentos/GitHub/quadrivium/foresight/Rahul Sam/What Coffeezilla gets Wrong ｜ A Message from a Fan.txt
/mnt/c/Users/nateg/OneDrive/Documentos/GitHub/quadrivium/foresight/Rahul Sam/What Is the Explanatory Coherence Theory of Mind？.txt
/mnt/c/Users/nateg/OneDrive/Documentos/GitHub/quadrivium/foresight/Rahul Sam/What does Slavoj Žižek mean by 'Only an Atheist Can Be a True Christian'？.txt
/mnt/c/Users/nateg/OneDrive/Documentos/GitHub/quadrivium/foresight/Rahul Sam/Why Lex Fridman Is Wrong About Science Saving Us.txt
/mnt/c/Users/nateg/OneDrive/Documentos/GitHub/quadrivium/foresight/Rahul Sam/Why Self-Help Makes You a Slave.txt
/mnt/c/Users/nateg/OneDrive/Documentos/GitHub/quadrivium/foresight/Rahul Sam/Why You Should NOT Live Your Best Life ｜ Lacan, Žižek & Rollins.txt
/mnt/c/Users/nateg/OneDrive/Documentos/GitHub/quadrivium/foresight/Rahul Sam/Why You Should Read Byung-Chul Han (w⧸ Davood Gozli).txt
