/mnt/c/Users/nateg/OneDrive/Documentos/GitHub/quadrivium/math/Institute for Advanced Study/A Proof Assistant Prototype Based on Algebraic Effects and Handlers - Andrej Bauer.txt
/mnt/c/Users/nateg/OneDrive/Documentos/GitHub/quadrivium/math/Institute for Advanced Study/A Stacky Perspective on P-adic Non-abelian Hodge Theory - Arthur-Cesar Le Bras.txt
/mnt/c/Users/nateg/OneDrive/Documentos/GitHub/quadrivium/math/Institute for Advanced Study/Amplitudes and Observables Part 2 - Donal O'Connell.txt
/mnt/c/Users/nateg/OneDrive/Documentos/GitHub/quadrivium/math/Institute for Advanced Study/An introduction to representations of p-adic groups - Jessica Fintzen.txt
/mnt/c/Users/nateg/OneDrive/Documentos/GitHub/quadrivium/math/Institute for Advanced Study/Approximating Iterated Multiplication of Stochastic Matrices in Small Space - Dean Doron.txt
/mnt/c/Users/nateg/OneDrive/Documentos/GitHub/quadrivium/math/Institute for Advanced Study/Approximation of the entries of a random orthogonal matrix....txt
/mnt/c/Users/nateg/OneDrive/Documentos/GitHub/quadrivium/math/Institute for Advanced Study/Asymptotics of Moments in Random Matrix Theory - Alice Guionnet.txt
/mnt/c/Users/nateg/OneDrive/Documentos/GitHub/quadrivium/math/Institute for Advanced Study/Can the Continuum Problem be Solved？ - Menachem Magidor.txt
/mnt/c/Users/nateg/OneDrive/Documentos/GitHub/quadrivium/math/Institute for Advanced Study/Cohomology of Classifying Stacks (and Spaces) - Dmitry Kubrak.txt
/mnt/c/Users/nateg/OneDrive/Documentos/GitHub/quadrivium/math/Institute for Advanced Study/Comparison Theorems in p-adic Geometry - Emanuel Reinecke.txt
/mnt/c/Users/nateg/OneDrive/Documentos/GitHub/quadrivium/math/Institute for Advanced Study/Concentration of Measure on the Compact Classical Matrix Groups - Elizabeth Meckes.txt
/mnt/c/Users/nateg/OneDrive/Documentos/GitHub/quadrivium/math/Institute for Advanced Study/Constructive Type Theory and Homotopy - Steve Awodey.txt
/mnt/c/Users/nateg/OneDrive/Documentos/GitHub/quadrivium/math/Institute for Advanced Study/Fixed Points of Small Hamiltonian diffeomorphisms and the Flux Conjectures - Marcelo S Atallah.txt
/mnt/c/Users/nateg/OneDrive/Documentos/GitHub/quadrivium/math/Institute for Advanced Study/Formal Groups via Unipotent Homotopy Theory - Shubhodip Mondal.txt
/mnt/c/Users/nateg/OneDrive/Documentos/GitHub/quadrivium/math/Institute for Advanced Study/Global Kuranishi Charts for Gromov-Witten Moduli Spaces and a Product Formula - Amanda Hirschi.txt
/mnt/c/Users/nateg/OneDrive/Documentos/GitHub/quadrivium/math/Institute for Advanced Study/Higher Dimensional Syntax - Eric Finster.txt
/mnt/c/Users/nateg/OneDrive/Documentos/GitHub/quadrivium/math/Institute for Advanced Study/Homotopies Without Homotopy - Toni Mikael Annala.txt
/mnt/c/Users/nateg/OneDrive/Documentos/GitHub/quadrivium/math/Institute for Advanced Study/K-theory in p-Adic Geometry - Greg Andreychev.txt
/mnt/c/Users/nateg/OneDrive/Documentos/GitHub/quadrivium/math/Institute for Advanced Study/Kinematic Flow and the Emergence of Time - Hayden Lee.txt
/mnt/c/Users/nateg/OneDrive/Documentos/GitHub/quadrivium/math/Institute for Advanced Study/Knots and Quantum Theory - Edward Witten.txt
/mnt/c/Users/nateg/OneDrive/Documentos/GitHub/quadrivium/math/Institute for Advanced Study/Light Rays and Black Holes I - Edward Witten.txt
/mnt/c/Users/nateg/OneDrive/Documentos/GitHub/quadrivium/math/Institute for Advanced Study/Locally symmetric spaces and torsion classes - Ana Caraiani.txt
/mnt/c/Users/nateg/OneDrive/Documentos/GitHub/quadrivium/math/Institute for Advanced Study/On Voevodsky's univalence principle - André Joyal.txt
/mnt/c/Users/nateg/OneDrive/Documentos/GitHub/quadrivium/math/Institute for Advanced Study/PMSP - Approximate algebraic structure (groups, fields, homomorphisms, ...) I - Ben Green.txt
/mnt/c/Users/nateg/OneDrive/Documentos/GitHub/quadrivium/math/Institute for Advanced Study/PMSP - Approximate algebraic structure (groups, fields, homomorphisms, ...) II - Ben Green.txt
/mnt/c/Users/nateg/OneDrive/Documentos/GitHub/quadrivium/math/Institute for Advanced Study/Polynomial Identity Testing - Robert Andrews.txt
/mnt/c/Users/nateg/OneDrive/Documentos/GitHub/quadrivium/math/Institute for Advanced Study/Random coxeter groups - Angelica Deibel.txt
/mnt/c/Users/nateg/OneDrive/Documentos/GitHub/quadrivium/math/Institute for Advanced Study/Representation Theory and Expansion in Groups I - Avi Wigderson.txt
/mnt/c/Users/nateg/OneDrive/Documentos/GitHub/quadrivium/math/Institute for Advanced Study/Symmetries in Floer Homology - Semon Kirillovich Rezchikov.txt
/mnt/c/Users/nateg/OneDrive/Documentos/GitHub/quadrivium/math/Institute for Advanced Study/The Riemann-Hilbert Correspondence in Nonarchimedean Geometry - Jacob Lurie.txt
/mnt/c/Users/nateg/OneDrive/Documentos/GitHub/quadrivium/math/Institute for Advanced Study/The Sachdev-Ye-Kitaev quantum mechanics model, black holes, and random matrices - Douglas Stanford.txt
/mnt/c/Users/nateg/OneDrive/Documentos/GitHub/quadrivium/math/Institute for Advanced Study/The meta-theory of dependent type theories - Vladimir Voevodsky.txt
/mnt/c/Users/nateg/OneDrive/Documentos/GitHub/quadrivium/math/Institute for Advanced Study/Walking on groups： a distance formula for outer automorphism - Funda Gultepe.txt
/mnt/c/Users/nateg/OneDrive/Documentos/GitHub/quadrivium/math/Institute for Advanced Study/p-adic Hodge Theory for Analytic Varieties - Sally Gilles.txt
