/mnt/c/Users/nateg/OneDrive/Documentos/GitHub/quadrivium/foresight/TEDx Talks/An Ancient Guide for New Technology ｜ Evan Rodriguez ｜ TEDxIdahoStateUniversity.txt
/mnt/c/Users/nateg/OneDrive/Documentos/GitHub/quadrivium/foresight/TEDx Talks/How Social Media is Shaping Our Political Future ｜ Victoria Bonney ｜ TEDxDirigo.txt
/mnt/c/Users/nateg/OneDrive/Documentos/GitHub/quadrivium/foresight/TEDx Talks/How social media creates a better world： Jan Rezab at TEDxSSE.txt
/mnt/c/Users/nateg/OneDrive/Documentos/GitHub/quadrivium/foresight/TEDx Talks/How social media makes us unsocial ｜ Allison Graham ｜ TEDxSMU.txt
/mnt/c/Users/nateg/OneDrive/Documentos/GitHub/quadrivium/foresight/TEDx Talks/How social media takes away our humanness ｜ Armin Hamrah ｜ TEDxSacredHeartSchoolsAtherton.txt
/mnt/c/Users/nateg/OneDrive/Documentos/GitHub/quadrivium/foresight/TEDx Talks/Is Social Media Good for You？ ｜ Cliff Lampe ｜ TEDxUofM.txt
/mnt/c/Users/nateg/OneDrive/Documentos/GitHub/quadrivium/foresight/TEDx Talks/Live in the Moment： Delete Social Media ｜ Ryan Thomas ｜ TEDxAshburnSalon.txt
/mnt/c/Users/nateg/OneDrive/Documentos/GitHub/quadrivium/foresight/TEDx Talks/Mathematics is the sense you never knew you had ｜ Eddie Woo ｜ TEDxSydney.txt
/mnt/c/Users/nateg/OneDrive/Documentos/GitHub/quadrivium/foresight/TEDx Talks/Quit social media ｜ Dr. Cal Newport ｜ TEDxTysons.txt
/mnt/c/Users/nateg/OneDrive/Documentos/GitHub/quadrivium/foresight/TEDx Talks/Social Media Isn't Real (Even if it Looks Like it is) ｜ Samantha Cohen ｜ TEDxYouth@SRDS.txt
/mnt/c/Users/nateg/OneDrive/Documentos/GitHub/quadrivium/foresight/TEDx Talks/Social Media is Making Us Unsocial ｜ Kristin Gallucci ｜ TEDxBocaRaton.txt
/mnt/c/Users/nateg/OneDrive/Documentos/GitHub/quadrivium/foresight/TEDx Talks/Social media isn't bad： you're just using it wrong ｜ Eva Amin ｜ TEDxCherryCreekWomen.txt
/mnt/c/Users/nateg/OneDrive/Documentos/GitHub/quadrivium/foresight/TEDx Talks/Socially Silent： my relationship with social media ｜ Siena Wescott-Toi ｜ TEDxYouth@Haileybury.txt
/mnt/c/Users/nateg/OneDrive/Documentos/GitHub/quadrivium/foresight/TEDx Talks/Software -- past and future ｜ Charles H. Moore ｜ TEDxDavidsonAcademy.txt
/mnt/c/Users/nateg/OneDrive/Documentos/GitHub/quadrivium/foresight/TEDx Talks/The Right Way to Use Social Media ｜ Paula La Croix ｜ TEDxYouth@TBSRJ.txt
/mnt/c/Users/nateg/OneDrive/Documentos/GitHub/quadrivium/foresight/TEDx Talks/The Role Of Smell in Consciousness  ｜ Barry Smith ｜ TEDxOxford.txt
/mnt/c/Users/nateg/OneDrive/Documentos/GitHub/quadrivium/foresight/TEDx Talks/The next leap into the future： Explaining the Unexplainable [AI] ｜ Luca Longo ｜ TEDxInnopolis.txt
/mnt/c/Users/nateg/OneDrive/Documentos/GitHub/quadrivium/foresight/TEDx Talks/The surprising secret that solves your problems quickly ｜ Collins Key ｜ TEDxSantaBarbara.txt
/mnt/c/Users/nateg/OneDrive/Documentos/GitHub/quadrivium/foresight/TEDx Talks/Why Social Media Is Ruining Your Life ｜ Katherine Ormerod ｜ TEDxManchester.txt
/mnt/c/Users/nateg/OneDrive/Documentos/GitHub/quadrivium/foresight/TEDx Talks/Why the majority is always wrong ｜ Paul Rulkens ｜ TEDxMaastricht.txt
