/mnt/c/Users/nateg/OneDrive/Documentos/GitHub/quadrivium/cognetics/Why Evil Exists/01 The Nature and Origins of Evil.txt
/mnt/c/Users/nateg/OneDrive/Documentos/GitHub/quadrivium/cognetics/Why Evil Exists/02 Enuma Elish—Evil as Cosmic Battle.txt
/mnt/c/Users/nateg/OneDrive/Documentos/GitHub/quadrivium/cognetics/Why Evil Exists/03 Greece—Tragedy and The Peloponnesian War.txt
/mnt/c/Users/nateg/OneDrive/Documentos/GitHub/quadrivium/cognetics/Why Evil Exists/04 Greek Philosophy—Human Evil and Malice.txt
/mnt/c/Users/nateg/OneDrive/Documentos/GitHub/quadrivium/cognetics/Why Evil Exists/05 The Hebrew Bible—Human Rivalry with God.txt
/mnt/c/Users/nateg/OneDrive/Documentos/GitHub/quadrivium/cognetics/Why Evil Exists/06 The Hebrew Bible—Wisdom and the Fear of God.txt
/mnt/c/Users/nateg/OneDrive/Documentos/GitHub/quadrivium/cognetics/Why Evil Exists/07 Christian Scripture—Apocalypse and Original Sin.txt
/mnt/c/Users/nateg/OneDrive/Documentos/GitHub/quadrivium/cognetics/Why Evil Exists/08 The Inevitability of Evil—Irenaeus.txt
/mnt/c/Users/nateg/OneDrive/Documentos/GitHub/quadrivium/cognetics/Why Evil Exists/09 Creation, Evil, and the Fall—Augustine.txt
/mnt/c/Users/nateg/OneDrive/Documentos/GitHub/quadrivium/cognetics/Why Evil Exists/10 Rabbinic Judaism—The Evil Impulse.txt
/mnt/c/Users/nateg/OneDrive/Documentos/GitHub/quadrivium/cognetics/Why Evil Exists/11 Islam—Iblis the Failed, Once-Glorious Being.txt
/mnt/c/Users/nateg/OneDrive/Documentos/GitHub/quadrivium/cognetics/Why Evil Exists/12 On Self-Deception in Evil—Scholasticism.txt
/mnt/c/Users/nateg/OneDrive/Documentos/GitHub/quadrivium/cognetics/Why Evil Exists/13 Dante—Hell and the Abandonment of Hope.txt
/mnt/c/Users/nateg/OneDrive/Documentos/GitHub/quadrivium/cognetics/Why Evil Exists/14 The Reformation—The Power of Evil Within.txt
/mnt/c/Users/nateg/OneDrive/Documentos/GitHub/quadrivium/cognetics/Why Evil Exists/15 Dark Politics—Machiavelli on How to Be Bad.txt
/mnt/c/Users/nateg/OneDrive/Documentos/GitHub/quadrivium/cognetics/Why Evil Exists/16 Hobbes—Evil as a Social Construct.txt
/mnt/c/Users/nateg/OneDrive/Documentos/GitHub/quadrivium/cognetics/Why Evil Exists/17 Montaigne and Pascal—Evil and the Self.txt
/mnt/c/Users/nateg/OneDrive/Documentos/GitHub/quadrivium/cognetics/Why Evil Exists/18 Milton—Epic Evil.txt
/mnt/c/Users/nateg/OneDrive/Documentos/GitHub/quadrivium/cognetics/Why Evil Exists/19 The Enlightenment and Its Discontents.txt
/mnt/c/Users/nateg/OneDrive/Documentos/GitHub/quadrivium/cognetics/Why Evil Exists/20 Kant—Evil at the Root of Human Agency.txt
/mnt/c/Users/nateg/OneDrive/Documentos/GitHub/quadrivium/cognetics/Why Evil Exists/21 Hegel—The Slaughter Block of History.txt
/mnt/c/Users/nateg/OneDrive/Documentos/GitHub/quadrivium/cognetics/Why Evil Exists/22 Marx—Materialism and Evil.txt
/mnt/c/Users/nateg/OneDrive/Documentos/GitHub/quadrivium/cognetics/Why Evil Exists/23 The American North and South—Holy War.txt
/mnt/c/Users/nateg/OneDrive/Documentos/GitHub/quadrivium/cognetics/Why Evil Exists/24 Nietzsche—Considering the Language of Evil.txt
/mnt/c/Users/nateg/OneDrive/Documentos/GitHub/quadrivium/cognetics/Why Evil Exists/25 Dostoevsky—The Demonic in Modernity.txt
/mnt/c/Users/nateg/OneDrive/Documentos/GitHub/quadrivium/cognetics/Why Evil Exists/26 Conrad—Incomprehensible Terror.txt
/mnt/c/Users/nateg/OneDrive/Documentos/GitHub/quadrivium/cognetics/Why Evil Exists/27 Freud—The Death Drive and the Inexplicable.txt
/mnt/c/Users/nateg/OneDrive/Documentos/GitHub/quadrivium/cognetics/Why Evil Exists/28 Camus—The Challenge to Take Evil Seriously.txt
/mnt/c/Users/nateg/OneDrive/Documentos/GitHub/quadrivium/cognetics/Why Evil Exists/29 Post–WWII Protestant Theology on Evil.txt
/mnt/c/Users/nateg/OneDrive/Documentos/GitHub/quadrivium/cognetics/Why Evil Exists/30 Post–WWII Roman Catholic Theology on Evil.txt
/mnt/c/Users/nateg/OneDrive/Documentos/GitHub/quadrivium/cognetics/Why Evil Exists/31 Post–WWII Jewish Thought on Evil.txt
/mnt/c/Users/nateg/OneDrive/Documentos/GitHub/quadrivium/cognetics/Why Evil Exists/32 Arendt—The Banality of Evil.txt
/mnt/c/Users/nateg/OneDrive/Documentos/GitHub/quadrivium/cognetics/Why Evil Exists/33 Life in Truth—20th-Century Poets on Evil.txt
/mnt/c/Users/nateg/OneDrive/Documentos/GitHub/quadrivium/cognetics/Why Evil Exists/34 Science and the Empirical Study of Evil.txt
/mnt/c/Users/nateg/OneDrive/Documentos/GitHub/quadrivium/cognetics/Why Evil Exists/35 The Unnaming of Evil.txt
/mnt/c/Users/nateg/OneDrive/Documentos/GitHub/quadrivium/cognetics/Why Evil Exists/36 Where Can Hope Be Found.txt
