/mnt/c/Users/nateg/OneDrive/Documentos/GitHub/quadrivium/cognetics/Victorian Britain/01 - The Victorian Paradox.txt
/mnt/c/Users/nateg/OneDrive/Documentos/GitHub/quadrivium/cognetics/Victorian Britain/02 - Victoria's Early Reign - 1837-1861.txt
/mnt/c/Users/nateg/OneDrive/Documentos/GitHub/quadrivium/cognetics/Victorian Britain/03 - The Industrial Revolution - 1750-1830.txt
/mnt/c/Users/nateg/OneDrive/Documentos/GitHub/quadrivium/cognetics/Victorian Britain/04 - Railways + Steamships.txt
/mnt/c/Users/nateg/OneDrive/Documentos/GitHub/quadrivium/cognetics/Victorian Britain/05 - Parliamentary Reform and Chartism.txt
/mnt/c/Users/nateg/OneDrive/Documentos/GitHub/quadrivium/cognetics/Victorian Britain/06 - The Upper- + Middle-Class Woman.txt
/mnt/c/Users/nateg/OneDrive/Documentos/GitHub/quadrivium/cognetics/Victorian Britain/07 - The Working-Class Woman.txt
/mnt/c/Users/nateg/OneDrive/Documentos/GitHub/quadrivium/cognetics/Victorian Britain/08 - The State Church + Evangelical Revival.txt
/mnt/c/Users/nateg/OneDrive/Documentos/GitHub/quadrivium/cognetics/Victorian Britain/09 - The Oxford Movement + Catholicism.txt
/mnt/c/Users/nateg/OneDrive/Documentos/GitHub/quadrivium/cognetics/Victorian Britain/10 - Work + Working-Class Life.txt
/mnt/c/Users/nateg/OneDrive/Documentos/GitHub/quadrivium/cognetics/Victorian Britain/11 - Poverty + the Hungry 40's.txt
/mnt/c/Users/nateg/OneDrive/Documentos/GitHub/quadrivium/cognetics/Victorian Britain/12 - Ireland, Famine, Robert Peel.txt
/mnt/c/Users/nateg/OneDrive/Documentos/GitHub/quadrivium/cognetics/Victorian Britain/13 - Scotland + Wales.txt
/mnt/c/Users/nateg/OneDrive/Documentos/GitHub/quadrivium/cognetics/Victorian Britain/14 - Progress + Optimism.txt
/mnt/c/Users/nateg/OneDrive/Documentos/GitHub/quadrivium/cognetics/Victorian Britain/15 - China + the Opium War.txt
/mnt/c/Users/nateg/OneDrive/Documentos/GitHub/quadrivium/cognetics/Victorian Britain/16 - The Crimean War - 1854-1856.txt
/mnt/c/Users/nateg/OneDrive/Documentos/GitHub/quadrivium/cognetics/Victorian Britain/17 - The Indian Mutiny - 1857.txt
/mnt/c/Users/nateg/OneDrive/Documentos/GitHub/quadrivium/cognetics/Victorian Britain/18 - Victorian Britain + the American Civil War.txt
/mnt/c/Users/nateg/OneDrive/Documentos/GitHub/quadrivium/cognetics/Victorian Britain/19 - The British in Africa - 1840-1880.txt
/mnt/c/Users/nateg/OneDrive/Documentos/GitHub/quadrivium/cognetics/Victorian Britain/20 - Victorian Literature.txt
/mnt/c/Users/nateg/OneDrive/Documentos/GitHub/quadrivium/cognetics/Victorian Britain/21 - Art and Music.txt
/mnt/c/Users/nateg/OneDrive/Documentos/GitHub/quadrivium/cognetics/Victorian Britain/22 - Science.txt
/mnt/c/Users/nateg/OneDrive/Documentos/GitHub/quadrivium/cognetics/Victorian Britain/23 - Medicine + Public Health.txt
/mnt/c/Users/nateg/OneDrive/Documentos/GitHub/quadrivium/cognetics/Victorian Britain/24 - Architecture.txt
/mnt/c/Users/nateg/OneDrive/Documentos/GitHub/quadrivium/cognetics/Victorian Britain/25 - Education.txt
/mnt/c/Users/nateg/OneDrive/Documentos/GitHub/quadrivium/cognetics/Victorian Britain/26 - Trade Unions + Labour Party.txt
/mnt/c/Users/nateg/OneDrive/Documentos/GitHub/quadrivium/cognetics/Victorian Britain/27 - Crime + Punishment.txt
/mnt/c/Users/nateg/OneDrive/Documentos/GitHub/quadrivium/cognetics/Victorian Britain/28 - Gladstone + Disraeli - 1865-1881.txt
/mnt/c/Users/nateg/OneDrive/Documentos/GitHub/quadrivium/cognetics/Victorian Britain/29 - Ireland + Home Rule.txt
/mnt/c/Users/nateg/OneDrive/Documentos/GitHub/quadrivium/cognetics/Victorian Britain/30 - Democracy + Its Discontents.txt
/mnt/c/Users/nateg/OneDrive/Documentos/GitHub/quadrivium/cognetics/Victorian Britain/31 - The British in Africa - 1880-1901.txt
/mnt/c/Users/nateg/OneDrive/Documentos/GitHub/quadrivium/cognetics/Victorian Britain/32 - Later Victorian Literature.txt
/mnt/c/Users/nateg/OneDrive/Documentos/GitHub/quadrivium/cognetics/Victorian Britain/33 - Leisure.txt
/mnt/c/Users/nateg/OneDrive/Documentos/GitHub/quadrivium/cognetics/Victorian Britain/34 - Domestic Servants.txt
/mnt/c/Users/nateg/OneDrive/Documentos/GitHub/quadrivium/cognetics/Victorian Britain/35 - Victoria After Albert - 1861-1901.txt
/mnt/c/Users/nateg/OneDrive/Documentos/GitHub/quadrivium/cognetics/Victorian Britain/36 - The Victorian Legacy.txt
