/mnt/c/Users/nateg/OneDrive/Documentos/GitHub/quadrivium/cognetics/World Philosophy/01 - Beginnings.txt
/mnt/c/Users/nateg/OneDrive/Documentos/GitHub/quadrivium/cognetics/World Philosophy/02 - Western Metaphysics.txt
/mnt/c/Users/nateg/OneDrive/Documentos/GitHub/quadrivium/cognetics/World Philosophy/03 - Soul and Body.txt
/mnt/c/Users/nateg/OneDrive/Documentos/GitHub/quadrivium/cognetics/World Philosophy/04 - The Good Life and the Role of Reason.txt
/mnt/c/Users/nateg/OneDrive/Documentos/GitHub/quadrivium/cognetics/World Philosophy/05 - Western and African Thought Compared.txt
/mnt/c/Users/nateg/OneDrive/Documentos/GitHub/quadrivium/cognetics/World Philosophy/06 - Traditional Beliefs and Philos.txt
/mnt/c/Users/nateg/OneDrive/Documentos/GitHub/quadrivium/cognetics/World Philosophy/07 - American Indian Thinking.txt
/mnt/c/Users/nateg/OneDrive/Documentos/GitHub/quadrivium/cognetics/World Philosophy/08 - Mesoamerican Thought.txt
/mnt/c/Users/nateg/OneDrive/Documentos/GitHub/quadrivium/cognetics/World Philosophy/09 - Ethics and Social Thought in Latin America.txt
/mnt/c/Users/nateg/OneDrive/Documentos/GitHub/quadrivium/cognetics/World Philosophy/10 - Indian Thought on Supreme Reality.txt
/mnt/c/Users/nateg/OneDrive/Documentos/GitHub/quadrivium/cognetics/World Philosophy/11 - The Dualism of the Smakhya School.txt
/mnt/c/Users/nateg/OneDrive/Documentos/GitHub/quadrivium/cognetics/World Philosophy/12 - Vedic Thought and Monism.txt
/mnt/c/Users/nateg/OneDrive/Documentos/GitHub/quadrivium/cognetics/World Philosophy/13 - The Bhagavad Gita.txt
/mnt/c/Users/nateg/OneDrive/Documentos/GitHub/quadrivium/cognetics/World Philosophy/14 - The Buddha's Teachings.txt
/mnt/c/Users/nateg/OneDrive/Documentos/GitHub/quadrivium/cognetics/World Philosophy/15 - Theravada and Mahayana Buddhism.txt
/mnt/c/Users/nateg/OneDrive/Documentos/GitHub/quadrivium/cognetics/World Philosophy/16 - Nagarjuna's Interpretation of Buddhism.txt
/mnt/c/Users/nateg/OneDrive/Documentos/GitHub/quadrivium/cognetics/World Philosophy/17 - The Chinese Conception of Reality.txt
/mnt/c/Users/nateg/OneDrive/Documentos/GitHub/quadrivium/cognetics/World Philosophy/18 - Confucius.txt
/mnt/c/Users/nateg/OneDrive/Documentos/GitHub/quadrivium/cognetics/World Philosophy/19 - Confucian Virtue.txt
/mnt/c/Users/nateg/OneDrive/Documentos/GitHub/quadrivium/cognetics/World Philosophy/20 - Confucian Schools.txt
/mnt/c/Users/nateg/OneDrive/Documentos/GitHub/quadrivium/cognetics/World Philosophy/21 - The Daoist Response to Confucianism.txt
/mnt/c/Users/nateg/OneDrive/Documentos/GitHub/quadrivium/cognetics/World Philosophy/22 - Daoism and Early Buddhism in China.txt
/mnt/c/Users/nateg/OneDrive/Documentos/GitHub/quadrivium/cognetics/World Philosophy/23 - Buddhism in China and Japan.txt
/mnt/c/Users/nateg/OneDrive/Documentos/GitHub/quadrivium/cognetics/World Philosophy/24 - Synthesis.txt
