/mnt/c/Users/nateg/OneDrive/Documentos/GitHub/quadrivium/cognetics/Thinking Theoretically/00(1). Professor Bio.txt
/mnt/c/Users/nateg/OneDrive/Documentos/GitHub/quadrivium/cognetics/Thinking Theoretically/00(1). Professor Bio_part_00.txt
/mnt/c/Users/nateg/OneDrive/Documentos/GitHub/quadrivium/cognetics/Thinking Theoretically/00(1). Professor Bio_part_01.txt
/mnt/c/Users/nateg/OneDrive/Documentos/GitHub/quadrivium/cognetics/Thinking Theoretically/00(1). Professor Bio_part_02.txt
/mnt/c/Users/nateg/OneDrive/Documentos/GitHub/quadrivium/cognetics/Thinking Theoretically/00(1). Professor Bio_part_03.txt
/mnt/c/Users/nateg/OneDrive/Documentos/GitHub/quadrivium/cognetics/Thinking Theoretically/00(1). Professor Bio_part_04.txt
/mnt/c/Users/nateg/OneDrive/Documentos/GitHub/quadrivium/cognetics/Thinking Theoretically/00(1). Professor Bio_part_05.txt
/mnt/c/Users/nateg/OneDrive/Documentos/GitHub/quadrivium/cognetics/Thinking Theoretically/00(1). Professor Bio_part_06.txt
/mnt/c/Users/nateg/OneDrive/Documentos/GitHub/quadrivium/cognetics/Thinking Theoretically/00(1). Professor Bio_part_07.txt
/mnt/c/Users/nateg/OneDrive/Documentos/GitHub/quadrivium/cognetics/Thinking Theoretically/00(1). Professor Bio_part_08.txt
/mnt/c/Users/nateg/OneDrive/Documentos/GitHub/quadrivium/cognetics/Thinking Theoretically/01. Theorems as Masterpieces.txt
/mnt/c/Users/nateg/OneDrive/Documentos/GitHub/quadrivium/cognetics/Thinking Theoretically/01. Theorems as Masterpieces_part_00.txt
/mnt/c/Users/nateg/OneDrive/Documentos/GitHub/quadrivium/cognetics/Thinking Theoretically/01. Theorems as Masterpieces_part_01.txt
/mnt/c/Users/nateg/OneDrive/Documentos/GitHub/quadrivium/cognetics/Thinking Theoretically/01. Theorems as Masterpieces_part_02.txt
/mnt/c/Users/nateg/OneDrive/Documentos/GitHub/quadrivium/cognetics/Thinking Theoretically/01. Theorems as Masterpieces_part_03.txt
/mnt/c/Users/nateg/OneDrive/Documentos/GitHub/quadrivium/cognetics/Thinking Theoretically/01. Theorems as Masterpieces_part_04.txt
/mnt/c/Users/nateg/OneDrive/Documentos/GitHub/quadrivium/cognetics/Thinking Theoretically/01. Theorems as Masterpieces_part_05.txt
/mnt/c/Users/nateg/OneDrive/Documentos/GitHub/quadrivium/cognetics/Thinking Theoretically/01. Theorems as Masterpieces_part_06.txt
/mnt/c/Users/nateg/OneDrive/Documentos/GitHub/quadrivium/cognetics/Thinking Theoretically/01. Theorems as Masterpieces_part_07.txt
/mnt/c/Users/nateg/OneDrive/Documentos/GitHub/quadrivium/cognetics/Thinking Theoretically/01. Theorems as Masterpieces_part_08.txt
/mnt/c/Users/nateg/OneDrive/Documentos/GitHub/quadrivium/cognetics/Thinking Theoretically/01. Theorems as Masterpieces_part_09.txt
/mnt/c/Users/nateg/OneDrive/Documentos/GitHub/quadrivium/cognetics/Thinking Theoretically/02. Mathematics before Euclid.txt
/mnt/c/Users/nateg/OneDrive/Documentos/GitHub/quadrivium/cognetics/Thinking Theoretically/02. Mathematics before Euclid_part_00.txt
/mnt/c/Users/nateg/OneDrive/Documentos/GitHub/quadrivium/cognetics/Thinking Theoretically/02. Mathematics before Euclid_part_01.txt
/mnt/c/Users/nateg/OneDrive/Documentos/GitHub/quadrivium/cognetics/Thinking Theoretically/02. Mathematics before Euclid_part_02.txt
/mnt/c/Users/nateg/OneDrive/Documentos/GitHub/quadrivium/cognetics/Thinking Theoretically/02. Mathematics before Euclid_part_03.txt
/mnt/c/Users/nateg/OneDrive/Documentos/GitHub/quadrivium/cognetics/Thinking Theoretically/02. Mathematics before Euclid_part_04.txt
/mnt/c/Users/nateg/OneDrive/Documentos/GitHub/quadrivium/cognetics/Thinking Theoretically/02. Mathematics before Euclid_part_05.txt
/mnt/c/Users/nateg/OneDrive/Documentos/GitHub/quadrivium/cognetics/Thinking Theoretically/02. Mathematics before Euclid_part_06.txt
/mnt/c/Users/nateg/OneDrive/Documentos/GitHub/quadrivium/cognetics/Thinking Theoretically/02. Mathematics before Euclid_part_07.txt
/mnt/c/Users/nateg/OneDrive/Documentos/GitHub/quadrivium/cognetics/Thinking Theoretically/02. Mathematics before Euclid_part_08.txt
/mnt/c/Users/nateg/OneDrive/Documentos/GitHub/quadrivium/cognetics/Thinking Theoretically/02. Mathematics before Euclid_part_09.txt
/mnt/c/Users/nateg/OneDrive/Documentos/GitHub/quadrivium/cognetics/Thinking Theoretically/03. The Greatest Mathematics Book of All.txt
/mnt/c/Users/nateg/OneDrive/Documentos/GitHub/quadrivium/cognetics/Thinking Theoretically/03. The Greatest Mathematics Book of All_part_00.txt
/mnt/c/Users/nateg/OneDrive/Documentos/GitHub/quadrivium/cognetics/Thinking Theoretically/03. The Greatest Mathematics Book of All_part_01.txt
/mnt/c/Users/nateg/OneDrive/Documentos/GitHub/quadrivium/cognetics/Thinking Theoretically/03. The Greatest Mathematics Book of All_part_02.txt
/mnt/c/Users/nateg/OneDrive/Documentos/GitHub/quadrivium/cognetics/Thinking Theoretically/03. The Greatest Mathematics Book of All_part_03.txt
/mnt/c/Users/nateg/OneDrive/Documentos/GitHub/quadrivium/cognetics/Thinking Theoretically/03. The Greatest Mathematics Book of All_part_04.txt
/mnt/c/Users/nateg/OneDrive/Documentos/GitHub/quadrivium/cognetics/Thinking Theoretically/03. The Greatest Mathematics Book of All_part_05.txt
/mnt/c/Users/nateg/OneDrive/Documentos/GitHub/quadrivium/cognetics/Thinking Theoretically/03. The Greatest Mathematics Book of All_part_06.txt
/mnt/c/Users/nateg/OneDrive/Documentos/GitHub/quadrivium/cognetics/Thinking Theoretically/03. The Greatest Mathematics Book of All_part_07.txt
/mnt/c/Users/nateg/OneDrive/Documentos/GitHub/quadrivium/cognetics/Thinking Theoretically/03. The Greatest Mathematics Book of All_part_08.txt
/mnt/c/Users/nateg/OneDrive/Documentos/GitHub/quadrivium/cognetics/Thinking Theoretically/03. The Greatest Mathematics Book of All_part_09.txt
/mnt/c/Users/nateg/OneDrive/Documentos/GitHub/quadrivium/cognetics/Thinking Theoretically/04. Euclid's Elements—Triangles and Polygons.txt
/mnt/c/Users/nateg/OneDrive/Documentos/GitHub/quadrivium/cognetics/Thinking Theoretically/04. Euclid's Elements—Triangles and Polygons_part_00.txt
/mnt/c/Users/nateg/OneDrive/Documentos/GitHub/quadrivium/cognetics/Thinking Theoretically/04. Euclid's Elements—Triangles and Polygons_part_01.txt
/mnt/c/Users/nateg/OneDrive/Documentos/GitHub/quadrivium/cognetics/Thinking Theoretically/04. Euclid's Elements—Triangles and Polygons_part_02.txt
/mnt/c/Users/nateg/OneDrive/Documentos/GitHub/quadrivium/cognetics/Thinking Theoretically/04. Euclid's Elements—Triangles and Polygons_part_03.txt
/mnt/c/Users/nateg/OneDrive/Documentos/GitHub/quadrivium/cognetics/Thinking Theoretically/04. Euclid's Elements—Triangles and Polygons_part_04.txt
/mnt/c/Users/nateg/OneDrive/Documentos/GitHub/quadrivium/cognetics/Thinking Theoretically/04. Euclid's Elements—Triangles and Polygons_part_05.txt
/mnt/c/Users/nateg/OneDrive/Documentos/GitHub/quadrivium/cognetics/Thinking Theoretically/04. Euclid's Elements—Triangles and Polygons_part_06.txt
/mnt/c/Users/nateg/OneDrive/Documentos/GitHub/quadrivium/cognetics/Thinking Theoretically/04. Euclid's Elements—Triangles and Polygons_part_07.txt
/mnt/c/Users/nateg/OneDrive/Documentos/GitHub/quadrivium/cognetics/Thinking Theoretically/04. Euclid's Elements—Triangles and Polygons_part_08.txt
/mnt/c/Users/nateg/OneDrive/Documentos/GitHub/quadrivium/cognetics/Thinking Theoretically/04. Euclid's Elements—Triangles and Polygons_part_09.txt
/mnt/c/Users/nateg/OneDrive/Documentos/GitHub/quadrivium/cognetics/Thinking Theoretically/05. Number Theory in Euclid.txt
/mnt/c/Users/nateg/OneDrive/Documentos/GitHub/quadrivium/cognetics/Thinking Theoretically/05. Number Theory in Euclid_part_00.txt
/mnt/c/Users/nateg/OneDrive/Documentos/GitHub/quadrivium/cognetics/Thinking Theoretically/05. Number Theory in Euclid_part_01.txt
/mnt/c/Users/nateg/OneDrive/Documentos/GitHub/quadrivium/cognetics/Thinking Theoretically/05. Number Theory in Euclid_part_02.txt
/mnt/c/Users/nateg/OneDrive/Documentos/GitHub/quadrivium/cognetics/Thinking Theoretically/05. Number Theory in Euclid_part_03.txt
/mnt/c/Users/nateg/OneDrive/Documentos/GitHub/quadrivium/cognetics/Thinking Theoretically/05. Number Theory in Euclid_part_04.txt
/mnt/c/Users/nateg/OneDrive/Documentos/GitHub/quadrivium/cognetics/Thinking Theoretically/05. Number Theory in Euclid_part_05.txt
/mnt/c/Users/nateg/OneDrive/Documentos/GitHub/quadrivium/cognetics/Thinking Theoretically/05. Number Theory in Euclid_part_06.txt
/mnt/c/Users/nateg/OneDrive/Documentos/GitHub/quadrivium/cognetics/Thinking Theoretically/05. Number Theory in Euclid_part_07.txt
/mnt/c/Users/nateg/OneDrive/Documentos/GitHub/quadrivium/cognetics/Thinking Theoretically/05. Number Theory in Euclid_part_08.txt
/mnt/c/Users/nateg/OneDrive/Documentos/GitHub/quadrivium/cognetics/Thinking Theoretically/05. Number Theory in Euclid_part_09.txt
/mnt/c/Users/nateg/OneDrive/Documentos/GitHub/quadrivium/cognetics/Thinking Theoretically/06. The Life and Works of Archimedes.txt
/mnt/c/Users/nateg/OneDrive/Documentos/GitHub/quadrivium/cognetics/Thinking Theoretically/06. The Life and Works of Archimedes_part_00.txt
/mnt/c/Users/nateg/OneDrive/Documentos/GitHub/quadrivium/cognetics/Thinking Theoretically/06. The Life and Works of Archimedes_part_01.txt
/mnt/c/Users/nateg/OneDrive/Documentos/GitHub/quadrivium/cognetics/Thinking Theoretically/06. The Life and Works of Archimedes_part_02.txt
/mnt/c/Users/nateg/OneDrive/Documentos/GitHub/quadrivium/cognetics/Thinking Theoretically/06. The Life and Works of Archimedes_part_03.txt
/mnt/c/Users/nateg/OneDrive/Documentos/GitHub/quadrivium/cognetics/Thinking Theoretically/06. The Life and Works of Archimedes_part_04.txt
/mnt/c/Users/nateg/OneDrive/Documentos/GitHub/quadrivium/cognetics/Thinking Theoretically/06. The Life and Works of Archimedes_part_05.txt
/mnt/c/Users/nateg/OneDrive/Documentos/GitHub/quadrivium/cognetics/Thinking Theoretically/06. The Life and Works of Archimedes_part_06.txt
/mnt/c/Users/nateg/OneDrive/Documentos/GitHub/quadrivium/cognetics/Thinking Theoretically/06. The Life and Works of Archimedes_part_07.txt
/mnt/c/Users/nateg/OneDrive/Documentos/GitHub/quadrivium/cognetics/Thinking Theoretically/06. The Life and Works of Archimedes_part_08.txt
/mnt/c/Users/nateg/OneDrive/Documentos/GitHub/quadrivium/cognetics/Thinking Theoretically/06. The Life and Works of Archimedes_part_09.txt
/mnt/c/Users/nateg/OneDrive/Documentos/GitHub/quadrivium/cognetics/Thinking Theoretically/07. Archimedes' Determination of Circular Area.txt
/mnt/c/Users/nateg/OneDrive/Documentos/GitHub/quadrivium/cognetics/Thinking Theoretically/07. Archimedes' Determination of Circular Area_part_00.txt
/mnt/c/Users/nateg/OneDrive/Documentos/GitHub/quadrivium/cognetics/Thinking Theoretically/07. Archimedes' Determination of Circular Area_part_01.txt
/mnt/c/Users/nateg/OneDrive/Documentos/GitHub/quadrivium/cognetics/Thinking Theoretically/07. Archimedes' Determination of Circular Area_part_02.txt
/mnt/c/Users/nateg/OneDrive/Documentos/GitHub/quadrivium/cognetics/Thinking Theoretically/07. Archimedes' Determination of Circular Area_part_03.txt
/mnt/c/Users/nateg/OneDrive/Documentos/GitHub/quadrivium/cognetics/Thinking Theoretically/07. Archimedes' Determination of Circular Area_part_04.txt
/mnt/c/Users/nateg/OneDrive/Documentos/GitHub/quadrivium/cognetics/Thinking Theoretically/07. Archimedes' Determination of Circular Area_part_05.txt
/mnt/c/Users/nateg/OneDrive/Documentos/GitHub/quadrivium/cognetics/Thinking Theoretically/07. Archimedes' Determination of Circular Area_part_06.txt
/mnt/c/Users/nateg/OneDrive/Documentos/GitHub/quadrivium/cognetics/Thinking Theoretically/07. Archimedes' Determination of Circular Area_part_07.txt
/mnt/c/Users/nateg/OneDrive/Documentos/GitHub/quadrivium/cognetics/Thinking Theoretically/07. Archimedes' Determination of Circular Area_part_08.txt
/mnt/c/Users/nateg/OneDrive/Documentos/GitHub/quadrivium/cognetics/Thinking Theoretically/07. Archimedes' Determination of Circular Area_part_09.txt
/mnt/c/Users/nateg/OneDrive/Documentos/GitHub/quadrivium/cognetics/Thinking Theoretically/08. Heron's Formula for Triangular Area.txt
/mnt/c/Users/nateg/OneDrive/Documentos/GitHub/quadrivium/cognetics/Thinking Theoretically/08. Heron's Formula for Triangular Area_part_00.txt
/mnt/c/Users/nateg/OneDrive/Documentos/GitHub/quadrivium/cognetics/Thinking Theoretically/08. Heron's Formula for Triangular Area_part_01.txt
/mnt/c/Users/nateg/OneDrive/Documentos/GitHub/quadrivium/cognetics/Thinking Theoretically/08. Heron's Formula for Triangular Area_part_02.txt
/mnt/c/Users/nateg/OneDrive/Documentos/GitHub/quadrivium/cognetics/Thinking Theoretically/08. Heron's Formula for Triangular Area_part_03.txt
/mnt/c/Users/nateg/OneDrive/Documentos/GitHub/quadrivium/cognetics/Thinking Theoretically/08. Heron's Formula for Triangular Area_part_04.txt
/mnt/c/Users/nateg/OneDrive/Documentos/GitHub/quadrivium/cognetics/Thinking Theoretically/08. Heron's Formula for Triangular Area_part_05.txt
/mnt/c/Users/nateg/OneDrive/Documentos/GitHub/quadrivium/cognetics/Thinking Theoretically/08. Heron's Formula for Triangular Area_part_06.txt
/mnt/c/Users/nateg/OneDrive/Documentos/GitHub/quadrivium/cognetics/Thinking Theoretically/08. Heron's Formula for Triangular Area_part_07.txt
/mnt/c/Users/nateg/OneDrive/Documentos/GitHub/quadrivium/cognetics/Thinking Theoretically/08. Heron's Formula for Triangular Area_part_08.txt
/mnt/c/Users/nateg/OneDrive/Documentos/GitHub/quadrivium/cognetics/Thinking Theoretically/08. Heron's Formula for Triangular Area_part_09.txt
/mnt/c/Users/nateg/OneDrive/Documentos/GitHub/quadrivium/cognetics/Thinking Theoretically/09. Al-Khwarizmi and Islamic Mathematics.txt
/mnt/c/Users/nateg/OneDrive/Documentos/GitHub/quadrivium/cognetics/Thinking Theoretically/09. Al-Khwarizmi and Islamic Mathematics_part_00.txt
/mnt/c/Users/nateg/OneDrive/Documentos/GitHub/quadrivium/cognetics/Thinking Theoretically/09. Al-Khwarizmi and Islamic Mathematics_part_01.txt
/mnt/c/Users/nateg/OneDrive/Documentos/GitHub/quadrivium/cognetics/Thinking Theoretically/09. Al-Khwarizmi and Islamic Mathematics_part_02.txt
/mnt/c/Users/nateg/OneDrive/Documentos/GitHub/quadrivium/cognetics/Thinking Theoretically/09. Al-Khwarizmi and Islamic Mathematics_part_03.txt
/mnt/c/Users/nateg/OneDrive/Documentos/GitHub/quadrivium/cognetics/Thinking Theoretically/09. Al-Khwarizmi and Islamic Mathematics_part_04.txt
/mnt/c/Users/nateg/OneDrive/Documentos/GitHub/quadrivium/cognetics/Thinking Theoretically/09. Al-Khwarizmi and Islamic Mathematics_part_05.txt
/mnt/c/Users/nateg/OneDrive/Documentos/GitHub/quadrivium/cognetics/Thinking Theoretically/09. Al-Khwarizmi and Islamic Mathematics_part_06.txt
/mnt/c/Users/nateg/OneDrive/Documentos/GitHub/quadrivium/cognetics/Thinking Theoretically/09. Al-Khwarizmi and Islamic Mathematics_part_07.txt
/mnt/c/Users/nateg/OneDrive/Documentos/GitHub/quadrivium/cognetics/Thinking Theoretically/09. Al-Khwarizmi and Islamic Mathematics_part_08.txt
/mnt/c/Users/nateg/OneDrive/Documentos/GitHub/quadrivium/cognetics/Thinking Theoretically/09. Al-Khwarizmi and Islamic Mathematics_part_09.txt
/mnt/c/Users/nateg/OneDrive/Documentos/GitHub/quadrivium/cognetics/Thinking Theoretically/10. A Horatio Algebra Story.txt
/mnt/c/Users/nateg/OneDrive/Documentos/GitHub/quadrivium/cognetics/Thinking Theoretically/10. A Horatio Algebra Story_part_00.txt
/mnt/c/Users/nateg/OneDrive/Documentos/GitHub/quadrivium/cognetics/Thinking Theoretically/10. A Horatio Algebra Story_part_01.txt
/mnt/c/Users/nateg/OneDrive/Documentos/GitHub/quadrivium/cognetics/Thinking Theoretically/10. A Horatio Algebra Story_part_02.txt
/mnt/c/Users/nateg/OneDrive/Documentos/GitHub/quadrivium/cognetics/Thinking Theoretically/10. A Horatio Algebra Story_part_03.txt
/mnt/c/Users/nateg/OneDrive/Documentos/GitHub/quadrivium/cognetics/Thinking Theoretically/10. A Horatio Algebra Story_part_04.txt
/mnt/c/Users/nateg/OneDrive/Documentos/GitHub/quadrivium/cognetics/Thinking Theoretically/10. A Horatio Algebra Story_part_05.txt
/mnt/c/Users/nateg/OneDrive/Documentos/GitHub/quadrivium/cognetics/Thinking Theoretically/10. A Horatio Algebra Story_part_06.txt
/mnt/c/Users/nateg/OneDrive/Documentos/GitHub/quadrivium/cognetics/Thinking Theoretically/10. A Horatio Algebra Story_part_07.txt
/mnt/c/Users/nateg/OneDrive/Documentos/GitHub/quadrivium/cognetics/Thinking Theoretically/10. A Horatio Algebra Story_part_08.txt
/mnt/c/Users/nateg/OneDrive/Documentos/GitHub/quadrivium/cognetics/Thinking Theoretically/10. A Horatio Algebra Story_part_09.txt
/mnt/c/Users/nateg/OneDrive/Documentos/GitHub/quadrivium/cognetics/Thinking Theoretically/11. To the Cubic and Beyond.txt
/mnt/c/Users/nateg/OneDrive/Documentos/GitHub/quadrivium/cognetics/Thinking Theoretically/11. To the Cubic and Beyond_part_00.txt
/mnt/c/Users/nateg/OneDrive/Documentos/GitHub/quadrivium/cognetics/Thinking Theoretically/11. To the Cubic and Beyond_part_01.txt
/mnt/c/Users/nateg/OneDrive/Documentos/GitHub/quadrivium/cognetics/Thinking Theoretically/11. To the Cubic and Beyond_part_02.txt
/mnt/c/Users/nateg/OneDrive/Documentos/GitHub/quadrivium/cognetics/Thinking Theoretically/11. To the Cubic and Beyond_part_03.txt
/mnt/c/Users/nateg/OneDrive/Documentos/GitHub/quadrivium/cognetics/Thinking Theoretically/11. To the Cubic and Beyond_part_04.txt
/mnt/c/Users/nateg/OneDrive/Documentos/GitHub/quadrivium/cognetics/Thinking Theoretically/11. To the Cubic and Beyond_part_05.txt
/mnt/c/Users/nateg/OneDrive/Documentos/GitHub/quadrivium/cognetics/Thinking Theoretically/11. To the Cubic and Beyond_part_06.txt
/mnt/c/Users/nateg/OneDrive/Documentos/GitHub/quadrivium/cognetics/Thinking Theoretically/11. To the Cubic and Beyond_part_07.txt
/mnt/c/Users/nateg/OneDrive/Documentos/GitHub/quadrivium/cognetics/Thinking Theoretically/11. To the Cubic and Beyond_part_08.txt
/mnt/c/Users/nateg/OneDrive/Documentos/GitHub/quadrivium/cognetics/Thinking Theoretically/11. To the Cubic and Beyond_part_09.txt
/mnt/c/Users/nateg/OneDrive/Documentos/GitHub/quadrivium/cognetics/Thinking Theoretically/12. The Heroic Century.txt
/mnt/c/Users/nateg/OneDrive/Documentos/GitHub/quadrivium/cognetics/Thinking Theoretically/12. The Heroic Century_part_00.txt
/mnt/c/Users/nateg/OneDrive/Documentos/GitHub/quadrivium/cognetics/Thinking Theoretically/12. The Heroic Century_part_01.txt
/mnt/c/Users/nateg/OneDrive/Documentos/GitHub/quadrivium/cognetics/Thinking Theoretically/12. The Heroic Century_part_02.txt
/mnt/c/Users/nateg/OneDrive/Documentos/GitHub/quadrivium/cognetics/Thinking Theoretically/12. The Heroic Century_part_03.txt
/mnt/c/Users/nateg/OneDrive/Documentos/GitHub/quadrivium/cognetics/Thinking Theoretically/12. The Heroic Century_part_04.txt
/mnt/c/Users/nateg/OneDrive/Documentos/GitHub/quadrivium/cognetics/Thinking Theoretically/12. The Heroic Century_part_05.txt
/mnt/c/Users/nateg/OneDrive/Documentos/GitHub/quadrivium/cognetics/Thinking Theoretically/12. The Heroic Century_part_06.txt
/mnt/c/Users/nateg/OneDrive/Documentos/GitHub/quadrivium/cognetics/Thinking Theoretically/12. The Heroic Century_part_07.txt
/mnt/c/Users/nateg/OneDrive/Documentos/GitHub/quadrivium/cognetics/Thinking Theoretically/12. The Heroic Century_part_08.txt
/mnt/c/Users/nateg/OneDrive/Documentos/GitHub/quadrivium/cognetics/Thinking Theoretically/12. The Heroic Century_part_09.txt
/mnt/c/Users/nateg/OneDrive/Documentos/GitHub/quadrivium/cognetics/Thinking Theoretically/13. The Legacy of Newton.txt
/mnt/c/Users/nateg/OneDrive/Documentos/GitHub/quadrivium/cognetics/Thinking Theoretically/13. The Legacy of Newton_part_00.txt
/mnt/c/Users/nateg/OneDrive/Documentos/GitHub/quadrivium/cognetics/Thinking Theoretically/13. The Legacy of Newton_part_01.txt
/mnt/c/Users/nateg/OneDrive/Documentos/GitHub/quadrivium/cognetics/Thinking Theoretically/13. The Legacy of Newton_part_02.txt
/mnt/c/Users/nateg/OneDrive/Documentos/GitHub/quadrivium/cognetics/Thinking Theoretically/13. The Legacy of Newton_part_03.txt
/mnt/c/Users/nateg/OneDrive/Documentos/GitHub/quadrivium/cognetics/Thinking Theoretically/13. The Legacy of Newton_part_04.txt
/mnt/c/Users/nateg/OneDrive/Documentos/GitHub/quadrivium/cognetics/Thinking Theoretically/13. The Legacy of Newton_part_05.txt
/mnt/c/Users/nateg/OneDrive/Documentos/GitHub/quadrivium/cognetics/Thinking Theoretically/13. The Legacy of Newton_part_06.txt
/mnt/c/Users/nateg/OneDrive/Documentos/GitHub/quadrivium/cognetics/Thinking Theoretically/13. The Legacy of Newton_part_07.txt
/mnt/c/Users/nateg/OneDrive/Documentos/GitHub/quadrivium/cognetics/Thinking Theoretically/13. The Legacy of Newton_part_08.txt
/mnt/c/Users/nateg/OneDrive/Documentos/GitHub/quadrivium/cognetics/Thinking Theoretically/13. The Legacy of Newton_part_09.txt
/mnt/c/Users/nateg/OneDrive/Documentos/GitHub/quadrivium/cognetics/Thinking Theoretically/14. Newton's Infinite Series.txt
/mnt/c/Users/nateg/OneDrive/Documentos/GitHub/quadrivium/cognetics/Thinking Theoretically/14. Newton's Infinite Series_part_00.txt
/mnt/c/Users/nateg/OneDrive/Documentos/GitHub/quadrivium/cognetics/Thinking Theoretically/14. Newton's Infinite Series_part_01.txt
/mnt/c/Users/nateg/OneDrive/Documentos/GitHub/quadrivium/cognetics/Thinking Theoretically/14. Newton's Infinite Series_part_02.txt
/mnt/c/Users/nateg/OneDrive/Documentos/GitHub/quadrivium/cognetics/Thinking Theoretically/14. Newton's Infinite Series_part_03.txt
/mnt/c/Users/nateg/OneDrive/Documentos/GitHub/quadrivium/cognetics/Thinking Theoretically/14. Newton's Infinite Series_part_04.txt
/mnt/c/Users/nateg/OneDrive/Documentos/GitHub/quadrivium/cognetics/Thinking Theoretically/14. Newton's Infinite Series_part_05.txt
/mnt/c/Users/nateg/OneDrive/Documentos/GitHub/quadrivium/cognetics/Thinking Theoretically/14. Newton's Infinite Series_part_06.txt
/mnt/c/Users/nateg/OneDrive/Documentos/GitHub/quadrivium/cognetics/Thinking Theoretically/14. Newton's Infinite Series_part_07.txt
/mnt/c/Users/nateg/OneDrive/Documentos/GitHub/quadrivium/cognetics/Thinking Theoretically/14. Newton's Infinite Series_part_08.txt
/mnt/c/Users/nateg/OneDrive/Documentos/GitHub/quadrivium/cognetics/Thinking Theoretically/14. Newton's Infinite Series_part_09.txt
/mnt/c/Users/nateg/OneDrive/Documentos/GitHub/quadrivium/cognetics/Thinking Theoretically/15. Newton's Proof of Heron's Formula.txt
/mnt/c/Users/nateg/OneDrive/Documentos/GitHub/quadrivium/cognetics/Thinking Theoretically/15. Newton's Proof of Heron's Formula_part_00.txt
/mnt/c/Users/nateg/OneDrive/Documentos/GitHub/quadrivium/cognetics/Thinking Theoretically/15. Newton's Proof of Heron's Formula_part_01.txt
/mnt/c/Users/nateg/OneDrive/Documentos/GitHub/quadrivium/cognetics/Thinking Theoretically/15. Newton's Proof of Heron's Formula_part_02.txt
/mnt/c/Users/nateg/OneDrive/Documentos/GitHub/quadrivium/cognetics/Thinking Theoretically/15. Newton's Proof of Heron's Formula_part_03.txt
/mnt/c/Users/nateg/OneDrive/Documentos/GitHub/quadrivium/cognetics/Thinking Theoretically/15. Newton's Proof of Heron's Formula_part_04.txt
/mnt/c/Users/nateg/OneDrive/Documentos/GitHub/quadrivium/cognetics/Thinking Theoretically/15. Newton's Proof of Heron's Formula_part_05.txt
/mnt/c/Users/nateg/OneDrive/Documentos/GitHub/quadrivium/cognetics/Thinking Theoretically/15. Newton's Proof of Heron's Formula_part_06.txt
/mnt/c/Users/nateg/OneDrive/Documentos/GitHub/quadrivium/cognetics/Thinking Theoretically/15. Newton's Proof of Heron's Formula_part_07.txt
/mnt/c/Users/nateg/OneDrive/Documentos/GitHub/quadrivium/cognetics/Thinking Theoretically/15. Newton's Proof of Heron's Formula_part_08.txt
/mnt/c/Users/nateg/OneDrive/Documentos/GitHub/quadrivium/cognetics/Thinking Theoretically/15. Newton's Proof of Heron's Formula_part_09.txt
/mnt/c/Users/nateg/OneDrive/Documentos/GitHub/quadrivium/cognetics/Thinking Theoretically/16. The Legacy of Leibniz.txt
/mnt/c/Users/nateg/OneDrive/Documentos/GitHub/quadrivium/cognetics/Thinking Theoretically/16. The Legacy of Leibniz_part_00.txt
/mnt/c/Users/nateg/OneDrive/Documentos/GitHub/quadrivium/cognetics/Thinking Theoretically/16. The Legacy of Leibniz_part_01.txt
/mnt/c/Users/nateg/OneDrive/Documentos/GitHub/quadrivium/cognetics/Thinking Theoretically/16. The Legacy of Leibniz_part_02.txt
/mnt/c/Users/nateg/OneDrive/Documentos/GitHub/quadrivium/cognetics/Thinking Theoretically/16. The Legacy of Leibniz_part_03.txt
/mnt/c/Users/nateg/OneDrive/Documentos/GitHub/quadrivium/cognetics/Thinking Theoretically/16. The Legacy of Leibniz_part_04.txt
/mnt/c/Users/nateg/OneDrive/Documentos/GitHub/quadrivium/cognetics/Thinking Theoretically/16. The Legacy of Leibniz_part_05.txt
/mnt/c/Users/nateg/OneDrive/Documentos/GitHub/quadrivium/cognetics/Thinking Theoretically/16. The Legacy of Leibniz_part_06.txt
/mnt/c/Users/nateg/OneDrive/Documentos/GitHub/quadrivium/cognetics/Thinking Theoretically/16. The Legacy of Leibniz_part_07.txt
/mnt/c/Users/nateg/OneDrive/Documentos/GitHub/quadrivium/cognetics/Thinking Theoretically/16. The Legacy of Leibniz_part_08.txt
/mnt/c/Users/nateg/OneDrive/Documentos/GitHub/quadrivium/cognetics/Thinking Theoretically/16. The Legacy of Leibniz_part_09.txt
/mnt/c/Users/nateg/OneDrive/Documentos/GitHub/quadrivium/cognetics/Thinking Theoretically/17. The Bernoullis and the Calculus Wars.txt
/mnt/c/Users/nateg/OneDrive/Documentos/GitHub/quadrivium/cognetics/Thinking Theoretically/17. The Bernoullis and the Calculus Wars_part_00.txt
/mnt/c/Users/nateg/OneDrive/Documentos/GitHub/quadrivium/cognetics/Thinking Theoretically/17. The Bernoullis and the Calculus Wars_part_01.txt
/mnt/c/Users/nateg/OneDrive/Documentos/GitHub/quadrivium/cognetics/Thinking Theoretically/17. The Bernoullis and the Calculus Wars_part_02.txt
/mnt/c/Users/nateg/OneDrive/Documentos/GitHub/quadrivium/cognetics/Thinking Theoretically/17. The Bernoullis and the Calculus Wars_part_03.txt
/mnt/c/Users/nateg/OneDrive/Documentos/GitHub/quadrivium/cognetics/Thinking Theoretically/17. The Bernoullis and the Calculus Wars_part_04.txt
/mnt/c/Users/nateg/OneDrive/Documentos/GitHub/quadrivium/cognetics/Thinking Theoretically/17. The Bernoullis and the Calculus Wars_part_05.txt
/mnt/c/Users/nateg/OneDrive/Documentos/GitHub/quadrivium/cognetics/Thinking Theoretically/17. The Bernoullis and the Calculus Wars_part_06.txt
/mnt/c/Users/nateg/OneDrive/Documentos/GitHub/quadrivium/cognetics/Thinking Theoretically/17. The Bernoullis and the Calculus Wars_part_07.txt
/mnt/c/Users/nateg/OneDrive/Documentos/GitHub/quadrivium/cognetics/Thinking Theoretically/17. The Bernoullis and the Calculus Wars_part_08.txt
/mnt/c/Users/nateg/OneDrive/Documentos/GitHub/quadrivium/cognetics/Thinking Theoretically/17. The Bernoullis and the Calculus Wars_part_09.txt
/mnt/c/Users/nateg/OneDrive/Documentos/GitHub/quadrivium/cognetics/Thinking Theoretically/18. Euler, the Master.txt
/mnt/c/Users/nateg/OneDrive/Documentos/GitHub/quadrivium/cognetics/Thinking Theoretically/18. Euler, the Master_part_00.txt
/mnt/c/Users/nateg/OneDrive/Documentos/GitHub/quadrivium/cognetics/Thinking Theoretically/18. Euler, the Master_part_01.txt
/mnt/c/Users/nateg/OneDrive/Documentos/GitHub/quadrivium/cognetics/Thinking Theoretically/18. Euler, the Master_part_02.txt
/mnt/c/Users/nateg/OneDrive/Documentos/GitHub/quadrivium/cognetics/Thinking Theoretically/18. Euler, the Master_part_03.txt
/mnt/c/Users/nateg/OneDrive/Documentos/GitHub/quadrivium/cognetics/Thinking Theoretically/18. Euler, the Master_part_04.txt
/mnt/c/Users/nateg/OneDrive/Documentos/GitHub/quadrivium/cognetics/Thinking Theoretically/18. Euler, the Master_part_05.txt
/mnt/c/Users/nateg/OneDrive/Documentos/GitHub/quadrivium/cognetics/Thinking Theoretically/18. Euler, the Master_part_06.txt
/mnt/c/Users/nateg/OneDrive/Documentos/GitHub/quadrivium/cognetics/Thinking Theoretically/18. Euler, the Master_part_07.txt
/mnt/c/Users/nateg/OneDrive/Documentos/GitHub/quadrivium/cognetics/Thinking Theoretically/18. Euler, the Master_part_08.txt
/mnt/c/Users/nateg/OneDrive/Documentos/GitHub/quadrivium/cognetics/Thinking Theoretically/18. Euler, the Master_part_09.txt
/mnt/c/Users/nateg/OneDrive/Documentos/GitHub/quadrivium/cognetics/Thinking Theoretically/19. Euler's Extraordinary Sum.txt
/mnt/c/Users/nateg/OneDrive/Documentos/GitHub/quadrivium/cognetics/Thinking Theoretically/19. Euler's Extraordinary Sum_part_00.txt
/mnt/c/Users/nateg/OneDrive/Documentos/GitHub/quadrivium/cognetics/Thinking Theoretically/19. Euler's Extraordinary Sum_part_01.txt
/mnt/c/Users/nateg/OneDrive/Documentos/GitHub/quadrivium/cognetics/Thinking Theoretically/19. Euler's Extraordinary Sum_part_02.txt
/mnt/c/Users/nateg/OneDrive/Documentos/GitHub/quadrivium/cognetics/Thinking Theoretically/19. Euler's Extraordinary Sum_part_03.txt
/mnt/c/Users/nateg/OneDrive/Documentos/GitHub/quadrivium/cognetics/Thinking Theoretically/19. Euler's Extraordinary Sum_part_04.txt
/mnt/c/Users/nateg/OneDrive/Documentos/GitHub/quadrivium/cognetics/Thinking Theoretically/19. Euler's Extraordinary Sum_part_05.txt
/mnt/c/Users/nateg/OneDrive/Documentos/GitHub/quadrivium/cognetics/Thinking Theoretically/19. Euler's Extraordinary Sum_part_06.txt
/mnt/c/Users/nateg/OneDrive/Documentos/GitHub/quadrivium/cognetics/Thinking Theoretically/19. Euler's Extraordinary Sum_part_07.txt
/mnt/c/Users/nateg/OneDrive/Documentos/GitHub/quadrivium/cognetics/Thinking Theoretically/19. Euler's Extraordinary Sum_part_08.txt
/mnt/c/Users/nateg/OneDrive/Documentos/GitHub/quadrivium/cognetics/Thinking Theoretically/19. Euler's Extraordinary Sum_part_09.txt
/mnt/c/Users/nateg/OneDrive/Documentos/GitHub/quadrivium/cognetics/Thinking Theoretically/20. Euler and the Partitioning of Numbers.txt
/mnt/c/Users/nateg/OneDrive/Documentos/GitHub/quadrivium/cognetics/Thinking Theoretically/20. Euler and the Partitioning of Numbers_part_00.txt
/mnt/c/Users/nateg/OneDrive/Documentos/GitHub/quadrivium/cognetics/Thinking Theoretically/20. Euler and the Partitioning of Numbers_part_01.txt
/mnt/c/Users/nateg/OneDrive/Documentos/GitHub/quadrivium/cognetics/Thinking Theoretically/20. Euler and the Partitioning of Numbers_part_02.txt
/mnt/c/Users/nateg/OneDrive/Documentos/GitHub/quadrivium/cognetics/Thinking Theoretically/20. Euler and the Partitioning of Numbers_part_03.txt
/mnt/c/Users/nateg/OneDrive/Documentos/GitHub/quadrivium/cognetics/Thinking Theoretically/20. Euler and the Partitioning of Numbers_part_04.txt
/mnt/c/Users/nateg/OneDrive/Documentos/GitHub/quadrivium/cognetics/Thinking Theoretically/20. Euler and the Partitioning of Numbers_part_05.txt
/mnt/c/Users/nateg/OneDrive/Documentos/GitHub/quadrivium/cognetics/Thinking Theoretically/20. Euler and the Partitioning of Numbers_part_06.txt
/mnt/c/Users/nateg/OneDrive/Documentos/GitHub/quadrivium/cognetics/Thinking Theoretically/20. Euler and the Partitioning of Numbers_part_07.txt
/mnt/c/Users/nateg/OneDrive/Documentos/GitHub/quadrivium/cognetics/Thinking Theoretically/20. Euler and the Partitioning of Numbers_part_08.txt
/mnt/c/Users/nateg/OneDrive/Documentos/GitHub/quadrivium/cognetics/Thinking Theoretically/20. Euler and the Partitioning of Numbers_part_09.txt
/mnt/c/Users/nateg/OneDrive/Documentos/GitHub/quadrivium/cognetics/Thinking Theoretically/21. Gauss—the Prince of Mathematicians.txt
/mnt/c/Users/nateg/OneDrive/Documentos/GitHub/quadrivium/cognetics/Thinking Theoretically/21. Gauss—the Prince of Mathematicians_part_00.txt
/mnt/c/Users/nateg/OneDrive/Documentos/GitHub/quadrivium/cognetics/Thinking Theoretically/21. Gauss—the Prince of Mathematicians_part_01.txt
/mnt/c/Users/nateg/OneDrive/Documentos/GitHub/quadrivium/cognetics/Thinking Theoretically/21. Gauss—the Prince of Mathematicians_part_02.txt
/mnt/c/Users/nateg/OneDrive/Documentos/GitHub/quadrivium/cognetics/Thinking Theoretically/21. Gauss—the Prince of Mathematicians_part_03.txt
/mnt/c/Users/nateg/OneDrive/Documentos/GitHub/quadrivium/cognetics/Thinking Theoretically/21. Gauss—the Prince of Mathematicians_part_04.txt
/mnt/c/Users/nateg/OneDrive/Documentos/GitHub/quadrivium/cognetics/Thinking Theoretically/21. Gauss—the Prince of Mathematicians_part_05.txt
/mnt/c/Users/nateg/OneDrive/Documentos/GitHub/quadrivium/cognetics/Thinking Theoretically/21. Gauss—the Prince of Mathematicians_part_06.txt
/mnt/c/Users/nateg/OneDrive/Documentos/GitHub/quadrivium/cognetics/Thinking Theoretically/21. Gauss—the Prince of Mathematicians_part_07.txt
/mnt/c/Users/nateg/OneDrive/Documentos/GitHub/quadrivium/cognetics/Thinking Theoretically/21. Gauss—the Prince of Mathematicians_part_08.txt
/mnt/c/Users/nateg/OneDrive/Documentos/GitHub/quadrivium/cognetics/Thinking Theoretically/21. Gauss—the Prince of Mathematicians_part_09.txt
/mnt/c/Users/nateg/OneDrive/Documentos/GitHub/quadrivium/cognetics/Thinking Theoretically/22. The 19th Century—Rigor and Liberation.txt
/mnt/c/Users/nateg/OneDrive/Documentos/GitHub/quadrivium/cognetics/Thinking Theoretically/22. The 19th Century—Rigor and Liberation_part_00.txt
/mnt/c/Users/nateg/OneDrive/Documentos/GitHub/quadrivium/cognetics/Thinking Theoretically/22. The 19th Century—Rigor and Liberation_part_01.txt
/mnt/c/Users/nateg/OneDrive/Documentos/GitHub/quadrivium/cognetics/Thinking Theoretically/22. The 19th Century—Rigor and Liberation_part_02.txt
/mnt/c/Users/nateg/OneDrive/Documentos/GitHub/quadrivium/cognetics/Thinking Theoretically/22. The 19th Century—Rigor and Liberation_part_03.txt
/mnt/c/Users/nateg/OneDrive/Documentos/GitHub/quadrivium/cognetics/Thinking Theoretically/22. The 19th Century—Rigor and Liberation_part_04.txt
/mnt/c/Users/nateg/OneDrive/Documentos/GitHub/quadrivium/cognetics/Thinking Theoretically/22. The 19th Century—Rigor and Liberation_part_05.txt
/mnt/c/Users/nateg/OneDrive/Documentos/GitHub/quadrivium/cognetics/Thinking Theoretically/22. The 19th Century—Rigor and Liberation_part_06.txt
/mnt/c/Users/nateg/OneDrive/Documentos/GitHub/quadrivium/cognetics/Thinking Theoretically/22. The 19th Century—Rigor and Liberation_part_07.txt
/mnt/c/Users/nateg/OneDrive/Documentos/GitHub/quadrivium/cognetics/Thinking Theoretically/22. The 19th Century—Rigor and Liberation_part_08.txt
/mnt/c/Users/nateg/OneDrive/Documentos/GitHub/quadrivium/cognetics/Thinking Theoretically/22. The 19th Century—Rigor and Liberation_part_09.txt
/mnt/c/Users/nateg/OneDrive/Documentos/GitHub/quadrivium/cognetics/Thinking Theoretically/23. Cantor and the Infinite.txt
/mnt/c/Users/nateg/OneDrive/Documentos/GitHub/quadrivium/cognetics/Thinking Theoretically/23. Cantor and the Infinite_part_00.txt
/mnt/c/Users/nateg/OneDrive/Documentos/GitHub/quadrivium/cognetics/Thinking Theoretically/23. Cantor and the Infinite_part_01.txt
/mnt/c/Users/nateg/OneDrive/Documentos/GitHub/quadrivium/cognetics/Thinking Theoretically/23. Cantor and the Infinite_part_02.txt
/mnt/c/Users/nateg/OneDrive/Documentos/GitHub/quadrivium/cognetics/Thinking Theoretically/23. Cantor and the Infinite_part_03.txt
/mnt/c/Users/nateg/OneDrive/Documentos/GitHub/quadrivium/cognetics/Thinking Theoretically/23. Cantor and the Infinite_part_04.txt
/mnt/c/Users/nateg/OneDrive/Documentos/GitHub/quadrivium/cognetics/Thinking Theoretically/23. Cantor and the Infinite_part_05.txt
/mnt/c/Users/nateg/OneDrive/Documentos/GitHub/quadrivium/cognetics/Thinking Theoretically/23. Cantor and the Infinite_part_06.txt
/mnt/c/Users/nateg/OneDrive/Documentos/GitHub/quadrivium/cognetics/Thinking Theoretically/23. Cantor and the Infinite_part_07.txt
/mnt/c/Users/nateg/OneDrive/Documentos/GitHub/quadrivium/cognetics/Thinking Theoretically/23. Cantor and the Infinite_part_08.txt
/mnt/c/Users/nateg/OneDrive/Documentos/GitHub/quadrivium/cognetics/Thinking Theoretically/23. Cantor and the Infinite_part_09.txt
/mnt/c/Users/nateg/OneDrive/Documentos/GitHub/quadrivium/cognetics/Thinking Theoretically/24. Beyond the Infinite.txt
/mnt/c/Users/nateg/OneDrive/Documentos/GitHub/quadrivium/cognetics/Thinking Theoretically/24. Beyond the Infinite_part_00.txt
/mnt/c/Users/nateg/OneDrive/Documentos/GitHub/quadrivium/cognetics/Thinking Theoretically/24. Beyond the Infinite_part_01.txt
/mnt/c/Users/nateg/OneDrive/Documentos/GitHub/quadrivium/cognetics/Thinking Theoretically/24. Beyond the Infinite_part_02.txt
/mnt/c/Users/nateg/OneDrive/Documentos/GitHub/quadrivium/cognetics/Thinking Theoretically/24. Beyond the Infinite_part_03.txt
/mnt/c/Users/nateg/OneDrive/Documentos/GitHub/quadrivium/cognetics/Thinking Theoretically/24. Beyond the Infinite_part_04.txt
/mnt/c/Users/nateg/OneDrive/Documentos/GitHub/quadrivium/cognetics/Thinking Theoretically/24. Beyond the Infinite_part_05.txt
/mnt/c/Users/nateg/OneDrive/Documentos/GitHub/quadrivium/cognetics/Thinking Theoretically/24. Beyond the Infinite_part_06.txt
/mnt/c/Users/nateg/OneDrive/Documentos/GitHub/quadrivium/cognetics/Thinking Theoretically/24. Beyond the Infinite_part_07.txt
/mnt/c/Users/nateg/OneDrive/Documentos/GitHub/quadrivium/cognetics/Thinking Theoretically/24. Beyond the Infinite_part_08.txt
/mnt/c/Users/nateg/OneDrive/Documentos/GitHub/quadrivium/cognetics/Thinking Theoretically/24. Beyond the Infinite_part_09.txt
