/mnt/c/Users/nateg/OneDrive/Documentos/GitHub/quadrivium/cognetics/Introduction to Nanotechnology - The New Science of Small/01_The Crossroads of 21st-Century Science.txt
/mnt/c/Users/nateg/OneDrive/Documentos/GitHub/quadrivium/cognetics/Introduction to Nanotechnology - The New Science of Small/02_The Fundamental Importance of Being Nano.txt
/mnt/c/Users/nateg/OneDrive/Documentos/GitHub/quadrivium/cognetics/Introduction to Nanotechnology - The New Science of Small/03_From Micro to Nano-Scaling in a Digital World.txt
/mnt/c/Users/nateg/OneDrive/Documentos/GitHub/quadrivium/cognetics/Introduction to Nanotechnology - The New Science of Small/04_Leveraging the Nanometer in Computing.txt
/mnt/c/Users/nateg/OneDrive/Documentos/GitHub/quadrivium/cognetics/Introduction to Nanotechnology - The New Science of Small/05_Leveraging the Nanometer in Computing.txt
/mnt/c/Users/nateg/OneDrive/Documentos/GitHub/quadrivium/cognetics/Introduction to Nanotechnology - The New Science of Small/06_Sensing the World through Nanoengineering.txt
/mnt/c/Users/nateg/OneDrive/Documentos/GitHub/quadrivium/cognetics/Introduction to Nanotechnology - The New Science of Small/07_Nanomedicine-DNA and Gold Nanoparticles.txt
/mnt/c/Users/nateg/OneDrive/Documentos/GitHub/quadrivium/cognetics/Introduction to Nanotechnology - The New Science of Small/08_Nano and Proteins-Enzymes to Cholesterol.txt
/mnt/c/Users/nateg/OneDrive/Documentos/GitHub/quadrivium/cognetics/Introduction to Nanotechnology - The New Science of Small/09_Nanoparticles Detect Cancer in Living Organisms.txt
/mnt/c/Users/nateg/OneDrive/Documentos/GitHub/quadrivium/cognetics/Introduction to Nanotechnology - The New Science of Small/10_Detecting Only a Few Molecules of a Disease.txt
/mnt/c/Users/nateg/OneDrive/Documentos/GitHub/quadrivium/cognetics/Introduction to Nanotechnology - The New Science of Small/11_Nanomaterials That Seek and Destroy Disease.txt
/mnt/c/Users/nateg/OneDrive/Documentos/GitHub/quadrivium/cognetics/Introduction to Nanotechnology - The New Science of Small/12_How Nanomaterials Improve Drug Delivery.txt
/mnt/c/Users/nateg/OneDrive/Documentos/GitHub/quadrivium/cognetics/Introduction to Nanotechnology - The New Science of Small/13_Delivering Drugs with Smart Nanocapsules.txt
/mnt/c/Users/nateg/OneDrive/Documentos/GitHub/quadrivium/cognetics/Introduction to Nanotechnology - The New Science of Small/14_Nanoscale Surgical Tools.txt
/mnt/c/Users/nateg/OneDrive/Documentos/GitHub/quadrivium/cognetics/Introduction to Nanotechnology - The New Science of Small/15_Nanomaterials for Artificial Tissue.txt
/mnt/c/Users/nateg/OneDrive/Documentos/GitHub/quadrivium/cognetics/Introduction to Nanotechnology - The New Science of Small/16_How Nano Research Gets Done.txt
/mnt/c/Users/nateg/OneDrive/Documentos/GitHub/quadrivium/cognetics/Introduction to Nanotechnology - The New Science of Small/17_Nanomotifs-Building Blocks, Complex Structures.txt
/mnt/c/Users/nateg/OneDrive/Documentos/GitHub/quadrivium/cognetics/Introduction to Nanotechnology - The New Science of Small/18_Using Nanotechnology to Capture Sunlight.txt
/mnt/c/Users/nateg/OneDrive/Documentos/GitHub/quadrivium/cognetics/Introduction to Nanotechnology - The New Science of Small/19_Photons to Electricity-Nano-Based Solar Cells.txt
/mnt/c/Users/nateg/OneDrive/Documentos/GitHub/quadrivium/cognetics/Introduction to Nanotechnology - The New Science of Small/20_Nanotechnology for Storing Energy.txt
/mnt/c/Users/nateg/OneDrive/Documentos/GitHub/quadrivium/cognetics/Introduction to Nanotechnology - The New Science of Small/21_Nanotechnology for Releasing Energy.txt
/mnt/c/Users/nateg/OneDrive/Documentos/GitHub/quadrivium/cognetics/Introduction to Nanotechnology - The New Science of Small/22_Energys Holy Grail-Artificial Photosynthesis.txt
/mnt/c/Users/nateg/OneDrive/Documentos/GitHub/quadrivium/cognetics/Introduction to Nanotechnology - The New Science of Small/23_Nanorobots and Natures Nanomachines.txt
/mnt/c/Users/nateg/OneDrive/Documentos/GitHub/quadrivium/cognetics/Introduction to Nanotechnology - The New Science of Small/24_On the Horizon and in the Far Future.txt
