/mnt/c/Users/nateg/OneDrive/Documentos/GitHub/quadrivium/cognetics/test-folder/Ancient Greek Civilization/01-1 - Greece And The Western World.txt
/mnt/c/Users/nateg/OneDrive/Documentos/GitHub/quadrivium/cognetics/test-folder/Ancient Greek Civilization/01-2 - Greece And The Western World.txt
/mnt/c/Users/nateg/OneDrive/Documentos/GitHub/quadrivium/cognetics/test-folder/Ancient Greek Civilization/01-3 - Greece And The Western World.txt
/mnt/c/Users/nateg/OneDrive/Documentos/GitHub/quadrivium/cognetics/test-folder/Ancient Greek Civilization/01-4 - Greece And The Western World.txt
/mnt/c/Users/nateg/OneDrive/Documentos/GitHub/quadrivium/cognetics/test-folder/Ancient Greek Civilization/01-5 - Greece And The Western World.txt
/mnt/c/Users/nateg/OneDrive/Documentos/GitHub/quadrivium/cognetics/test-folder/Ancient Greek Civilization/01-6 - Greece And The Western World.txt
/mnt/c/Users/nateg/OneDrive/Documentos/GitHub/quadrivium/cognetics/test-folder/Ancient Greek Civilization/02-1 - Minoan Crete.txt
/mnt/c/Users/nateg/OneDrive/Documentos/GitHub/quadrivium/cognetics/test-folder/Ancient Greek Civilization/02-2 - Minoan Crete.txt
/mnt/c/Users/nateg/OneDrive/Documentos/GitHub/quadrivium/cognetics/test-folder/Ancient Greek Civilization/02-3 - Minoan Crete.txt
/mnt/c/Users/nateg/OneDrive/Documentos/GitHub/quadrivium/cognetics/test-folder/Ancient Greek Civilization/02-4 - Minoan Crete.txt
/mnt/c/Users/nateg/OneDrive/Documentos/GitHub/quadrivium/cognetics/test-folder/Ancient Greek Civilization/02-5 - Minoan Crete.txt
/mnt/c/Users/nateg/OneDrive/Documentos/GitHub/quadrivium/cognetics/test-folder/Ancient Greek Civilization/02-6 - Minoan Crete.txt
/mnt/c/Users/nateg/OneDrive/Documentos/GitHub/quadrivium/cognetics/test-folder/Ancient Greek Civilization/03-1 - Schliemann And Mycenae.txt
/mnt/c/Users/nateg/OneDrive/Documentos/GitHub/quadrivium/cognetics/test-folder/Ancient Greek Civilization/03-2 - Schliemann And Mycenae.txt
/mnt/c/Users/nateg/OneDrive/Documentos/GitHub/quadrivium/cognetics/test-folder/Ancient Greek Civilization/03-3 - Schliemann And Mycenae.txt
/mnt/c/Users/nateg/OneDrive/Documentos/GitHub/quadrivium/cognetics/test-folder/Ancient Greek Civilization/03-4 - Schliemann And Mycenae.txt
/mnt/c/Users/nateg/OneDrive/Documentos/GitHub/quadrivium/cognetics/test-folder/Ancient Greek Civilization/03-5 - Schliemann And Mycenae.txt
/mnt/c/Users/nateg/OneDrive/Documentos/GitHub/quadrivium/cognetics/test-folder/Ancient Greek Civilization/03-6 - Schliemann And Mycenae.txt
/mnt/c/Users/nateg/OneDrive/Documentos/GitHub/quadrivium/cognetics/test-folder/Ancient Greek Civilization/04-1 - The Long Twilight.txt
/mnt/c/Users/nateg/OneDrive/Documentos/GitHub/quadrivium/cognetics/test-folder/Ancient Greek Civilization/04-2 - The Long Twilight.txt
/mnt/c/Users/nateg/OneDrive/Documentos/GitHub/quadrivium/cognetics/test-folder/Ancient Greek Civilization/04-3 - The Long Twilight.txt
/mnt/c/Users/nateg/OneDrive/Documentos/GitHub/quadrivium/cognetics/test-folder/Ancient Greek Civilization/04-4 - The Long Twilight.txt
/mnt/c/Users/nateg/OneDrive/Documentos/GitHub/quadrivium/cognetics/test-folder/Ancient Greek Civilization/04-5 - The Long Twilight.txt
/mnt/c/Users/nateg/OneDrive/Documentos/GitHub/quadrivium/cognetics/test-folder/Ancient Greek Civilization/04-6 - The Long Twilight.txt
/mnt/c/Users/nateg/OneDrive/Documentos/GitHub/quadrivium/cognetics/test-folder/Ancient Greek Civilization/05-1 - The Age Of Heroes.txt
/mnt/c/Users/nateg/OneDrive/Documentos/GitHub/quadrivium/cognetics/test-folder/Ancient Greek Civilization/05-2 - The Age Of Heroes.txt
/mnt/c/Users/nateg/OneDrive/Documentos/GitHub/quadrivium/cognetics/test-folder/Ancient Greek Civilization/05-3 - The Age Of Heroes.txt
/mnt/c/Users/nateg/OneDrive/Documentos/GitHub/quadrivium/cognetics/test-folder/Ancient Greek Civilization/05-4 - The Age Of Heroes.txt
/mnt/c/Users/nateg/OneDrive/Documentos/GitHub/quadrivium/cognetics/test-folder/Ancient Greek Civilization/05-5 - The Age Of Heroes.txt
/mnt/c/Users/nateg/OneDrive/Documentos/GitHub/quadrivium/cognetics/test-folder/Ancient Greek Civilization/05-6 - The Age Of Heroes.txt
/mnt/c/Users/nateg/OneDrive/Documentos/GitHub/quadrivium/cognetics/test-folder/Ancient Greek Civilization/06-04 - Pleasure And The Right Life.txt
/mnt/c/Users/nateg/OneDrive/Documentos/GitHub/quadrivium/cognetics/test-folder/Ancient Greek Civilization/06-05 - Pleasure And The Right Life.txt
/mnt/c/Users/nateg/OneDrive/Documentos/GitHub/quadrivium/cognetics/test-folder/Ancient Greek Civilization/06-06 - Pleasure And The Right Life.txt
/mnt/c/Users/nateg/OneDrive/Documentos/GitHub/quadrivium/cognetics/test-folder/Ancient Greek Civilization/06-07 - Attaining True Happiness.txt
/mnt/c/Users/nateg/OneDrive/Documentos/GitHub/quadrivium/cognetics/test-folder/Ancient Greek Civilization/06-08 - Attaining True Happiness.txt
/mnt/c/Users/nateg/OneDrive/Documentos/GitHub/quadrivium/cognetics/test-folder/Ancient Greek Civilization/06-09 - Attaining True Happiness.txt
/mnt/c/Users/nateg/OneDrive/Documentos/GitHub/quadrivium/cognetics/test-folder/Ancient Greek Civilization/06-1 - From Sicily To Syria.txt
/mnt/c/Users/nateg/OneDrive/Documentos/GitHub/quadrivium/cognetics/test-folder/Ancient Greek Civilization/06-10 - Attaining True Happiness.txt
/mnt/c/Users/nateg/OneDrive/Documentos/GitHub/quadrivium/cognetics/test-folder/Ancient Greek Civilization/06-11 - Attaining True Happiness.txt
/mnt/c/Users/nateg/OneDrive/Documentos/GitHub/quadrivium/cognetics/test-folder/Ancient Greek Civilization/06-12 - Attaining True Happiness.txt
/mnt/c/Users/nateg/OneDrive/Documentos/GitHub/quadrivium/cognetics/test-folder/Ancient Greek Civilization/06-2 - From Sicily To Syria.txt
/mnt/c/Users/nateg/OneDrive/Documentos/GitHub/quadrivium/cognetics/test-folder/Ancient Greek Civilization/06-3 - From Sicily To Syria.txt
/mnt/c/Users/nateg/OneDrive/Documentos/GitHub/quadrivium/cognetics/test-folder/Ancient Greek Civilization/06-4 - From Sicily To Syria.txt
/mnt/c/Users/nateg/OneDrive/Documentos/GitHub/quadrivium/cognetics/test-folder/Ancient Greek Civilization/06-5 - From Sicily To Syria.txt
/mnt/c/Users/nateg/OneDrive/Documentos/GitHub/quadrivium/cognetics/test-folder/Ancient Greek Civilization/06-6 - From Sicily To Syria.txt
/mnt/c/Users/nateg/OneDrive/Documentos/GitHub/quadrivium/cognetics/test-folder/Ancient Greek Civilization/07-1 - Delphi And Olympia.txt
/mnt/c/Users/nateg/OneDrive/Documentos/GitHub/quadrivium/cognetics/test-folder/Ancient Greek Civilization/07-2 - Delphi And Olympia.txt
/mnt/c/Users/nateg/OneDrive/Documentos/GitHub/quadrivium/cognetics/test-folder/Ancient Greek Civilization/07-3 - Delphi And Olympia.txt
/mnt/c/Users/nateg/OneDrive/Documentos/GitHub/quadrivium/cognetics/test-folder/Ancient Greek Civilization/07-4 - Delphi And Olympia.txt
/mnt/c/Users/nateg/OneDrive/Documentos/GitHub/quadrivium/cognetics/test-folder/Ancient Greek Civilization/07-5 - Delphi And Olympia.txt
/mnt/c/Users/nateg/OneDrive/Documentos/GitHub/quadrivium/cognetics/test-folder/Ancient Greek Civilization/07-6 - Delphi And Olympia.txt
/mnt/c/Users/nateg/OneDrive/Documentos/GitHub/quadrivium/cognetics/test-folder/Ancient Greek Civilization/08-1 - The Spartans.txt
/mnt/c/Users/nateg/OneDrive/Documentos/GitHub/quadrivium/cognetics/test-folder/Ancient Greek Civilization/08-2 - The Spartans.txt
/mnt/c/Users/nateg/OneDrive/Documentos/GitHub/quadrivium/cognetics/test-folder/Ancient Greek Civilization/08-3 - The Spartans.txt
/mnt/c/Users/nateg/OneDrive/Documentos/GitHub/quadrivium/cognetics/test-folder/Ancient Greek Civilization/08-4 - The Spartans.txt
/mnt/c/Users/nateg/OneDrive/Documentos/GitHub/quadrivium/cognetics/test-folder/Ancient Greek Civilization/08-5 - The Spartans.txt
/mnt/c/Users/nateg/OneDrive/Documentos/GitHub/quadrivium/cognetics/test-folder/Ancient Greek Civilization/08-6 - The Spartans.txt
/mnt/c/Users/nateg/OneDrive/Documentos/GitHub/quadrivium/cognetics/test-folder/Ancient Greek Civilization/09-1 - Revolution.txt
/mnt/c/Users/nateg/OneDrive/Documentos/GitHub/quadrivium/cognetics/test-folder/Ancient Greek Civilization/09-2 - Revolution.txt
/mnt/c/Users/nateg/OneDrive/Documentos/GitHub/quadrivium/cognetics/test-folder/Ancient Greek Civilization/09-3 - Revolution.txt
/mnt/c/Users/nateg/OneDrive/Documentos/GitHub/quadrivium/cognetics/test-folder/Ancient Greek Civilization/09-4 - Revolution.txt
/mnt/c/Users/nateg/OneDrive/Documentos/GitHub/quadrivium/cognetics/test-folder/Ancient Greek Civilization/09-5 - Revolution.txt
/mnt/c/Users/nateg/OneDrive/Documentos/GitHub/quadrivium/cognetics/test-folder/Ancient Greek Civilization/09-6 - Revolution.txt
/mnt/c/Users/nateg/OneDrive/Documentos/GitHub/quadrivium/cognetics/test-folder/Ancient Greek Civilization/10-1 - Tyranny.txt
/mnt/c/Users/nateg/OneDrive/Documentos/GitHub/quadrivium/cognetics/test-folder/Ancient Greek Civilization/10-2 - Tyranny.txt
/mnt/c/Users/nateg/OneDrive/Documentos/GitHub/quadrivium/cognetics/test-folder/Ancient Greek Civilization/10-3 - Tyranny.txt
/mnt/c/Users/nateg/OneDrive/Documentos/GitHub/quadrivium/cognetics/test-folder/Ancient Greek Civilization/10-4 - Tyranny.txt
/mnt/c/Users/nateg/OneDrive/Documentos/GitHub/quadrivium/cognetics/test-folder/Ancient Greek Civilization/10-5 - Tyranny.txt
/mnt/c/Users/nateg/OneDrive/Documentos/GitHub/quadrivium/cognetics/test-folder/Ancient Greek Civilization/10-6 - Tyranny.txt
/mnt/c/Users/nateg/OneDrive/Documentos/GitHub/quadrivium/cognetics/test-folder/Ancient Greek Civilization/11-1 - The Origins Of Democracy.txt
/mnt/c/Users/nateg/OneDrive/Documentos/GitHub/quadrivium/cognetics/test-folder/Ancient Greek Civilization/11-2 - The Origins Of Democracy.txt
/mnt/c/Users/nateg/OneDrive/Documentos/GitHub/quadrivium/cognetics/test-folder/Ancient Greek Civilization/11-3 - The Origins Of Democracy.txt
/mnt/c/Users/nateg/OneDrive/Documentos/GitHub/quadrivium/cognetics/test-folder/Ancient Greek Civilization/11-4 - The Origins Of Democracy.txt
/mnt/c/Users/nateg/OneDrive/Documentos/GitHub/quadrivium/cognetics/test-folder/Ancient Greek Civilization/11-5 - The Origins Of Democracy.txt
/mnt/c/Users/nateg/OneDrive/Documentos/GitHub/quadrivium/cognetics/test-folder/Ancient Greek Civilization/11-6 - The Origins Of Democracy.txt
/mnt/c/Users/nateg/OneDrive/Documentos/GitHub/quadrivium/cognetics/test-folder/Ancient Greek Civilization/12-1 - Beyond Greece - The Persian Empire.txt
/mnt/c/Users/nateg/OneDrive/Documentos/GitHub/quadrivium/cognetics/test-folder/Ancient Greek Civilization/12-2 - Beyond Greece - The Persian Empire.txt
/mnt/c/Users/nateg/OneDrive/Documentos/GitHub/quadrivium/cognetics/test-folder/Ancient Greek Civilization/12-3 - Beyond Greece - The Persian Empire.txt
/mnt/c/Users/nateg/OneDrive/Documentos/GitHub/quadrivium/cognetics/test-folder/Ancient Greek Civilization/12-4 - Beyond Greece - The Persian Empire.txt
/mnt/c/Users/nateg/OneDrive/Documentos/GitHub/quadrivium/cognetics/test-folder/Ancient Greek Civilization/12-5 - Beyond Greece - The Persian Empire.txt
/mnt/c/Users/nateg/OneDrive/Documentos/GitHub/quadrivium/cognetics/test-folder/Ancient Greek Civilization/12-6 - Beyond Greece - The Persian Empire.txt
/mnt/c/Users/nateg/OneDrive/Documentos/GitHub/quadrivium/cognetics/test-folder/Ancient Greek Civilization/13-1 - The Persian Wars.txt
/mnt/c/Users/nateg/OneDrive/Documentos/GitHub/quadrivium/cognetics/test-folder/Ancient Greek Civilization/13-2 - The Persian Wars.txt
/mnt/c/Users/nateg/OneDrive/Documentos/GitHub/quadrivium/cognetics/test-folder/Ancient Greek Civilization/13-3 - The Persian Wars.txt
/mnt/c/Users/nateg/OneDrive/Documentos/GitHub/quadrivium/cognetics/test-folder/Ancient Greek Civilization/13-4 - The Persian Wars.txt
/mnt/c/Users/nateg/OneDrive/Documentos/GitHub/quadrivium/cognetics/test-folder/Ancient Greek Civilization/13-5 - The Persian Wars.txt
/mnt/c/Users/nateg/OneDrive/Documentos/GitHub/quadrivium/cognetics/test-folder/Ancient Greek Civilization/13-6 - The Persian Wars.txt
/mnt/c/Users/nateg/OneDrive/Documentos/GitHub/quadrivium/cognetics/test-folder/Ancient Greek Civilization/14-1 - The Athenian Empire.txt
/mnt/c/Users/nateg/OneDrive/Documentos/GitHub/quadrivium/cognetics/test-folder/Ancient Greek Civilization/14-2 - The Athenian Empire.txt
/mnt/c/Users/nateg/OneDrive/Documentos/GitHub/quadrivium/cognetics/test-folder/Ancient Greek Civilization/14-3 - The Athenian Empire.txt
/mnt/c/Users/nateg/OneDrive/Documentos/GitHub/quadrivium/cognetics/test-folder/Ancient Greek Civilization/14-4 - The Athenian Empire.txt
/mnt/c/Users/nateg/OneDrive/Documentos/GitHub/quadrivium/cognetics/test-folder/Ancient Greek Civilization/14-5 - The Athenian Empire.txt
/mnt/c/Users/nateg/OneDrive/Documentos/GitHub/quadrivium/cognetics/test-folder/Ancient Greek Civilization/14-6 - The Athenian Empire.txt
/mnt/c/Users/nateg/OneDrive/Documentos/GitHub/quadrivium/cognetics/test-folder/Ancient Greek Civilization/15-1 - The Art Of Democracy.txt
/mnt/c/Users/nateg/OneDrive/Documentos/GitHub/quadrivium/cognetics/test-folder/Ancient Greek Civilization/15-2 - The Art Of Democracy.txt
/mnt/c/Users/nateg/OneDrive/Documentos/GitHub/quadrivium/cognetics/test-folder/Ancient Greek Civilization/15-3 - The Art Of Democracy.txt
/mnt/c/Users/nateg/OneDrive/Documentos/GitHub/quadrivium/cognetics/test-folder/Ancient Greek Civilization/15-4 - The Art Of Democracy.txt
/mnt/c/Users/nateg/OneDrive/Documentos/GitHub/quadrivium/cognetics/test-folder/Ancient Greek Civilization/15-5 - The Art Of Democracy.txt
/mnt/c/Users/nateg/OneDrive/Documentos/GitHub/quadrivium/cognetics/test-folder/Ancient Greek Civilization/15-6 - The Art Of Democracy.txt
/mnt/c/Users/nateg/OneDrive/Documentos/GitHub/quadrivium/cognetics/test-folder/Ancient Greek Civilization/16-1 - Sacrifice And Greek Religion.txt
/mnt/c/Users/nateg/OneDrive/Documentos/GitHub/quadrivium/cognetics/test-folder/Ancient Greek Civilization/16-2 - Sacrifice And Greek Religion.txt
/mnt/c/Users/nateg/OneDrive/Documentos/GitHub/quadrivium/cognetics/test-folder/Ancient Greek Civilization/16-3 - Sacrifice And Greek Religion.txt
/mnt/c/Users/nateg/OneDrive/Documentos/GitHub/quadrivium/cognetics/test-folder/Ancient Greek Civilization/16-4 - Sacrifice And Greek Religion.txt
/mnt/c/Users/nateg/OneDrive/Documentos/GitHub/quadrivium/cognetics/test-folder/Ancient Greek Civilization/16-5 - Sacrifice And Greek Religion.txt
/mnt/c/Users/nateg/OneDrive/Documentos/GitHub/quadrivium/cognetics/test-folder/Ancient Greek Civilization/16-6 - Sacrifice And Greek Religion.txt
/mnt/c/Users/nateg/OneDrive/Documentos/GitHub/quadrivium/cognetics/test-folder/Ancient Greek Civilization/17-1 - Theater And The Competition Of Art.txt
/mnt/c/Users/nateg/OneDrive/Documentos/GitHub/quadrivium/cognetics/test-folder/Ancient Greek Civilization/17-2 - Theater And The Competition Of Art.txt
/mnt/c/Users/nateg/OneDrive/Documentos/GitHub/quadrivium/cognetics/test-folder/Ancient Greek Civilization/17-3 - Theater And The Competition Of Art.txt
/mnt/c/Users/nateg/OneDrive/Documentos/GitHub/quadrivium/cognetics/test-folder/Ancient Greek Civilization/17-4 - Theater And The Competition Of Art.txt
/mnt/c/Users/nateg/OneDrive/Documentos/GitHub/quadrivium/cognetics/test-folder/Ancient Greek Civilization/17-5 - Theater And The Competition Of Art.txt
/mnt/c/Users/nateg/OneDrive/Documentos/GitHub/quadrivium/cognetics/test-folder/Ancient Greek Civilization/17-6 - Theater And The Competition Of Art.txt
/mnt/c/Users/nateg/OneDrive/Documentos/GitHub/quadrivium/cognetics/test-folder/Ancient Greek Civilization/18-1 - Sex And Gender.txt
/mnt/c/Users/nateg/OneDrive/Documentos/GitHub/quadrivium/cognetics/test-folder/Ancient Greek Civilization/18-2 - Sex And Gender.txt
/mnt/c/Users/nateg/OneDrive/Documentos/GitHub/quadrivium/cognetics/test-folder/Ancient Greek Civilization/18-3 - Sex And Gender.txt
/mnt/c/Users/nateg/OneDrive/Documentos/GitHub/quadrivium/cognetics/test-folder/Ancient Greek Civilization/18-4 - Sex And Gender.txt
/mnt/c/Users/nateg/OneDrive/Documentos/GitHub/quadrivium/cognetics/test-folder/Ancient Greek Civilization/18-5 - Sex And Gender.txt
/mnt/c/Users/nateg/OneDrive/Documentos/GitHub/quadrivium/cognetics/test-folder/Ancient Greek Civilization/18-6 - Sex And Gender.txt
/mnt/c/Users/nateg/OneDrive/Documentos/GitHub/quadrivium/cognetics/test-folder/Ancient Greek Civilization/19-1 - The Peloponnesian War, Part I.txt
/mnt/c/Users/nateg/OneDrive/Documentos/GitHub/quadrivium/cognetics/test-folder/Ancient Greek Civilization/19-2 - The Peloponnesian War, Part I.txt
/mnt/c/Users/nateg/OneDrive/Documentos/GitHub/quadrivium/cognetics/test-folder/Ancient Greek Civilization/19-3 - The Peloponnesian War, Part I.txt
/mnt/c/Users/nateg/OneDrive/Documentos/GitHub/quadrivium/cognetics/test-folder/Ancient Greek Civilization/19-4 - The Peloponnesian War, Part I.txt
/mnt/c/Users/nateg/OneDrive/Documentos/GitHub/quadrivium/cognetics/test-folder/Ancient Greek Civilization/19-5 - The Peloponnesian War, Part I.txt
/mnt/c/Users/nateg/OneDrive/Documentos/GitHub/quadrivium/cognetics/test-folder/Ancient Greek Civilization/19-6 - The Peloponnesian War, Part I.txt
/mnt/c/Users/nateg/OneDrive/Documentos/GitHub/quadrivium/cognetics/test-folder/Ancient Greek Civilization/20-1 - The Peloponnesian War, Part Ii.txt
/mnt/c/Users/nateg/OneDrive/Documentos/GitHub/quadrivium/cognetics/test-folder/Ancient Greek Civilization/20-2 - The Peloponnesian War, Part Ii.txt
/mnt/c/Users/nateg/OneDrive/Documentos/GitHub/quadrivium/cognetics/test-folder/Ancient Greek Civilization/20-3 - The Peloponnesian War, Part Ii.txt
/mnt/c/Users/nateg/OneDrive/Documentos/GitHub/quadrivium/cognetics/test-folder/Ancient Greek Civilization/20-4 - The Peloponnesian War, Part Ii.txt
/mnt/c/Users/nateg/OneDrive/Documentos/GitHub/quadrivium/cognetics/test-folder/Ancient Greek Civilization/20-5 - The Peloponnesian War, Part Ii.txt
/mnt/c/Users/nateg/OneDrive/Documentos/GitHub/quadrivium/cognetics/test-folder/Ancient Greek Civilization/20-6 - The Peloponnesian War, Part Ii.txt
/mnt/c/Users/nateg/OneDrive/Documentos/GitHub/quadrivium/cognetics/test-folder/Ancient Greek Civilization/21-1 - Socrates On Trial.txt
/mnt/c/Users/nateg/OneDrive/Documentos/GitHub/quadrivium/cognetics/test-folder/Ancient Greek Civilization/21-2 - Socrates On Trial.txt
/mnt/c/Users/nateg/OneDrive/Documentos/GitHub/quadrivium/cognetics/test-folder/Ancient Greek Civilization/21-3 - Socrates On Trial.txt
/mnt/c/Users/nateg/OneDrive/Documentos/GitHub/quadrivium/cognetics/test-folder/Ancient Greek Civilization/21-4 - Socrates On Trial.txt
/mnt/c/Users/nateg/OneDrive/Documentos/GitHub/quadrivium/cognetics/test-folder/Ancient Greek Civilization/21-5 - Socrates On Trial.txt
/mnt/c/Users/nateg/OneDrive/Documentos/GitHub/quadrivium/cognetics/test-folder/Ancient Greek Civilization/21-6 - Socrates On Trial.txt
/mnt/c/Users/nateg/OneDrive/Documentos/GitHub/quadrivium/cognetics/test-folder/Ancient Greek Civilization/22-02 A Renaissance Of Byzantine Letters And Arts.txt
/mnt/c/Users/nateg/OneDrive/Documentos/GitHub/quadrivium/cognetics/test-folder/Ancient Greek Civilization/22-1 - Slavery And Freedom.txt
/mnt/c/Users/nateg/OneDrive/Documentos/GitHub/quadrivium/cognetics/test-folder/Ancient Greek Civilization/22-2 - Slavery And Freedom.txt
/mnt/c/Users/nateg/OneDrive/Documentos/GitHub/quadrivium/cognetics/test-folder/Ancient Greek Civilization/22-3 - Slavery And Freedom.txt
/mnt/c/Users/nateg/OneDrive/Documentos/GitHub/quadrivium/cognetics/test-folder/Ancient Greek Civilization/22-4 - Slavery And Freedom.txt
/mnt/c/Users/nateg/OneDrive/Documentos/GitHub/quadrivium/cognetics/test-folder/Ancient Greek Civilization/22-5 - Slavery And Freedom.txt
/mnt/c/Users/nateg/OneDrive/Documentos/GitHub/quadrivium/cognetics/test-folder/Ancient Greek Civilization/22-6 - Slavery And Freedom.txt
/mnt/c/Users/nateg/OneDrive/Documentos/GitHub/quadrivium/cognetics/test-folder/Ancient Greek Civilization/23-1 - Athens In Decline.txt
/mnt/c/Users/nateg/OneDrive/Documentos/GitHub/quadrivium/cognetics/test-folder/Ancient Greek Civilization/23-2 - Athens In Decline.txt
/mnt/c/Users/nateg/OneDrive/Documentos/GitHub/quadrivium/cognetics/test-folder/Ancient Greek Civilization/23-3 - Athens In Decline.txt
/mnt/c/Users/nateg/OneDrive/Documentos/GitHub/quadrivium/cognetics/test-folder/Ancient Greek Civilization/23-4 - Athens In Decline.txt
/mnt/c/Users/nateg/OneDrive/Documentos/GitHub/quadrivium/cognetics/test-folder/Ancient Greek Civilization/23-5 - Athens In Decline.txt
/mnt/c/Users/nateg/OneDrive/Documentos/GitHub/quadrivium/cognetics/test-folder/Ancient Greek Civilization/23-6 - Athens In Decline.txt
/mnt/c/Users/nateg/OneDrive/Documentos/GitHub/quadrivium/cognetics/test-folder/Ancient Greek Civilization/24-1 - Philip, Alexander, And Greece In Transition.txt
/mnt/c/Users/nateg/OneDrive/Documentos/GitHub/quadrivium/cognetics/test-folder/Ancient Greek Civilization/24-2 - Philip, Alexander, And Greece In Transition.txt
/mnt/c/Users/nateg/OneDrive/Documentos/GitHub/quadrivium/cognetics/test-folder/Ancient Greek Civilization/24-3 - Philip, Alexander, And Greece In Transition.txt
/mnt/c/Users/nateg/OneDrive/Documentos/GitHub/quadrivium/cognetics/test-folder/Ancient Greek Civilization/24-4 - Philip, Alexander, And Greece In Transition.txt
/mnt/c/Users/nateg/OneDrive/Documentos/GitHub/quadrivium/cognetics/test-folder/Ancient Greek Civilization/24-5 - Philip, Alexander, And Greece In Transition.txt
/mnt/c/Users/nateg/OneDrive/Documentos/GitHub/quadrivium/cognetics/test-folder/Ancient Greek Civilization/24-6 - Philip, Alexander, And Greece In Transition.txt
