/mnt/c/Users/nateg/OneDrive/Documentos/GitHub/quadrivium/cognetics/Sensation and Perception/01 - Sensation, Perception, and Behavior.txt
/mnt/c/Users/nateg/OneDrive/Documentos/GitHub/quadrivium/cognetics/Sensation and Perception/02 - Sensation and Perception - A Distinction.txt
/mnt/c/Users/nateg/OneDrive/Documentos/GitHub/quadrivium/cognetics/Sensation and Perception/03 - Vision - Stimulus and the Optical System.txt
/mnt/c/Users/nateg/OneDrive/Documentos/GitHub/quadrivium/cognetics/Sensation and Perception/04 - Vision - The Retina.txt
/mnt/c/Users/nateg/OneDrive/Documentos/GitHub/quadrivium/cognetics/Sensation and Perception/05 - Vision - Beyond the Optic Nerve.txt
/mnt/c/Users/nateg/OneDrive/Documentos/GitHub/quadrivium/cognetics/Sensation and Perception/06 - Vision - Age-Related Changes.txt
/mnt/c/Users/nateg/OneDrive/Documentos/GitHub/quadrivium/cognetics/Sensation and Perception/07 - Hearing - Stimulus and Supporting Structures.txt
/mnt/c/Users/nateg/OneDrive/Documentos/GitHub/quadrivium/cognetics/Sensation and Perception/08 - Hearing - The Inner Ear.txt
/mnt/c/Users/nateg/OneDrive/Documentos/GitHub/quadrivium/cognetics/Sensation and Perception/09 - Hearing - Age-Related Changes.txt
/mnt/c/Users/nateg/OneDrive/Documentos/GitHub/quadrivium/cognetics/Sensation and Perception/10 - The Cutaneous System - Receptors, Pathways.txt
/mnt/c/Users/nateg/OneDrive/Documentos/GitHub/quadrivium/cognetics/Sensation and Perception/11 - The Cutaneous System - Early Development.txt
/mnt/c/Users/nateg/OneDrive/Documentos/GitHub/quadrivium/cognetics/Sensation and Perception/12 - The Cutaneous System - Age-Related Changes.txt
/mnt/c/Users/nateg/OneDrive/Documentos/GitHub/quadrivium/cognetics/Sensation and Perception/13 - Pain - Early History.txt
/mnt/c/Users/nateg/OneDrive/Documentos/GitHub/quadrivium/cognetics/Sensation and Perception/14 - Pain - Acupuncture, Endorphins, and Aging.txt
/mnt/c/Users/nateg/OneDrive/Documentos/GitHub/quadrivium/cognetics/Sensation and Perception/15 - Taste - Stimulus, Structures, and Receptors.txt
/mnt/c/Users/nateg/OneDrive/Documentos/GitHub/quadrivium/cognetics/Sensation and Perception/16 - Taste - Factors Influencing Preferences.txt
/mnt/c/Users/nateg/OneDrive/Documentos/GitHub/quadrivium/cognetics/Sensation and Perception/17 - Smell - The Unappreciated Sense.txt
/mnt/c/Users/nateg/OneDrive/Documentos/GitHub/quadrivium/cognetics/Sensation and Perception/18 - Smell - Consequences of Anosmia.txt
/mnt/c/Users/nateg/OneDrive/Documentos/GitHub/quadrivium/cognetics/Sensation and Perception/19 - The Vestibular System - Body Orientation.txt
/mnt/c/Users/nateg/OneDrive/Documentos/GitHub/quadrivium/cognetics/Sensation and Perception/20 - The Kinesthetic Sense - Motor Memory.txt
/mnt/c/Users/nateg/OneDrive/Documentos/GitHub/quadrivium/cognetics/Sensation and Perception/21 - Brain Mechanisms and Perception.txt
/mnt/c/Users/nateg/OneDrive/Documentos/GitHub/quadrivium/cognetics/Sensation and Perception/22 - Perception of Language.txt
/mnt/c/Users/nateg/OneDrive/Documentos/GitHub/quadrivium/cognetics/Sensation and Perception/23 - The Visual Agnosias.txt
/mnt/c/Users/nateg/OneDrive/Documentos/GitHub/quadrivium/cognetics/Sensation and Perception/24 - Perception of Other People - Course Summary.txt
