/mnt/c/Users/nateg/OneDrive/Documentos/GitHub/quadrivium/cognetics/The Enlightenment - Invention of the Modern Self - 24 Lectures/L01 - Changing Idea of the Self.txt
/mnt/c/Users/nateg/OneDrive/Documentos/GitHub/quadrivium/cognetics/The Enlightenment - Invention of the Modern Self - 24 Lectures/L02 - 17th-Century religious versions of the Self.txt
/mnt/c/Users/nateg/OneDrive/Documentos/GitHub/quadrivium/cognetics/The Enlightenment - Invention of the Modern Self - 24 Lectures/L03 - 17th-Century secular versions of the Self.txt
/mnt/c/Users/nateg/OneDrive/Documentos/GitHub/quadrivium/cognetics/The Enlightenment - Invention of the Modern Self - 24 Lectures/L04 - Lafayette - La Princesse de Clèves I.txt
/mnt/c/Users/nateg/OneDrive/Documentos/GitHub/quadrivium/cognetics/The Enlightenment - Invention of the Modern Self - 24 Lectures/L05 - Lafayette - La Princesse de Clèves II.txt
/mnt/c/Users/nateg/OneDrive/Documentos/GitHub/quadrivium/cognetics/The Enlightenment - Invention of the Modern Self - 24 Lectures/L06 - British Empiricism and the Self I.txt
/mnt/c/Users/nateg/OneDrive/Documentos/GitHub/quadrivium/cognetics/The Enlightenment - Invention of the Modern Self - 24 Lectures/L07 - British Empiricism and the Self II.txt
/mnt/c/Users/nateg/OneDrive/Documentos/GitHub/quadrivium/cognetics/The Enlightenment - Invention of the Modern Self - 24 Lectures/L08 - Voltaire - Candide.txt
/mnt/c/Users/nateg/OneDrive/Documentos/GitHub/quadrivium/cognetics/The Enlightenment - Invention of the Modern Self - 24 Lectures/L09 - Boswell - The London Journal I.txt
/mnt/c/Users/nateg/OneDrive/Documentos/GitHub/quadrivium/cognetics/The Enlightenment - Invention of the Modern Self - 24 Lectures/L09 - Voltaire, Johnson, Gibbon - Some Lives.txt
/mnt/c/Users/nateg/OneDrive/Documentos/GitHub/quadrivium/cognetics/The Enlightenment - Invention of the Modern Self - 24 Lectures/L11 - Boswell - The London Journal II.txt
/mnt/c/Users/nateg/OneDrive/Documentos/GitHub/quadrivium/cognetics/The Enlightenment - Invention of the Modern Self - 24 Lectures/L12 - Diderot's Dialogues.txt
/mnt/c/Users/nateg/OneDrive/Documentos/GitHub/quadrivium/cognetics/The Enlightenment - Invention of the Modern Self - 24 Lectures/L13 - Diderot - Jacques the Fatalist I.txt
/mnt/c/Users/nateg/OneDrive/Documentos/GitHub/quadrivium/cognetics/The Enlightenment - Invention of the Modern Self - 24 Lectures/L14 - Diderot - Jacques the Fatalist II.txt
/mnt/c/Users/nateg/OneDrive/Documentos/GitHub/quadrivium/cognetics/The Enlightenment - Invention of the Modern Self - 24 Lectures/L15 - Rousseau - Inequality and Social Contract.txt
/mnt/c/Users/nateg/OneDrive/Documentos/GitHub/quadrivium/cognetics/The Enlightenment - Invention of the Modern Self - 24 Lectures/L16 - Rousseau - The Confessions I.txt
/mnt/c/Users/nateg/OneDrive/Documentos/GitHub/quadrivium/cognetics/The Enlightenment - Invention of the Modern Self - 24 Lectures/L17 - Rousseau - The Confessions II.txt
/mnt/c/Users/nateg/OneDrive/Documentos/GitHub/quadrivium/cognetics/The Enlightenment - Invention of the Modern Self - 24 Lectures/L18 - Rousseau - Reveries of the Solitary Walker.txt
/mnt/c/Users/nateg/OneDrive/Documentos/GitHub/quadrivium/cognetics/The Enlightenment - Invention of the Modern Self - 24 Lectures/L19 - Franklin - Autobiography.txt
/mnt/c/Users/nateg/OneDrive/Documentos/GitHub/quadrivium/cognetics/The Enlightenment - Invention of the Modern Self - 24 Lectures/L20 - Franklin and Adam Smith.txt
/mnt/c/Users/nateg/OneDrive/Documentos/GitHub/quadrivium/cognetics/The Enlightenment - Invention of the Modern Self - 24 Lectures/L21 - Laclos - Les Liaisons Dangereuses I.txt
/mnt/c/Users/nateg/OneDrive/Documentos/GitHub/quadrivium/cognetics/The Enlightenment - Invention of the Modern Self - 24 Lectures/L22 - Laclos - Les Liaisons Dangereuses II.txt
/mnt/c/Users/nateg/OneDrive/Documentos/GitHub/quadrivium/cognetics/The Enlightenment - Invention of the Modern Self - 24 Lectures/L23 - Blake - Songs of Innocence and of Experience.txt
/mnt/c/Users/nateg/OneDrive/Documentos/GitHub/quadrivium/cognetics/The Enlightenment - Invention of the Modern Self - 24 Lectures/L24 - Blake - The Marriage of Heaven and Hell.txt
