/mnt/c/Users/nateg/OneDrive/Documentos/GitHub/quadrivium/cognetics/How the Earth Works/00. Prof Info.txt
/mnt/c/Users/nateg/OneDrive/Documentos/GitHub/quadrivium/cognetics/How the Earth Works/01. Geology's Impact on History.txt
/mnt/c/Users/nateg/OneDrive/Documentos/GitHub/quadrivium/cognetics/How the Earth Works/02. Geologic History—Dating the Earth.txt
/mnt/c/Users/nateg/OneDrive/Documentos/GitHub/quadrivium/cognetics/How the Earth Works/03. Earth's Structure—Journey to Earth's Center.txt
/mnt/c/Users/nateg/OneDrive/Documentos/GitHub/quadrivium/cognetics/How the Earth Works/04. Earth's Heat—Conduction and Convection.txt
/mnt/c/Users/nateg/OneDrive/Documentos/GitHub/quadrivium/cognetics/How the Earth Works/05. The Basics of Plate Tectonics.txt
/mnt/c/Users/nateg/OneDrive/Documentos/GitHub/quadrivium/cognetics/How the Earth Works/06. Making Matter—The Big Bang and Big Bangs.txt
/mnt/c/Users/nateg/OneDrive/Documentos/GitHub/quadrivium/cognetics/How the Earth Works/07. Creating Earth; Recipe for a Planet.txt
/mnt/c/Users/nateg/OneDrive/Documentos/GitHub/quadrivium/cognetics/How the Earth Works/08. The Rock Cycle—Matter in Motion.txt
/mnt/c/Users/nateg/OneDrive/Documentos/GitHub/quadrivium/cognetics/How the Earth Works/09. Minerals—The Building Blocks of Rocks.txt
/mnt/c/Users/nateg/OneDrive/Documentos/GitHub/quadrivium/cognetics/How the Earth Works/10. Magma—The Building Mush of Rocks.txt
/mnt/c/Users/nateg/OneDrive/Documentos/GitHub/quadrivium/cognetics/How the Earth Works/11. Crystallization—The Rock Cycle Starts.txt
/mnt/c/Users/nateg/OneDrive/Documentos/GitHub/quadrivium/cognetics/How the Earth Works/12. Volcanoes—Lava and Ash.txt
/mnt/c/Users/nateg/OneDrive/Documentos/GitHub/quadrivium/cognetics/How the Earth Works/13. Folding—Bending Blocks, Flowing Rocks.txt
/mnt/c/Users/nateg/OneDrive/Documentos/GitHub/quadrivium/cognetics/How the Earth Works/14. Earthquakes—Examining Earth's Faults.txt
/mnt/c/Users/nateg/OneDrive/Documentos/GitHub/quadrivium/cognetics/How the Earth Works/15. Plate Tectonics—Why Continents Move.txt
/mnt/c/Users/nateg/OneDrive/Documentos/GitHub/quadrivium/cognetics/How the Earth Works/16. The Ocean Seafloor—Unseen Lands.txt
/mnt/c/Users/nateg/OneDrive/Documentos/GitHub/quadrivium/cognetics/How the Earth Works/17. Rifts and Ridges—The Creation of Plates.txt
/mnt/c/Users/nateg/OneDrive/Documentos/GitHub/quadrivium/cognetics/How the Earth Works/18. Transform Faults—Tears of a Crust.txt
/mnt/c/Users/nateg/OneDrive/Documentos/GitHub/quadrivium/cognetics/How the Earth Works/19. Subduction Zones—Recycling Oceans.txt
/mnt/c/Users/nateg/OneDrive/Documentos/GitHub/quadrivium/cognetics/How the Earth Works/20. Continents Collide and Mountains Are Made.txt
/mnt/c/Users/nateg/OneDrive/Documentos/GitHub/quadrivium/cognetics/How the Earth Works/21. Intraplate Volcanoes—Finding the Hot Spots.txt
/mnt/c/Users/nateg/OneDrive/Documentos/GitHub/quadrivium/cognetics/How the Earth Works/22. Destruction from Volcanoes and Earthquakes.txt
/mnt/c/Users/nateg/OneDrive/Documentos/GitHub/quadrivium/cognetics/How the Earth Works/23. Predicting Natural Disasters.txt
/mnt/c/Users/nateg/OneDrive/Documentos/GitHub/quadrivium/cognetics/How the Earth Works/24. Anatomy of a Volcano—Mount St. Helens.txt
/mnt/c/Users/nateg/OneDrive/Documentos/GitHub/quadrivium/cognetics/How the Earth Works/25. Anatomy of an Earthquake - Sumatra.txt
/mnt/c/Users/nateg/OneDrive/Documentos/GitHub/quadrivium/cognetics/How the Earth Works/26. History of Plate Motions - Where and Why.txt
/mnt/c/Users/nateg/OneDrive/Documentos/GitHub/quadrivium/cognetics/How the Earth Works/27. Assembling North America.txt
/mnt/c/Users/nateg/OneDrive/Documentos/GitHub/quadrivium/cognetics/How the Earth Works/28. The Sun-Driven Hydrologic Cycle.txt
/mnt/c/Users/nateg/OneDrive/Documentos/GitHub/quadrivium/cognetics/How the Earth Works/29. Water on Earth - The Blue Planet.txt
/mnt/c/Users/nateg/OneDrive/Documentos/GitHub/quadrivium/cognetics/How the Earth Works/30. Earth's Atmosphere - Air and Weather.txt
/mnt/c/Users/nateg/OneDrive/Documentos/GitHub/quadrivium/cognetics/How the Earth Works/31. Erosion - Weathering and Land Removal.txt
/mnt/c/Users/nateg/OneDrive/Documentos/GitHub/quadrivium/cognetics/How the Earth Works/32. Jungles and Deserts - Feast or Famine.txt
/mnt/c/Users/nateg/OneDrive/Documentos/GitHub/quadrivium/cognetics/How the Earth Works/33. Mass Wasting - Rocks Fall Downhill.txt
/mnt/c/Users/nateg/OneDrive/Documentos/GitHub/quadrivium/cognetics/How the Earth Works/34. Streams - Shaping the Land.txt
/mnt/c/Users/nateg/OneDrive/Documentos/GitHub/quadrivium/cognetics/How the Earth Works/35. Groundwater - The Invisible Reservoir.txt
/mnt/c/Users/nateg/OneDrive/Documentos/GitHub/quadrivium/cognetics/How the Earth Works/36. Shorelines - Factories of Sedimentary Rocks.txt
/mnt/c/Users/nateg/OneDrive/Documentos/GitHub/quadrivium/cognetics/How the Earth Works/37. Glaciers - The Power of Ice.txt
/mnt/c/Users/nateg/OneDrive/Documentos/GitHub/quadrivium/cognetics/How the Earth Works/38. Planetary Wobbles and the Last Ice Age.txt
/mnt/c/Users/nateg/OneDrive/Documentos/GitHub/quadrivium/cognetics/How the Earth Works/39. Long-Term Climate Change.txt
/mnt/c/Users/nateg/OneDrive/Documentos/GitHub/quadrivium/cognetics/How the Earth Works/40. Short-Term Climate Change.txt
/mnt/c/Users/nateg/OneDrive/Documentos/GitHub/quadrivium/cognetics/How the Earth Works/41. Climate Change and Human History.txt
/mnt/c/Users/nateg/OneDrive/Documentos/GitHub/quadrivium/cognetics/How the Earth Works/42. Plate Tectonics and Natural Resources.txt
/mnt/c/Users/nateg/OneDrive/Documentos/GitHub/quadrivium/cognetics/How the Earth Works/43. Nonrenewable Energy Sources.txt
/mnt/c/Users/nateg/OneDrive/Documentos/GitHub/quadrivium/cognetics/How the Earth Works/44. Renewable Energy Sources.txt
/mnt/c/Users/nateg/OneDrive/Documentos/GitHub/quadrivium/cognetics/How the Earth Works/45. Humans - Dominating Geologic Change.txt
/mnt/c/Users/nateg/OneDrive/Documentos/GitHub/quadrivium/cognetics/How the Earth Works/46. History of Life - Complexity and Diversity.txt
/mnt/c/Users/nateg/OneDrive/Documentos/GitHub/quadrivium/cognetics/How the Earth Works/47. The Solar System - Earth's Neighborhood.txt
/mnt/c/Users/nateg/OneDrive/Documentos/GitHub/quadrivium/cognetics/How the Earth Works/48. The Lonely Planet - Fermi's Paradox.txt
