/mnt/c/Users/nateg/OneDrive/Documentos/GitHub/quadrivium/cognetics/Peoples and Cultures of the World/01. The Study of Humanity.txt
/mnt/c/Users/nateg/OneDrive/Documentos/GitHub/quadrivium/cognetics/Peoples and Cultures of the World/02. The Four Fields of Anthropology.txt
/mnt/c/Users/nateg/OneDrive/Documentos/GitHub/quadrivium/cognetics/Peoples and Cultures of the World/03. Culture and Relativity.txt
/mnt/c/Users/nateg/OneDrive/Documentos/GitHub/quadrivium/cognetics/Peoples and Cultures of the World/04. Fieldwork and the Anthropological Method.txt
/mnt/c/Users/nateg/OneDrive/Documentos/GitHub/quadrivium/cognetics/Peoples and Cultures of the World/05. Nature, Nurture, and Human Behavior.txt
/mnt/c/Users/nateg/OneDrive/Documentos/GitHub/quadrivium/cognetics/Peoples and Cultures of the World/06. Languages, Dialects, and Social Categories.txt
/mnt/c/Users/nateg/OneDrive/Documentos/GitHub/quadrivium/cognetics/Peoples and Cultures of the World/07. Language and Thought.txt
/mnt/c/Users/nateg/OneDrive/Documentos/GitHub/quadrivium/cognetics/Peoples and Cultures of the World/08. Constructing Emotions and Identities.txt
/mnt/c/Users/nateg/OneDrive/Documentos/GitHub/quadrivium/cognetics/Peoples and Cultures of the World/09. Magic, Religion, and Codes of Conduct.txt
/mnt/c/Users/nateg/OneDrive/Documentos/GitHub/quadrivium/cognetics/Peoples and Cultures of the World/10. Rites of Passage.txt
/mnt/c/Users/nateg/OneDrive/Documentos/GitHub/quadrivium/cognetics/Peoples and Cultures of the World/11. Family, Marriage, and Incest.txt
/mnt/c/Users/nateg/OneDrive/Documentos/GitHub/quadrivium/cognetics/Peoples and Cultures of the World/12. Multiple Spouses and Matrilineality.txt
/mnt/c/Users/nateg/OneDrive/Documentos/GitHub/quadrivium/cognetics/Peoples and Cultures of the World/13. Gatherers and Hunters.txt
/mnt/c/Users/nateg/OneDrive/Documentos/GitHub/quadrivium/cognetics/Peoples and Cultures of the World/14. Headmen and Horticulturists.txt
/mnt/c/Users/nateg/OneDrive/Documentos/GitHub/quadrivium/cognetics/Peoples and Cultures of the World/15. Cannibalism and Violence.txt
/mnt/c/Users/nateg/OneDrive/Documentos/GitHub/quadrivium/cognetics/Peoples and Cultures of the World/16. The Role of Reciprocity.txt
/mnt/c/Users/nateg/OneDrive/Documentos/GitHub/quadrivium/cognetics/Peoples and Cultures of the World/17. Chiefdoms and Redistribution.txt
/mnt/c/Users/nateg/OneDrive/Documentos/GitHub/quadrivium/cognetics/Peoples and Cultures of the World/18. Cultural Contact and Colonialism.txt
/mnt/c/Users/nateg/OneDrive/Documentos/GitHub/quadrivium/cognetics/Peoples and Cultures of the World/19. Cultures of Capitalism.txt
/mnt/c/Users/nateg/OneDrive/Documentos/GitHub/quadrivium/cognetics/Peoples and Cultures of the World/20. Is Economics Rational.txt
/mnt/c/Users/nateg/OneDrive/Documentos/GitHub/quadrivium/cognetics/Peoples and Cultures of the World/21. Late Capitalismц╒Б┌╛Б─²From Ford to Disney.txt
/mnt/c/Users/nateg/OneDrive/Documentos/GitHub/quadrivium/cognetics/Peoples and Cultures of the World/22. The Maya, Ancient and Modern.txt
/mnt/c/Users/nateg/OneDrive/Documentos/GitHub/quadrivium/cognetics/Peoples and Cultures of the World/23. Maya Resurgence in Guatemala and Mexico.txt
/mnt/c/Users/nateg/OneDrive/Documentos/GitHub/quadrivium/cognetics/Peoples and Cultures of the World/24. The Janus Face of Globalization.txt
