/mnt/c/Users/nateg/OneDrive/Documentos/GitHub/quadrivium/cognetics/Birth of the Modern Mind/Lecture_2001_20-_20Introductiono_C3_8C_C2_81Intellectual_20History_20and_20Conceptual_20Change.txt
/mnt/c/Users/nateg/OneDrive/Documentos/GitHub/quadrivium/cognetics/Birth of the Modern Mind/Lecture_2002_20-_20The_20Dawn_20of_20the_2017th_20Centuryo_C3_8C_C2_81Aristotelian_20Scholasticism.txt
/mnt/c/Users/nateg/OneDrive/Documentos/GitHub/quadrivium/cognetics/Birth of the Modern Mind/Lecture_2003_20-_20The_20New_20Vision_20of_20Francis_20Bacon.txt
/mnt/c/Users/nateg/OneDrive/Documentos/GitHub/quadrivium/cognetics/Birth of the Modern Mind/Lecture_2004_20-_20The_20New_20Astronomy_20and_20Cosmology.txt
/mnt/c/Users/nateg/OneDrive/Documentos/GitHub/quadrivium/cognetics/Birth of the Modern Mind/Lecture_2005_20-_20Descartes_27s_20Dream_20of_20Perfect_20Knowledge.txt
/mnt/c/Users/nateg/OneDrive/Documentos/GitHub/quadrivium/cognetics/Birth of the Modern Mind/Lecture_2006_20-_20The_20Specter_20of_20Thomas_20Hobbes.txt
/mnt/c/Users/nateg/OneDrive/Documentos/GitHub/quadrivium/cognetics/Birth of the Modern Mind/Lecture_2007_20-_20Skepticism_20and_20Jansenismo_C3_8C_C2_81Blaise_20Pascal.txt
/mnt/c/Users/nateg/OneDrive/Documentos/GitHub/quadrivium/cognetics/Birth of the Modern Mind/Lecture_2008_20-_20Newton_27s_20Discovery.txt
/mnt/c/Users/nateg/OneDrive/Documentos/GitHub/quadrivium/cognetics/Birth of the Modern Mind/Lecture_2009_20-_20The_20Newtonian_20Revolution.txt
/mnt/c/Users/nateg/OneDrive/Documentos/GitHub/quadrivium/cognetics/Birth of the Modern Mind/Lecture_2010_20-_20John_20Lockeo_C3_8C_C2_81The_20Revolution_20in_20Knowledge.txt
/mnt/c/Users/nateg/OneDrive/Documentos/GitHub/quadrivium/cognetics/Birth of the Modern Mind/Lecture_2011_20-_20The_20Lockean_20Moment.txt
/mnt/c/Users/nateg/OneDrive/Documentos/GitHub/quadrivium/cognetics/Birth of the Modern Mind/Lecture_2012_20-_20Skepticism_20and_20Calvinismo_C3_8C_C2_81Pierre_20Bayle.txt
/mnt/c/Users/nateg/OneDrive/Documentos/GitHub/quadrivium/cognetics/Birth of the Modern Mind/Lecture_2013_20-_20The_20Modernso_C3_8C_C2_81The_20Generation_20of_201680-1715.txt
/mnt/c/Users/nateg/OneDrive/Documentos/GitHub/quadrivium/cognetics/Birth of the Modern Mind/Lecture_2014_20-_20Introduction_20to_20Deism.txt
/mnt/c/Users/nateg/OneDrive/Documentos/GitHub/quadrivium/cognetics/Birth of the Modern Mind/Lecture_2015_20-_20The_20Conflict_20Between_20Deism_20and_20Christianity.txt
/mnt/c/Users/nateg/OneDrive/Documentos/GitHub/quadrivium/cognetics/Birth of the Modern Mind/Lecture_2016_20-_20Montesquieu_20and_20the_20Problem_20of_20Relativism.txt
/mnt/c/Users/nateg/OneDrive/Documentos/GitHub/quadrivium/cognetics/Birth of the Modern Mind/Lecture_2017_20-_20Voltaireo_C3_8C_C2_81Bringing_20England_20To_20France.txt
/mnt/c/Users/nateg/OneDrive/Documentos/GitHub/quadrivium/cognetics/Birth of the Modern Mind/Lecture_2018_20-_20Bishop_20Joseph_20Butler_20and_20God_27s_20Providence.txt
/mnt/c/Users/nateg/OneDrive/Documentos/GitHub/quadrivium/cognetics/Birth of the Modern Mind/Lecture_2019_20-_20The_20Skeptical_20Challenge_20to_20Optimismo_C3_8C_C2_81David_20Hume.txt
/mnt/c/Users/nateg/OneDrive/Documentos/GitHub/quadrivium/cognetics/Birth of the Modern Mind/Lecture_2020_20-_20The_20Assault_20upon_20Philosophical_20Optimismo_C3_8C_C2_81Voltaire.txt
/mnt/c/Users/nateg/OneDrive/Documentos/GitHub/quadrivium/cognetics/Birth of the Modern Mind/Lecture_2021_20-_20The_20Philosopheso_C3_8C_C2_81The_20Triumph_20of_20the_20French_20Enlightenment.txt
/mnt/c/Users/nateg/OneDrive/Documentos/GitHub/quadrivium/cognetics/Birth of the Modern Mind/Lecture_2022_20-_20Beccaria_20and_20Enlightened_20Reform.txt
/mnt/c/Users/nateg/OneDrive/Documentos/GitHub/quadrivium/cognetics/Birth of the Modern Mind/Lecture_2023_20-_20Rousseau_27s_20Dissent.txt
/mnt/c/Users/nateg/OneDrive/Documentos/GitHub/quadrivium/cognetics/Birth of the Modern Mind/Lecture_2024_20-_20Materialism_20_26_20Naturalismo_C3_8C_C2_81The_20Boundaries_20of_20the_20Enlightenment.txt
