/mnt/c/Users/nateg/OneDrive/Documentos/GitHub/quadrivium/cognetics/Gravity/01 The Strangest Force.txt
/mnt/c/Users/nateg/OneDrive/Documentos/GitHub/quadrivium/cognetics/Gravity/02 Free Fall and Inertia.txt
/mnt/c/Users/nateg/OneDrive/Documentos/GitHub/quadrivium/cognetics/Gravity/03 Revolution in the Heavens.txt
/mnt/c/Users/nateg/OneDrive/Documentos/GitHub/quadrivium/cognetics/Gravity/04 Universal Gravitation.txt
/mnt/c/Users/nateg/OneDrive/Documentos/GitHub/quadrivium/cognetics/Gravity/05 The Art of Experiment.txt
/mnt/c/Users/nateg/OneDrive/Documentos/GitHub/quadrivium/cognetics/Gravity/06 Escape Velocity, Energy, and Rotation.txt
/mnt/c/Users/nateg/OneDrive/Documentos/GitHub/quadrivium/cognetics/Gravity/07 Stars in Their Courses—Orbital Mechanics.txt
/mnt/c/Users/nateg/OneDrive/Documentos/GitHub/quadrivium/cognetics/Gravity/08 What Are Tides Earth and Beyond.txt
/mnt/c/Users/nateg/OneDrive/Documentos/GitHub/quadrivium/cognetics/Gravity/09 Nudge—Perturbations of Orbits.txt
/mnt/c/Users/nateg/OneDrive/Documentos/GitHub/quadrivium/cognetics/Gravity/10 Resonance—Surprises in the Intricate Dance.txt
/mnt/c/Users/nateg/OneDrive/Documentos/GitHub/quadrivium/cognetics/Gravity/11 The Million-Body Problem.txt
/mnt/c/Users/nateg/OneDrive/Documentos/GitHub/quadrivium/cognetics/Gravity/12 The Billion-Year Battle.txt
/mnt/c/Users/nateg/OneDrive/Documentos/GitHub/quadrivium/cognetics/Gravity/13 From Forces to Fields.txt
/mnt/c/Users/nateg/OneDrive/Documentos/GitHub/quadrivium/cognetics/Gravity/14 The Falling Laboratory.txt
/mnt/c/Users/nateg/OneDrive/Documentos/GitHub/quadrivium/cognetics/Gravity/15 Spacetime in Zero Gravity.txt
/mnt/c/Users/nateg/OneDrive/Documentos/GitHub/quadrivium/cognetics/Gravity/16 Spacetime Tells Matter How to Move.txt
/mnt/c/Users/nateg/OneDrive/Documentos/GitHub/quadrivium/cognetics/Gravity/17 Matter Tells Spacetime How to Curve.txt
/mnt/c/Users/nateg/OneDrive/Documentos/GitHub/quadrivium/cognetics/Gravity/18 Light in Curved Spacetime.txt
/mnt/c/Users/nateg/OneDrive/Documentos/GitHub/quadrivium/cognetics/Gravity/19 Gravitomagnetism and Gravitational Waves.txt
/mnt/c/Users/nateg/OneDrive/Documentos/GitHub/quadrivium/cognetics/Gravity/20 Gravity’s Horizon—Anatomy of a Black Hole.txt
/mnt/c/Users/nateg/OneDrive/Documentos/GitHub/quadrivium/cognetics/Gravity/21 Which Universe Is Ours.txt
/mnt/c/Users/nateg/OneDrive/Documentos/GitHub/quadrivium/cognetics/Gravity/22 Cosmic Antigravity—Inflation and Dark Energy.txt
/mnt/c/Users/nateg/OneDrive/Documentos/GitHub/quadrivium/cognetics/Gravity/23 The Force of Creation.txt
/mnt/c/Users/nateg/OneDrive/Documentos/GitHub/quadrivium/cognetics/Gravity/24 The Next Revolution.txt
