/mnt/c/Users/nateg/OneDrive/Documentos/GitHub/quadrivium/cognetics/Linguistics Myths/01 - Alarm over the Decay of English.txt
/mnt/c/Users/nateg/OneDrive/Documentos/GitHub/quadrivium/cognetics/Linguistics Myths/02 - Surprises in the Ancestry of Old English.txt
/mnt/c/Users/nateg/OneDrive/Documentos/GitHub/quadrivium/cognetics/Linguistics Myths/03 - Not Exactly Anglo-Saxon.txt
/mnt/c/Users/nateg/OneDrive/Documentos/GitHub/quadrivium/cognetics/Linguistics Myths/04 - Don't Forget the Celtic Connection.txt
/mnt/c/Users/nateg/OneDrive/Documentos/GitHub/quadrivium/cognetics/Linguistics Myths/05 - From Insider Language to Lingua Franca.txt
/mnt/c/Users/nateg/OneDrive/Documentos/GitHub/quadrivium/cognetics/Linguistics Myths/06 - English as Easy German.txt
/mnt/c/Users/nateg/OneDrive/Documentos/GitHub/quadrivium/cognetics/Linguistics Myths/07 - The Viking Conquest of English.txt
/mnt/c/Users/nateg/OneDrive/Documentos/GitHub/quadrivium/cognetics/Linguistics Myths/08 - How the Words of Modern English Emerged.txt
/mnt/c/Users/nateg/OneDrive/Documentos/GitHub/quadrivium/cognetics/Linguistics Myths/09 - Black English-The Streamlining Continues.txt
/mnt/c/Users/nateg/OneDrive/Documentos/GitHub/quadrivium/cognetics/Linguistics Myths/10 - Honored Conceits of Blackboard Grammar.txt
/mnt/c/Users/nateg/OneDrive/Documentos/GitHub/quadrivium/cognetics/Linguistics Myths/11 - Pronoun Fashions Come and Go.txt
/mnt/c/Users/nateg/OneDrive/Documentos/GitHub/quadrivium/cognetics/Linguistics Myths/12 - Wrong Then, Proper Now-and Vice Versa.txt
/mnt/c/Users/nateg/OneDrive/Documentos/GitHub/quadrivium/cognetics/Linguistics Myths/13 - A Procession of Accidents and Fossils.txt
/mnt/c/Users/nateg/OneDrive/Documentos/GitHub/quadrivium/cognetics/Linguistics Myths/14 - The Pursuit of Logic in Language.txt
/mnt/c/Users/nateg/OneDrive/Documentos/GitHub/quadrivium/cognetics/Linguistics Myths/15 - Clarity as the Logic of Language.txt
/mnt/c/Users/nateg/OneDrive/Documentos/GitHub/quadrivium/cognetics/Linguistics Myths/16 - 20th-Century Fashions from Strunk & White.txt
/mnt/c/Users/nateg/OneDrive/Documentos/GitHub/quadrivium/cognetics/Linguistics Myths/17 - The Kinds of Grammar You Don't Hear About.txt
/mnt/c/Users/nateg/OneDrive/Documentos/GitHub/quadrivium/cognetics/Linguistics Myths/18 - Linguists Uncovering Grammar We All Use.txt
/mnt/c/Users/nateg/OneDrive/Documentos/GitHub/quadrivium/cognetics/Linguistics Myths/19 - Speech versus Writing-Different Languages.txt
/mnt/c/Users/nateg/OneDrive/Documentos/GitHub/quadrivium/cognetics/Linguistics Myths/20 - Speechmaking-From Oratory to Plain Speaking.txt
/mnt/c/Users/nateg/OneDrive/Documentos/GitHub/quadrivium/cognetics/Linguistics Myths/21 - The Old and New Styles of Writing.txt
/mnt/c/Users/nateg/OneDrive/Documentos/GitHub/quadrivium/cognetics/Linguistics Myths/22 - Got Poetry - Language with Spice.txt
/mnt/c/Users/nateg/OneDrive/Documentos/GitHub/quadrivium/cognetics/Linguistics Myths/23 - Why Texting Is Misunderstood.txt
/mnt/c/Users/nateg/OneDrive/Documentos/GitHub/quadrivium/cognetics/Linguistics Myths/24 - The Living Past and Future of English.txt
