[flyxion@volsorium] [2025-01-20 12:55:12] Script started.
[flyxion@volsorium] [2025-01-20 12:55:12] Processing directory: /mnt/c/Users/nateg/OneDrive/Documentos/GitHub/quadrivium/cognetics/Language and the Mind
[flyxion@volsorium] [2025-01-20 12:55:12] Processing file: /mnt/c/Users/nateg/OneDrive/Documentos/GitHub/quadrivium/cognetics/Language and the Mind/1623 - Language and the Mind.txt
[flyxion@volsorium] [2025-01-20 12:55:12] Split /mnt/c/Users/nateg/OneDrive/Documentos/GitHub/quadrivium/cognetics/Language and the Mind/1623 - Language and the Mind.txt into chunks of 100 lines each.
[flyxion@volsorium] [2025-01-20 12:55:12] Summarizing chunk: chunkaa
[flyxion@volsorium] [2025-01-20 12:55:18] Processed and cleaned up: 1623 - Language and the Mind.txt
1623 - Language and the Mind.txt completed
[flyxion@volsorium] [2025-01-20 12:55:18] Processing file: /mnt/c/Users/nateg/OneDrive/Documentos/GitHub/quadrivium/cognetics/Language and the Mind/1623-01 - Language in Mind - Language and the Mind.txt
[flyxion@volsorium] [2025-01-20 12:55:18] Split /mnt/c/Users/nateg/OneDrive/Documentos/GitHub/quadrivium/cognetics/Language and the Mind/1623-01 - Language in Mind - Language and the Mind.txt into chunks of 100 lines each.
[flyxion@volsorium] [2025-01-20 12:55:18] Summarizing chunk: chunkaa
[flyxion@volsorium] [2025-01-20 12:55:33] Summarizing chunk: chunkab
[flyxion@volsorium] [2025-01-20 12:55:49] Summarizing chunk: chunkac
[flyxion@volsorium] [2025-01-20 12:56:03] Summarizing chunk: chunkad
[flyxion@volsorium] [2025-01-20 12:56:06] Processed and cleaned up: 1623-01 - Language in Mind - Language and the Mind.txt
1623-01 - Language in Mind - Language and the Mind.txt completed
[flyxion@volsorium] [2025-01-20 12:56:06] Processing file: /mnt/c/Users/nateg/OneDrive/Documentos/GitHub/quadrivium/cognetics/Language and the Mind/1623-02 - Language as a System - Language and the Mind.txt
[flyxion@volsorium] [2025-01-20 12:56:07] Split /mnt/c/Users/nateg/OneDrive/Documentos/GitHub/quadrivium/cognetics/Language and the Mind/1623-02 - Language as a System - Language and the Mind.txt into chunks of 100 lines each.
[flyxion@volsorium] [2025-01-20 12:56:07] Summarizing chunk: chunkaa
[flyxion@volsorium] [2025-01-20 12:56:20] Summarizing chunk: chunkab
[flyxion@volsorium] [2025-01-20 12:56:34] Summarizing chunk: chunkac
[flyxion@volsorium] [2025-01-20 12:56:43] Summarizing chunk: chunkad
[flyxion@volsorium] [2025-01-20 12:56:50] Summarizing chunk: chunkae
[flyxion@volsorium] [2025-01-20 12:56:59] Summarizing chunk: chunkaf
[flyxion@volsorium] [2025-01-20 12:57:10] Summarizing chunk: chunkag
[flyxion@volsorium] [2025-01-20 12:57:15] Processed and cleaned up: 1623-02 - Language as a System - Language and the Mind.txt
1623-02 - Language as a System - Language and the Mind.txt completed
[flyxion@volsorium] [2025-01-20 12:57:15] Processing file: /mnt/c/Users/nateg/OneDrive/Documentos/GitHub/quadrivium/cognetics/Language and the Mind/1623-03 - Eleven Linguistic Universals - Language and the Mind.txt
[flyxion@volsorium] [2025-01-20 12:57:15] Split /mnt/c/Users/nateg/OneDrive/Documentos/GitHub/quadrivium/cognetics/Language and the Mind/1623-03 - Eleven Linguistic Universals - Language and the Mind.txt into chunks of 100 lines each.
[flyxion@volsorium] [2025-01-20 12:57:15] Summarizing chunk: chunkaa
[flyxion@volsorium] [2025-01-20 12:57:28] Summarizing chunk: chunkab
[flyxion@volsorium] [2025-01-20 12:57:39] Summarizing chunk: chunkac
[flyxion@volsorium] [2025-01-20 12:57:54] Summarizing chunk: chunkad
[flyxion@volsorium] [2025-01-20 12:58:09] Processed and cleaned up: 1623-03 - Eleven Linguistic Universals - Language and the Mind.txt
1623-03 - Eleven Linguistic Universals - Language and the Mind.txt completed
[flyxion@volsorium] [2025-01-20 12:58:09] Processing file: /mnt/c/Users/nateg/OneDrive/Documentos/GitHub/quadrivium/cognetics/Language and the Mind/1623-04 - Communication in the Animal Kingdom - Language and the Mind.txt
[flyxion@volsorium] [2025-01-20 12:58:09] Split /mnt/c/Users/nateg/OneDrive/Documentos/GitHub/quadrivium/cognetics/Language and the Mind/1623-04 - Communication in the Animal Kingdom - Language and the Mind.txt into chunks of 100 lines each.
[flyxion@volsorium] [2025-01-20 12:58:09] Summarizing chunk: chunkaa
[flyxion@volsorium] [2025-01-20 12:58:24] Summarizing chunk: chunkab
[flyxion@volsorium] [2025-01-20 12:58:39] Summarizing chunk: chunkac
[flyxion@volsorium] [2025-01-20 12:58:53] Summarizing chunk: chunkad
[flyxion@volsorium] [2025-01-20 12:58:55] Processed and cleaned up: 1623-04 - Communication in the Animal Kingdom - Language and the Mind.txt
1623-04 - Communication in the Animal Kingdom - Language and the Mind.txt completed
[flyxion@volsorium] [2025-01-20 12:58:55] Processing file: /mnt/c/Users/nateg/OneDrive/Documentos/GitHub/quadrivium/cognetics/Language and the Mind/1623-05 - Genes, Brains, and Evolution - Language and the Mind.txt
[flyxion@volsorium] [2025-01-20 12:58:55] Split /mnt/c/Users/nateg/OneDrive/Documentos/GitHub/quadrivium/cognetics/Language and the Mind/1623-05 - Genes, Brains, and Evolution - Language and the Mind.txt into chunks of 100 lines each.
[flyxion@volsorium] [2025-01-20 12:58:55] Summarizing chunk: chunkaa
[flyxion@volsorium] [2025-01-20 12:59:07] Summarizing chunk: chunkab
[flyxion@volsorium] [2025-01-20 12:59:22] Summarizing chunk: chunkac
[flyxion@volsorium] [2025-01-20 12:59:40] Summarizing chunk: chunkad
[flyxion@volsorium] [2025-01-20 12:59:47] Processed and cleaned up: 1623-05 - Genes, Brains, and Evolution - Language and the Mind.txt
1623-05 - Genes, Brains, and Evolution - Language and the Mind.txt completed
[flyxion@volsorium] [2025-01-20 12:59:47] Processing file: /mnt/c/Users/nateg/OneDrive/Documentos/GitHub/quadrivium/cognetics/Language and the Mind/1623-06 - How the Brain Created Language - Language and the Mind.txt
[flyxion@volsorium] [2025-01-20 12:59:47] Split /mnt/c/Users/nateg/OneDrive/Documentos/GitHub/quadrivium/cognetics/Language and the Mind/1623-06 - How the Brain Created Language - Language and the Mind.txt into chunks of 100 lines each.
[flyxion@volsorium] [2025-01-20 12:59:47] Summarizing chunk: chunkaa
[flyxion@volsorium] [2025-01-20 13:00:00] Summarizing chunk: chunkab
[flyxion@volsorium] [2025-01-20 13:00:10] Summarizing chunk: chunkac
[flyxion@volsorium] [2025-01-20 13:00:20] Summarizing chunk: chunkad
[flyxion@volsorium] [2025-01-20 13:00:29] Summarizing chunk: chunkae
[flyxion@volsorium] [2025-01-20 13:00:37] Summarizing chunk: chunkaf
[flyxion@volsorium] [2025-01-20 13:00:44] Summarizing chunk: chunkag
[flyxion@volsorium] [2025-01-20 13:00:52] Summarizing chunk: chunkah
[flyxion@volsorium] [2025-01-20 13:01:01] Summarizing chunk: chunkai
[flyxion@volsorium] [2025-01-20 13:01:08] Summarizing chunk: chunkaj
[flyxion@volsorium] [2025-01-20 13:01:16] Summarizing chunk: chunkak
[flyxion@volsorium] [2025-01-20 13:01:24] Summarizing chunk: chunkal
[flyxion@volsorium] [2025-01-20 13:01:28] Processed and cleaned up: 1623-06 - How the Brain Created Language - Language and the Mind.txt
1623-06 - How the Brain Created Language - Language and the Mind.txt completed
[flyxion@volsorium] [2025-01-20 13:01:28] Processing file: /mnt/c/Users/nateg/OneDrive/Documentos/GitHub/quadrivium/cognetics/Language and the Mind/1623-07 - Gesture and the Origins of Human Language - Language and the Mind.txt
[flyxion@volsorium] [2025-01-20 13:01:28] Split /mnt/c/Users/nateg/OneDrive/Documentos/GitHub/quadrivium/cognetics/Language and the Mind/1623-07 - Gesture and the Origins of Human Language - Language and the Mind.txt into chunks of 100 lines each.
[flyxion@volsorium] [2025-01-20 13:01:28] Summarizing chunk: chunkaa
[flyxion@volsorium] [2025-01-20 13:01:44] Summarizing chunk: chunkab
[flyxion@volsorium] [2025-01-20 13:01:54] Summarizing chunk: chunkac
[flyxion@volsorium] [2025-01-20 13:02:09] Processed and cleaned up: 1623-07 - Gesture and the Origins of Human Language - Language and the Mind.txt
1623-07 - Gesture and the Origins of Human Language - Language and the Mind.txt completed
[flyxion@volsorium] [2025-01-20 13:02:09] Processing file: /mnt/c/Users/nateg/OneDrive/Documentos/GitHub/quadrivium/cognetics/Language and the Mind/1623-08 - Development_ A Mind under Construction - Language and the Mind.txt
[flyxion@volsorium] [2025-01-20 13:02:09] Split /mnt/c/Users/nateg/OneDrive/Documentos/GitHub/quadrivium/cognetics/Language and the Mind/1623-08 - Development_ A Mind under Construction - Language and the Mind.txt into chunks of 100 lines each.
[flyxion@volsorium] [2025-01-20 13:02:09] Summarizing chunk: chunkaa
[flyxion@volsorium] [2025-01-20 13:02:29] Summarizing chunk: chunkab
[flyxion@volsorium] [2025-01-20 13:02:43] Summarizing chunk: chunkac
[flyxion@volsorium] [2025-01-20 13:02:57] Processed and cleaned up: 1623-08 - Development_ A Mind under Construction - Language and the Mind.txt
1623-08 - Development_ A Mind under Construction - Language and the Mind.txt completed
[flyxion@volsorium] [2025-01-20 13:02:57] Processing file: /mnt/c/Users/nateg/OneDrive/Documentos/GitHub/quadrivium/cognetics/Language and the Mind/1623-09 - Specializing in Speech Sounds - Language and the Mind.txt
[flyxion@volsorium] [2025-01-20 13:02:57] Split /mnt/c/Users/nateg/OneDrive/Documentos/GitHub/quadrivium/cognetics/Language and the Mind/1623-09 - Specializing in Speech Sounds - Language and the Mind.txt into chunks of 100 lines each.
[flyxion@volsorium] [2025-01-20 13:02:57] Summarizing chunk: chunkaa
[flyxion@volsorium] [2025-01-20 13:03:10] Summarizing chunk: chunkab
[flyxion@volsorium] [2025-01-20 13:03:24] Summarizing chunk: chunkac
[flyxion@volsorium] [2025-01-20 13:03:37] Processed and cleaned up: 1623-09 - Specializing in Speech Sounds - Language and the Mind.txt
1623-09 - Specializing in Speech Sounds - Language and the Mind.txt completed
[flyxion@volsorium] [2025-01-20 13:03:37] Processing file: /mnt/c/Users/nateg/OneDrive/Documentos/GitHub/quadrivium/cognetics/Language and the Mind/1623-10 - Navigating a World of Words - Language and the Mind.txt
[flyxion@volsorium] [2025-01-20 13:03:37] Split /mnt/c/Users/nateg/OneDrive/Documentos/GitHub/quadrivium/cognetics/Language and the Mind/1623-10 - Navigating a World of Words - Language and the Mind.txt into chunks of 100 lines each.
[flyxion@volsorium] [2025-01-20 13:03:37] Summarizing chunk: chunkaa
[flyxion@volsorium] [2025-01-20 13:03:55] Summarizing chunk: chunkab
[flyxion@volsorium] [2025-01-20 13:04:14] Summarizing chunk: chunkac
[flyxion@volsorium] [2025-01-20 13:04:24] Processed and cleaned up: 1623-10 - Navigating a World of Words - Language and the Mind.txt
1623-10 - Navigating a World of Words - Language and the Mind.txt completed
[flyxion@volsorium] [2025-01-20 13:04:24] Processing file: /mnt/c/Users/nateg/OneDrive/Documentos/GitHub/quadrivium/cognetics/Language and the Mind/1623-11 - Learning to Play the Game of Language - Language and the Mind.txt
[flyxion@volsorium] [2025-01-20 13:04:24] Split /mnt/c/Users/nateg/OneDrive/Documentos/GitHub/quadrivium/cognetics/Language and the Mind/1623-11 - Learning to Play the Game of Language - Language and the Mind.txt into chunks of 100 lines each.
[flyxion@volsorium] [2025-01-20 13:04:24] Summarizing chunk: chunkaa
[flyxion@volsorium] [2025-01-20 13:04:34] Summarizing chunk: chunkab
[flyxion@volsorium] [2025-01-20 13:04:45] Summarizing chunk: chunkac
[flyxion@volsorium] [2025-01-20 13:04:52] Summarizing chunk: chunkad
[flyxion@volsorium] [2025-01-20 13:05:00] Summarizing chunk: chunkae
[flyxion@volsorium] [2025-01-20 13:05:09] Summarizing chunk: chunkaf
[flyxion@volsorium] [2025-01-20 13:05:18] Summarizing chunk: chunkag
[flyxion@volsorium] [2025-01-20 13:05:28] Summarizing chunk: chunkah
[flyxion@volsorium] [2025-01-20 13:05:36] Summarizing chunk: chunkai
[flyxion@volsorium] [2025-01-20 13:05:43] Summarizing chunk: chunkaj
[flyxion@volsorium] [2025-01-20 13:05:50] Summarizing chunk: chunkak
[flyxion@volsorium] [2025-01-20 13:05:58] Summarizing chunk: chunkal
[flyxion@volsorium] [2025-01-20 13:06:08] Summarizing chunk: chunkam
[flyxion@volsorium] [2025-01-20 13:06:14] Processed and cleaned up: 1623-11 - Learning to Play the Game of Language - Language and the Mind.txt
1623-11 - Learning to Play the Game of Language - Language and the Mind.txt completed
[flyxion@volsorium] [2025-01-20 13:06:14] Processing file: /mnt/c/Users/nateg/OneDrive/Documentos/GitHub/quadrivium/cognetics/Language and the Mind/1623-12 - Mastering the Structure of Language - Language and the Mind.txt
[flyxion@volsorium] [2025-01-20 13:06:14] Split /mnt/c/Users/nateg/OneDrive/Documentos/GitHub/quadrivium/cognetics/Language and the Mind/1623-12 - Mastering the Structure of Language - Language and the Mind.txt into chunks of 100 lines each.
[flyxion@volsorium] [2025-01-20 13:06:14] Summarizing chunk: chunkaa
[flyxion@volsorium] [2025-01-20 13:06:27] Summarizing chunk: chunkab
[flyxion@volsorium] [2025-01-20 13:06:44] Summarizing chunk: chunkac
[flyxion@volsorium] [2025-01-20 13:06:55] Processed and cleaned up: 1623-12 - Mastering the Structure of Language - Language and the Mind.txt
1623-12 - Mastering the Structure of Language - Language and the Mind.txt completed
[flyxion@volsorium] [2025-01-20 13:06:55] Processing file: /mnt/c/Users/nateg/OneDrive/Documentos/GitHub/quadrivium/cognetics/Language and the Mind/1623-13 - The Brain as a Window into the Mind - Language and the Mind.txt
[flyxion@volsorium] [2025-01-20 13:06:55] Split /mnt/c/Users/nateg/OneDrive/Documentos/GitHub/quadrivium/cognetics/Language and the Mind/1623-13 - The Brain as a Window into the Mind - Language and the Mind.txt into chunks of 100 lines each.
[flyxion@volsorium] [2025-01-20 13:06:55] Summarizing chunk: chunkaa
[flyxion@volsorium] [2025-01-20 13:07:09] Summarizing chunk: chunkab
[flyxion@volsorium] [2025-01-20 13:07:24] Summarizing chunk: chunkac
[flyxion@volsorium] [2025-01-20 13:07:34] Summarizing chunk: chunkad
[flyxion@volsorium] [2025-01-20 13:07:44] Summarizing chunk: chunkae
[flyxion@volsorium] [2025-01-20 13:07:53] Summarizing chunk: chunkaf
[flyxion@volsorium] [2025-01-20 13:08:01] Summarizing chunk: chunkag
[flyxion@volsorium] [2025-01-20 13:08:10] Summarizing chunk: chunkah
[flyxion@volsorium] [2025-01-20 13:08:15] Processed and cleaned up: 1623-13 - The Brain as a Window into the Mind - Language and the Mind.txt
1623-13 - The Brain as a Window into the Mind - Language and the Mind.txt completed
[flyxion@volsorium] [2025-01-20 13:08:15] Processing file: /mnt/c/Users/nateg/OneDrive/Documentos/GitHub/quadrivium/cognetics/Language and the Mind/1623-14 - How the Brain Comprehends Language - Language and the Mind.txt
[flyxion@volsorium] [2025-01-20 13:08:15] Split /mnt/c/Users/nateg/OneDrive/Documentos/GitHub/quadrivium/cognetics/Language and the Mind/1623-14 - How the Brain Comprehends Language - Language and the Mind.txt into chunks of 100 lines each.
[flyxion@volsorium] [2025-01-20 13:08:15] Summarizing chunk: chunkaa
[flyxion@volsorium] [2025-01-20 13:08:27] Summarizing chunk: chunkab
[flyxion@volsorium] [2025-01-20 13:08:37] Summarizing chunk: chunkac
[flyxion@volsorium] [2025-01-20 13:08:48] Summarizing chunk: chunkad
[flyxion@volsorium] [2025-01-20 13:08:58] Summarizing chunk: chunkae
[flyxion@volsorium] [2025-01-20 13:09:10] Summarizing chunk: chunkaf
[flyxion@volsorium] [2025-01-20 13:09:18] Summarizing chunk: chunkag
[flyxion@volsorium] [2025-01-20 13:09:27] Summarizing chunk: chunkah
[flyxion@volsorium] [2025-01-20 13:09:37] Summarizing chunk: chunkai
[flyxion@volsorium] [2025-01-20 13:09:46] Summarizing chunk: chunkaj
[flyxion@volsorium] [2025-01-20 13:09:49] Processed and cleaned up: 1623-14 - How the Brain Comprehends Language - Language and the Mind.txt
1623-14 - How the Brain Comprehends Language - Language and the Mind.txt completed
[flyxion@volsorium] [2025-01-20 13:09:49] Processing file: /mnt/c/Users/nateg/OneDrive/Documentos/GitHub/quadrivium/cognetics/Language and the Mind/1623-15 - How the Brain Produces Language - Language and the Mind.txt
[flyxion@volsorium] [2025-01-20 13:09:49] Split /mnt/c/Users/nateg/OneDrive/Documentos/GitHub/quadrivium/cognetics/Language and the Mind/1623-15 - How the Brain Produces Language - Language and the Mind.txt into chunks of 100 lines each.
[flyxion@volsorium] [2025-01-20 13:09:49] Summarizing chunk: chunkaa
[flyxion@volsorium] [2025-01-20 13:10:00] Summarizing chunk: chunkab
[flyxion@volsorium] [2025-01-20 13:10:10] Summarizing chunk: chunkac
[flyxion@volsorium] [2025-01-20 13:10:23] Summarizing chunk: chunkad
[flyxion@volsorium] [2025-01-20 13:10:32] Summarizing chunk: chunkae
[flyxion@volsorium] [2025-01-20 13:10:40] Summarizing chunk: chunkaf
[flyxion@volsorium] [2025-01-20 13:10:49] Summarizing chunk: chunkag
[flyxion@volsorium] [2025-01-20 13:10:57] Summarizing chunk: chunkah
[flyxion@volsorium] [2025-01-20 13:11:04] Summarizing chunk: chunkai
[flyxion@volsorium] [2025-01-20 13:11:07] Processed and cleaned up: 1623-15 - How the Brain Produces Language - Language and the Mind.txt
1623-15 - How the Brain Produces Language - Language and the Mind.txt completed
[flyxion@volsorium] [2025-01-20 13:11:07] Processing file: /mnt/c/Users/nateg/OneDrive/Documentos/GitHub/quadrivium/cognetics/Language and the Mind/1623-16 - Dancing Brains_ The Social Side of Language - Language and the Mind.txt
[flyxion@volsorium] [2025-01-20 13:11:07] Split /mnt/c/Users/nateg/OneDrive/Documentos/GitHub/quadrivium/cognetics/Language and the Mind/1623-16 - Dancing Brains_ The Social Side of Language - Language and the Mind.txt into chunks of 100 lines each.
[flyxion@volsorium] [2025-01-20 13:11:07] Summarizing chunk: chunkaa
[flyxion@volsorium] [2025-01-20 13:11:24] Summarizing chunk: chunkab
[flyxion@volsorium] [2025-01-20 13:11:37] Summarizing chunk: chunkac
[flyxion@volsorium] [2025-01-20 13:11:47] Summarizing chunk: chunkad
[flyxion@volsorium] [2025-01-20 13:11:59] Processed and cleaned up: 1623-16 - Dancing Brains_ The Social Side of Language - Language and the Mind.txt
1623-16 - Dancing Brains_ The Social Side of Language - Language and the Mind.txt completed
[flyxion@volsorium] [2025-01-20 13:11:59] Processing file: /mnt/c/Users/nateg/OneDrive/Documentos/GitHub/quadrivium/cognetics/Language and the Mind/1623-17 - How Writing Transformed the Mind - Language and the Mind.txt
[flyxion@volsorium] [2025-01-20 13:11:59] Split /mnt/c/Users/nateg/OneDrive/Documentos/GitHub/quadrivium/cognetics/Language and the Mind/1623-17 - How Writing Transformed the Mind - Language and the Mind.txt into chunks of 100 lines each.
[flyxion@volsorium] [2025-01-20 13:12:00] Summarizing chunk: chunkaa
[flyxion@volsorium] [2025-01-20 13:12:09] Summarizing chunk: chunkab
[flyxion@volsorium] [2025-01-20 13:12:19] Summarizing chunk: chunkac
[flyxion@volsorium] [2025-01-20 13:12:29] Summarizing chunk: chunkad
[flyxion@volsorium] [2025-01-20 13:12:39] Summarizing chunk: chunkae
[flyxion@volsorium] [2025-01-20 13:12:47] Summarizing chunk: chunkaf
[flyxion@volsorium] [2025-01-20 13:12:56] Summarizing chunk: chunkag
[flyxion@volsorium] [2025-01-20 13:13:04] Summarizing chunk: chunkah
[flyxion@volsorium] [2025-01-20 13:13:14] Summarizing chunk: chunkai
[flyxion@volsorium] [2025-01-20 13:13:23] Summarizing chunk: chunkaj
[flyxion@volsorium] [2025-01-20 13:13:31] Summarizing chunk: chunkak
[flyxion@volsorium] [2025-01-20 13:13:35] Processed and cleaned up: 1623-17 - How Writing Transformed the Mind - Language and the Mind.txt
1623-17 - How Writing Transformed the Mind - Language and the Mind.txt completed
[flyxion@volsorium] [2025-01-20 13:13:35] Processing file: /mnt/c/Users/nateg/OneDrive/Documentos/GitHub/quadrivium/cognetics/Language and the Mind/1623-18 - Sign Language_ Language in Our Hands - Language and the Mind.txt
[flyxion@volsorium] [2025-01-20 13:13:35] Split /mnt/c/Users/nateg/OneDrive/Documentos/GitHub/quadrivium/cognetics/Language and the Mind/1623-18 - Sign Language_ Language in Our Hands - Language and the Mind.txt into chunks of 100 lines each.
[flyxion@volsorium] [2025-01-20 13:13:35] Summarizing chunk: chunkaa
[flyxion@volsorium] [2025-01-20 13:13:50] Summarizing chunk: chunkab
[flyxion@volsorium] [2025-01-20 13:14:04] Summarizing chunk: chunkac
[flyxion@volsorium] [2025-01-20 13:14:14] Summarizing chunk: chunkad
[flyxion@volsorium] [2025-01-20 13:14:24] Processed and cleaned up: 1623-18 - Sign Language_ Language in Our Hands - Language and the Mind.txt
1623-18 - Sign Language_ Language in Our Hands - Language and the Mind.txt completed
[flyxion@volsorium] [2025-01-20 13:14:24] Processing file: /mnt/c/Users/nateg/OneDrive/Documentos/GitHub/quadrivium/cognetics/Language and the Mind/1623-19 - Embodied Language_ Mind in Body—Body in Mind - Language and the Mind.txt
[flyxion@volsorium] [2025-01-20 13:14:24] Split /mnt/c/Users/nateg/OneDrive/Documentos/GitHub/quadrivium/cognetics/Language and the Mind/1623-19 - Embodied Language_ Mind in Body—Body in Mind - Language and the Mind.txt into chunks of 100 lines each.
[flyxion@volsorium] [2025-01-20 13:14:24] Summarizing chunk: chunkaa
[flyxion@volsorium] [2025-01-20 13:14:41] Summarizing chunk: chunkab
[flyxion@volsorium] [2025-01-20 13:14:56] Summarizing chunk: chunkac
[flyxion@volsorium] [2025-01-20 13:15:07] Processed and cleaned up: 1623-19 - Embodied Language_ Mind in Body—Body in Mind - Language and the Mind.txt
1623-19 - Embodied Language_ Mind in Body—Body in Mind - Language and the Mind.txt completed
[flyxion@volsorium] [2025-01-20 13:15:07] Processing file: /mnt/c/Users/nateg/OneDrive/Documentos/GitHub/quadrivium/cognetics/Language and the Mind/1623-20 - The Multilingual Mind - Language and the Mind.txt
[flyxion@volsorium] [2025-01-20 13:15:07] Split /mnt/c/Users/nateg/OneDrive/Documentos/GitHub/quadrivium/cognetics/Language and the Mind/1623-20 - The Multilingual Mind - Language and the Mind.txt into chunks of 100 lines each.
[flyxion@volsorium] [2025-01-20 13:15:07] Summarizing chunk: chunkaa
[flyxion@volsorium] [2025-01-20 13:15:19] Summarizing chunk: chunkab
[flyxion@volsorium] [2025-01-20 13:15:34] Summarizing chunk: chunkac
[flyxion@volsorium] [2025-01-20 13:15:48] Summarizing chunk: chunkad
[flyxion@volsorium] [2025-01-20 13:15:58] Summarizing chunk: chunkae
[flyxion@volsorium] [2025-01-20 13:16:11] Processed and cleaned up: 1623-20 - The Multilingual Mind - Language and the Mind.txt
1623-20 - The Multilingual Mind - Language and the Mind.txt completed
[flyxion@volsorium] [2025-01-20 13:16:11] Processing file: /mnt/c/Users/nateg/OneDrive/Documentos/GitHub/quadrivium/cognetics/Language and the Mind/1623-21 - Does Language Shape Thought - Language and the Mind.txt
[flyxion@volsorium] [2025-01-20 13:16:11] Split /mnt/c/Users/nateg/OneDrive/Documentos/GitHub/quadrivium/cognetics/Language and the Mind/1623-21 - Does Language Shape Thought - Language and the Mind.txt into chunks of 100 lines each.
[flyxion@volsorium] [2025-01-20 13:16:11] Summarizing chunk: chunkaa
[flyxion@volsorium] [2025-01-20 13:16:29] Summarizing chunk: chunkab
[flyxion@volsorium] [2025-01-20 13:16:43] Summarizing chunk: chunkac
[flyxion@volsorium] [2025-01-20 13:16:53] Processed and cleaned up: 1623-21 - Does Language Shape Thought - Language and the Mind.txt
1623-21 - Does Language Shape Thought - Language and the Mind.txt completed
[flyxion@volsorium] [2025-01-20 13:16:53] Processing file: /mnt/c/Users/nateg/OneDrive/Documentos/GitHub/quadrivium/cognetics/Language and the Mind/1623-22 - Does Culture Shape Language - Language and the Mind.txt
[flyxion@volsorium] [2025-01-20 13:16:53] Split /mnt/c/Users/nateg/OneDrive/Documentos/GitHub/quadrivium/cognetics/Language and the Mind/1623-22 - Does Culture Shape Language - Language and the Mind.txt into chunks of 100 lines each.
[flyxion@volsorium] [2025-01-20 13:16:53] Summarizing chunk: chunkaa
[flyxion@volsorium] [2025-01-20 13:17:07] Summarizing chunk: chunkab
[flyxion@volsorium] [2025-01-20 13:17:19] Summarizing chunk: chunkac
[flyxion@volsorium] [2025-01-20 13:17:35] Summarizing chunk: chunkad
[flyxion@volsorium] [2025-01-20 13:17:43] Processed and cleaned up: 1623-22 - Does Culture Shape Language - Language and the Mind.txt
1623-22 - Does Culture Shape Language - Language and the Mind.txt completed
[flyxion@volsorium] [2025-01-20 13:17:43] Processing file: /mnt/c/Users/nateg/OneDrive/Documentos/GitHub/quadrivium/cognetics/Language and the Mind/1623-23 - The Benefits of Bilingualism - Language and the Mind.txt
[flyxion@volsorium] [2025-01-20 13:17:43] Split /mnt/c/Users/nateg/OneDrive/Documentos/GitHub/quadrivium/cognetics/Language and the Mind/1623-23 - The Benefits of Bilingualism - Language and the Mind.txt into chunks of 100 lines each.
[flyxion@volsorium] [2025-01-20 13:17:43] Summarizing chunk: chunkaa
[flyxion@volsorium] [2025-01-20 13:17:56] Summarizing chunk: chunkab
[flyxion@volsorium] [2025-01-20 13:18:08] Summarizing chunk: chunkac
[flyxion@volsorium] [2025-01-20 13:18:19] Summarizing chunk: chunkad
[flyxion@volsorium] [2025-01-20 13:18:28] Summarizing chunk: chunkae
[flyxion@volsorium] [2025-01-20 13:18:37] Summarizing chunk: chunkaf
[flyxion@volsorium] [2025-01-20 13:18:45] Summarizing chunk: chunkag
[flyxion@volsorium] [2025-01-20 13:18:52] Summarizing chunk: chunkah
[flyxion@volsorium] [2025-01-20 13:18:59] Summarizing chunk: chunkai
[flyxion@volsorium] [2025-01-20 13:19:08] Processed and cleaned up: 1623-23 - The Benefits of Bilingualism - Language and the Mind.txt
1623-23 - The Benefits of Bilingualism - Language and the Mind.txt completed
[flyxion@volsorium] [2025-01-20 13:19:08] Processing file: /mnt/c/Users/nateg/OneDrive/Documentos/GitHub/quadrivium/cognetics/Language and the Mind/1623-24 - How Language Makes Us Human - Language and the Mind.txt
[flyxion@volsorium] [2025-01-20 13:19:08] Split /mnt/c/Users/nateg/OneDrive/Documentos/GitHub/quadrivium/cognetics/Language and the Mind/1623-24 - How Language Makes Us Human - Language and the Mind.txt into chunks of 100 lines each.
[flyxion@volsorium] [2025-01-20 13:19:08] Summarizing chunk: chunkaa
[flyxion@volsorium] [2025-01-20 13:19:20] Summarizing chunk: chunkab
[flyxion@volsorium] [2025-01-20 13:19:32] Summarizing chunk: chunkac
[flyxion@volsorium] [2025-01-20 13:19:43] Summarizing chunk: chunkad
[flyxion@volsorium] [2025-01-20 13:19:52] Processed and cleaned up: 1623-24 - How Language Makes Us Human - Language and the Mind.txt
1623-24 - How Language Makes Us Human - Language and the Mind.txt completed
[flyxion@volsorium] [2025-01-20 13:19:52] Processing file: /mnt/c/Users/nateg/OneDrive/Documentos/GitHub/quadrivium/cognetics/Language and the Mind/detailed-summary.txt
[flyxion@volsorium] [2025-01-20 13:19:53] Split /mnt/c/Users/nateg/OneDrive/Documentos/GitHub/quadrivium/cognetics/Language and the Mind/detailed-summary.txt into chunks of 100 lines each.
[flyxion@volsorium] [2025-01-20 13:19:53] Summarizing chunk: chunkaa
[flyxion@volsorium] [2025-01-20 13:20:09] Summarizing chunk: chunkab
[flyxion@volsorium] [2025-01-20 13:20:28] Summarizing chunk: chunkac
[flyxion@volsorium] [2025-01-20 13:20:46] Summarizing chunk: chunkad
[flyxion@volsorium] [2025-01-20 13:21:11] Summarizing chunk: chunkae
[flyxion@volsorium] [2025-01-20 13:21:24] Summarizing chunk: chunkaf
[flyxion@volsorium] [2025-01-20 13:21:41] Summarizing chunk: chunkag
[flyxion@volsorium] [2025-01-20 13:21:59] Summarizing chunk: chunkah
[flyxion@volsorium] [2025-01-20 13:22:19] Summarizing chunk: chunkai
[flyxion@volsorium] [2025-01-20 13:22:39] Summarizing chunk: chunkaj
[flyxion@volsorium] [2025-01-20 13:22:59] Summarizing chunk: chunkak
[flyxion@volsorium] [2025-01-20 13:23:20] Summarizing chunk: chunkal
[flyxion@volsorium] [2025-01-20 13:23:36] Summarizing chunk: chunkam
[flyxion@volsorium] [2025-01-20 13:23:55] Summarizing chunk: chunkan
[flyxion@volsorium] [2025-01-20 13:24:08] Processed and cleaned up: detailed-summary.txt
detailed-summary.txt completed
[flyxion@volsorium] [2025-01-20 13:24:08] Script completed.
[flyxion@volsorium] [2025-01-20 13:24:08] Cleaned up all temporary directories.
