/mnt/c/Users/nateg/OneDrive/Documentos/GitHub/quadrivium/metacrisis/Eric Weinstein/A Portal Special Presentation- Geometric Unity： A First Look.txt
/mnt/c/Users/nateg/OneDrive/Documentos/GitHub/quadrivium/metacrisis/Eric Weinstein/Andrew Yang on ＂The Portal＂, Episode #008： The Different Candidate the Media Wants You to Ignore..txt
/mnt/c/Users/nateg/OneDrive/Documentos/GitHub/quadrivium/metacrisis/Eric Weinstein/Anna Khachiyan, Ep. #017 of The Portal (with Eric Weinstein) - Reconstructing The Mystical Feminine..txt
/mnt/c/Users/nateg/OneDrive/Documentos/GitHub/quadrivium/metacrisis/Eric Weinstein/Ashley Mathews (Riley Reid) on The Portal, Ep. #021 - The Mogul & Brains Behind America's Sweetheart.txt
/mnt/c/Users/nateg/OneDrive/Documentos/GitHub/quadrivium/metacrisis/Eric Weinstein/Ben Greenfield on The Portal (w⧸ host Eric Weinstein), Ep. #022 - Wheat From Chaff in Human Fitness.txt
/mnt/c/Users/nateg/OneDrive/Documentos/GitHub/quadrivium/metacrisis/Eric Weinstein/Bret Easton Ellis on ＂The Portal＂, Episode #007： The Dark Laureate of Generation X..txt
/mnt/c/Users/nateg/OneDrive/Documentos/GitHub/quadrivium/metacrisis/Eric Weinstein/Bret Weinstein on ＂The Portal＂ (w⧸ host Eric Weinstein), Ep. #019 - The Prediction and the DISC..txt
/mnt/c/Users/nateg/OneDrive/Documentos/GitHub/quadrivium/metacrisis/Eric Weinstein/Bryan Callen on ＂The Portal＂, Ep. #009 - Cracking Wise..txt
/mnt/c/Users/nateg/OneDrive/Documentos/GitHub/quadrivium/metacrisis/Eric Weinstein/Daniel Schmachtenberger on The Portal (with host Eric Weinstein), Ep. #027 - On Avoiding Apocalypses.txt
/mnt/c/Users/nateg/OneDrive/Documentos/GitHub/quadrivium/metacrisis/Eric Weinstein/Eric Lewis on The Portal (with host Eric Weinstein), Ep. #028 - The Singular Genius of Elew.txt
/mnt/c/Users/nateg/OneDrive/Documentos/GitHub/quadrivium/metacrisis/Eric Weinstein/Eric Weinstein (Solo), Ep. #018 of The Portal - Slipping the DISC： State of The Portal⧸Chapter 2020..txt
/mnt/c/Users/nateg/OneDrive/Documentos/GitHub/quadrivium/metacrisis/Eric Weinstein/Garrett Lisi on ＂The Portal＂, Ep. #015 - My Arch-nemesis, Myself. (with host Eric Weinstein).txt
/mnt/c/Users/nateg/OneDrive/Documentos/GitHub/quadrivium/metacrisis/Eric Weinstein/Garry Kasparov on ＂The Portal＂, Ep. #013 - Avoiding Zugzwang in AI and Politics.txt
/mnt/c/Users/nateg/OneDrive/Documentos/GitHub/quadrivium/metacrisis/Eric Weinstein/James O’Keefe on The Portal, Ep. #026 (w E Weinstein) - What is (and isn't) Journalism in the 21stC..txt
/mnt/c/Users/nateg/OneDrive/Documentos/GitHub/quadrivium/metacrisis/Eric Weinstein/Jamie Metzl on The Portal (with host Eric Weinstein) Ep. #029 – The Bio-Hacker will see you now.txt
/mnt/c/Users/nateg/OneDrive/Documentos/GitHub/quadrivium/metacrisis/Eric Weinstein/Jocko Willink on ＂The Portal＂, Episode #006： ＂Jocko Willink： The Way of the Violent Intellectual＂.txt
/mnt/c/Users/nateg/OneDrive/Documentos/GitHub/quadrivium/metacrisis/Eric Weinstein/Julie Lindahl on ＂The Portal＂, Ep. #010- Shaking the poisoned fruit of shame out of the family tree..txt
/mnt/c/Users/nateg/OneDrive/Documentos/GitHub/quadrivium/metacrisis/Eric Weinstein/Kai Lenny on The Portal (with host Eric Weinstein), Ep. #024 - To Play and Flirt with Giants.txt
/mnt/c/Users/nateg/OneDrive/Documentos/GitHub/quadrivium/metacrisis/Eric Weinstein/London Tsai on ＂The Portal＂, Ep. #014 - The Reclusive Dean of The New Escherians.txt
/mnt/c/Users/nateg/OneDrive/Documentos/GitHub/quadrivium/metacrisis/Eric Weinstein/Peter Thiel on ＂The Portal＂, Episode #001： ＂An Era of Stagnation & Universal Institutional Failure.＂.txt
/mnt/c/Users/nateg/OneDrive/Documentos/GitHub/quadrivium/metacrisis/Eric Weinstein/Prof. Agnes Callard on The Portal, Ep. #023 - Courage, Meta-cognitive Detachment and Their Limits.txt
/mnt/c/Users/nateg/OneDrive/Documentos/GitHub/quadrivium/metacrisis/Eric Weinstein/Prof. Timur Kuran on ＂The Portal＂, Episode #004： ＂The Economics of Revolution and Mass Deception.＂.mp4.txt
/mnt/c/Users/nateg/OneDrive/Documentos/GitHub/quadrivium/metacrisis/Eric Weinstein/Rabbi David Wolpe on ＂The Portal＂, Episode #005： “So a Rabbi and an atheist walk into a podcast...”.txt
/mnt/c/Users/nateg/OneDrive/Documentos/GitHub/quadrivium/metacrisis/Eric Weinstein/Roger Penrose on ＂The Portal＂ (w Eric Weinstein), Ep. #020 - Plotting the Twist of Einstein's Legacy.txt
/mnt/c/Users/nateg/OneDrive/Documentos/GitHub/quadrivium/metacrisis/Eric Weinstein/Sam Harris on ＂The Portal＂ with host Eric Weinstein, Ep. #011 - Fighting with Friends..txt
/mnt/c/Users/nateg/OneDrive/Documentos/GitHub/quadrivium/metacrisis/Eric Weinstein/The Portal, Ep. #025 (solo with host Eric Weinstein), The Construct - Jeffrey Epstein.txt
/mnt/c/Users/nateg/OneDrive/Documentos/GitHub/quadrivium/metacrisis/Eric Weinstein/Tyler Cowen on ＂The Portal＂, Ep. #016 (w⧸ Eric Weinstein) - The Revolution Will Not Be Marginalized..txt
/mnt/c/Users/nateg/OneDrive/Documentos/GitHub/quadrivium/metacrisis/Eric Weinstein/Vitalik Buterin on ＂The Portal＂, Ep. #012 - The Ethereal Prince and His Virtual Machine.txt
/mnt/c/Users/nateg/OneDrive/Documentos/GitHub/quadrivium/metacrisis/Eric Weinstein/Werner Herzog on ＂The Portal＂, Episode #003： ＂The Outlaw as Revelator＂.txt
/mnt/c/Users/nateg/OneDrive/Documentos/GitHub/quadrivium/metacrisis/Eric Weinstein/＂The Portal＂, Episode #002： 'What is ＂The Portal＂？'.txt
