/mnt/c/Users/nateg/OneDrive/Documentos/GitHub/quadrivium/cognetics/Great Ideas of Philosophy/L01.50 - From the Upanishads to Homer.txt
/mnt/c/Users/nateg/OneDrive/Documentos/GitHub/quadrivium/cognetics/Great Ideas of Philosophy/L02.50 - What is it and did the Greeks invent it.txt
/mnt/c/Users/nateg/OneDrive/Documentos/GitHub/quadrivium/cognetics/Great Ideas of Philosophy/L03.50 - Pythagoras & the divinity of Number.txt
/mnt/c/Users/nateg/OneDrive/Documentos/GitHub/quadrivium/cognetics/Great Ideas of Philosophy/L04.50 - What is there - The Pre-Socratics and the ultimate stuff.txt
/mnt/c/Users/nateg/OneDrive/Documentos/GitHub/quadrivium/cognetics/Great Ideas of Philosophy/L05.50 - Is Medea guilty as charged.txt
/mnt/c/Users/nateg/OneDrive/Documentos/GitHub/quadrivium/cognetics/Great Ideas of Philosophy/L06.50 - Know thyself - Herodotus and the lamp of History.txt
/mnt/c/Users/nateg/OneDrive/Documentos/GitHub/quadrivium/cognetics/Great Ideas of Philosophy/L07.50 - Socrates on the examined life.txt
/mnt/c/Users/nateg/OneDrive/Documentos/GitHub/quadrivium/cognetics/Great Ideas of Philosophy/L08.50 - Plato's search for Truth.txt
/mnt/c/Users/nateg/OneDrive/Documentos/GitHub/quadrivium/cognetics/Great Ideas of Philosophy/L09.50 - Can virtue be taught.txt
/mnt/c/Users/nateg/OneDrive/Documentos/GitHub/quadrivium/cognetics/Great Ideas of Philosophy/L10.50 - Plato's Republic - Man writ large.txt
/mnt/c/Users/nateg/OneDrive/Documentos/GitHub/quadrivium/cognetics/Great Ideas of Philosophy/L11.50 - Mind and Body - Hippocrates and the science of Life.txt
/mnt/c/Users/nateg/OneDrive/Documentos/GitHub/quadrivium/cognetics/Great Ideas of Philosophy/L12.50 - Aristotle on the knowable.txt
/mnt/c/Users/nateg/OneDrive/Documentos/GitHub/quadrivium/cognetics/Great Ideas of Philosophy/L13.50 - Aristotle on friendship.txt
/mnt/c/Users/nateg/OneDrive/Documentos/GitHub/quadrivium/cognetics/Great Ideas of Philosophy/L14.50 - Aristotle on the perfect life.txt
/mnt/c/Users/nateg/OneDrive/Documentos/GitHub/quadrivium/cognetics/Great Ideas of Philosophy/L15.50 - Rome, the Stoics, and the rule of Law.txt
/mnt/c/Users/nateg/OneDrive/Documentos/GitHub/quadrivium/cognetics/Great Ideas of Philosophy/L16.50 - The Stoic bridge to Christianity.txt
/mnt/c/Users/nateg/OneDrive/Documentos/GitHub/quadrivium/cognetics/Great Ideas of Philosophy/L17.50 - Roman law - Making a city of the once-wide world.txt
/mnt/c/Users/nateg/OneDrive/Documentos/GitHub/quadrivium/cognetics/Great Ideas of Philosophy/L18.50 - The light within - Augustine's idea of human nature.txt
/mnt/c/Users/nateg/OneDrive/Documentos/GitHub/quadrivium/cognetics/Great Ideas of Philosophy/L19.50 - Islam.txt
/mnt/c/Users/nateg/OneDrive/Documentos/GitHub/quadrivium/cognetics/Great Ideas of Philosophy/L20.50 - Secular knowledge - The idea of the University.txt
/mnt/c/Users/nateg/OneDrive/Documentos/GitHub/quadrivium/cognetics/Great Ideas of Philosophy/L21.50 - Facts & values - The reappearance of experimental science.txt
/mnt/c/Users/nateg/OneDrive/Documentos/GitHub/quadrivium/cognetics/Great Ideas of Philosophy/L22.50 - Scholasticism and the theory of Natural Law.txt
/mnt/c/Users/nateg/OneDrive/Documentos/GitHub/quadrivium/cognetics/Great Ideas of Philosophy/L23.50 - Erasmus and Luther · Humanism and Fundamentalism.txt
/mnt/c/Users/nateg/OneDrive/Documentos/GitHub/quadrivium/cognetics/Great Ideas of Philosophy/L24.50 - Let us burn the witches to save them.txt
/mnt/c/Users/nateg/OneDrive/Documentos/GitHub/quadrivium/cognetics/Great Ideas of Philosophy/L25.50 - Francis Bacon's Great Instauration.txt
/mnt/c/Users/nateg/OneDrive/Documentos/GitHub/quadrivium/cognetics/Great Ideas of Philosophy/L26.50 - Descartes & the skeptical mind - The authority of reason.txt
/mnt/c/Users/nateg/OneDrive/Documentos/GitHub/quadrivium/cognetics/Great Ideas of Philosophy/L27.50 - Newton - The saint of science.txt
/mnt/c/Users/nateg/OneDrive/Documentos/GitHub/quadrivium/cognetics/Great Ideas of Philosophy/L28.50 - The social machine - Thomas Hobbes's Leviathan.txt
/mnt/c/Users/nateg/OneDrive/Documentos/GitHub/quadrivium/cognetics/Great Ideas of Philosophy/L29.50 - Newtonian science of mind - John Locke.txt
/mnt/c/Users/nateg/OneDrive/Documentos/GitHub/quadrivium/cognetics/Great Ideas of Philosophy/L30.50 - No matter Never mind! - Berkeley.txt
/mnt/c/Users/nateg/OneDrive/Documentos/GitHub/quadrivium/cognetics/Great Ideas of Philosophy/L31.50 - Skepticism & the Pursuit of Happiness - David Hume.txt
/mnt/c/Users/nateg/OneDrive/Documentos/GitHub/quadrivium/cognetics/Great Ideas of Philosophy/L32.50 - Common sense & divine providence - Thomas Reid.txt
/mnt/c/Users/nateg/OneDrive/Documentos/GitHub/quadrivium/cognetics/Great Ideas of Philosophy/L33.50 - The play of mind & the salons of dissent - France.txt
/mnt/c/Users/nateg/OneDrive/Documentos/GitHub/quadrivium/cognetics/Great Ideas of Philosophy/L34.50 - The Federalist papers and the Great Experiment.txt
/mnt/c/Users/nateg/OneDrive/Documentos/GitHub/quadrivium/cognetics/Great Ideas of Philosophy/L35.50 - What is Enlightenment - Kant.txt
/mnt/c/Users/nateg/OneDrive/Documentos/GitHub/quadrivium/cognetics/Great Ideas of Philosophy/L36.50 - Moral science & the natural world - Kant.txt
/mnt/c/Users/nateg/OneDrive/Documentos/GitHub/quadrivium/cognetics/Great Ideas of Philosophy/L37.50 - The Phrenologists - Early sciences of mind & brain.txt
/mnt/c/Users/nateg/OneDrive/Documentos/GitHub/quadrivium/cognetics/Great Ideas of Philosophy/L38.50 - The idea of Freedom.txt
/mnt/c/Users/nateg/OneDrive/Documentos/GitHub/quadrivium/cognetics/Great Ideas of Philosophy/L39.50 - Human history as the unfolding of the Ideal Hegel.txt
/mnt/c/Users/nateg/OneDrive/Documentos/GitHub/quadrivium/cognetics/Great Ideas of Philosophy/L40.50 - The world as the gift of Genius - The Aesthetic movement.txt
/mnt/c/Users/nateg/OneDrive/Documentos/GitHub/quadrivium/cognetics/Great Ideas of Philosophy/L41.50 - Dark corners of the soul - Nietzsche at the twilight.txt
/mnt/c/Users/nateg/OneDrive/Documentos/GitHub/quadrivium/cognetics/Great Ideas of Philosophy/L42.50 - The Liberal tradition - John Stuart Mill on Liberty.txt
/mnt/c/Users/nateg/OneDrive/Documentos/GitHub/quadrivium/cognetics/Great Ideas of Philosophy/L43.50 - Survival of the fittest - Darwin.txt
/mnt/c/Users/nateg/OneDrive/Documentos/GitHub/quadrivium/cognetics/Great Ideas of Philosophy/L44.50 - Marxism - Dead but not forgotten.txt
/mnt/c/Users/nateg/OneDrive/Documentos/GitHub/quadrivium/cognetics/Great Ideas of Philosophy/L45.50 - The Freudian world.txt
/mnt/c/Users/nateg/OneDrive/Documentos/GitHub/quadrivium/cognetics/Great Ideas of Philosophy/L46.50 - Yankee thought in a world of mystery William James.txt
/mnt/c/Users/nateg/OneDrive/Documentos/GitHub/quadrivium/cognetics/Great Ideas of Philosophy/L47.50 - William James's Pragmatism.txt
/mnt/c/Users/nateg/OneDrive/Documentos/GitHub/quadrivium/cognetics/Great Ideas of Philosophy/L48.50 - Helping the fly out of the bottle - Wittgenstein.txt
/mnt/c/Users/nateg/OneDrive/Documentos/GitHub/quadrivium/cognetics/Great Ideas of Philosophy/L49.50 - Breaking the Code - Alan Turing in the forest of wisdom.txt
/mnt/c/Users/nateg/OneDrive/Documentos/GitHub/quadrivium/cognetics/Great Ideas of Philosophy/L50.50 - Four Theories of the Good Life - From Saints to Heroes to Brains in Vats.txt
