/mnt/c/Users/nateg/OneDrive/Documentos/GitHub/quadrivium/foresight/Chris Williamson/15 Harsh Psychology Facts That Will Make Your Life Better - Adam Lane Smith.txt
/mnt/c/Users/nateg/OneDrive/Documentos/GitHub/quadrivium/foresight/Chris Williamson/After A Few Minutes Of Social Media, This Happens - Neuroscientist Andrew Huberman.txt
/mnt/c/Users/nateg/OneDrive/Documentos/GitHub/quadrivium/foresight/Chris Williamson/Billionaire Investor Predicts The Next Economic Cycle - Ray Dalio.txt
/mnt/c/Users/nateg/OneDrive/Documentos/GitHub/quadrivium/foresight/Chris Williamson/Brace Yourself For The Collapse Of Modern Society - Peter Zeihan.txt
/mnt/c/Users/nateg/OneDrive/Documentos/GitHub/quadrivium/foresight/Chris Williamson/Control Your Mind For Extreme Motivation And Focus (4K) - Andrew Huberman.txt
/mnt/c/Users/nateg/OneDrive/Documentos/GitHub/quadrivium/foresight/Chris Williamson/Daniel Schmachtenberger ｜ Reality, Meaning & Self-Development ｜ Modern Wisdom Podcast 179.txt
/mnt/c/Users/nateg/OneDrive/Documentos/GitHub/quadrivium/foresight/Chris Williamson/Eric Weinstein - Why No One Can Agree On The Truth Anymore (4K).txt
/mnt/c/Users/nateg/OneDrive/Documentos/GitHub/quadrivium/foresight/Chris Williamson/Greenpeace's Ex-President - Is Climate Change Fake？ - Patrick Moore ｜ Modern Wisdom Podcast 373.txt
/mnt/c/Users/nateg/OneDrive/Documentos/GitHub/quadrivium/foresight/Chris Williamson/Harvard Professor： Stop Feeling Lost & Find Your True Purpose - Arthur Brooks.txt
/mnt/c/Users/nateg/OneDrive/Documentos/GitHub/quadrivium/foresight/Chris Williamson/How Will Korea Survive A 94% Population Reduction？ - Malcolm Collins.txt
/mnt/c/Users/nateg/OneDrive/Documentos/GitHub/quadrivium/foresight/Chris Williamson/Jordan Peterson - Comfort Will Kill Your Soul.txt
/mnt/c/Users/nateg/OneDrive/Documentos/GitHub/quadrivium/foresight/Chris Williamson/Patrick Bet-David - Why Does No One Trust The Media Anymore？ (4K).txt
/mnt/c/Users/nateg/OneDrive/Documentos/GitHub/quadrivium/foresight/Chris Williamson/The Dark Side Of Hookup Culture - Louise Perry.txt
/mnt/c/Users/nateg/OneDrive/Documentos/GitHub/quadrivium/foresight/Chris Williamson/The Real Agenda Of Those In Power - Rob Henderson.txt
/mnt/c/Users/nateg/OneDrive/Documentos/GitHub/quadrivium/foresight/Chris Williamson/The Research On Sexuality They Don't Want You to See - Michael Bailey.txt
/mnt/c/Users/nateg/OneDrive/Documentos/GitHub/quadrivium/foresight/Chris Williamson/The Ugly Decline Of Morality In The Digital Age - Alex O’Connor (4K).txt
/mnt/c/Users/nateg/OneDrive/Documentos/GitHub/quadrivium/foresight/Chris Williamson/The Wisdom Of Intuition - Iain McGilchrist.txt
/mnt/c/Users/nateg/OneDrive/Documentos/GitHub/quadrivium/foresight/Chris Williamson/What Being A ＂Nice Guy＂ Actually Signals To Women - Dr Robert Glover.txt
/mnt/c/Users/nateg/OneDrive/Documentos/GitHub/quadrivium/foresight/Chris Williamson/Why Are We Glorifying Insanity？ - Konstantin Kisin (4K).txt
/mnt/c/Users/nateg/OneDrive/Documentos/GitHub/quadrivium/foresight/Chris Williamson/Why Can Nobody Think For Themselves Anymore？ - Douglas Murray (4K).txt
/mnt/c/Users/nateg/OneDrive/Documentos/GitHub/quadrivium/foresight/Chris Williamson/Why You Should Take The White Pill - Michael Malice.txt
