/mnt/c/Users/nateg/OneDrive/Documentos/GitHub/quadrivium/cognetics/Science in the Twentieth Century/01-01 - The Evolution of 20th-Century Science.txt
/mnt/c/Users/nateg/OneDrive/Documentos/GitHub/quadrivium/cognetics/Science in the Twentieth Century/01-02 - The Evolution of 20th-Century Science.txt
/mnt/c/Users/nateg/OneDrive/Documentos/GitHub/quadrivium/cognetics/Science in the Twentieth Century/01-03 - The Evolution of 20th-Century Science.txt
/mnt/c/Users/nateg/OneDrive/Documentos/GitHub/quadrivium/cognetics/Science in the Twentieth Century/01-04 - The Evolution of 20th-Century Science.txt
/mnt/c/Users/nateg/OneDrive/Documentos/GitHub/quadrivium/cognetics/Science in the Twentieth Century/01-05 - The Evolution of 20th-Century Science.txt
/mnt/c/Users/nateg/OneDrive/Documentos/GitHub/quadrivium/cognetics/Science in the Twentieth Century/01-06 - The Evolution of 20th-Century Science.txt
/mnt/c/Users/nateg/OneDrive/Documentos/GitHub/quadrivium/cognetics/Science in the Twentieth Century/01-07 - Redefining Reality.txt
/mnt/c/Users/nateg/OneDrive/Documentos/GitHub/quadrivium/cognetics/Science in the Twentieth Century/01-08 - Redefining Reality.txt
/mnt/c/Users/nateg/OneDrive/Documentos/GitHub/quadrivium/cognetics/Science in the Twentieth Century/01-09 - Redefining Reality.txt
/mnt/c/Users/nateg/OneDrive/Documentos/GitHub/quadrivium/cognetics/Science in the Twentieth Century/01-10 - Redefining Reality.txt
/mnt/c/Users/nateg/OneDrive/Documentos/GitHub/quadrivium/cognetics/Science in the Twentieth Century/01-11 - Redefining Reality.txt
/mnt/c/Users/nateg/OneDrive/Documentos/GitHub/quadrivium/cognetics/Science in the Twentieth Century/01-12 - Redefining Reality.txt
/mnt/c/Users/nateg/OneDrive/Documentos/GitHub/quadrivium/cognetics/Science in the Twentieth Century/02-01 - Quantum Theory Makes Its Appearance.txt
/mnt/c/Users/nateg/OneDrive/Documentos/GitHub/quadrivium/cognetics/Science in the Twentieth Century/02-02 - Quantum Theory Makes Its Appearance.txt
/mnt/c/Users/nateg/OneDrive/Documentos/GitHub/quadrivium/cognetics/Science in the Twentieth Century/02-03 - Quantum Theory Makes Its Appearance.txt
/mnt/c/Users/nateg/OneDrive/Documentos/GitHub/quadrivium/cognetics/Science in the Twentieth Century/02-04 - Quantum Theory Makes Its Appearance.txt
/mnt/c/Users/nateg/OneDrive/Documentos/GitHub/quadrivium/cognetics/Science in the Twentieth Century/02-05 - Quantum Theory Makes Its Appearance.txt
/mnt/c/Users/nateg/OneDrive/Documentos/GitHub/quadrivium/cognetics/Science in the Twentieth Century/02-06 - Quantum Theory Makes Its Appearance.txt
/mnt/c/Users/nateg/OneDrive/Documentos/GitHub/quadrivium/cognetics/Science in the Twentieth Century/02-07 - The Heroic Old Age of Quantum Theory.txt
/mnt/c/Users/nateg/OneDrive/Documentos/GitHub/quadrivium/cognetics/Science in the Twentieth Century/02-08 - The Heroic Old Age of Quantum Theory.txt
/mnt/c/Users/nateg/OneDrive/Documentos/GitHub/quadrivium/cognetics/Science in the Twentieth Century/02-09 - The Heroic Old Age of Quantum Theory.txt
/mnt/c/Users/nateg/OneDrive/Documentos/GitHub/quadrivium/cognetics/Science in the Twentieth Century/02-10 - The Heroic Old Age of Quantum Theory.txt
/mnt/c/Users/nateg/OneDrive/Documentos/GitHub/quadrivium/cognetics/Science in the Twentieth Century/02-11 - The Heroic Old Age of Quantum Theory.txt
/mnt/c/Users/nateg/OneDrive/Documentos/GitHub/quadrivium/cognetics/Science in the Twentieth Century/02-12 - The Heroic Old Age of Quantum Theory.txt
/mnt/c/Users/nateg/OneDrive/Documentos/GitHub/quadrivium/cognetics/Science in the Twentieth Century/03-01 - A Newer Theory-QED.txt
/mnt/c/Users/nateg/OneDrive/Documentos/GitHub/quadrivium/cognetics/Science in the Twentieth Century/03-02 - A Newer Theory-QED.txt
/mnt/c/Users/nateg/OneDrive/Documentos/GitHub/quadrivium/cognetics/Science in the Twentieth Century/03-03 - A Newer Theory-QED.txt
/mnt/c/Users/nateg/OneDrive/Documentos/GitHub/quadrivium/cognetics/Science in the Twentieth Century/03-04 - A Newer Theory-QED.txt
/mnt/c/Users/nateg/OneDrive/Documentos/GitHub/quadrivium/cognetics/Science in the Twentieth Century/03-05 - A Newer Theory-QED.txt
/mnt/c/Users/nateg/OneDrive/Documentos/GitHub/quadrivium/cognetics/Science in the Twentieth Century/03-06 - A Newer Theory-QED.txt
/mnt/c/Users/nateg/OneDrive/Documentos/GitHub/quadrivium/cognetics/Science in the Twentieth Century/03-07 - QED Meets Fission and Fusion.txt
/mnt/c/Users/nateg/OneDrive/Documentos/GitHub/quadrivium/cognetics/Science in the Twentieth Century/03-08 - QED Meets Fission and Fusion.txt
/mnt/c/Users/nateg/OneDrive/Documentos/GitHub/quadrivium/cognetics/Science in the Twentieth Century/03-09 - QED Meets Fission and Fusion.txt
/mnt/c/Users/nateg/OneDrive/Documentos/GitHub/quadrivium/cognetics/Science in the Twentieth Century/03-10 - QED Meets Fission and Fusion.txt
/mnt/c/Users/nateg/OneDrive/Documentos/GitHub/quadrivium/cognetics/Science in the Twentieth Century/03-11 - QED Meets Fission and Fusion.txt
/mnt/c/Users/nateg/OneDrive/Documentos/GitHub/quadrivium/cognetics/Science in the Twentieth Century/03-12 - QED Meets Fission and Fusion.txt
/mnt/c/Users/nateg/OneDrive/Documentos/GitHub/quadrivium/cognetics/Science in the Twentieth Century/04-01 - Learning by Smashing.txt
/mnt/c/Users/nateg/OneDrive/Documentos/GitHub/quadrivium/cognetics/Science in the Twentieth Century/04-02 - Learning by Smashing.txt
/mnt/c/Users/nateg/OneDrive/Documentos/GitHub/quadrivium/cognetics/Science in the Twentieth Century/04-03 - Learning by Smashing.txt
/mnt/c/Users/nateg/OneDrive/Documentos/GitHub/quadrivium/cognetics/Science in the Twentieth Century/04-04 - Learning by Smashing.txt
/mnt/c/Users/nateg/OneDrive/Documentos/GitHub/quadrivium/cognetics/Science in the Twentieth Century/04-05 - Learning by Smashing.txt
/mnt/c/Users/nateg/OneDrive/Documentos/GitHub/quadrivium/cognetics/Science in the Twentieth Century/04-06 - Learning by Smashing.txt
/mnt/c/Users/nateg/OneDrive/Documentos/GitHub/quadrivium/cognetics/Science in the Twentieth Century/04-07 - What Good is QED.txt
/mnt/c/Users/nateg/OneDrive/Documentos/GitHub/quadrivium/cognetics/Science in the Twentieth Century/04-08 - What Good is QED.txt
/mnt/c/Users/nateg/OneDrive/Documentos/GitHub/quadrivium/cognetics/Science in the Twentieth Century/04-09 - What Good is QED.txt
/mnt/c/Users/nateg/OneDrive/Documentos/GitHub/quadrivium/cognetics/Science in the Twentieth Century/04-10 - What Good is QED.txt
/mnt/c/Users/nateg/OneDrive/Documentos/GitHub/quadrivium/cognetics/Science in the Twentieth Century/04-11 - What Good is QED.txt
/mnt/c/Users/nateg/OneDrive/Documentos/GitHub/quadrivium/cognetics/Science in the Twentieth Century/04-12 - What Good is QED.txt
/mnt/c/Users/nateg/OneDrive/Documentos/GitHub/quadrivium/cognetics/Science in the Twentieth Century/05-01 - The Newest Theory-Quantum Chromodynamics.txt
/mnt/c/Users/nateg/OneDrive/Documentos/GitHub/quadrivium/cognetics/Science in the Twentieth Century/05-02 - The Newest Theory-Quantum Chromodynamics.txt
/mnt/c/Users/nateg/OneDrive/Documentos/GitHub/quadrivium/cognetics/Science in the Twentieth Century/05-03 - The Newest Theory-Quantum Chromodynamics.txt
/mnt/c/Users/nateg/OneDrive/Documentos/GitHub/quadrivium/cognetics/Science in the Twentieth Century/05-04 - The Newest Theory-Quantum Chromodynamics.txt
/mnt/c/Users/nateg/OneDrive/Documentos/GitHub/quadrivium/cognetics/Science in the Twentieth Century/05-05 - The Newest Theory-Quantum Chromodynamics.txt
/mnt/c/Users/nateg/OneDrive/Documentos/GitHub/quadrivium/cognetics/Science in the Twentieth Century/05-06 - The Newest Theory-Quantum Chromodynamics.txt
/mnt/c/Users/nateg/OneDrive/Documentos/GitHub/quadrivium/cognetics/Science in the Twentieth Century/05-07 - Unifying Nature.1.txt
/mnt/c/Users/nateg/OneDrive/Documentos/GitHub/quadrivium/cognetics/Science in the Twentieth Century/05-07 - Unifying Nature.txt
/mnt/c/Users/nateg/OneDrive/Documentos/GitHub/quadrivium/cognetics/Science in the Twentieth Century/05-08 - Unifying Nature.txt
/mnt/c/Users/nateg/OneDrive/Documentos/GitHub/quadrivium/cognetics/Science in the Twentieth Century/05-09 - Unifying Nature.txt
/mnt/c/Users/nateg/OneDrive/Documentos/GitHub/quadrivium/cognetics/Science in the Twentieth Century/05-10 - Unifying Nature.txt
/mnt/c/Users/nateg/OneDrive/Documentos/GitHub/quadrivium/cognetics/Science in the Twentieth Century/05-11 - Unifying Nature.txt
/mnt/c/Users/nateg/OneDrive/Documentos/GitHub/quadrivium/cognetics/Science in the Twentieth Century/05-12 - Unifying Nature.txt
/mnt/c/Users/nateg/OneDrive/Documentos/GitHub/quadrivium/cognetics/Science in the Twentieth Century/06-01 - Chemists Become Designers.txt
/mnt/c/Users/nateg/OneDrive/Documentos/GitHub/quadrivium/cognetics/Science in the Twentieth Century/06-02 - Chemists Become Designers.txt
/mnt/c/Users/nateg/OneDrive/Documentos/GitHub/quadrivium/cognetics/Science in the Twentieth Century/06-03 - Chemists Become Designers.txt
/mnt/c/Users/nateg/OneDrive/Documentos/GitHub/quadrivium/cognetics/Science in the Twentieth Century/06-04 - Chemists Become Designers.txt
/mnt/c/Users/nateg/OneDrive/Documentos/GitHub/quadrivium/cognetics/Science in the Twentieth Century/06-05 - Chemists Become Designers.txt
/mnt/c/Users/nateg/OneDrive/Documentos/GitHub/quadrivium/cognetics/Science in the Twentieth Century/06-06 - Chemists Become Designers.txt
/mnt/c/Users/nateg/OneDrive/Documentos/GitHub/quadrivium/cognetics/Science in the Twentieth Century/06-07 - Mathematics and Truth.txt
/mnt/c/Users/nateg/OneDrive/Documentos/GitHub/quadrivium/cognetics/Science in the Twentieth Century/06-08 - Mathematics and Truth.txt
/mnt/c/Users/nateg/OneDrive/Documentos/GitHub/quadrivium/cognetics/Science in the Twentieth Century/06-09 - Mathematics and Truth.txt
/mnt/c/Users/nateg/OneDrive/Documentos/GitHub/quadrivium/cognetics/Science in the Twentieth Century/06-10 - Mathematics and Truth.txt
/mnt/c/Users/nateg/OneDrive/Documentos/GitHub/quadrivium/cognetics/Science in the Twentieth Century/06-11 - Mathematics and Truth.txt
/mnt/c/Users/nateg/OneDrive/Documentos/GitHub/quadrivium/cognetics/Science in the Twentieth Century/06-12 - Mathematics and Truth.txt
/mnt/c/Users/nateg/OneDrive/Documentos/GitHub/quadrivium/cognetics/Science in the Twentieth Century/07-01 - Mathematics and Reality.txt
/mnt/c/Users/nateg/OneDrive/Documentos/GitHub/quadrivium/cognetics/Science in the Twentieth Century/07-02 - Mathematics and Reality.txt
/mnt/c/Users/nateg/OneDrive/Documentos/GitHub/quadrivium/cognetics/Science in the Twentieth Century/07-03 - Mathematics and Reality.txt
/mnt/c/Users/nateg/OneDrive/Documentos/GitHub/quadrivium/cognetics/Science in the Twentieth Century/07-04 - Mathematics and Reality.txt
/mnt/c/Users/nateg/OneDrive/Documentos/GitHub/quadrivium/cognetics/Science in the Twentieth Century/07-05 - Mathematics and Reality.txt
/mnt/c/Users/nateg/OneDrive/Documentos/GitHub/quadrivium/cognetics/Science in the Twentieth Century/07-06 - Mathematics and Reality.txt
/mnt/c/Users/nateg/OneDrive/Documentos/GitHub/quadrivium/cognetics/Science in the Twentieth Century/07-07 - The Universe Expands.txt
/mnt/c/Users/nateg/OneDrive/Documentos/GitHub/quadrivium/cognetics/Science in the Twentieth Century/07-08 - The Universe Expands.txt
/mnt/c/Users/nateg/OneDrive/Documentos/GitHub/quadrivium/cognetics/Science in the Twentieth Century/07-09 - The Universe Expands.txt
/mnt/c/Users/nateg/OneDrive/Documentos/GitHub/quadrivium/cognetics/Science in the Twentieth Century/07-10 - The Universe Expands.txt
/mnt/c/Users/nateg/OneDrive/Documentos/GitHub/quadrivium/cognetics/Science in the Twentieth Century/07-11 - The Universe Expands.txt
/mnt/c/Users/nateg/OneDrive/Documentos/GitHub/quadrivium/cognetics/Science in the Twentieth Century/07-12 - The Universe Expands.txt
/mnt/c/Users/nateg/OneDrive/Documentos/GitHub/quadrivium/cognetics/Science in the Twentieth Century/08-01 - What is the Universe.txt
/mnt/c/Users/nateg/OneDrive/Documentos/GitHub/quadrivium/cognetics/Science in the Twentieth Century/08-02 - What is the Universe.txt
/mnt/c/Users/nateg/OneDrive/Documentos/GitHub/quadrivium/cognetics/Science in the Twentieth Century/08-03 - What is the Universe.txt
/mnt/c/Users/nateg/OneDrive/Documentos/GitHub/quadrivium/cognetics/Science in the Twentieth Century/08-04 - What is the Universe.txt
/mnt/c/Users/nateg/OneDrive/Documentos/GitHub/quadrivium/cognetics/Science in the Twentieth Century/08-05 - What is the Universe.txt
/mnt/c/Users/nateg/OneDrive/Documentos/GitHub/quadrivium/cognetics/Science in the Twentieth Century/08-06 - What is the Universe.txt
/mnt/c/Users/nateg/OneDrive/Documentos/GitHub/quadrivium/cognetics/Science in the Twentieth Century/08-07 - How Do We Know What's Out There.txt
/mnt/c/Users/nateg/OneDrive/Documentos/GitHub/quadrivium/cognetics/Science in the Twentieth Century/08-08 - How Do We Know What's Out There.txt
/mnt/c/Users/nateg/OneDrive/Documentos/GitHub/quadrivium/cognetics/Science in the Twentieth Century/08-09 - How Do We Know What's Out There.txt
/mnt/c/Users/nateg/OneDrive/Documentos/GitHub/quadrivium/cognetics/Science in the Twentieth Century/08-10 - How Do We Know What's Out There.txt
/mnt/c/Users/nateg/OneDrive/Documentos/GitHub/quadrivium/cognetics/Science in the Twentieth Century/08-11 - How Do We Know What's Out There.txt
/mnt/c/Users/nateg/OneDrive/Documentos/GitHub/quadrivium/cognetics/Science in the Twentieth Century/08-12 - How Do We Know What's Out There.txt
/mnt/c/Users/nateg/OneDrive/Documentos/GitHub/quadrivium/cognetics/Science in the Twentieth Century/09-01 - From Equilibrium to Dynamism.txt
/mnt/c/Users/nateg/OneDrive/Documentos/GitHub/quadrivium/cognetics/Science in the Twentieth Century/09-02 - From Equilibrium to Dynamism.txt
/mnt/c/Users/nateg/OneDrive/Documentos/GitHub/quadrivium/cognetics/Science in the Twentieth Century/09-03 - From Equilibrium to Dynamism.txt
/mnt/c/Users/nateg/OneDrive/Documentos/GitHub/quadrivium/cognetics/Science in the Twentieth Century/09-04 - From Equilibrium to Dynamism.txt
/mnt/c/Users/nateg/OneDrive/Documentos/GitHub/quadrivium/cognetics/Science in the Twentieth Century/09-05 - From Equilibrium to Dynamism.txt
/mnt/c/Users/nateg/OneDrive/Documentos/GitHub/quadrivium/cognetics/Science in the Twentieth Century/09-06 - From Equilibrium to Dynamism.txt
/mnt/c/Users/nateg/OneDrive/Documentos/GitHub/quadrivium/cognetics/Science in the Twentieth Century/09-07 - Subterranean Fury.txt
/mnt/c/Users/nateg/OneDrive/Documentos/GitHub/quadrivium/cognetics/Science in the Twentieth Century/09-08 - Subterranean Fury.txt
/mnt/c/Users/nateg/OneDrive/Documentos/GitHub/quadrivium/cognetics/Science in the Twentieth Century/09-09 - Subterranean Fury.txt
/mnt/c/Users/nateg/OneDrive/Documentos/GitHub/quadrivium/cognetics/Science in the Twentieth Century/09-10 - Subterranean Fury.txt
/mnt/c/Users/nateg/OneDrive/Documentos/GitHub/quadrivium/cognetics/Science in the Twentieth Century/09-11 - Subterranean Fury.txt
/mnt/c/Users/nateg/OneDrive/Documentos/GitHub/quadrivium/cognetics/Science in the Twentieth Century/09-12 - Subterranean Fury.txt
/mnt/c/Users/nateg/OneDrive/Documentos/GitHub/quadrivium/cognetics/Science in the Twentieth Century/10-01 - Solar System Citizen.txt
/mnt/c/Users/nateg/OneDrive/Documentos/GitHub/quadrivium/cognetics/Science in the Twentieth Century/10-02 - Solar System Citizen.txt
/mnt/c/Users/nateg/OneDrive/Documentos/GitHub/quadrivium/cognetics/Science in the Twentieth Century/10-03 - Solar System Citizen.txt
/mnt/c/Users/nateg/OneDrive/Documentos/GitHub/quadrivium/cognetics/Science in the Twentieth Century/10-04 - Solar System Citizen.txt
/mnt/c/Users/nateg/OneDrive/Documentos/GitHub/quadrivium/cognetics/Science in the Twentieth Century/10-05 - Solar System Citizen.txt
/mnt/c/Users/nateg/OneDrive/Documentos/GitHub/quadrivium/cognetics/Science in the Twentieth Century/10-06 - Solar System Citizen.txt
/mnt/c/Users/nateg/OneDrive/Documentos/GitHub/quadrivium/cognetics/Science in the Twentieth Century/10-07 - Science Organized, Adopted, Co-opted.txt
/mnt/c/Users/nateg/OneDrive/Documentos/GitHub/quadrivium/cognetics/Science in the Twentieth Century/10-08 - Science Organized, Adopted, Co-opted.txt
/mnt/c/Users/nateg/OneDrive/Documentos/GitHub/quadrivium/cognetics/Science in the Twentieth Century/10-09 - Science Organized, Adopted, Co-opted.txt
/mnt/c/Users/nateg/OneDrive/Documentos/GitHub/quadrivium/cognetics/Science in the Twentieth Century/10-10 - Science Organized, Adopted, Co-opted.txt
/mnt/c/Users/nateg/OneDrive/Documentos/GitHub/quadrivium/cognetics/Science in the Twentieth Century/10-11 - Science Organized, Adopted, Co-opted.txt
/mnt/c/Users/nateg/OneDrive/Documentos/GitHub/quadrivium/cognetics/Science in the Twentieth Century/10-12 - Science Organized, Adopted, Co-opted.txt
/mnt/c/Users/nateg/OneDrive/Documentos/GitHub/quadrivium/cognetics/Science in the Twentieth Century/11-01 - Techno-Science and Globalization.txt
/mnt/c/Users/nateg/OneDrive/Documentos/GitHub/quadrivium/cognetics/Science in the Twentieth Century/11-02 - Techno-Science and Globalization.txt
/mnt/c/Users/nateg/OneDrive/Documentos/GitHub/quadrivium/cognetics/Science in the Twentieth Century/11-03 - Techno-Science and Globalization.txt
/mnt/c/Users/nateg/OneDrive/Documentos/GitHub/quadrivium/cognetics/Science in the Twentieth Century/11-04 - Techno-Science and Globalization.txt
/mnt/c/Users/nateg/OneDrive/Documentos/GitHub/quadrivium/cognetics/Science in the Twentieth Century/11-05 - Techno-Science and Globalization.txt
/mnt/c/Users/nateg/OneDrive/Documentos/GitHub/quadrivium/cognetics/Science in the Twentieth Century/11-06 - Techno-Science and Globalization.txt
/mnt/c/Users/nateg/OneDrive/Documentos/GitHub/quadrivium/cognetics/Science in the Twentieth Century/11-07 - The Evolution of Evolution.txt
/mnt/c/Users/nateg/OneDrive/Documentos/GitHub/quadrivium/cognetics/Science in the Twentieth Century/11-08 - The Evolution of Evolution.txt
/mnt/c/Users/nateg/OneDrive/Documentos/GitHub/quadrivium/cognetics/Science in the Twentieth Century/11-09 - The Evolution of Evolution.txt
/mnt/c/Users/nateg/OneDrive/Documentos/GitHub/quadrivium/cognetics/Science in the Twentieth Century/11-10 - The Evolution of Evolution.txt
/mnt/c/Users/nateg/OneDrive/Documentos/GitHub/quadrivium/cognetics/Science in the Twentieth Century/11-11 - The Evolution of Evolution.txt
/mnt/c/Users/nateg/OneDrive/Documentos/GitHub/quadrivium/cognetics/Science in the Twentieth Century/11-12 - The Evolution of Evolution.txt
/mnt/c/Users/nateg/OneDrive/Documentos/GitHub/quadrivium/cognetics/Science in the Twentieth Century/12-01 - Human Evolution.txt
/mnt/c/Users/nateg/OneDrive/Documentos/GitHub/quadrivium/cognetics/Science in the Twentieth Century/12-02 - Human Evolution.txt
/mnt/c/Users/nateg/OneDrive/Documentos/GitHub/quadrivium/cognetics/Science in the Twentieth Century/12-03 - Human Evolution.txt
/mnt/c/Users/nateg/OneDrive/Documentos/GitHub/quadrivium/cognetics/Science in the Twentieth Century/12-04 - Human Evolution.txt
/mnt/c/Users/nateg/OneDrive/Documentos/GitHub/quadrivium/cognetics/Science in the Twentieth Century/12-05 - Human Evolution.txt
/mnt/c/Users/nateg/OneDrive/Documentos/GitHub/quadrivium/cognetics/Science in the Twentieth Century/12-06 - Human Evolution.txt
/mnt/c/Users/nateg/OneDrive/Documentos/GitHub/quadrivium/cognetics/Science in the Twentieth Century/12-07 - Genetics-From Mendel to Molecules.txt
/mnt/c/Users/nateg/OneDrive/Documentos/GitHub/quadrivium/cognetics/Science in the Twentieth Century/12-08 - Genetics-From Mendel to Molecules.txt
/mnt/c/Users/nateg/OneDrive/Documentos/GitHub/quadrivium/cognetics/Science in the Twentieth Century/12-09 - Genetics-From Mendel to Molecules.txt
/mnt/c/Users/nateg/OneDrive/Documentos/GitHub/quadrivium/cognetics/Science in the Twentieth Century/12-10 - Genetics-From Mendel to Molecules.txt
/mnt/c/Users/nateg/OneDrive/Documentos/GitHub/quadrivium/cognetics/Science in the Twentieth Century/12-11 - Genetics-From Mendel to Molecules.txt
/mnt/c/Users/nateg/OneDrive/Documentos/GitHub/quadrivium/cognetics/Science in the Twentieth Century/12-12 - Genetics-From Mendel to Molecules.txt
/mnt/c/Users/nateg/OneDrive/Documentos/GitHub/quadrivium/cognetics/Science in the Twentieth Century/13-01 - Molecular Biology.txt
/mnt/c/Users/nateg/OneDrive/Documentos/GitHub/quadrivium/cognetics/Science in the Twentieth Century/13-02 - Molecular Biology.txt
/mnt/c/Users/nateg/OneDrive/Documentos/GitHub/quadrivium/cognetics/Science in the Twentieth Century/13-03 - Molecular Biology.txt
/mnt/c/Users/nateg/OneDrive/Documentos/GitHub/quadrivium/cognetics/Science in the Twentieth Century/13-04 - Molecular Biology.txt
/mnt/c/Users/nateg/OneDrive/Documentos/GitHub/quadrivium/cognetics/Science in the Twentieth Century/13-05 - Molecular Biology.txt
/mnt/c/Users/nateg/OneDrive/Documentos/GitHub/quadrivium/cognetics/Science in the Twentieth Century/13-06 - Molecular Biology.txt
/mnt/c/Users/nateg/OneDrive/Documentos/GitHub/quadrivium/cognetics/Science in the Twentieth Century/13-07 - Molecular Medicine.txt
/mnt/c/Users/nateg/OneDrive/Documentos/GitHub/quadrivium/cognetics/Science in the Twentieth Century/13-08 - Molecular Medicine.txt
/mnt/c/Users/nateg/OneDrive/Documentos/GitHub/quadrivium/cognetics/Science in the Twentieth Century/13-09 - Molecular Medicine.txt
/mnt/c/Users/nateg/OneDrive/Documentos/GitHub/quadrivium/cognetics/Science in the Twentieth Century/13-10 - Molecular Medicine.txt
/mnt/c/Users/nateg/OneDrive/Documentos/GitHub/quadrivium/cognetics/Science in the Twentieth Century/13-11 - Molecular Medicine.txt
/mnt/c/Users/nateg/OneDrive/Documentos/GitHub/quadrivium/cognetics/Science in the Twentieth Century/13-12 - Molecular Medicine.txt
/mnt/c/Users/nateg/OneDrive/Documentos/GitHub/quadrivium/cognetics/Science in the Twentieth Century/14-01 - Culture-Anthropology and Archaeology.txt
/mnt/c/Users/nateg/OneDrive/Documentos/GitHub/quadrivium/cognetics/Science in the Twentieth Century/14-02 - Culture-Anthropology and Archaeology.txt
/mnt/c/Users/nateg/OneDrive/Documentos/GitHub/quadrivium/cognetics/Science in the Twentieth Century/14-03 - Culture-Anthropology and Archaeology.txt
/mnt/c/Users/nateg/OneDrive/Documentos/GitHub/quadrivium/cognetics/Science in the Twentieth Century/14-04 - Culture-Anthropology and Archaeology.txt
/mnt/c/Users/nateg/OneDrive/Documentos/GitHub/quadrivium/cognetics/Science in the Twentieth Century/14-05 - Culture-Anthropology and Archaeology.txt
/mnt/c/Users/nateg/OneDrive/Documentos/GitHub/quadrivium/cognetics/Science in the Twentieth Century/14-06 - Culture-Anthropology and Archaeology.txt
/mnt/c/Users/nateg/OneDrive/Documentos/GitHub/quadrivium/cognetics/Science in the Twentieth Century/14-07 - Culture-History.txt
/mnt/c/Users/nateg/OneDrive/Documentos/GitHub/quadrivium/cognetics/Science in the Twentieth Century/14-08 - Culture-History.txt
/mnt/c/Users/nateg/OneDrive/Documentos/GitHub/quadrivium/cognetics/Science in the Twentieth Century/14-09 - Culture-History.txt
/mnt/c/Users/nateg/OneDrive/Documentos/GitHub/quadrivium/cognetics/Science in the Twentieth Century/14-10 - Culture-History.txt
/mnt/c/Users/nateg/OneDrive/Documentos/GitHub/quadrivium/cognetics/Science in the Twentieth Century/14-11 - Culture-History.txt
/mnt/c/Users/nateg/OneDrive/Documentos/GitHub/quadrivium/cognetics/Science in the Twentieth Century/14-12 - Culture-History.txt
/mnt/c/Users/nateg/OneDrive/Documentos/GitHub/quadrivium/cognetics/Science in the Twentieth Century/15-01 - Culture-Linguistics.txt
/mnt/c/Users/nateg/OneDrive/Documentos/GitHub/quadrivium/cognetics/Science in the Twentieth Century/15-02 - Culture-Linguistics.txt
/mnt/c/Users/nateg/OneDrive/Documentos/GitHub/quadrivium/cognetics/Science in the Twentieth Century/15-03 - Culture-Linguistics.txt
/mnt/c/Users/nateg/OneDrive/Documentos/GitHub/quadrivium/cognetics/Science in the Twentieth Century/15-04 - Culture-Linguistics.txt
/mnt/c/Users/nateg/OneDrive/Documentos/GitHub/quadrivium/cognetics/Science in the Twentieth Century/15-05 - Culture-Linguistics.txt
/mnt/c/Users/nateg/OneDrive/Documentos/GitHub/quadrivium/cognetics/Science in the Twentieth Century/15-06 - Culture-Linguistics.txt
/mnt/c/Users/nateg/OneDrive/Documentos/GitHub/quadrivium/cognetics/Science in the Twentieth Century/15-07 - Society-Sociology.txt
/mnt/c/Users/nateg/OneDrive/Documentos/GitHub/quadrivium/cognetics/Science in the Twentieth Century/15-08 - Society-Sociology.txt
/mnt/c/Users/nateg/OneDrive/Documentos/GitHub/quadrivium/cognetics/Science in the Twentieth Century/15-09 - Society-Sociology.txt
/mnt/c/Users/nateg/OneDrive/Documentos/GitHub/quadrivium/cognetics/Science in the Twentieth Century/15-10 - Society-Sociology.txt
/mnt/c/Users/nateg/OneDrive/Documentos/GitHub/quadrivium/cognetics/Science in the Twentieth Century/15-11 - Society-Sociology.txt
/mnt/c/Users/nateg/OneDrive/Documentos/GitHub/quadrivium/cognetics/Science in the Twentieth Century/15-12 - Society-Sociology.txt
/mnt/c/Users/nateg/OneDrive/Documentos/GitHub/quadrivium/cognetics/Science in the Twentieth Century/16-01 - Society-Political Science.txt
/mnt/c/Users/nateg/OneDrive/Documentos/GitHub/quadrivium/cognetics/Science in the Twentieth Century/16-02 - Society-Political Science.txt
/mnt/c/Users/nateg/OneDrive/Documentos/GitHub/quadrivium/cognetics/Science in the Twentieth Century/16-03 - Society-Political Science.txt
/mnt/c/Users/nateg/OneDrive/Documentos/GitHub/quadrivium/cognetics/Science in the Twentieth Century/16-04 - Society-Political Science.txt
/mnt/c/Users/nateg/OneDrive/Documentos/GitHub/quadrivium/cognetics/Science in the Twentieth Century/16-05 - Society-Political Science.txt
/mnt/c/Users/nateg/OneDrive/Documentos/GitHub/quadrivium/cognetics/Science in the Twentieth Century/16-06 - Society-Political Science.txt
/mnt/c/Users/nateg/OneDrive/Documentos/GitHub/quadrivium/cognetics/Science in the Twentieth Century/16-07 - Society-Economics.txt
/mnt/c/Users/nateg/OneDrive/Documentos/GitHub/quadrivium/cognetics/Science in the Twentieth Century/16-08 - Society-Economics.txt
/mnt/c/Users/nateg/OneDrive/Documentos/GitHub/quadrivium/cognetics/Science in the Twentieth Century/16-09 - Society-Economics.txt
/mnt/c/Users/nateg/OneDrive/Documentos/GitHub/quadrivium/cognetics/Science in the Twentieth Century/16-10 - Society-Economics.txt
/mnt/c/Users/nateg/OneDrive/Documentos/GitHub/quadrivium/cognetics/Science in the Twentieth Century/16-11 - Society-Economics.txt
/mnt/c/Users/nateg/OneDrive/Documentos/GitHub/quadrivium/cognetics/Science in the Twentieth Century/16-12 - Society-Economics.txt
/mnt/c/Users/nateg/OneDrive/Documentos/GitHub/quadrivium/cognetics/Science in the Twentieth Century/17-01 - Mind-Classical and Behavioral Psychology.txt
/mnt/c/Users/nateg/OneDrive/Documentos/GitHub/quadrivium/cognetics/Science in the Twentieth Century/17-02 - Mind-Classical and Behavioral Psychology.txt
/mnt/c/Users/nateg/OneDrive/Documentos/GitHub/quadrivium/cognetics/Science in the Twentieth Century/17-03 - Mind-Classical and Behavioral Psychology.txt
/mnt/c/Users/nateg/OneDrive/Documentos/GitHub/quadrivium/cognetics/Science in the Twentieth Century/17-04 - Mind-Classical and Behavioral Psychology.txt
/mnt/c/Users/nateg/OneDrive/Documentos/GitHub/quadrivium/cognetics/Science in the Twentieth Century/17-05 - Mind-Classical and Behavioral Psychology.txt
/mnt/c/Users/nateg/OneDrive/Documentos/GitHub/quadrivium/cognetics/Science in the Twentieth Century/17-06 - Mind-Classical and Behavioral Psychology.txt
/mnt/c/Users/nateg/OneDrive/Documentos/GitHub/quadrivium/cognetics/Science in the Twentieth Century/17-07 - Mind-Cybernetics, AI, Connectionism.txt
/mnt/c/Users/nateg/OneDrive/Documentos/GitHub/quadrivium/cognetics/Science in the Twentieth Century/17-08 - Mind-Cybernetics, AI, Connectionism.txt
/mnt/c/Users/nateg/OneDrive/Documentos/GitHub/quadrivium/cognetics/Science in the Twentieth Century/17-09 - Mind-Cybernetics, AI, Connectionism.txt
/mnt/c/Users/nateg/OneDrive/Documentos/GitHub/quadrivium/cognetics/Science in the Twentieth Century/17-10 - Mind-Cybernetics, AI, Connectionism.txt
/mnt/c/Users/nateg/OneDrive/Documentos/GitHub/quadrivium/cognetics/Science in the Twentieth Century/17-11 - Mind-Cybernetics, AI, Connectionism.txt
/mnt/c/Users/nateg/OneDrive/Documentos/GitHub/quadrivium/cognetics/Science in the Twentieth Century/17-12 - Mind-Cybernetics, AI, Connectionism.txt
/mnt/c/Users/nateg/OneDrive/Documentos/GitHub/quadrivium/cognetics/Science in the Twentieth Century/18-01 - Looking Back.txt
/mnt/c/Users/nateg/OneDrive/Documentos/GitHub/quadrivium/cognetics/Science in the Twentieth Century/18-02 - Looking Back.txt
/mnt/c/Users/nateg/OneDrive/Documentos/GitHub/quadrivium/cognetics/Science in the Twentieth Century/18-03 - Looking Back.txt
/mnt/c/Users/nateg/OneDrive/Documentos/GitHub/quadrivium/cognetics/Science in the Twentieth Century/18-04 - Looking Back.txt
/mnt/c/Users/nateg/OneDrive/Documentos/GitHub/quadrivium/cognetics/Science in the Twentieth Century/18-05 - Looking Back.txt
/mnt/c/Users/nateg/OneDrive/Documentos/GitHub/quadrivium/cognetics/Science in the Twentieth Century/18-06 - Looking Back.txt
/mnt/c/Users/nateg/OneDrive/Documentos/GitHub/quadrivium/cognetics/Science in the Twentieth Century/18-07 - Looking Around and Looking Ahead.txt
/mnt/c/Users/nateg/OneDrive/Documentos/GitHub/quadrivium/cognetics/Science in the Twentieth Century/18-08 - Looking Around and Looking Ahead.txt
/mnt/c/Users/nateg/OneDrive/Documentos/GitHub/quadrivium/cognetics/Science in the Twentieth Century/18-09 - Looking Around and Looking Ahead.txt
/mnt/c/Users/nateg/OneDrive/Documentos/GitHub/quadrivium/cognetics/Science in the Twentieth Century/18-10 - Looking Around and Looking Ahead.txt
/mnt/c/Users/nateg/OneDrive/Documentos/GitHub/quadrivium/cognetics/Science in the Twentieth Century/18-11 - Looking Around and Looking Ahead.txt
/mnt/c/Users/nateg/OneDrive/Documentos/GitHub/quadrivium/cognetics/Science in the Twentieth Century/18-12 - Looking Around and Looking Ahead.txt
