/mnt/c/Users/nateg/OneDrive/Documentos/GitHub/quadrivium/metacrisis/Nate Hagens/10 Things That Bring Me Joy ｜ Frankly #35.txt
/mnt/c/Users/nateg/OneDrive/Documentos/GitHub/quadrivium/metacrisis/Nate Hagens/7 Boundaries of Climate Concern ｜ Frankly #16.txt
/mnt/c/Users/nateg/OneDrive/Documentos/GitHub/quadrivium/metacrisis/Nate Hagens/7 Key Interventions for the Future ｜ Frankly #55.txt
/mnt/c/Users/nateg/OneDrive/Documentos/GitHub/quadrivium/metacrisis/Nate Hagens/7 Realities - No Matter Who Wins ｜ Frankly #15.txt
/mnt/c/Users/nateg/OneDrive/Documentos/GitHub/quadrivium/metacrisis/Nate Hagens/7 Shades of Jekyll and Hyde ｜ Frankly #14.txt
/mnt/c/Users/nateg/OneDrive/Documentos/GitHub/quadrivium/metacrisis/Nate Hagens/7 Thought Experiments for Earth Day ｜ Frankly #62.txt
/mnt/c/Users/nateg/OneDrive/Documentos/GitHub/quadrivium/metacrisis/Nate Hagens/A Bigger Boat ｜ Frankly #26.txt
/mnt/c/Users/nateg/OneDrive/Documentos/GitHub/quadrivium/metacrisis/Nate Hagens/Alex Gladstein on Financial Privilege.txt
/mnt/c/Users/nateg/OneDrive/Documentos/GitHub/quadrivium/metacrisis/Nate Hagens/Alex Gladstein： ＂Debt Colonialism, The Petrodollar, and Bitcoin＂ ｜ The Great Simplification #72.txt
/mnt/c/Users/nateg/OneDrive/Documentos/GitHub/quadrivium/metacrisis/Nate Hagens/Alexa Firmenich： ＂Biodiversity, Beauty, and Being＂ ｜ The Great Simplification #106.txt
/mnt/c/Users/nateg/OneDrive/Documentos/GitHub/quadrivium/metacrisis/Nate Hagens/Andrew Millison on Permaculture and Productivity.txt
/mnt/c/Users/nateg/OneDrive/Documentos/GitHub/quadrivium/metacrisis/Nate Hagens/Andrew Millison： ＂Geomorphology, Permaculture, and The Good Work＂ ｜ The Great Simplification #64.txt
/mnt/c/Users/nateg/OneDrive/Documentos/GitHub/quadrivium/metacrisis/Nate Hagens/Anne Biklé and David Montgomery： ＂Nourishing The Land and Ourselves＂ ｜ The Great Simplification #79.txt
/mnt/c/Users/nateg/OneDrive/Documentos/GitHub/quadrivium/metacrisis/Nate Hagens/Antonio Turiel： ＂Deep Challenges： Oceans, Scarcity and Culture＂ ｜ The Great Simplification #65.txt
/mnt/c/Users/nateg/OneDrive/Documentos/GitHub/quadrivium/metacrisis/Nate Hagens/Are Americans Willing to Risk Nuclear War？ ｜ Frankly #02.txt
/mnt/c/Users/nateg/OneDrive/Documentos/GitHub/quadrivium/metacrisis/Nate Hagens/Art Berman on Oil Laundering： What it Really Means to be a Net Oil Exporter.txt
/mnt/c/Users/nateg/OneDrive/Documentos/GitHub/quadrivium/metacrisis/Nate Hagens/Art Berman on What's in a Barrel of Oil.txt
/mnt/c/Users/nateg/OneDrive/Documentos/GitHub/quadrivium/metacrisis/Nate Hagens/Art Berman “Oil： It was the best of fuels, it was the worst of fuels” ｜ The Great Simplification #03.txt
/mnt/c/Users/nateg/OneDrive/Documentos/GitHub/quadrivium/metacrisis/Nate Hagens/Arthur Berman on the Big Effect of Small Changes in Oil Availability.txt
/mnt/c/Users/nateg/OneDrive/Documentos/GitHub/quadrivium/metacrisis/Nate Hagens/Arthur Berman： “The Devil is in the Diesel” ｜ The Great Simplification #44.txt
/mnt/c/Users/nateg/OneDrive/Documentos/GitHub/quadrivium/metacrisis/Nate Hagens/Arthur Berman： ＂BRICS+, Strategic Petroleum Reserve, and Metaphysics＂ ｜ The Great Simplification #92.txt
/mnt/c/Users/nateg/OneDrive/Documentos/GitHub/quadrivium/metacrisis/Nate Hagens/Arthur Berman： ＂Peak Oil - The Hedonic Adjustment＂ ｜ The Great Simplification #54.txt
/mnt/c/Users/nateg/OneDrive/Documentos/GitHub/quadrivium/metacrisis/Nate Hagens/Arthur Berman： ＂Shale Oil and the Slurping Sound＂ ｜ The Great Simplification #101.txt
/mnt/c/Users/nateg/OneDrive/Documentos/GitHub/quadrivium/metacrisis/Nate Hagens/Artificial Intelligence vs Real Ecology ｜ Frankly #49.txt
/mnt/c/Users/nateg/OneDrive/Documentos/GitHub/quadrivium/metacrisis/Nate Hagens/Ashley Hodgson： ＂The New Enlightenment and Behavioral Economics” ｜ The Great Simplification #109.txt
/mnt/c/Users/nateg/OneDrive/Documentos/GitHub/quadrivium/metacrisis/Nate Hagens/Ayan Mahamoud： “East Africa and the Poly-Crisis” ｜ The Great Simplification #39.txt
/mnt/c/Users/nateg/OneDrive/Documentos/GitHub/quadrivium/metacrisis/Nate Hagens/Aza Raskin on How AI Promotes Hate More Than Love.txt
/mnt/c/Users/nateg/OneDrive/Documentos/GitHub/quadrivium/metacrisis/Nate Hagens/Aza Raskin： “AI, The Shape of Language, and Earth’s Species” ｜ The Great Simplification #22.txt
/mnt/c/Users/nateg/OneDrive/Documentos/GitHub/quadrivium/metacrisis/Nate Hagens/Betsy Taylor： “Finding Hope in Nature-Based Solutions” ｜ The Great Simplification #43.txt
/mnt/c/Users/nateg/OneDrive/Documentos/GitHub/quadrivium/metacrisis/Nate Hagens/Bill McKibben on the Material Intensity of an Energy Transition.txt
/mnt/c/Users/nateg/OneDrive/Documentos/GitHub/quadrivium/metacrisis/Nate Hagens/Bill McKibben： ＂Climate, Movements, and Power＂ ｜ The Great Simplification #102.txt
/mnt/c/Users/nateg/OneDrive/Documentos/GitHub/quadrivium/metacrisis/Nate Hagens/COP28 and the Smoke Under the Door ｜ Frankly #50.txt
/mnt/c/Users/nateg/OneDrive/Documentos/GitHub/quadrivium/metacrisis/Nate Hagens/Chris Keefer： ＂Empowering the Future： from Nuclear to Podcasting＂ ｜ The Great Simplification 123.txt
/mnt/c/Users/nateg/OneDrive/Documentos/GitHub/quadrivium/metacrisis/Nate Hagens/Chuck Watson on First Use Nuclear Doctrine.txt
/mnt/c/Users/nateg/OneDrive/Documentos/GitHub/quadrivium/metacrisis/Nate Hagens/Chuck Watson on The Risks and Effects of a Nuclear Winter.txt
/mnt/c/Users/nateg/OneDrive/Documentos/GitHub/quadrivium/metacrisis/Nate Hagens/Chuck Watson on the Middle East and Risk Homeostasis.txt
/mnt/c/Users/nateg/OneDrive/Documentos/GitHub/quadrivium/metacrisis/Nate Hagens/Chuck Watson “From MAD to NUTS： Risk, Nukes, & Climate Change” ｜ The Great Simplification #04.txt
/mnt/c/Users/nateg/OneDrive/Documentos/GitHub/quadrivium/metacrisis/Nate Hagens/Chuck Watson： “Nuclear War： All the Questions You Were Afraid to Ask” ｜ The Great Simplification #17.txt
/mnt/c/Users/nateg/OneDrive/Documentos/GitHub/quadrivium/metacrisis/Nate Hagens/Chuck Watson： ＂NATO in Ukraine： from Proxy to Participants” ｜ The Great Simplification #114.txt
/mnt/c/Users/nateg/OneDrive/Documentos/GitHub/quadrivium/metacrisis/Nate Hagens/Chuck Watson： ＂The Nuclear Wild West＂ ｜ The Great Simplification #97.txt
/mnt/c/Users/nateg/OneDrive/Documentos/GitHub/quadrivium/metacrisis/Nate Hagens/Chuck Watson： ＂War, Rumours of War, and Governance” ｜ The Great Simplification #94.txt
/mnt/c/Users/nateg/OneDrive/Documentos/GitHub/quadrivium/metacrisis/Nate Hagens/Confronting the Metacrisis ｜ Reality Roundtable 9.txt
/mnt/c/Users/nateg/OneDrive/Documentos/GitHub/quadrivium/metacrisis/Nate Hagens/Cool Privilege ｜ Frankly #36.txt
/mnt/c/Users/nateg/OneDrive/Documentos/GitHub/quadrivium/metacrisis/Nate Hagens/Creatures United - Frankly #9.txt
/mnt/c/Users/nateg/OneDrive/Documentos/GitHub/quadrivium/metacrisis/Nate Hagens/DJ White on Befriending a Bottlenose Dolphin.txt
/mnt/c/Users/nateg/OneDrive/Documentos/GitHub/quadrivium/metacrisis/Nate Hagens/DJ White： ＂Ocean Effectivism＂ ｜ The Great Simplification #51.txt
/mnt/c/Users/nateg/OneDrive/Documentos/GitHub/quadrivium/metacrisis/Nate Hagens/Daniel Pauly on Shifting Baselines.txt
/mnt/c/Users/nateg/OneDrive/Documentos/GitHub/quadrivium/metacrisis/Nate Hagens/Daniel Pauly on Why Fish Are Moving Poleward to Breathe.txt
/mnt/c/Users/nateg/OneDrive/Documentos/GitHub/quadrivium/metacrisis/Nate Hagens/Daniel Pauly： “Peak Fish and Other Ocean Realities” ｜ The Great Simplification #15.txt
/mnt/c/Users/nateg/OneDrive/Documentos/GitHub/quadrivium/metacrisis/Nate Hagens/Daniel Schmachtenberger On Why The Answer to All the Problems is All of the Solutions.txt
/mnt/c/Users/nateg/OneDrive/Documentos/GitHub/quadrivium/metacrisis/Nate Hagens/Daniel Schmachtenberger on AI Accelerating the Metacrisis.txt
/mnt/c/Users/nateg/OneDrive/Documentos/GitHub/quadrivium/metacrisis/Nate Hagens/Daniel Schmachtenberger on The One Marshmallow Reward Circuit.txt
/mnt/c/Users/nateg/OneDrive/Documentos/GitHub/quadrivium/metacrisis/Nate Hagens/Daniel Schmachtenberger on The Superorganism and Multipolar Traps.txt
/mnt/c/Users/nateg/OneDrive/Documentos/GitHub/quadrivium/metacrisis/Nate Hagens/Daniel Schmachtenberger “Bend Not Break Part 1： Energy Blindness” ｜ The Great Simplification #05.txt
/mnt/c/Users/nateg/OneDrive/Documentos/GitHub/quadrivium/metacrisis/Nate Hagens/Daniel Schmachtenberger： Bend not Break： Maximum Power & Hyper Agents ｜ The Great Simplification #20.txt
/mnt/c/Users/nateg/OneDrive/Documentos/GitHub/quadrivium/metacrisis/Nate Hagens/Daniel Schmachtenberger： ＂A Vision for Betterment＂ ｜ The Great Simplification 126.txt
/mnt/c/Users/nateg/OneDrive/Documentos/GitHub/quadrivium/metacrisis/Nate Hagens/Daniel Schmachtenberger： ＂Artificial Intelligence and The Superorganism＂ ｜ The Great Simplification.txt
/mnt/c/Users/nateg/OneDrive/Documentos/GitHub/quadrivium/metacrisis/Nate Hagens/Daniel Schmachtenberger： ＂Bend Not Break Part 5＂ ｜ The Great Simplification #50.txt
/mnt/c/Users/nateg/OneDrive/Documentos/GitHub/quadrivium/metacrisis/Nate Hagens/Daniel Schmachtenberger： ＂Modeling the Drivers of the Metacrisis” ｜ The Great Simplification #42.txt
/mnt/c/Users/nateg/OneDrive/Documentos/GitHub/quadrivium/metacrisis/Nate Hagens/Daniel Schmachtenberger： ＂Sensemaking, Uncertainty, and Purpose” ｜ The Great Simplification #31.txt
/mnt/c/Users/nateg/OneDrive/Documentos/GitHub/quadrivium/metacrisis/Nate Hagens/Daniel Zetah on Changing your Life to Reflect your Values.txt
/mnt/c/Users/nateg/OneDrive/Documentos/GitHub/quadrivium/metacrisis/Nate Hagens/Daniel Zetah： ＂Regenerative Agriculture and Personal Sovereignty＂ ｜ The Great Simplification #76.txt
/mnt/c/Users/nateg/OneDrive/Documentos/GitHub/quadrivium/metacrisis/Nate Hagens/David Holmgren on the Salvage Economy.txt
/mnt/c/Users/nateg/OneDrive/Documentos/GitHub/quadrivium/metacrisis/Nate Hagens/David Holmgren： ＂Small and Slow Solutions - Permaculture Design＂ ｜ The Great Simplification #96.txt
/mnt/c/Users/nateg/OneDrive/Documentos/GitHub/quadrivium/metacrisis/Nate Hagens/David Sloan Wilson on Tight and Loose Societies.txt
/mnt/c/Users/nateg/OneDrive/Documentos/GitHub/quadrivium/metacrisis/Nate Hagens/David Sloan Wilson： ＂Chickens, Cooperation and a Pro-social World＂ ｜ The Great Simplification #56.txt
/mnt/c/Users/nateg/OneDrive/Documentos/GitHub/quadrivium/metacrisis/Nate Hagens/Deep(er) Ecology： William Rees, Nora Bateson, Rex Weyler ｜ Reality Roundtable #02.txt
/mnt/c/Users/nateg/OneDrive/Documentos/GitHub/quadrivium/metacrisis/Nate Hagens/Dennis Meadows： “Limits to Growth turns 50 - Checking In” ｜ The Great Simplification #12.txt
/mnt/c/Users/nateg/OneDrive/Documentos/GitHub/quadrivium/metacrisis/Nate Hagens/Doomberg： ＂Our Fragile Energy Economy＂ ｜ The Great Simplification #83.txt
/mnt/c/Users/nateg/OneDrive/Documentos/GitHub/quadrivium/metacrisis/Nate Hagens/Dougald Hine, Chris Smaje, and Pella Thiel on Local Food and Interrelationships.txt
/mnt/c/Users/nateg/OneDrive/Documentos/GitHub/quadrivium/metacrisis/Nate Hagens/Douglas Rushkoff： ＂The Ultimate Exit Strategy＂ ｜ The Great Simplification #36.txt
/mnt/c/Users/nateg/OneDrive/Documentos/GitHub/quadrivium/metacrisis/Nate Hagens/Dr. Robert Lustig on Obesogens, Processed Foods, and Addiction.txt
/mnt/c/Users/nateg/OneDrive/Documentos/GitHub/quadrivium/metacrisis/Nate Hagens/Dr. Shanna Swan “Sperm and Our Future” ｜ The Great Simplification #02.txt
/mnt/c/Users/nateg/OneDrive/Documentos/GitHub/quadrivium/metacrisis/Nate Hagens/Dr. Simon Michaux： “Minerals and Materials Blindness” ｜ The Great Simplification #19.txt
/mnt/c/Users/nateg/OneDrive/Documentos/GitHub/quadrivium/metacrisis/Nate Hagens/Earth and Humanity： Myth and Reality ｜ Earth Day 2021.txt
/mnt/c/Users/nateg/OneDrive/Documentos/GitHub/quadrivium/metacrisis/Nate Hagens/Earth vs. The Amoeba.txt
/mnt/c/Users/nateg/OneDrive/Documentos/GitHub/quadrivium/metacrisis/Nate Hagens/Edward Chancellor： ＂The Price of Time＂ ｜ The Great Simplification #67.txt
/mnt/c/Users/nateg/OneDrive/Documentos/GitHub/quadrivium/metacrisis/Nate Hagens/Electric Vehicles： Arthur Berman, Pedro Prieto, & Simon Michaux ｜ Reality Roundtable #1.txt
/mnt/c/Users/nateg/OneDrive/Documentos/GitHub/quadrivium/metacrisis/Nate Hagens/Energy Blind ｜ Part 01 of 04 ｜ The Great Simplification Animated Series.txt
/mnt/c/Users/nateg/OneDrive/Documentos/GitHub/quadrivium/metacrisis/Nate Hagens/Energy Blindness ｜ Frankly #03.txt
/mnt/c/Users/nateg/OneDrive/Documentos/GitHub/quadrivium/metacrisis/Nate Hagens/Energy Gratitude ｜ Frankly #18.txt
/mnt/c/Users/nateg/OneDrive/Documentos/GitHub/quadrivium/metacrisis/Nate Hagens/Erica Thompson on Climate Reductionism.txt
/mnt/c/Users/nateg/OneDrive/Documentos/GitHub/quadrivium/metacrisis/Nate Hagens/Erica Thompson on What Qualifies as a Model.txt
/mnt/c/Users/nateg/OneDrive/Documentos/GitHub/quadrivium/metacrisis/Nate Hagens/Erica Thompson： ＂Models, The Hawkmoth Effect, and The Future＂ ｜ The Great Simplification #55.txt
/mnt/c/Users/nateg/OneDrive/Documentos/GitHub/quadrivium/metacrisis/Nate Hagens/FAQs from Episodes 1-25 of The Great Simplification ｜ Frankly #05.txt
/mnt/c/Users/nateg/OneDrive/Documentos/GitHub/quadrivium/metacrisis/Nate Hagens/Food & Community in the Ruins： Dougald Hine, Chris Smaje, Pella Thiel ｜ Reality Roundtable #05.txt
/mnt/c/Users/nateg/OneDrive/Documentos/GitHub/quadrivium/metacrisis/Nate Hagens/Fossil Energy Subsidies： the Bottom Line ｜ Frankly #43.txt
/mnt/c/Users/nateg/OneDrive/Documentos/GitHub/quadrivium/metacrisis/Nate Hagens/Fossil Free Food Systems： Jason Bradford, Andrew Millison, Vandana Shiva, Daniel Zetah ｜ RR #06.txt
/mnt/c/Users/nateg/OneDrive/Documentos/GitHub/quadrivium/metacrisis/Nate Hagens/Frankly Re： Franklys ｜ Frankly #47.txt
/mnt/c/Users/nateg/OneDrive/Documentos/GitHub/quadrivium/metacrisis/Nate Hagens/Gareth Roberts on Understanding Time and Scale.txt
/mnt/c/Users/nateg/OneDrive/Documentos/GitHub/quadrivium/metacrisis/Nate Hagens/Gareth Roberts： ＂Geology, Optimism, & Something Completely Different＂ ｜ The Great Simplification #61.txt
/mnt/c/Users/nateg/OneDrive/Documentos/GitHub/quadrivium/metacrisis/Nate Hagens/Gaya Herrington on Wealth Inequality.txt
/mnt/c/Users/nateg/OneDrive/Documentos/GitHub/quadrivium/metacrisis/Nate Hagens/Gaya Herrington： ＂Humanity’s Soul： Life or Growth？＂ ｜ The Great Simplification #57.txt
/mnt/c/Users/nateg/OneDrive/Documentos/GitHub/quadrivium/metacrisis/Nate Hagens/Geoffrey West： ＂Metabolism and the Hidden Laws of Biology＂ ｜ The Great Simplification #117.txt
/mnt/c/Users/nateg/OneDrive/Documentos/GitHub/quadrivium/metacrisis/Nate Hagens/Gerardo Ceballos on Why Species Go Extinct.txt
/mnt/c/Users/nateg/OneDrive/Documentos/GitHub/quadrivium/metacrisis/Nate Hagens/Gerardo Ceballos： “Will the Ongoing Population Extinctions Lead to a 6th Mass Extinction？” ｜ TGS #25.txt
/mnt/c/Users/nateg/OneDrive/Documentos/GitHub/quadrivium/metacrisis/Nate Hagens/Giorgos Kallis on Why Surplus Brings us Joy.txt
/mnt/c/Users/nateg/OneDrive/Documentos/GitHub/quadrivium/metacrisis/Nate Hagens/Giorgos Kallis： ＂Cultural Surplus and ‘Dépense'＂ ｜ The Great Simplification #52.txt
/mnt/c/Users/nateg/OneDrive/Documentos/GitHub/quadrivium/metacrisis/Nate Hagens/Graham Palmer： ＂Energy Storage and Civilization： A History” ｜ The Great Simplification #87.txt
/mnt/c/Users/nateg/OneDrive/Documentos/GitHub/quadrivium/metacrisis/Nate Hagens/Growth Until Not... ｜ Frankly #7.txt
/mnt/c/Users/nateg/OneDrive/Documentos/GitHub/quadrivium/metacrisis/Nate Hagens/Helen Thompson on Resources and Global Conflict.txt
/mnt/c/Users/nateg/OneDrive/Documentos/GitHub/quadrivium/metacrisis/Nate Hagens/Helen Thompson： ＂The Complex History of Energy and Geopolitics＂ ｜ The Great Simplification #98.txt
/mnt/c/Users/nateg/OneDrive/Documentos/GitHub/quadrivium/metacrisis/Nate Hagens/Herman Daly on Economic Blind Spots.txt
/mnt/c/Users/nateg/OneDrive/Documentos/GitHub/quadrivium/metacrisis/Nate Hagens/Herman Daly on The Shortfalls of GDP.txt
/mnt/c/Users/nateg/OneDrive/Documentos/GitHub/quadrivium/metacrisis/Nate Hagens/Herman Daly： “Toward an Ecological Economics” ｜ The Great Simplification #06.txt
/mnt/c/Users/nateg/OneDrive/Documentos/GitHub/quadrivium/metacrisis/Nate Hagens/Human Social Metabolism - 7 Key Questions ｜ Frankly #59.txt
/mnt/c/Users/nateg/OneDrive/Documentos/GitHub/quadrivium/metacrisis/Nate Hagens/Iain McGilchrist on the Hemispheres of the Brain.txt
/mnt/c/Users/nateg/OneDrive/Documentos/GitHub/quadrivium/metacrisis/Nate Hagens/Iain McGilchrist： ＂Wisdom, Nature and the Brain＂ ｜ The Great Simplification #85.txt
/mnt/c/Users/nateg/OneDrive/Documentos/GitHub/quadrivium/metacrisis/Nate Hagens/In Spite Of... ｜ Frankly #11.txt
/mnt/c/Users/nateg/OneDrive/Documentos/GitHub/quadrivium/metacrisis/Nate Hagens/Information Bifurcation ｜ Frankly #57.txt
/mnt/c/Users/nateg/OneDrive/Documentos/GitHub/quadrivium/metacrisis/Nate Hagens/Iñigo Capellán Pérez： ＂Net Energy Analysis： Through a Systems Lens＂ ｜ The Great Simplification #78.txt
/mnt/c/Users/nateg/OneDrive/Documentos/GitHub/quadrivium/metacrisis/Nate Hagens/James Fleay： ＂What's the Deal with Nuclear Energy？＂ ｜ The Great Simplification #74.txt
/mnt/c/Users/nateg/OneDrive/Documentos/GitHub/quadrivium/metacrisis/Nate Hagens/Jamie Wheal： “Neuro-anthropology and Culture Architecture” ｜ The Great Simplification #13.txt
/mnt/c/Users/nateg/OneDrive/Documentos/GitHub/quadrivium/metacrisis/Nate Hagens/Jane Muncke： ＂Perils of Plastic Packaging” ｜ The Great Simplification #104.txt
/mnt/c/Users/nateg/OneDrive/Documentos/GitHub/quadrivium/metacrisis/Nate Hagens/Jason Bradford, Andrew Millison, Vandana Shiva, and Daniel Zetah on Agriculture without Fossil Fuels.txt
/mnt/c/Users/nateg/OneDrive/Documentos/GitHub/quadrivium/metacrisis/Nate Hagens/Jason Bradford： “A Hybrid Path to the Future of Farming” ｜ The Great Simplification #24.txt
/mnt/c/Users/nateg/OneDrive/Documentos/GitHub/quadrivium/metacrisis/Nate Hagens/Jean-Marc Jancovici： ＂Our Global Energy Predicament＂ ｜ The Great Simplification #84.txt
/mnt/c/Users/nateg/OneDrive/Documentos/GitHub/quadrivium/metacrisis/Nate Hagens/Jeremy Grantham on Commodities and Resource Availability.txt
/mnt/c/Users/nateg/OneDrive/Documentos/GitHub/quadrivium/metacrisis/Nate Hagens/Jeremy Grantham： ＂Pollution, Population & Purpose＂ ｜ The Great Simplification #99.txt
/mnt/c/Users/nateg/OneDrive/Documentos/GitHub/quadrivium/metacrisis/Nate Hagens/Joan Diamond： ＂From Kool-aid to Lemonade＂ ｜ The Great Simplification #28.txt
/mnt/c/Users/nateg/OneDrive/Documentos/GitHub/quadrivium/metacrisis/Nate Hagens/Jodi Archambault - Don't Sell Your Grandmother.txt
/mnt/c/Users/nateg/OneDrive/Documentos/GitHub/quadrivium/metacrisis/Nate Hagens/Jodi Archambault： ＂Relationships, Reciprocity, and Resiliency＂ ｜ The Great Simplification #62.txt
/mnt/c/Users/nateg/OneDrive/Documentos/GitHub/quadrivium/metacrisis/Nate Hagens/Joe Tainter： “Surplus, Complexity, and Simplification” ｜ The Great Simplification #27.txt
/mnt/c/Users/nateg/OneDrive/Documentos/GitHub/quadrivium/metacrisis/Nate Hagens/John Gowdy on Ultrasociality.txt
/mnt/c/Users/nateg/OneDrive/Documentos/GitHub/quadrivium/metacrisis/Nate Hagens/John Gowdy： “Superorganisms, Crazy Ants, and Fire Apes, Oh My!＂ ｜ The Great Simplification #14.txt
/mnt/c/Users/nateg/OneDrive/Documentos/GitHub/quadrivium/metacrisis/Nate Hagens/John Kitzhaber： ＂What Makes a Healthy Society？＂ ｜ The Great Simplification #70.txt
/mnt/c/Users/nateg/OneDrive/Documentos/GitHub/quadrivium/metacrisis/Nate Hagens/John Robb： ＂Networked Tribalism, AI, and Asteroids＂ ｜ The Great Simplification #110.txt
/mnt/c/Users/nateg/OneDrive/Documentos/GitHub/quadrivium/metacrisis/Nate Hagens/Jon Erickson on Paradigm Shifts, Political Economies, and Universities.txt
/mnt/c/Users/nateg/OneDrive/Documentos/GitHub/quadrivium/metacrisis/Nate Hagens/Jon Erickson： ＂Illusions, Power and the Political Economy＂ ｜ The Great Simplification #45.txt
/mnt/c/Users/nateg/OneDrive/Documentos/GitHub/quadrivium/metacrisis/Nate Hagens/Jonathan Haidt on Social Media and the Fall of The Tower of Babel.txt
/mnt/c/Users/nateg/OneDrive/Documentos/GitHub/quadrivium/metacrisis/Nate Hagens/Jonathan Haidt： ＂Social Psychology in an Age of Social Fragmentation＂ ｜ The Great Simplification #59.txt
/mnt/c/Users/nateg/OneDrive/Documentos/GitHub/quadrivium/metacrisis/Nate Hagens/Joris van der Schot： ＂Oil Refining 101 and Other Energy Stories” ｜ The Great Simplification #93.txt
/mnt/c/Users/nateg/OneDrive/Documentos/GitHub/quadrivium/metacrisis/Nate Hagens/Josh Farley on Scarcity and Cooperation.txt
/mnt/c/Users/nateg/OneDrive/Documentos/GitHub/quadrivium/metacrisis/Nate Hagens/Josh Farley： ＂Money, Money, Money” ｜ The Great Simplification #29.txt
/mnt/c/Users/nateg/OneDrive/Documentos/GitHub/quadrivium/metacrisis/Nate Hagens/Josh Farley： ＂The Past, Present, and Future of Human Cooperation＂ ｜ The Great Simplification #07.txt
/mnt/c/Users/nateg/OneDrive/Documentos/GitHub/quadrivium/metacrisis/Nate Hagens/Joslin Faith Kehdy： ＂Lebanon - Beyond Resilience＂ ｜ The Great Simplification #73.txt
/mnt/c/Users/nateg/OneDrive/Documentos/GitHub/quadrivium/metacrisis/Nate Hagens/Just Stop Oil !？ Part 1 - Gasoline ｜ Frankly #37.txt
/mnt/c/Users/nateg/OneDrive/Documentos/GitHub/quadrivium/metacrisis/Nate Hagens/Just Stop Oil !？ Part 2 - Oil is the Economy ｜ Frankly #39.txt
/mnt/c/Users/nateg/OneDrive/Documentos/GitHub/quadrivium/metacrisis/Nate Hagens/Just Stop Oil !？ Part 3 - 10 Pathways to Post-Growth ｜ Frankly #40.txt
/mnt/c/Users/nateg/OneDrive/Documentos/GitHub/quadrivium/metacrisis/Nate Hagens/Just Stop Oil!!？？ Part 4 - The Intersection ｜ Frankly #41.txt
/mnt/c/Users/nateg/OneDrive/Documentos/GitHub/quadrivium/metacrisis/Nate Hagens/Kate Raworth on 7 Key Principles for Economic Thinking.txt
/mnt/c/Users/nateg/OneDrive/Documentos/GitHub/quadrivium/metacrisis/Nate Hagens/Kate Raworth： ＂The Superorganism V. The Doughnut＂ ｜ The Great Simplification #77.txt
/mnt/c/Users/nateg/OneDrive/Documentos/GitHub/quadrivium/metacrisis/Nate Hagens/Kevin Anderson： ＂The Uncomfortable Link Between Climate and Equity＂ ｜ The Great Simplification #82.txt
/mnt/c/Users/nateg/OneDrive/Documentos/GitHub/quadrivium/metacrisis/Nate Hagens/Kim Stanley Robinson： ＂Climate, Fiction, and The Future＂ ｜ The Great Simplification #66.txt
/mnt/c/Users/nateg/OneDrive/Documentos/GitHub/quadrivium/metacrisis/Nate Hagens/Kiril Sokoloff “What’s the Most Important Question in Today’s World？” ｜ The Great Simplification #34.txt
/mnt/c/Users/nateg/OneDrive/Documentos/GitHub/quadrivium/metacrisis/Nate Hagens/Kris De Decker on Low-Tech Heating.txt
/mnt/c/Users/nateg/OneDrive/Documentos/GitHub/quadrivium/metacrisis/Nate Hagens/Kris De Decker： “Low Tech： What, Why and How” ｜ The Great Simplification #33.txt
/mnt/c/Users/nateg/OneDrive/Documentos/GitHub/quadrivium/metacrisis/Nate Hagens/Kris De Decker： ＂Looking Back Towards a Human Powered Future＂ ｜ The Great Simplification #75.txt
/mnt/c/Users/nateg/OneDrive/Documentos/GitHub/quadrivium/metacrisis/Nate Hagens/Leon Simons： ＂Aerosol Demasking and Global Heating＂ ｜ The Great Simplification #105.txt
/mnt/c/Users/nateg/OneDrive/Documentos/GitHub/quadrivium/metacrisis/Nate Hagens/Levke Caesar： ＂Oceanic Slowdown： Decoding the AMOC＂ ｜ The Great Simplification 124.txt
/mnt/c/Users/nateg/OneDrive/Documentos/GitHub/quadrivium/metacrisis/Nate Hagens/Lisi Krall on the Sociality of Humans.txt
/mnt/c/Users/nateg/OneDrive/Documentos/GitHub/quadrivium/metacrisis/Nate Hagens/Lisi Krall： ＂Agriculture, Surplus, and the Economic Superorganism＂ ｜ The Great Simplification #86.txt
/mnt/c/Users/nateg/OneDrive/Documentos/GitHub/quadrivium/metacrisis/Nate Hagens/Loss Aversion ｜ Frankly #25.txt
/mnt/c/Users/nateg/OneDrive/Documentos/GitHub/quadrivium/metacrisis/Nate Hagens/Luke Gromen on Currency Reform.txt
/mnt/c/Users/nateg/OneDrive/Documentos/GitHub/quadrivium/metacrisis/Nate Hagens/Luke Gromen： ＂Peak Cheap Oil and the Global Reserve Currency＂ ｜ The Great Simplification #91.txt
/mnt/c/Users/nateg/OneDrive/Documentos/GitHub/quadrivium/metacrisis/Nate Hagens/Luther Krueger： ＂Goldilocks Tech？ A Solar Oven Overview” ｜ The Great Simplification #119.txt
/mnt/c/Users/nateg/OneDrive/Documentos/GitHub/quadrivium/metacrisis/Nate Hagens/Lyn Alden： ＂The Myth of Frictionless Finance＂ ｜ The Great Simplification #113.txt
/mnt/c/Users/nateg/OneDrive/Documentos/GitHub/quadrivium/metacrisis/Nate Hagens/Mario Giampietro： ＂Models with Meaning - Changing Social Practices” ｜ The Great Simplification #107.txt
/mnt/c/Users/nateg/OneDrive/Documentos/GitHub/quadrivium/metacrisis/Nate Hagens/Martin Scheringer on 'Greening' The Chemical Industry.txt
/mnt/c/Users/nateg/OneDrive/Documentos/GitHub/quadrivium/metacrisis/Nate Hagens/Martin Scheringer on Negative Effects of Persistent Chemicals.txt
/mnt/c/Users/nateg/OneDrive/Documentos/GitHub/quadrivium/metacrisis/Nate Hagens/Martin Scheringer on The Health Effects of PFAS Forever Chemicals.txt
/mnt/c/Users/nateg/OneDrive/Documentos/GitHub/quadrivium/metacrisis/Nate Hagens/Martin Scheringer on Why We Are ＂Chemicals Blind＂.txt
/mnt/c/Users/nateg/OneDrive/Documentos/GitHub/quadrivium/metacrisis/Nate Hagens/Martin Scheringer： ＂The Growing Threat from Chemical Pollution＂ ｜ The Great Simplification #37.txt
/mnt/c/Users/nateg/OneDrive/Documentos/GitHub/quadrivium/metacrisis/Nate Hagens/Marty Kearns： “Building Networks in Uncertain Times” ｜ The Great Simplification #41.txt
/mnt/c/Users/nateg/OneDrive/Documentos/GitHub/quadrivium/metacrisis/Nate Hagens/Mary Evelyn Tucker on Redefining Religious Values.txt
/mnt/c/Users/nateg/OneDrive/Documentos/GitHub/quadrivium/metacrisis/Nate Hagens/Mary Evelyn Tucker on an Interfaith Ecological Movement.txt
/mnt/c/Users/nateg/OneDrive/Documentos/GitHub/quadrivium/metacrisis/Nate Hagens/Mary Evelyn Tucker： “Religion, Ecology, and the Future” ｜ The Great Simplification #40.txt
/mnt/c/Users/nateg/OneDrive/Documentos/GitHub/quadrivium/metacrisis/Nate Hagens/Meeting the Future Halfway ｜ Frankly #04.txt
/mnt/c/Users/nateg/OneDrive/Documentos/GitHub/quadrivium/metacrisis/Nate Hagens/Michael Every： ＂The Many -Isms of the Metacrisis” ｜ The Great Simplification #118.txt
/mnt/c/Users/nateg/OneDrive/Documentos/GitHub/quadrivium/metacrisis/Nate Hagens/Missing Words ｜ Frankly #30.txt
/mnt/c/Users/nateg/OneDrive/Documentos/GitHub/quadrivium/metacrisis/Nate Hagens/Movie Premiere Q&A Session ｜ The Great Simplification.txt
/mnt/c/Users/nateg/OneDrive/Documentos/GitHub/quadrivium/metacrisis/Nate Hagens/NATO⧸Ukraine： Playing Russian Roulette with Complex Life ｜ Frankly #33.txt
/mnt/c/Users/nateg/OneDrive/Documentos/GitHub/quadrivium/metacrisis/Nate Hagens/NOT For Sale ｜ Frankly #24.txt
/mnt/c/Users/nateg/OneDrive/Documentos/GitHub/quadrivium/metacrisis/Nate Hagens/Nate Hagens on Energy Blindness and Society.txt
/mnt/c/Users/nateg/OneDrive/Documentos/GitHub/quadrivium/metacrisis/Nate Hagens/Nate Hagens： ＂Episode 100 - The Great Simplification” ｜ The Great Simplification #100.txt
/mnt/c/Users/nateg/OneDrive/Documentos/GitHub/quadrivium/metacrisis/Nate Hagens/Nick Haddad： ＂Insects - A Silent Extinction＂ ｜ The Great Simplification #90.txt
/mnt/c/Users/nateg/OneDrive/Documentos/GitHub/quadrivium/metacrisis/Nate Hagens/Nina Simons on What We Can Learn from The Haudenosaunee.txt
/mnt/c/Users/nateg/OneDrive/Documentos/GitHub/quadrivium/metacrisis/Nate Hagens/Nina Simons on the Sacred.txt
/mnt/c/Users/nateg/OneDrive/Documentos/GitHub/quadrivium/metacrisis/Nate Hagens/Nina Simons： ＂Dancing With Contradictions - A Systems View＂ ｜ The Great Simplification #60.txt
/mnt/c/Users/nateg/OneDrive/Documentos/GitHub/quadrivium/metacrisis/Nate Hagens/Nora Bateson on Emergence.txt
/mnt/c/Users/nateg/OneDrive/Documentos/GitHub/quadrivium/metacrisis/Nate Hagens/Nora Bateson： “Complexity Between the Lines” ｜ The Great Simplification #10.txt
/mnt/c/Users/nateg/OneDrive/Documentos/GitHub/quadrivium/metacrisis/Nate Hagens/Nuclear Conflict： 7 Key Questions for Sustainable Futures ｜ Frankly #63.txt
/mnt/c/Users/nateg/OneDrive/Documentos/GitHub/quadrivium/metacrisis/Nate Hagens/Olivia Lazard on Decarbonization to Rematerialization.txt
/mnt/c/Users/nateg/OneDrive/Documentos/GitHub/quadrivium/metacrisis/Nate Hagens/Olivia Lazard on Mediation.txt
/mnt/c/Users/nateg/OneDrive/Documentos/GitHub/quadrivium/metacrisis/Nate Hagens/Olivia Lazard on the Risks of Mineral Energy.txt
/mnt/c/Users/nateg/OneDrive/Documentos/GitHub/quadrivium/metacrisis/Nate Hagens/Olivia Lazard： ＂Peace and Power in the Mineral Age” ｜ The Great Simplification #58.txt
/mnt/c/Users/nateg/OneDrive/Documentos/GitHub/quadrivium/metacrisis/Nate Hagens/One Ring to Rule Them All ｜ Frankly #45.txt
/mnt/c/Users/nateg/OneDrive/Documentos/GitHub/quadrivium/metacrisis/Nate Hagens/Patrick Knodel： ＂Question Everything - Towards Cooperation & Change＂ ｜ The Great Simplification #115.txt
/mnt/c/Users/nateg/OneDrive/Documentos/GitHub/quadrivium/metacrisis/Nate Hagens/Patrick Ophuls on the Top 4 Disconnects from Reality.txt
/mnt/c/Users/nateg/OneDrive/Documentos/GitHub/quadrivium/metacrisis/Nate Hagens/Patrick Ophuls： ＂Energy, Politics, and The Future＂ ｜ The Great Simplification #47.txt
/mnt/c/Users/nateg/OneDrive/Documentos/GitHub/quadrivium/metacrisis/Nate Hagens/Paul Ehrlich： “Was the Population Bomb Defused？” ｜ The Great Simplification #09.txt
/mnt/c/Users/nateg/OneDrive/Documentos/GitHub/quadrivium/metacrisis/Nate Hagens/Paul Martin on the Colors of Hydrogen.txt
/mnt/c/Users/nateg/OneDrive/Documentos/GitHub/quadrivium/metacrisis/Nate Hagens/Paul Martin： ＂Hydrogen - The Decarbonization Problem＂ ｜ The Great Simplification #63.txt
/mnt/c/Users/nateg/OneDrive/Documentos/GitHub/quadrivium/metacrisis/Nate Hagens/Pella Thiel： ＂Criminalizing Ecocide： The Rights of Nature” ｜ The Great Simplification #121.txt
/mnt/c/Users/nateg/OneDrive/Documentos/GitHub/quadrivium/metacrisis/Nate Hagens/Peter Brannen on Adaptable Limits of Wet Bulb Temperatures.txt
/mnt/c/Users/nateg/OneDrive/Documentos/GitHub/quadrivium/metacrisis/Nate Hagens/Peter Brannen： ＂Deep Time, Mass Extinctions, and Today＂ ｜ The Great Simplification #103.txt
/mnt/c/Users/nateg/OneDrive/Documentos/GitHub/quadrivium/metacrisis/Nate Hagens/Peter Ward on CO2, Extinction Events, and a Stagnant Ocean.txt
/mnt/c/Users/nateg/OneDrive/Documentos/GitHub/quadrivium/metacrisis/Nate Hagens/Peter Ward on Seagrasses： The Rainforest of the Sea.txt
/mnt/c/Users/nateg/OneDrive/Documentos/GitHub/quadrivium/metacrisis/Nate Hagens/Peter Ward： “Oceans - What’s the Worst that Can Happen？” ｜ The Great Simplification #08.txt
/mnt/c/Users/nateg/OneDrive/Documentos/GitHub/quadrivium/metacrisis/Nate Hagens/Peter Whybrow： “When More is Not Enough” ｜ The Great Simplification #26.txt
/mnt/c/Users/nateg/OneDrive/Documentos/GitHub/quadrivium/metacrisis/Nate Hagens/Physiocrats and Fundamental Resources ｜ Steve Keen.txt
/mnt/c/Users/nateg/OneDrive/Documentos/GitHub/quadrivium/metacrisis/Nate Hagens/Plastic Food Packaging and Unknown Chemical Transfer from Jane Muncke.txt
/mnt/c/Users/nateg/OneDrive/Documentos/GitHub/quadrivium/metacrisis/Nate Hagens/Poverty Blind： Stephanie Hoopes, Peter Kilde, Marc Perry, Dalitso Sulamoyo ｜ Reality Roundtable #7.txt
/mnt/c/Users/nateg/OneDrive/Documentos/GitHub/quadrivium/metacrisis/Nate Hagens/Reality, Probability, and Perception ｜ Frankly #29.txt
/mnt/c/Users/nateg/OneDrive/Documentos/GitHub/quadrivium/metacrisis/Nate Hagens/Reflections from India ｜ Frankly #54.txt
/mnt/c/Users/nateg/OneDrive/Documentos/GitHub/quadrivium/metacrisis/Nate Hagens/Reflections on 'Beyond Growth' ｜ Frankly #31.txt
/mnt/c/Users/nateg/OneDrive/Documentos/GitHub/quadrivium/metacrisis/Nate Hagens/Reflections, Predictions, and Intentions ｜ Frankly#21.txt
/mnt/c/Users/nateg/OneDrive/Documentos/GitHub/quadrivium/metacrisis/Nate Hagens/Rex Weyler： “Crisis in the Ecology Movement” ｜ The Great Simplification #11.txt
/mnt/c/Users/nateg/OneDrive/Documentos/GitHub/quadrivium/metacrisis/Nate Hagens/Riane Eisler： ＂Domination and Partnership in Society＂ ｜ The Great Simplification #116.txt
/mnt/c/Users/nateg/OneDrive/Documentos/GitHub/quadrivium/metacrisis/Nate Hagens/Richard Gephardt “Democracy： Old School vs New Reality” ｜ The Great Simplification #01.txt
/mnt/c/Users/nateg/OneDrive/Documentos/GitHub/quadrivium/metacrisis/Nate Hagens/Robert Lustig on Mitochondria and Cell Renewal.txt
/mnt/c/Users/nateg/OneDrive/Documentos/GitHub/quadrivium/metacrisis/Nate Hagens/Robert Lustig： ＂Processed Food, Metabolism, and The Ills of Society＂ ｜ The Great Simplification #69.txt
/mnt/c/Users/nateg/OneDrive/Documentos/GitHub/quadrivium/metacrisis/Nate Hagens/Robert Sapolsky on Hormones and Neurotransmitters.txt
/mnt/c/Users/nateg/OneDrive/Documentos/GitHub/quadrivium/metacrisis/Nate Hagens/Robert Sapolsky： ＂The Brain, Determinism, and Cultural Implications＂ ｜ The Great Simplification #88.txt
/mnt/c/Users/nateg/OneDrive/Documentos/GitHub/quadrivium/metacrisis/Nate Hagens/Roger Pielke Jr： ＂Understanding the Origins of Climate Models＂ ｜ The Great Simplification #81.txt
/mnt/c/Users/nateg/OneDrive/Documentos/GitHub/quadrivium/metacrisis/Nate Hagens/Running The 'Systems Discourse' Gauntlet ｜ Frankly #42.txt
/mnt/c/Users/nateg/OneDrive/Documentos/GitHub/quadrivium/metacrisis/Nate Hagens/Russia - Be Careful What We Wish For ｜ Frankly #17.txt
/mnt/c/Users/nateg/OneDrive/Documentos/GitHub/quadrivium/metacrisis/Nate Hagens/Samantha Sweetwater： ＂Life at the Center＂ ｜ The Great Simplification #112.txt
/mnt/c/Users/nateg/OneDrive/Documentos/GitHub/quadrivium/metacrisis/Nate Hagens/Sandra Faber： ＂The Universe and Our Place in It＂ The Great Simplification #111.txt
/mnt/c/Users/nateg/OneDrive/Documentos/GitHub/quadrivium/metacrisis/Nate Hagens/Sebastian Heitmann： “Gigacorns” ｜ The Great Simplification #38.txt
/mnt/c/Users/nateg/OneDrive/Documentos/GitHub/quadrivium/metacrisis/Nate Hagens/Short and Long Term Preparation for Global Heating ｜ Leon Simons.txt
/mnt/c/Users/nateg/OneDrive/Documentos/GitHub/quadrivium/metacrisis/Nate Hagens/Sian Sutherland： ＂Innovating the Business of Plastics＂ ｜ The Great Simplification #89.txt
/mnt/c/Users/nateg/OneDrive/Documentos/GitHub/quadrivium/metacrisis/Nate Hagens/Simon Michaux on Minerals, Energy, and Complexity.txt
/mnt/c/Users/nateg/OneDrive/Documentos/GitHub/quadrivium/metacrisis/Nate Hagens/Simon Michaux： ＂The Arcadian Blueprint＂ ｜ The Great Simplification #68.txt
/mnt/c/Users/nateg/OneDrive/Documentos/GitHub/quadrivium/metacrisis/Nate Hagens/Simon Michaux： ＂The Arcadians＂ ｜ The Great Simplification #49.txt
/mnt/c/Users/nateg/OneDrive/Documentos/GitHub/quadrivium/metacrisis/Nate Hagens/Sir David King on Marine Biomass Generation.txt
/mnt/c/Users/nateg/OneDrive/Documentos/GitHub/quadrivium/metacrisis/Nate Hagens/Sir David King： “Global Heating： The Science and the Response＂ The Great Simplification #95.txt
/mnt/c/Users/nateg/OneDrive/Documentos/GitHub/quadrivium/metacrisis/Nate Hagens/Special Request & Community Announcement.txt
/mnt/c/Users/nateg/OneDrive/Documentos/GitHub/quadrivium/metacrisis/Nate Hagens/Staying Warm Data with Nora Bateson ｜ Frankly #20.txt
/mnt/c/Users/nateg/OneDrive/Documentos/GitHub/quadrivium/metacrisis/Nate Hagens/Steve Keen on The Role of Energy in Economic Theory.txt
/mnt/c/Users/nateg/OneDrive/Documentos/GitHub/quadrivium/metacrisis/Nate Hagens/Steve Keen： ＂Mythonomics” ｜ The Great Simplification #30.txt
/mnt/c/Users/nateg/OneDrive/Documentos/GitHub/quadrivium/metacrisis/Nate Hagens/Steve Keen： ＂On the Origins of Energy Blindness＂ ｜ The Great Simplification #108.txt
/mnt/c/Users/nateg/OneDrive/Documentos/GitHub/quadrivium/metacrisis/Nate Hagens/Steve Vavrus： ＂Arctic Fever？ Taking the Arctic’s Temperature＂ ｜ The Great Simplification #35.txt
/mnt/c/Users/nateg/OneDrive/Documentos/GitHub/quadrivium/metacrisis/Nate Hagens/Systemic Themes for 2024 ｜ Frankly #51.txt
/mnt/c/Users/nateg/OneDrive/Documentos/GitHub/quadrivium/metacrisis/Nate Hagens/Taimur Ahmad： ＂Energy Inequality in the Polycrisis＂ ｜ The Great Simplification #80.txt
/mnt/c/Users/nateg/OneDrive/Documentos/GitHub/quadrivium/metacrisis/Nate Hagens/Tarot of the Carbon Pulse - with Nate Hagens ｜ Earth Day 2022.txt
/mnt/c/Users/nateg/OneDrive/Documentos/GitHub/quadrivium/metacrisis/Nate Hagens/The 17 Things I Am 100% Certain About ｜ Frankly #60.txt
/mnt/c/Users/nateg/OneDrive/Documentos/GitHub/quadrivium/metacrisis/Nate Hagens/The 6th Pool..？  Frankly #8.txt
/mnt/c/Users/nateg/OneDrive/Documentos/GitHub/quadrivium/metacrisis/Nate Hagens/The 7 Stages of Climate Awareness ｜ Frankly #10.txt
/mnt/c/Users/nateg/OneDrive/Documentos/GitHub/quadrivium/metacrisis/Nate Hagens/The 7 Things That Scare Me Most ｜ Frankly 38.txt
/mnt/c/Users/nateg/OneDrive/Documentos/GitHub/quadrivium/metacrisis/Nate Hagens/The Behavioral Stack ｜ Frankly #52.txt
/mnt/c/Users/nateg/OneDrive/Documentos/GitHub/quadrivium/metacrisis/Nate Hagens/The Biophysical Tax Man Cometh ｜ Frankly #48.txt
/mnt/c/Users/nateg/OneDrive/Documentos/GitHub/quadrivium/metacrisis/Nate Hagens/The End Of Abundance ｜ Frankly #6.txt
/mnt/c/Users/nateg/OneDrive/Documentos/GitHub/quadrivium/metacrisis/Nate Hagens/The Fellowship of the Ring： 'Bend Not Break' Version ｜ Frankly #58.txt
/mnt/c/Users/nateg/OneDrive/Documentos/GitHub/quadrivium/metacrisis/Nate Hagens/The Great Simplification ｜ Film on Energy, Environment, and Our Future ｜ FULL MOVIE.txt
/mnt/c/Users/nateg/OneDrive/Documentos/GitHub/quadrivium/metacrisis/Nate Hagens/The Great Simplification ｜ Part 04 of 04 ｜ The Great Simplification Animated Series.txt
/mnt/c/Users/nateg/OneDrive/Documentos/GitHub/quadrivium/metacrisis/Nate Hagens/The Haves & The Have-Nots ｜ Frankly #53.txt
/mnt/c/Users/nateg/OneDrive/Documentos/GitHub/quadrivium/metacrisis/Nate Hagens/The Human Being ｜ Part 03 of 04 ｜ The Great Simplification Animated Series.txt
/mnt/c/Users/nateg/OneDrive/Documentos/GitHub/quadrivium/metacrisis/Nate Hagens/The Human Predicament in 22 Clips.txt
/mnt/c/Users/nateg/OneDrive/Documentos/GitHub/quadrivium/metacrisis/Nate Hagens/The Human Superorganism ｜ Part 02 of 04 ｜ The Great Simplification Animated Series.txt
/mnt/c/Users/nateg/OneDrive/Documentos/GitHub/quadrivium/metacrisis/Nate Hagens/The Indic Mind： An Approach to the Metacrisis ｜ Reality Roundtable 8.txt
/mnt/c/Users/nateg/OneDrive/Documentos/GitHub/quadrivium/metacrisis/Nate Hagens/The Limits to Podcasting About Limits ｜ Frankly #34.txt
/mnt/c/Users/nateg/OneDrive/Documentos/GitHub/quadrivium/metacrisis/Nate Hagens/The Many Shapes of the Carbon Pulse ｜ Frankly #44.txt
/mnt/c/Users/nateg/OneDrive/Documentos/GitHub/quadrivium/metacrisis/Nate Hagens/The Middle East： Stormwatch ｜ Frankly #46.txt
/mnt/c/Users/nateg/OneDrive/Documentos/GitHub/quadrivium/metacrisis/Nate Hagens/The Mordor Economy ｜ Frankly #23.txt
/mnt/c/Users/nateg/OneDrive/Documentos/GitHub/quadrivium/metacrisis/Nate Hagens/The Perils of EROI ｜ Frankly #32.txt
/mnt/c/Users/nateg/OneDrive/Documentos/GitHub/quadrivium/metacrisis/Nate Hagens/The Quiet Part Out Loud ｜ Frankly 13.txt
/mnt/c/Users/nateg/OneDrive/Documentos/GitHub/quadrivium/metacrisis/Nate Hagens/The Real Global Macro ｜ Frankly #28.txt
/mnt/c/Users/nateg/OneDrive/Documentos/GitHub/quadrivium/metacrisis/Nate Hagens/The Simple Story of Civilization with Tom Murphy ｜ Frankly #22.txt
/mnt/c/Users/nateg/OneDrive/Documentos/GitHub/quadrivium/metacrisis/Nate Hagens/The Speed Bump ｜ Frankly #12.txt
/mnt/c/Users/nateg/OneDrive/Documentos/GitHub/quadrivium/metacrisis/Nate Hagens/The State of Our Species 2020： Earth Day Talk Q&A - (Nate Hagens).txt
/mnt/c/Users/nateg/OneDrive/Documentos/GitHub/quadrivium/metacrisis/Nate Hagens/The State of Poverty in the U.S. ｜ Stephanie Hoopes, Peter Kilde, Marc Perry, Dalitso Sulamoyo.txt
/mnt/c/Users/nateg/OneDrive/Documentos/GitHub/quadrivium/metacrisis/Nate Hagens/The State of The Species 2020 - Nate Hagens.txt
/mnt/c/Users/nateg/OneDrive/Documentos/GitHub/quadrivium/metacrisis/Nate Hagens/The Strait of Hormuz and ‘the Spice’ ｜ Frankly #61.txt
/mnt/c/Users/nateg/OneDrive/Documentos/GitHub/quadrivium/metacrisis/Nate Hagens/There is No Economy Without Nature ｜ Alexa Firmenich.txt
/mnt/c/Users/nateg/OneDrive/Documentos/GitHub/quadrivium/metacrisis/Nate Hagens/Thomas Murphy： “Physics and Planetary Ambitions” ｜ The Great Simplification #18.txt
/mnt/c/Users/nateg/OneDrive/Documentos/GitHub/quadrivium/metacrisis/Nate Hagens/Tim Watkins： “From Living Like Gods to Living Your Own Story” ｜ The Great Simplification #23.txt
/mnt/c/Users/nateg/OneDrive/Documentos/GitHub/quadrivium/metacrisis/Nate Hagens/Timothée Parrique： “Degrowth： Slow is the New Cool” ｜ The Great Simplification #32.txt
/mnt/c/Users/nateg/OneDrive/Documentos/GitHub/quadrivium/metacrisis/Nate Hagens/Titanic Oceans： Daniel Pauly, Antonio Turiel, and Peter Ward ｜ Reality Roundtable #4.txt
/mnt/c/Users/nateg/OneDrive/Documentos/GitHub/quadrivium/metacrisis/Nate Hagens/Tom Chi： ＂Net Positive for the Planet – from Beavers to Bionics” ｜ The Great Simplification #120.txt
/mnt/c/Users/nateg/OneDrive/Documentos/GitHub/quadrivium/metacrisis/Nate Hagens/Tomas Bjorkman on Inner Development for Cultural Change.txt
/mnt/c/Users/nateg/OneDrive/Documentos/GitHub/quadrivium/metacrisis/Nate Hagens/Tomas Björkman on The Nordic Secret and Inner Development.txt
/mnt/c/Users/nateg/OneDrive/Documentos/GitHub/quadrivium/metacrisis/Nate Hagens/Tomas Björkman： ＂Metamodernism and The Future＂ ｜ The Great Simplification #48.txt
/mnt/c/Users/nateg/OneDrive/Documentos/GitHub/quadrivium/metacrisis/Nate Hagens/Tristan Harris on Social Media's Power Asymmetry.txt
/mnt/c/Users/nateg/OneDrive/Documentos/GitHub/quadrivium/metacrisis/Nate Hagens/Tristan Harris： “Social Media： Bringing the Ring to Mordor” ｜ The Great Simplification #16.txt
/mnt/c/Users/nateg/OneDrive/Documentos/GitHub/quadrivium/metacrisis/Nate Hagens/USA! (But wait, There’s More) ｜ Frankly #27.txt
/mnt/c/Users/nateg/OneDrive/Documentos/GitHub/quadrivium/metacrisis/Nate Hagens/Unlearning Economics： Jon Erickson, Josh Farley, Steve Keen, Kate Raworth ｜ Reality Roundtable #3.txt
/mnt/c/Users/nateg/OneDrive/Documentos/GitHub/quadrivium/metacrisis/Nate Hagens/Vandana Shiva On The Difference Between Food Commodities and Nutrition.txt
/mnt/c/Users/nateg/OneDrive/Documentos/GitHub/quadrivium/metacrisis/Nate Hagens/Vandana Shiva on Water and Bread Revolutions.txt
/mnt/c/Users/nateg/OneDrive/Documentos/GitHub/quadrivium/metacrisis/Nate Hagens/Vandana Shiva： ＂Agroecology and The Great Simplification＂ ｜ The Great Simplification #46.txt
/mnt/c/Users/nateg/OneDrive/Documentos/GitHub/quadrivium/metacrisis/Nate Hagens/Vanessa Andreotti： ＂Hospicing Modernity and Rehabilitating Humanity＂ ｜ The Great Simplification 125.txt
/mnt/c/Users/nateg/OneDrive/Documentos/GitHub/quadrivium/metacrisis/Nate Hagens/Vicki Robin “Money and Life’s Energy” ｜ The Great Simplification #21.txt
/mnt/c/Users/nateg/OneDrive/Documentos/GitHub/quadrivium/metacrisis/Nate Hagens/What Causes Societal Cycles of Overturn？ ｜ Ashley Hodgson.txt
/mnt/c/Users/nateg/OneDrive/Documentos/GitHub/quadrivium/metacrisis/Nate Hagens/What War in Ukraine means for Energy & Money ｜ Frankly by Nate Hagens.txt
/mnt/c/Users/nateg/OneDrive/Documentos/GitHub/quadrivium/metacrisis/Nate Hagens/Why do we need data ownership and privacy？ ｜ John Robb.txt
/mnt/c/Users/nateg/OneDrive/Documentos/GitHub/quadrivium/metacrisis/Nate Hagens/William E. Rees on The Fundamental Issue： Overshoot.txt
/mnt/c/Users/nateg/OneDrive/Documentos/GitHub/quadrivium/metacrisis/Nate Hagens/William E. Rees： ＂The Fundamental Issue - Overshoot＂ ｜ The Great Simplification #53.txt
/mnt/c/Users/nateg/OneDrive/Documentos/GitHub/quadrivium/metacrisis/Nate Hagens/Words Vs Reality： A Vocabulary for the Future ｜ Earth Day 2023.txt
/mnt/c/Users/nateg/OneDrive/Documentos/GitHub/quadrivium/metacrisis/Nate Hagens/Zak Stein： ＂Values, Education, AI and the Metacrisis” ｜ The Great Simplification 122.txt
/mnt/c/Users/nateg/OneDrive/Documentos/GitHub/quadrivium/metacrisis/Nate Hagens/＂Islands＂ ｜ Frankly #19.txt
/mnt/c/Users/nateg/OneDrive/Documentos/GitHub/quadrivium/metacrisis/Nate Hagens/＂Peak Oil, AI, and the Straw＂ ｜ Frankly #56.txt
