/mnt/c/Users/nateg/OneDrive/Documentos/GitHub/quadrivium/cognetics/Existentialism/01 - What Is Existentialism.txt
/mnt/c/Users/nateg/OneDrive/Documentos/GitHub/quadrivium/cognetics/Existentialism/02 - Albert Camus - The Stranger, Part I.txt
/mnt/c/Users/nateg/OneDrive/Documentos/GitHub/quadrivium/cognetics/Existentialism/03 - Camus - The Stranger, Part II.txt
/mnt/c/Users/nateg/OneDrive/Documentos/GitHub/quadrivium/cognetics/Existentialism/04 - Camus - The Myth of Sisyphus.txt
/mnt/c/Users/nateg/OneDrive/Documentos/GitHub/quadrivium/cognetics/Existentialism/05 - Camus - The Plague and The Fall.txt
/mnt/c/Users/nateg/OneDrive/Documentos/GitHub/quadrivium/cognetics/Existentialism/06 - Camus - The Fall, Part II.txt
/mnt/c/Users/nateg/OneDrive/Documentos/GitHub/quadrivium/cognetics/Existentialism/07 - Soren Kierkegaard - On Becoming a Christian.txt
/mnt/c/Users/nateg/OneDrive/Documentos/GitHub/quadrivium/cognetics/Existentialism/08 - Kierkegaard on Subjective Truth.txt
/mnt/c/Users/nateg/OneDrive/Documentos/GitHub/quadrivium/cognetics/Existentialism/09 - Kierkegaard's Existential Dialectic.txt
/mnt/c/Users/nateg/OneDrive/Documentos/GitHub/quadrivium/cognetics/Existentialism/10 - Friedrich Nietzsche on Nihilism and the Death of God.txt
/mnt/c/Users/nateg/OneDrive/Documentos/GitHub/quadrivium/cognetics/Existentialism/11 - Nietzsche, the Immoralist.txt
/mnt/c/Users/nateg/OneDrive/Documentos/GitHub/quadrivium/cognetics/Existentialism/12 - Nietzsche on Freedom, Fate, and Responsibility.txt
/mnt/c/Users/nateg/OneDrive/Documentos/GitHub/quadrivium/cognetics/Existentialism/13 - Nietzsche - The ‹bermensch and the Will to Power.txt
/mnt/c/Users/nateg/OneDrive/Documentos/GitHub/quadrivium/cognetics/Existentialism/14 - Three Grand Inquisitors-Dostoevsky, Kafka, Hesse.txt
/mnt/c/Users/nateg/OneDrive/Documentos/GitHub/quadrivium/cognetics/Existentialism/15 - Husserl, Heidegger, and Phenomenology.txt
/mnt/c/Users/nateg/OneDrive/Documentos/GitHub/quadrivium/cognetics/Existentialism/16 - Heidegger on the World and the Self.txt
/mnt/c/Users/nateg/OneDrive/Documentos/GitHub/quadrivium/cognetics/Existentialism/17 - Heidegger on Authenticity.txt
/mnt/c/Users/nateg/OneDrive/Documentos/GitHub/quadrivium/cognetics/Existentialism/18 - Jean-Paul Sartre at War.txt
/mnt/c/Users/nateg/OneDrive/Documentos/GitHub/quadrivium/cognetics/Existentialism/19 - Sartre on Emotions and Responsibility.txt
/mnt/c/Users/nateg/OneDrive/Documentos/GitHub/quadrivium/cognetics/Existentialism/20 - Sartre's Phenomenology.txt
/mnt/c/Users/nateg/OneDrive/Documentos/GitHub/quadrivium/cognetics/Existentialism/21 - Sartre on Bad Faith.txt
/mnt/c/Users/nateg/OneDrive/Documentos/GitHub/quadrivium/cognetics/Existentialism/22 - Sartre's Being-for-Others and No Exit.txt
/mnt/c/Users/nateg/OneDrive/Documentos/GitHub/quadrivium/cognetics/Existentialism/23 - Sartre on Sex and Love.txt
/mnt/c/Users/nateg/OneDrive/Documentos/GitHub/quadrivium/cognetics/Existentialism/24 - From Existentialism to Postmodernism.txt
