/mnt/c/Users/nateg/OneDrive/Documentos/GitHub/quadrivium/cognetics/High School Basic Math/01. Introduction and a Review of Addition and Subtraction.avi.txt
/mnt/c/Users/nateg/OneDrive/Documentos/GitHub/quadrivium/cognetics/High School Basic Math/02. Multiplication and Division.avi.txt
/mnt/c/Users/nateg/OneDrive/Documentos/GitHub/quadrivium/cognetics/High School Basic Math/03. Long Division.avi.txt
/mnt/c/Users/nateg/OneDrive/Documentos/GitHub/quadrivium/cognetics/High School Basic Math/04. Introduction to Fractions.avi.txt
/mnt/c/Users/nateg/OneDrive/Documentos/GitHub/quadrivium/cognetics/High School Basic Math/05. Adding Fractions.avi.txt
/mnt/c/Users/nateg/OneDrive/Documentos/GitHub/quadrivium/cognetics/High School Basic Math/06. Subtracting Fractions.avi.txt
/mnt/c/Users/nateg/OneDrive/Documentos/GitHub/quadrivium/cognetics/High School Basic Math/07. Multiplying Fractions.avi.txt
/mnt/c/Users/nateg/OneDrive/Documentos/GitHub/quadrivium/cognetics/High School Basic Math/08. Dividing Fractions, Plus a Review of Fractions.avi.txt
/mnt/c/Users/nateg/OneDrive/Documentos/GitHub/quadrivium/cognetics/High School Basic Math/09. Adding and Subtracting Decimals.avi.txt
/mnt/c/Users/nateg/OneDrive/Documentos/GitHub/quadrivium/cognetics/High School Basic Math/10. Multiplying and Dividing Decimals.avi.txt
/mnt/c/Users/nateg/OneDrive/Documentos/GitHub/quadrivium/cognetics/High School Basic Math/11. Using the Calculator.avi.txt
/mnt/c/Users/nateg/OneDrive/Documentos/GitHub/quadrivium/cognetics/High School Basic Math/12. Fractions, Decimals, and Percents.avi.txt
/mnt/c/Users/nateg/OneDrive/Documentos/GitHub/quadrivium/cognetics/High School Basic Math/13. Percent Problems.avi.txt
/mnt/c/Users/nateg/OneDrive/Documentos/GitHub/quadrivium/cognetics/High School Basic Math/14. Ratios and Proportions.avi.txt
/mnt/c/Users/nateg/OneDrive/Documentos/GitHub/quadrivium/cognetics/High School Basic Math/15. Exponents and the Order of Operations.avi.txt
/mnt/c/Users/nateg/OneDrive/Documentos/GitHub/quadrivium/cognetics/High School Basic Math/16. Adding and Subtracting Integers.avi.txt
/mnt/c/Users/nateg/OneDrive/Documentos/GitHub/quadrivium/cognetics/High School Basic Math/17. Multiplication and Division of Integers, and an Introduction to Square Roots.avi.txt
/mnt/c/Users/nateg/OneDrive/Documentos/GitHub/quadrivium/cognetics/High School Basic Math/18. Negative and Fractional Powers.avi.txt
/mnt/c/Users/nateg/OneDrive/Documentos/GitHub/quadrivium/cognetics/High School Basic Math/19. Geometry I.avi.txt
/mnt/c/Users/nateg/OneDrive/Documentos/GitHub/quadrivium/cognetics/High School Basic Math/20. Geometry II.avi.txt
/mnt/c/Users/nateg/OneDrive/Documentos/GitHub/quadrivium/cognetics/High School Basic Math/21. Graphing in the Coordinate Plane.avi.txt
/mnt/c/Users/nateg/OneDrive/Documentos/GitHub/quadrivium/cognetics/High School Basic Math/22. Number Theory.avi.txt
/mnt/c/Users/nateg/OneDrive/Documentos/GitHub/quadrivium/cognetics/High School Basic Math/23. Number Patterns I.avi.txt
/mnt/c/Users/nateg/OneDrive/Documentos/GitHub/quadrivium/cognetics/High School Basic Math/24. Number Patterns II.avi.txt
/mnt/c/Users/nateg/OneDrive/Documentos/GitHub/quadrivium/cognetics/High School Basic Math/25. Statistics.avi.txt
/mnt/c/Users/nateg/OneDrive/Documentos/GitHub/quadrivium/cognetics/High School Basic Math/26. Probability.avi.txt
/mnt/c/Users/nateg/OneDrive/Documentos/GitHub/quadrivium/cognetics/High School Basic Math/27. Measurement.avi.txt
/mnt/c/Users/nateg/OneDrive/Documentos/GitHub/quadrivium/cognetics/High School Basic Math/28. Problem-Solving Techniques.avi.txt
/mnt/c/Users/nateg/OneDrive/Documentos/GitHub/quadrivium/cognetics/High School Basic Math/29. Solving Simple Equations.avi.txt
/mnt/c/Users/nateg/OneDrive/Documentos/GitHub/quadrivium/cognetics/High School Basic Math/30. Introduction to Algebra I.avi.txt
