/mnt/c/Users/nateg/OneDrive/Documentos/GitHub/quadrivium/cognetics/Understanding the Brain/01 - Historical Underpinnings of Neuroscience.txt
/mnt/c/Users/nateg/OneDrive/Documentos/GitHub/quadrivium/cognetics/Understanding the Brain/02 - Central Nervous System - Gross Organization.txt
/mnt/c/Users/nateg/OneDrive/Documentos/GitHub/quadrivium/cognetics/Understanding the Brain/03 - Central Nervous System - Internal Organization.txt
/mnt/c/Users/nateg/OneDrive/Documentos/GitHub/quadrivium/cognetics/Understanding the Brain/04 - Central Nervous System - Subdivisions.txt
/mnt/c/Users/nateg/OneDrive/Documentos/GitHub/quadrivium/cognetics/Understanding the Brain/05 - Cortex - Lobes and Areas.txt
/mnt/c/Users/nateg/OneDrive/Documentos/GitHub/quadrivium/cognetics/Understanding the Brain/06 - Cortex - Sensory, Motor, and Association Areas.txt
/mnt/c/Users/nateg/OneDrive/Documentos/GitHub/quadrivium/cognetics/Understanding the Brain/07 - Central Nervous System - Development.txt
/mnt/c/Users/nateg/OneDrive/Documentos/GitHub/quadrivium/cognetics/Understanding the Brain/08 - Central Nervous System - Cellular Organization.txt
/mnt/c/Users/nateg/OneDrive/Documentos/GitHub/quadrivium/cognetics/Understanding the Brain/09 - Pathways and Synapses.txt
/mnt/c/Users/nateg/OneDrive/Documentos/GitHub/quadrivium/cognetics/Understanding the Brain/10 - Neurotransmitter.txt
/mnt/c/Users/nateg/OneDrive/Documentos/GitHub/quadrivium/cognetics/Understanding the Brain/11 - Stroke.txt
/mnt/c/Users/nateg/OneDrive/Documentos/GitHub/quadrivium/cognetics/Understanding the Brain/12 - Visual System - The Eye.txt
/mnt/c/Users/nateg/OneDrive/Documentos/GitHub/quadrivium/cognetics/Understanding the Brain/13 - Visual System - The Cortex.txt
/mnt/c/Users/nateg/OneDrive/Documentos/GitHub/quadrivium/cognetics/Understanding the Brain/14 - Auditory System.txt
/mnt/c/Users/nateg/OneDrive/Documentos/GitHub/quadrivium/cognetics/Understanding the Brain/15 - Somatosensory System.txt
/mnt/c/Users/nateg/OneDrive/Documentos/GitHub/quadrivium/cognetics/Understanding the Brain/16 - Agnosias.txt
/mnt/c/Users/nateg/OneDrive/Documentos/GitHub/quadrivium/cognetics/Understanding the Brain/17 - Motor System - Voluntary Movement.txt
/mnt/c/Users/nateg/OneDrive/Documentos/GitHub/quadrivium/cognetics/Understanding the Brain/18 - Motor System - Coordinated Movement.txt
/mnt/c/Users/nateg/OneDrive/Documentos/GitHub/quadrivium/cognetics/Understanding the Brain/19 - Parkinson's Disease.txt
/mnt/c/Users/nateg/OneDrive/Documentos/GitHub/quadrivium/cognetics/Understanding the Brain/20 - Language.txt
/mnt/c/Users/nateg/OneDrive/Documentos/GitHub/quadrivium/cognetics/Understanding the Brain/21 - Limbic System - Anatomy.txt
/mnt/c/Users/nateg/OneDrive/Documentos/GitHub/quadrivium/cognetics/Understanding the Brain/22 - Limbic System - Biochemistry.txt
/mnt/c/Users/nateg/OneDrive/Documentos/GitHub/quadrivium/cognetics/Understanding the Brain/23 - Depression.txt
/mnt/c/Users/nateg/OneDrive/Documentos/GitHub/quadrivium/cognetics/Understanding the Brain/24 - Anatomy.txt
/mnt/c/Users/nateg/OneDrive/Documentos/GitHub/quadrivium/cognetics/Understanding the Brain/25 - Reward System - Drugs.txt
/mnt/c/Users/nateg/OneDrive/Documentos/GitHub/quadrivium/cognetics/Understanding the Brain/26 - Brain Plasticity.txt
/mnt/c/Users/nateg/OneDrive/Documentos/GitHub/quadrivium/cognetics/Understanding the Brain/27 - Emotion and Executive Functions.txt
/mnt/c/Users/nateg/OneDrive/Documentos/GitHub/quadrivium/cognetics/Understanding the Brain/28 - Processing of Negative Emotions - Fear.txt
/mnt/c/Users/nateg/OneDrive/Documentos/GitHub/quadrivium/cognetics/Understanding the Brain/29 - Music and the Brain.txt
/mnt/c/Users/nateg/OneDrive/Documentos/GitHub/quadrivium/cognetics/Understanding the Brain/30 - Sexual Dimorphism of the Brain.txt
/mnt/c/Users/nateg/OneDrive/Documentos/GitHub/quadrivium/cognetics/Understanding the Brain/31 - Sleep and Dreaming.txt
/mnt/c/Users/nateg/OneDrive/Documentos/GitHub/quadrivium/cognetics/Understanding the Brain/32 - Consciousness and the Self.txt
/mnt/c/Users/nateg/OneDrive/Documentos/GitHub/quadrivium/cognetics/Understanding the Brain/33 - Alzheimer's Disease.txt
/mnt/c/Users/nateg/OneDrive/Documentos/GitHub/quadrivium/cognetics/Understanding the Brain/34 - Risk Factors for Alzheimer's.txt
/mnt/c/Users/nateg/OneDrive/Documentos/GitHub/quadrivium/cognetics/Understanding the Brain/35 - Wellness - Coping with Stress.txt
/mnt/c/Users/nateg/OneDrive/Documentos/GitHub/quadrivium/cognetics/Understanding the Brain/36 - Neuroscience - Looking Back and Looking Ahead.txt
