/mnt/c/Users/nateg/OneDrive/Documentos/GitHub/quadrivium/cognetics/United States And The Middle East 1914- 9-11/01-1 A Meeting of Two Worlds.txt
/mnt/c/Users/nateg/OneDrive/Documentos/GitHub/quadrivium/cognetics/United States And The Middle East 1914- 9-11/01-2 A Meeting of Two Worlds.txt
/mnt/c/Users/nateg/OneDrive/Documentos/GitHub/quadrivium/cognetics/United States And The Middle East 1914- 9-11/01-3 A Meeting of Two Worlds.txt
/mnt/c/Users/nateg/OneDrive/Documentos/GitHub/quadrivium/cognetics/United States And The Middle East 1914- 9-11/01-4 A Meeting of Two Worlds.txt
/mnt/c/Users/nateg/OneDrive/Documentos/GitHub/quadrivium/cognetics/United States And The Middle East 1914- 9-11/01-5 A Meeting of Two Worlds.txt
/mnt/c/Users/nateg/OneDrive/Documentos/GitHub/quadrivium/cognetics/United States And The Middle East 1914- 9-11/01-6 A Meeting of Two Worlds.txt
/mnt/c/Users/nateg/OneDrive/Documentos/GitHub/quadrivium/cognetics/United States And The Middle East 1914- 9-11/02-1 The Breakup of the Ottoman Empire.txt
/mnt/c/Users/nateg/OneDrive/Documentos/GitHub/quadrivium/cognetics/United States And The Middle East 1914- 9-11/02-2 The Breakup of the Ottoman Empire.txt
/mnt/c/Users/nateg/OneDrive/Documentos/GitHub/quadrivium/cognetics/United States And The Middle East 1914- 9-11/02-3 The Breakup of the Ottoman Empire.txt
/mnt/c/Users/nateg/OneDrive/Documentos/GitHub/quadrivium/cognetics/United States And The Middle East 1914- 9-11/02-4 The Breakup of the Ottoman Empire.txt
/mnt/c/Users/nateg/OneDrive/Documentos/GitHub/quadrivium/cognetics/United States And The Middle East 1914- 9-11/02-5 The Breakup of the Ottoman Empire.txt
/mnt/c/Users/nateg/OneDrive/Documentos/GitHub/quadrivium/cognetics/United States And The Middle East 1914- 9-11/02-6 The Breakup of the Ottoman Empire.txt
/mnt/c/Users/nateg/OneDrive/Documentos/GitHub/quadrivium/cognetics/United States And The Middle East 1914- 9-11/03-1 The Interwar Period.txt
/mnt/c/Users/nateg/OneDrive/Documentos/GitHub/quadrivium/cognetics/United States And The Middle East 1914- 9-11/03-2 The Interwar Period.txt
/mnt/c/Users/nateg/OneDrive/Documentos/GitHub/quadrivium/cognetics/United States And The Middle East 1914- 9-11/03-3 The Interwar Period.txt
/mnt/c/Users/nateg/OneDrive/Documentos/GitHub/quadrivium/cognetics/United States And The Middle East 1914- 9-11/03-4 The Interwar Period.txt
/mnt/c/Users/nateg/OneDrive/Documentos/GitHub/quadrivium/cognetics/United States And The Middle East 1914- 9-11/03-5 The Interwar Period.txt
/mnt/c/Users/nateg/OneDrive/Documentos/GitHub/quadrivium/cognetics/United States And The Middle East 1914- 9-11/03-6 The Interwar Period.txt
/mnt/c/Users/nateg/OneDrive/Documentos/GitHub/quadrivium/cognetics/United States And The Middle East 1914- 9-11/04-1 US & the Middle East During WWII.txt
/mnt/c/Users/nateg/OneDrive/Documentos/GitHub/quadrivium/cognetics/United States And The Middle East 1914- 9-11/04-2 US & the Middle East During WWII.txt
/mnt/c/Users/nateg/OneDrive/Documentos/GitHub/quadrivium/cognetics/United States And The Middle East 1914- 9-11/04-3 US & the Middle East During WWII.txt
/mnt/c/Users/nateg/OneDrive/Documentos/GitHub/quadrivium/cognetics/United States And The Middle East 1914- 9-11/04-4 US & the Middle East During WWII.txt
/mnt/c/Users/nateg/OneDrive/Documentos/GitHub/quadrivium/cognetics/United States And The Middle East 1914- 9-11/04-5 US & the Middle East During WWII.txt
/mnt/c/Users/nateg/OneDrive/Documentos/GitHub/quadrivium/cognetics/United States And The Middle East 1914- 9-11/04-6 US & the Middle East During WWII.txt
/mnt/c/Users/nateg/OneDrive/Documentos/GitHub/quadrivium/cognetics/United States And The Middle East 1914- 9-11/05-1 Origins of the Cold War in the Middle East.txt
/mnt/c/Users/nateg/OneDrive/Documentos/GitHub/quadrivium/cognetics/United States And The Middle East 1914- 9-11/05-2 Origins of the Cold War in the Middle East.txt
/mnt/c/Users/nateg/OneDrive/Documentos/GitHub/quadrivium/cognetics/United States And The Middle East 1914- 9-11/05-3 Origins of the Cold War in the Middle East.txt
/mnt/c/Users/nateg/OneDrive/Documentos/GitHub/quadrivium/cognetics/United States And The Middle East 1914- 9-11/05-4 Origins of the Cold War in the Middle East.txt
/mnt/c/Users/nateg/OneDrive/Documentos/GitHub/quadrivium/cognetics/United States And The Middle East 1914- 9-11/05-5 Origins of the Cold War in the Middle East.txt
/mnt/c/Users/nateg/OneDrive/Documentos/GitHub/quadrivium/cognetics/United States And The Middle East 1914- 9-11/05-6 Origins of the Cold War in the Middle East.txt
/mnt/c/Users/nateg/OneDrive/Documentos/GitHub/quadrivium/cognetics/United States And The Middle East 1914- 9-11/06-1 Truman & the Creation of Israel.txt
/mnt/c/Users/nateg/OneDrive/Documentos/GitHub/quadrivium/cognetics/United States And The Middle East 1914- 9-11/06-2 Truman & the Creation of Israel.txt
/mnt/c/Users/nateg/OneDrive/Documentos/GitHub/quadrivium/cognetics/United States And The Middle East 1914- 9-11/06-3 Truman & the Creation of Israel.txt
/mnt/c/Users/nateg/OneDrive/Documentos/GitHub/quadrivium/cognetics/United States And The Middle East 1914- 9-11/06-4 Truman & the Creation of Israel.txt
/mnt/c/Users/nateg/OneDrive/Documentos/GitHub/quadrivium/cognetics/United States And The Middle East 1914- 9-11/06-5 Truman & the Creation of Israel.txt
/mnt/c/Users/nateg/OneDrive/Documentos/GitHub/quadrivium/cognetics/United States And The Middle East 1914- 9-11/06-6 Truman & the Creation of Israel.txt
/mnt/c/Users/nateg/OneDrive/Documentos/GitHub/quadrivium/cognetics/United States And The Middle East 1914- 9-11/07-1 Eisenhower, the Cold War, & the Middle East.txt
/mnt/c/Users/nateg/OneDrive/Documentos/GitHub/quadrivium/cognetics/United States And The Middle East 1914- 9-11/07-2 Eisenhower, the Cold War, & the Middle East.txt
/mnt/c/Users/nateg/OneDrive/Documentos/GitHub/quadrivium/cognetics/United States And The Middle East 1914- 9-11/07-3 Eisenhower, the Cold War, & the Middle East.txt
/mnt/c/Users/nateg/OneDrive/Documentos/GitHub/quadrivium/cognetics/United States And The Middle East 1914- 9-11/07-4 Eisenhower, the Cold War, & the Middle East.txt
/mnt/c/Users/nateg/OneDrive/Documentos/GitHub/quadrivium/cognetics/United States And The Middle East 1914- 9-11/07-5 Eisenhower, the Cold War, & the Middle East.txt
/mnt/c/Users/nateg/OneDrive/Documentos/GitHub/quadrivium/cognetics/United States And The Middle East 1914- 9-11/07-6 Eisenhower, the Cold War, & the Middle East.txt
/mnt/c/Users/nateg/OneDrive/Documentos/GitHub/quadrivium/cognetics/United States And The Middle East 1914- 9-11/08-1 The Suez Crisis & Arab Nationalism.txt
/mnt/c/Users/nateg/OneDrive/Documentos/GitHub/quadrivium/cognetics/United States And The Middle East 1914- 9-11/08-2 The Suez Crisis & Arab Nationalism.txt
/mnt/c/Users/nateg/OneDrive/Documentos/GitHub/quadrivium/cognetics/United States And The Middle East 1914- 9-11/08-3 The Suez Crisis & Arab Nationalism.txt
/mnt/c/Users/nateg/OneDrive/Documentos/GitHub/quadrivium/cognetics/United States And The Middle East 1914- 9-11/08-4 The Suez Crisis & Arab Nationalism.txt
/mnt/c/Users/nateg/OneDrive/Documentos/GitHub/quadrivium/cognetics/United States And The Middle East 1914- 9-11/08-5 The Suez Crisis & Arab Nationalism.txt
/mnt/c/Users/nateg/OneDrive/Documentos/GitHub/quadrivium/cognetics/United States And The Middle East 1914- 9-11/08-6 The Suez Crisis & Arab Nationalism.txt
/mnt/c/Users/nateg/OneDrive/Documentos/GitHub/quadrivium/cognetics/United States And The Middle East 1914- 9-11/09-1 Kennedy- Engaging Middle Eastern Nationalism.txt
/mnt/c/Users/nateg/OneDrive/Documentos/GitHub/quadrivium/cognetics/United States And The Middle East 1914- 9-11/09-2 Kennedy- Engaging Middle Eastern Nationalism.txt
/mnt/c/Users/nateg/OneDrive/Documentos/GitHub/quadrivium/cognetics/United States And The Middle East 1914- 9-11/09-3 Kennedy- Engaging Middle Eastern Nationalism.txt
/mnt/c/Users/nateg/OneDrive/Documentos/GitHub/quadrivium/cognetics/United States And The Middle East 1914- 9-11/09-4 Kennedy- Engaging Middle Eastern Nationalism.txt
/mnt/c/Users/nateg/OneDrive/Documentos/GitHub/quadrivium/cognetics/United States And The Middle East 1914- 9-11/09-5 Kennedy- Engaging Middle Eastern Nationalism.txt
/mnt/c/Users/nateg/OneDrive/Documentos/GitHub/quadrivium/cognetics/United States And The Middle East 1914- 9-11/09-6 Kennedy- Engaging Middle Eastern Nationalism.txt
/mnt/c/Users/nateg/OneDrive/Documentos/GitHub/quadrivium/cognetics/United States And The Middle East 1914- 9-11/10-1 Johnson- Taking Sides.txt
/mnt/c/Users/nateg/OneDrive/Documentos/GitHub/quadrivium/cognetics/United States And The Middle East 1914- 9-11/10-2 Johnson- Taking Sides.txt
/mnt/c/Users/nateg/OneDrive/Documentos/GitHub/quadrivium/cognetics/United States And The Middle East 1914- 9-11/10-3 Johnson- Taking Sides.txt
/mnt/c/Users/nateg/OneDrive/Documentos/GitHub/quadrivium/cognetics/United States And The Middle East 1914- 9-11/10-4 Johnson- Taking Sides.txt
/mnt/c/Users/nateg/OneDrive/Documentos/GitHub/quadrivium/cognetics/United States And The Middle East 1914- 9-11/10-5 Johnson- Taking Sides.txt
/mnt/c/Users/nateg/OneDrive/Documentos/GitHub/quadrivium/cognetics/United States And The Middle East 1914- 9-11/10-6 Johnson- Taking Sides.txt
/mnt/c/Users/nateg/OneDrive/Documentos/GitHub/quadrivium/cognetics/United States And The Middle East 1914- 9-11/11-1 The Six-Day War.txt
/mnt/c/Users/nateg/OneDrive/Documentos/GitHub/quadrivium/cognetics/United States And The Middle East 1914- 9-11/11-2 The Six-Day War.txt
/mnt/c/Users/nateg/OneDrive/Documentos/GitHub/quadrivium/cognetics/United States And The Middle East 1914- 9-11/11-3 The Six-Day War.txt
/mnt/c/Users/nateg/OneDrive/Documentos/GitHub/quadrivium/cognetics/United States And The Middle East 1914- 9-11/11-4 The Six-Day War.txt
/mnt/c/Users/nateg/OneDrive/Documentos/GitHub/quadrivium/cognetics/United States And The Middle East 1914- 9-11/11-5 The Six-Day War.txt
/mnt/c/Users/nateg/OneDrive/Documentos/GitHub/quadrivium/cognetics/United States And The Middle East 1914- 9-11/11-6 The Six-Day War.txt
/mnt/c/Users/nateg/OneDrive/Documentos/GitHub/quadrivium/cognetics/United States And The Middle East 1914- 9-11/12-1 The Nixon Doctrine & the Middle East.txt
/mnt/c/Users/nateg/OneDrive/Documentos/GitHub/quadrivium/cognetics/United States And The Middle East 1914- 9-11/12-2 The Nixon Doctrine & the Middle East.txt
/mnt/c/Users/nateg/OneDrive/Documentos/GitHub/quadrivium/cognetics/United States And The Middle East 1914- 9-11/12-3 The Nixon Doctrine & the Middle East.txt
/mnt/c/Users/nateg/OneDrive/Documentos/GitHub/quadrivium/cognetics/United States And The Middle East 1914- 9-11/12-4 The Nixon Doctrine & the Middle East.txt
/mnt/c/Users/nateg/OneDrive/Documentos/GitHub/quadrivium/cognetics/United States And The Middle East 1914- 9-11/12-5 The Nixon Doctrine & the Middle East.txt
/mnt/c/Users/nateg/OneDrive/Documentos/GitHub/quadrivium/cognetics/United States And The Middle East 1914- 9-11/12-6 The Nixon Doctrine & the Middle East.txt
/mnt/c/Users/nateg/OneDrive/Documentos/GitHub/quadrivium/cognetics/United States And The Middle East 1914- 9-11/13-1 The Yom Kippur War and Kissinger's Diplomacy.txt
/mnt/c/Users/nateg/OneDrive/Documentos/GitHub/quadrivium/cognetics/United States And The Middle East 1914- 9-11/13-2 The Yom Kippur War and Kissinger's Diplomacy.txt
/mnt/c/Users/nateg/OneDrive/Documentos/GitHub/quadrivium/cognetics/United States And The Middle East 1914- 9-11/13-3 The Yom Kippur War and Kissinger's Diplomacy.txt
/mnt/c/Users/nateg/OneDrive/Documentos/GitHub/quadrivium/cognetics/United States And The Middle East 1914- 9-11/13-4 Lecture 13d The Yom Kippur War and Kissinger's Diplomacy.txt
/mnt/c/Users/nateg/OneDrive/Documentos/GitHub/quadrivium/cognetics/United States And The Middle East 1914- 9-11/13-5 The Yom Kippur War and Kissinger's Diplomacy.txt
/mnt/c/Users/nateg/OneDrive/Documentos/GitHub/quadrivium/cognetics/United States And The Middle East 1914- 9-11/13-6 The Yom Kippur War and Kissinger's Diplomacy.txt
/mnt/c/Users/nateg/OneDrive/Documentos/GitHub/quadrivium/cognetics/United States And The Middle East 1914- 9-11/14-1 Carter and Camp David.txt
/mnt/c/Users/nateg/OneDrive/Documentos/GitHub/quadrivium/cognetics/United States And The Middle East 1914- 9-11/14-2 Carter and Camp David.txt
/mnt/c/Users/nateg/OneDrive/Documentos/GitHub/quadrivium/cognetics/United States And The Middle East 1914- 9-11/14-3 Carter and Camp David.txt
/mnt/c/Users/nateg/OneDrive/Documentos/GitHub/quadrivium/cognetics/United States And The Middle East 1914- 9-11/14-4 Carter and Camp David.txt
/mnt/c/Users/nateg/OneDrive/Documentos/GitHub/quadrivium/cognetics/United States And The Middle East 1914- 9-11/14-5 Carter and Camp David.txt
/mnt/c/Users/nateg/OneDrive/Documentos/GitHub/quadrivium/cognetics/United States And The Middle East 1914- 9-11/14-6 Carter and Camp David.txt
/mnt/c/Users/nateg/OneDrive/Documentos/GitHub/quadrivium/cognetics/United States And The Middle East 1914- 9-11/15-1 The Iranian Revolution & the Hostage Crisis.txt
/mnt/c/Users/nateg/OneDrive/Documentos/GitHub/quadrivium/cognetics/United States And The Middle East 1914- 9-11/15-2 The Iranian Revolution & the Hostage Crisis.txt
/mnt/c/Users/nateg/OneDrive/Documentos/GitHub/quadrivium/cognetics/United States And The Middle East 1914- 9-11/15-3 The Iranian Revolution & the Hostage Crisis.txt
/mnt/c/Users/nateg/OneDrive/Documentos/GitHub/quadrivium/cognetics/United States And The Middle East 1914- 9-11/15-4 The Iranian Revolution & the Hostage Crisis.txt
/mnt/c/Users/nateg/OneDrive/Documentos/GitHub/quadrivium/cognetics/United States And The Middle East 1914- 9-11/15-5 The Iranian Revolution & the Hostage Crisis.txt
/mnt/c/Users/nateg/OneDrive/Documentos/GitHub/quadrivium/cognetics/United States And The Middle East 1914- 9-11/15-6 The Iranian Revolution & the Hostage Crisis.txt
/mnt/c/Users/nateg/OneDrive/Documentos/GitHub/quadrivium/cognetics/United States And The Middle East 1914- 9-11/16-1 Era of Limits--Energy Crisis of the 1970s.txt
/mnt/c/Users/nateg/OneDrive/Documentos/GitHub/quadrivium/cognetics/United States And The Middle East 1914- 9-11/16-2 Era of Limits--Energy Crisis of the 1970s.txt
/mnt/c/Users/nateg/OneDrive/Documentos/GitHub/quadrivium/cognetics/United States And The Middle East 1914- 9-11/16-3 Era of Limits--Energy Crisis of the 1970s.txt
/mnt/c/Users/nateg/OneDrive/Documentos/GitHub/quadrivium/cognetics/United States And The Middle East 1914- 9-11/16-4 Era of Limits--Energy Crisis of the 1970s.txt
/mnt/c/Users/nateg/OneDrive/Documentos/GitHub/quadrivium/cognetics/United States And The Middle East 1914- 9-11/16-5 Era of Limits--Energy Crisis of the 1970s.txt
/mnt/c/Users/nateg/OneDrive/Documentos/GitHub/quadrivium/cognetics/United States And The Middle East 1914- 9-11/16-6 Era of Limits--Energy Crisis of the 1970s.txt
/mnt/c/Users/nateg/OneDrive/Documentos/GitHub/quadrivium/cognetics/United States And The Middle East 1914- 9-11/17-1 The Soviet Invasion of Afghanistan.txt
/mnt/c/Users/nateg/OneDrive/Documentos/GitHub/quadrivium/cognetics/United States And The Middle East 1914- 9-11/17-2 The Soviet Invasion of Afghanistan.txt
/mnt/c/Users/nateg/OneDrive/Documentos/GitHub/quadrivium/cognetics/United States And The Middle East 1914- 9-11/17-3 Lecture 17c The Soviet Invasion of Afghanistan.txt
/mnt/c/Users/nateg/OneDrive/Documentos/GitHub/quadrivium/cognetics/United States And The Middle East 1914- 9-11/17-4 The Soviet Invasion of Afghanistan.txt
/mnt/c/Users/nateg/OneDrive/Documentos/GitHub/quadrivium/cognetics/United States And The Middle East 1914- 9-11/17-5 The Soviet Invasion of Afghanistan.txt
/mnt/c/Users/nateg/OneDrive/Documentos/GitHub/quadrivium/cognetics/United States And The Middle East 1914- 9-11/17-6 The Soviet Invasion of Afghanistan.txt
/mnt/c/Users/nateg/OneDrive/Documentos/GitHub/quadrivium/cognetics/United States And The Middle East 1914- 9-11/18-1 Reagan & the Middle East.txt
/mnt/c/Users/nateg/OneDrive/Documentos/GitHub/quadrivium/cognetics/United States And The Middle East 1914- 9-11/18-2 Reagan & the Middle East.txt
/mnt/c/Users/nateg/OneDrive/Documentos/GitHub/quadrivium/cognetics/United States And The Middle East 1914- 9-11/18-3 Reagan & the Middle East.txt
/mnt/c/Users/nateg/OneDrive/Documentos/GitHub/quadrivium/cognetics/United States And The Middle East 1914- 9-11/18-4 Reagan & the Middle East.txt
/mnt/c/Users/nateg/OneDrive/Documentos/GitHub/quadrivium/cognetics/United States And The Middle East 1914- 9-11/18-5 Reagan & the Middle East.txt
/mnt/c/Users/nateg/OneDrive/Documentos/GitHub/quadrivium/cognetics/United States And The Middle East 1914- 9-11/18-6 Reagan & the Middle East.txt
/mnt/c/Users/nateg/OneDrive/Documentos/GitHub/quadrivium/cognetics/United States And The Middle East 1914- 9-11/19-1 The First Palestinian Intifada.txt
/mnt/c/Users/nateg/OneDrive/Documentos/GitHub/quadrivium/cognetics/United States And The Middle East 1914- 9-11/19-2 The First Palestinian Intifada.txt
/mnt/c/Users/nateg/OneDrive/Documentos/GitHub/quadrivium/cognetics/United States And The Middle East 1914- 9-11/19-3 The First Palestinian Intifada.txt
/mnt/c/Users/nateg/OneDrive/Documentos/GitHub/quadrivium/cognetics/United States And The Middle East 1914- 9-11/19-4 The First Palestinian Intifada.txt
/mnt/c/Users/nateg/OneDrive/Documentos/GitHub/quadrivium/cognetics/United States And The Middle East 1914- 9-11/19-5 The First Palestinian Intifada.txt
/mnt/c/Users/nateg/OneDrive/Documentos/GitHub/quadrivium/cognetics/United States And The Middle East 1914- 9-11/19-6 The First Palestinian Intifada.txt
/mnt/c/Users/nateg/OneDrive/Documentos/GitHub/quadrivium/cognetics/United States And The Middle East 1914- 9-11/20-1 The Gulf War.txt
/mnt/c/Users/nateg/OneDrive/Documentos/GitHub/quadrivium/cognetics/United States And The Middle East 1914- 9-11/20-2 The Gulf War.txt
/mnt/c/Users/nateg/OneDrive/Documentos/GitHub/quadrivium/cognetics/United States And The Middle East 1914- 9-11/20-3 The Gulf War.txt
/mnt/c/Users/nateg/OneDrive/Documentos/GitHub/quadrivium/cognetics/United States And The Middle East 1914- 9-11/20-4 The Gulf War.txt
/mnt/c/Users/nateg/OneDrive/Documentos/GitHub/quadrivium/cognetics/United States And The Middle East 1914- 9-11/20-5 The Gulf War.txt
/mnt/c/Users/nateg/OneDrive/Documentos/GitHub/quadrivium/cognetics/United States And The Middle East 1914- 9-11/20-6 The Gulf War.txt
/mnt/c/Users/nateg/OneDrive/Documentos/GitHub/quadrivium/cognetics/United States And The Middle East 1914- 9-11/21-1 The Rise & Fall of the Oslo Peace Process.txt
/mnt/c/Users/nateg/OneDrive/Documentos/GitHub/quadrivium/cognetics/United States And The Middle East 1914- 9-11/21-2 The Rise & Fall of the Oslo Peace Process.txt
/mnt/c/Users/nateg/OneDrive/Documentos/GitHub/quadrivium/cognetics/United States And The Middle East 1914- 9-11/21-3 The Rise & Fall of the Oslo Peace Process.txt
/mnt/c/Users/nateg/OneDrive/Documentos/GitHub/quadrivium/cognetics/United States And The Middle East 1914- 9-11/21-4 The Rise & Fall of the Oslo Peace Process.txt
/mnt/c/Users/nateg/OneDrive/Documentos/GitHub/quadrivium/cognetics/United States And The Middle East 1914- 9-11/21-5 The Rise & Fall of the Oslo Peace Process.txt
/mnt/c/Users/nateg/OneDrive/Documentos/GitHub/quadrivium/cognetics/United States And The Middle East 1914- 9-11/21-6 The Rise & Fall of the Oslo Peace Process.txt
/mnt/c/Users/nateg/OneDrive/Documentos/GitHub/quadrivium/cognetics/United States And The Middle East 1914- 9-11/22-1 The United States & the Kurds.txt
/mnt/c/Users/nateg/OneDrive/Documentos/GitHub/quadrivium/cognetics/United States And The Middle East 1914- 9-11/22-2 The United States & the Kurds.txt
/mnt/c/Users/nateg/OneDrive/Documentos/GitHub/quadrivium/cognetics/United States And The Middle East 1914- 9-11/22-3 The United States & the Kurds.txt
/mnt/c/Users/nateg/OneDrive/Documentos/GitHub/quadrivium/cognetics/United States And The Middle East 1914- 9-11/22-4 The United States & the Kurds.txt
/mnt/c/Users/nateg/OneDrive/Documentos/GitHub/quadrivium/cognetics/United States And The Middle East 1914- 9-11/22-5 The United States & the Kurds.txt
/mnt/c/Users/nateg/OneDrive/Documentos/GitHub/quadrivium/cognetics/United States And The Middle East 1914- 9-11/22-6 The United States & the Kurds.txt
/mnt/c/Users/nateg/OneDrive/Documentos/GitHub/quadrivium/cognetics/United States And The Middle East 1914- 9-11/23-1 The United States And Osama Bin Laden.txt
/mnt/c/Users/nateg/OneDrive/Documentos/GitHub/quadrivium/cognetics/United States And The Middle East 1914- 9-11/23-2 The United States And Osama Bin Laden.txt
/mnt/c/Users/nateg/OneDrive/Documentos/GitHub/quadrivium/cognetics/United States And The Middle East 1914- 9-11/23-3 The United States And Osama Bin Laden.txt
/mnt/c/Users/nateg/OneDrive/Documentos/GitHub/quadrivium/cognetics/United States And The Middle East 1914- 9-11/23-4 The United States And Osama Bin Laden.txt
/mnt/c/Users/nateg/OneDrive/Documentos/GitHub/quadrivium/cognetics/United States And The Middle East 1914- 9-11/23-5 The United States And Osama Bin Laden.txt
/mnt/c/Users/nateg/OneDrive/Documentos/GitHub/quadrivium/cognetics/United States And The Middle East 1914- 9-11/23-6 The United States And Osama Bin Laden.txt
/mnt/c/Users/nateg/OneDrive/Documentos/GitHub/quadrivium/cognetics/United States And The Middle East 1914- 9-11/24-1 September 11 And Its Aftermath.txt
/mnt/c/Users/nateg/OneDrive/Documentos/GitHub/quadrivium/cognetics/United States And The Middle East 1914- 9-11/24-2 September 11 And Its Aftermath.txt
/mnt/c/Users/nateg/OneDrive/Documentos/GitHub/quadrivium/cognetics/United States And The Middle East 1914- 9-11/24-3 September 11 And Its Aftermath.txt
/mnt/c/Users/nateg/OneDrive/Documentos/GitHub/quadrivium/cognetics/United States And The Middle East 1914- 9-11/24-4 September 11 And Its Aftermath.txt
/mnt/c/Users/nateg/OneDrive/Documentos/GitHub/quadrivium/cognetics/United States And The Middle East 1914- 9-11/24-5 September 11 And Its Aftermath.txt
/mnt/c/Users/nateg/OneDrive/Documentos/GitHub/quadrivium/cognetics/United States And The Middle East 1914- 9-11/24-6 September 11 And Its Aftermath.txt
