/mnt/c/Users/nateg/OneDrive/Documentos/GitHub/quadrivium/cognetics/Strategic Thinking/01 The World of Strategic Thinking.txt
/mnt/c/Users/nateg/OneDrive/Documentos/GitHub/quadrivium/cognetics/Strategic Thinking/02 The Origins and Relevance of Ancient Strateg.txt
/mnt/c/Users/nateg/OneDrive/Documentos/GitHub/quadrivium/cognetics/Strategic Thinking/03 The Dawn of Modern Strategic Thinking.txt
/mnt/c/Users/nateg/OneDrive/Documentos/GitHub/quadrivium/cognetics/Strategic Thinking/04 Modern Principles of Strategic Conflict.txt
/mnt/c/Users/nateg/OneDrive/Documentos/GitHub/quadrivium/cognetics/Strategic Thinking/05 Geography—Know Your Terrain.txt
/mnt/c/Users/nateg/OneDrive/Documentos/GitHub/quadrivium/cognetics/Strategic Thinking/06 Grand Strategists and Strategic Intent.txt
/mnt/c/Users/nateg/OneDrive/Documentos/GitHub/quadrivium/cognetics/Strategic Thinking/07 The Core and the Rise of Strategic Planning.txt
/mnt/c/Users/nateg/OneDrive/Documentos/GitHub/quadrivium/cognetics/Strategic Thinking/08 Which Business Strategy Fundamental Choices.txt
/mnt/c/Users/nateg/OneDrive/Documentos/GitHub/quadrivium/cognetics/Strategic Thinking/09 Your Competitive Advantage—Find the Blue Ocean.txt
/mnt/c/Users/nateg/OneDrive/Documentos/GitHub/quadrivium/cognetics/Strategic Thinking/10 Strengths, Weaknesses, Opportunities, Threats.txt
/mnt/c/Users/nateg/OneDrive/Documentos/GitHub/quadrivium/cognetics/Strategic Thinking/11 Avoid the Pathologies of Execution.txt
/mnt/c/Users/nateg/OneDrive/Documentos/GitHub/quadrivium/cognetics/Strategic Thinking/12 Tactics of Combat as Problem-Solving Tools.txt
/mnt/c/Users/nateg/OneDrive/Documentos/GitHub/quadrivium/cognetics/Strategic Thinking/13 Shock of the New—Inflection Points.txt
/mnt/c/Users/nateg/OneDrive/Documentos/GitHub/quadrivium/cognetics/Strategic Thinking/14 Surprise! Perils and Power of Strategic Deception.txt
/mnt/c/Users/nateg/OneDrive/Documentos/GitHub/quadrivium/cognetics/Strategic Thinking/15 The Sources and Uses of Reliable Intelligence.txt
/mnt/c/Users/nateg/OneDrive/Documentos/GitHub/quadrivium/cognetics/Strategic Thinking/16 Move and Countermove—The Theory of Games.txt
/mnt/c/Users/nateg/OneDrive/Documentos/GitHub/quadrivium/cognetics/Strategic Thinking/17 The Evolution of Cooperation.txt
/mnt/c/Users/nateg/OneDrive/Documentos/GitHub/quadrivium/cognetics/Strategic Thinking/18 When Strategy Breaks Down.txt
/mnt/c/Users/nateg/OneDrive/Documentos/GitHub/quadrivium/cognetics/Strategic Thinking/19 Leverage Cognitive Psychology for Better Strategy.txt
/mnt/c/Users/nateg/OneDrive/Documentos/GitHub/quadrivium/cognetics/Strategic Thinking/20 Strategic Intuition and Creative Insight.txt
/mnt/c/Users/nateg/OneDrive/Documentos/GitHub/quadrivium/cognetics/Strategic Thinking/21 From Systemic Problems to Systemic Solutions.txt
/mnt/c/Users/nateg/OneDrive/Documentos/GitHub/quadrivium/cognetics/Strategic Thinking/22 Seize the Future with Scenario Analysis.txt
/mnt/c/Users/nateg/OneDrive/Documentos/GitHub/quadrivium/cognetics/Strategic Thinking/23 The Correlation of Forces, Luck, and Culture.txt
/mnt/c/Users/nateg/OneDrive/Documentos/GitHub/quadrivium/cognetics/Strategic Thinking/24 Strategic Thinking as a Way of Life.txt
