/mnt/c/Users/nateg/OneDrive/Documentos/GitHub/quadrivium/cognetics/History of Science Antiquity to 1700/THOSA-1.L01-Beginning the Journey.txt
/mnt/c/Users/nateg/OneDrive/Documentos/GitHub/quadrivium/cognetics/History of Science Antiquity to 1700/THOSA-1.L02-Babylonians, Egyptians, and Greeks.txt
/mnt/c/Users/nateg/OneDrive/Documentos/GitHub/quadrivium/cognetics/History of Science Antiquity to 1700/THOSA-1.L03-The Presocratics.txt
/mnt/c/Users/nateg/OneDrive/Documentos/GitHub/quadrivium/cognetics/History of Science Antiquity to 1700/THOSA-1.L04-Plato and the Pythagoreans.txt
/mnt/c/Users/nateg/OneDrive/Documentos/GitHub/quadrivium/cognetics/History of Science Antiquity to 1700/THOSA-1.L05-Plato's Cosmos.txt
/mnt/c/Users/nateg/OneDrive/Documentos/GitHub/quadrivium/cognetics/History of Science Antiquity to 1700/THOSA-1.L06-Aristotle's View of the Natural World.txt
/mnt/c/Users/nateg/OneDrive/Documentos/GitHub/quadrivium/cognetics/History of Science Antiquity to 1700/THOSA-2.L07-Aristotelian Cosmology and Physics.txt
/mnt/c/Users/nateg/OneDrive/Documentos/GitHub/quadrivium/cognetics/History of Science Antiquity to 1700/THOSA-2.L08-Hellenistic Natural Philosophy.txt
/mnt/c/Users/nateg/OneDrive/Documentos/GitHub/quadrivium/cognetics/History of Science Antiquity to 1700/THOSA-2.L09-Greek Astronomy from Eudoxus to Ptolemy.txt
/mnt/c/Users/nateg/OneDrive/Documentos/GitHub/quadrivium/cognetics/History of Science Antiquity to 1700/THOSA-2.L10-The Roman Contributions.txt
/mnt/c/Users/nateg/OneDrive/Documentos/GitHub/quadrivium/cognetics/History of Science Antiquity to 1700/THOSA-2.L11-Roman Versions of Greek Science and Education.txt
/mnt/c/Users/nateg/OneDrive/Documentos/GitHub/quadrivium/cognetics/History of Science Antiquity to 1700/THOSA-2.L12-The End of the Classical World.txt
/mnt/c/Users/nateg/OneDrive/Documentos/GitHub/quadrivium/cognetics/History of Science Antiquity to 1700/THOSA-3.L13-Early Christianity and Science.txt
/mnt/c/Users/nateg/OneDrive/Documentos/GitHub/quadrivium/cognetics/History of Science Antiquity to 1700/THOSA-3.L14-The Rise of Islam and Islamic Science.txt
/mnt/c/Users/nateg/OneDrive/Documentos/GitHub/quadrivium/cognetics/History of Science Antiquity to 1700/THOSA-3.L15-Islamic Astronomy, Mathematics, and Optics.txt
/mnt/c/Users/nateg/OneDrive/Documentos/GitHub/quadrivium/cognetics/History of Science Antiquity to 1700/THOSA-3.L16-Alchemy, Medicine, and Late Islamic Culture.txt
/mnt/c/Users/nateg/OneDrive/Documentos/GitHub/quadrivium/cognetics/History of Science Antiquity to 1700/THOSA-3.L17-The Latin West Reawakens.txt
/mnt/c/Users/nateg/OneDrive/Documentos/GitHub/quadrivium/cognetics/History of Science Antiquity to 1700/THOSA-3.L18-Natural Philosophy at School and University.txt
/mnt/c/Users/nateg/OneDrive/Documentos/GitHub/quadrivium/cognetics/History of Science Antiquity to 1700/THOSA-4.L19-Aristotle and Medieval Scholasticism.txt
/mnt/c/Users/nateg/OneDrive/Documentos/GitHub/quadrivium/cognetics/History of Science Antiquity to 1700/THOSA-4.L20-The Science of Creation.txt
/mnt/c/Users/nateg/OneDrive/Documentos/GitHub/quadrivium/cognetics/History of Science Antiquity to 1700/THOSA-4.L21-Science in the Orders.txt
/mnt/c/Users/nateg/OneDrive/Documentos/GitHub/quadrivium/cognetics/History of Science Antiquity to 1700/THOSA-4.L22-Medieval Latin Alchemy and Astrology.txt
/mnt/c/Users/nateg/OneDrive/Documentos/GitHub/quadrivium/cognetics/History of Science Antiquity to 1700/THOSA-4.L23-Medieval Physics and Earth Sciences.txt
/mnt/c/Users/nateg/OneDrive/Documentos/GitHub/quadrivium/cognetics/History of Science Antiquity to 1700/THOSA-4.L24-The Middle Ages and the Renaissance.txt
/mnt/c/Users/nateg/OneDrive/Documentos/GitHub/quadrivium/cognetics/History of Science Antiquity to 1700/THOSA-5.L25-Renaissance Natural Magic.txt
/mnt/c/Users/nateg/OneDrive/Documentos/GitHub/quadrivium/cognetics/History of Science Antiquity to 1700/THOSA-5.L26-Copernicus and Calendrical Reform.txt
/mnt/c/Users/nateg/OneDrive/Documentos/GitHub/quadrivium/cognetics/History of Science Antiquity to 1700/THOSA-5.L27-Renaissance Technology.txt
/mnt/c/Users/nateg/OneDrive/Documentos/GitHub/quadrivium/cognetics/History of Science Antiquity to 1700/THOSA-5.L28-Tycho, Kepler, and Galileo.txt
/mnt/c/Users/nateg/OneDrive/Documentos/GitHub/quadrivium/cognetics/History of Science Antiquity to 1700/THOSA-5.L29-The New Physics.txt
/mnt/c/Users/nateg/OneDrive/Documentos/GitHub/quadrivium/cognetics/History of Science Antiquity to 1700/THOSA-5.L30-Voyages of Discovery and Natural History.txt
/mnt/c/Users/nateg/OneDrive/Documentos/GitHub/quadrivium/cognetics/History of Science Antiquity to 1700/THOSA-6.L31-Mechanical Philosophy and Revised Atomism.txt
/mnt/c/Users/nateg/OneDrive/Documentos/GitHub/quadrivium/cognetics/History of Science Antiquity to 1700/THOSA-6.L32-Mechanism and Vitalism.txt
/mnt/c/Users/nateg/OneDrive/Documentos/GitHub/quadrivium/cognetics/History of Science Antiquity to 1700/THOSA-6.L33-Seventeenth-Century Chemistry.txt
/mnt/c/Users/nateg/OneDrive/Documentos/GitHub/quadrivium/cognetics/History of Science Antiquity to 1700/THOSA-6.L34-The Force of Isaac Newton.txt
/mnt/c/Users/nateg/OneDrive/Documentos/GitHub/quadrivium/cognetics/History of Science Antiquity to 1700/THOSA-6.L35-The Rise of Scientific Societies.txt
/mnt/c/Users/nateg/OneDrive/Documentos/GitHub/quadrivium/cognetics/History of Science Antiquity to 1700/THOSA-6.L36-How Science Develops.txt
/mnt/c/Users/nateg/OneDrive/Documentos/GitHub/quadrivium/cognetics/History of Science Antiquity to 1700/THOSA-Credits.txt
/mnt/c/Users/nateg/OneDrive/Documentos/GitHub/quadrivium/cognetics/History of Science Antiquity to 1700/THOSA-Professor-Intro.txt
