/mnt/c/Users/nateg/OneDrive/Documentos/GitHub/quadrivium/cognetics/Zero to Infinity/L01 - The Ever-Evolving Notion of Number.txt
/mnt/c/Users/nateg/OneDrive/Documentos/GitHub/quadrivium/cognetics/Zero to Infinity/L01 - The Ever-Evolving Notion of Number_part_00.txt
/mnt/c/Users/nateg/OneDrive/Documentos/GitHub/quadrivium/cognetics/Zero to Infinity/L01 - The Ever-Evolving Notion of Number_part_01.txt
/mnt/c/Users/nateg/OneDrive/Documentos/GitHub/quadrivium/cognetics/Zero to Infinity/L01 - The Ever-Evolving Notion of Number_part_02.txt
/mnt/c/Users/nateg/OneDrive/Documentos/GitHub/quadrivium/cognetics/Zero to Infinity/L01 - The Ever-Evolving Notion of Number_part_03.txt
/mnt/c/Users/nateg/OneDrive/Documentos/GitHub/quadrivium/cognetics/Zero to Infinity/L01 - The Ever-Evolving Notion of Number_part_04.txt
/mnt/c/Users/nateg/OneDrive/Documentos/GitHub/quadrivium/cognetics/Zero to Infinity/L01 - The Ever-Evolving Notion of Number_part_05.txt
/mnt/c/Users/nateg/OneDrive/Documentos/GitHub/quadrivium/cognetics/Zero to Infinity/L01 - The Ever-Evolving Notion of Number_part_06.txt
/mnt/c/Users/nateg/OneDrive/Documentos/GitHub/quadrivium/cognetics/Zero to Infinity/L01 - The Ever-Evolving Notion of Number_part_07.txt
/mnt/c/Users/nateg/OneDrive/Documentos/GitHub/quadrivium/cognetics/Zero to Infinity/L01 - The Ever-Evolving Notion of Number_part_08.txt
/mnt/c/Users/nateg/OneDrive/Documentos/GitHub/quadrivium/cognetics/Zero to Infinity/L01 - The Ever-Evolving Notion of Number_part_09.txt
/mnt/c/Users/nateg/OneDrive/Documentos/GitHub/quadrivium/cognetics/Zero to Infinity/L02 - The Dawn of Numbers.txt
/mnt/c/Users/nateg/OneDrive/Documentos/GitHub/quadrivium/cognetics/Zero to Infinity/L02 - The Dawn of Numbers_part_00.txt
/mnt/c/Users/nateg/OneDrive/Documentos/GitHub/quadrivium/cognetics/Zero to Infinity/L02 - The Dawn of Numbers_part_01.txt
/mnt/c/Users/nateg/OneDrive/Documentos/GitHub/quadrivium/cognetics/Zero to Infinity/L02 - The Dawn of Numbers_part_02.txt
/mnt/c/Users/nateg/OneDrive/Documentos/GitHub/quadrivium/cognetics/Zero to Infinity/L02 - The Dawn of Numbers_part_03.txt
/mnt/c/Users/nateg/OneDrive/Documentos/GitHub/quadrivium/cognetics/Zero to Infinity/L02 - The Dawn of Numbers_part_04.txt
/mnt/c/Users/nateg/OneDrive/Documentos/GitHub/quadrivium/cognetics/Zero to Infinity/L02 - The Dawn of Numbers_part_05.txt
/mnt/c/Users/nateg/OneDrive/Documentos/GitHub/quadrivium/cognetics/Zero to Infinity/L02 - The Dawn of Numbers_part_06.txt
/mnt/c/Users/nateg/OneDrive/Documentos/GitHub/quadrivium/cognetics/Zero to Infinity/L02 - The Dawn of Numbers_part_07.txt
/mnt/c/Users/nateg/OneDrive/Documentos/GitHub/quadrivium/cognetics/Zero to Infinity/L02 - The Dawn of Numbers_part_08.txt
/mnt/c/Users/nateg/OneDrive/Documentos/GitHub/quadrivium/cognetics/Zero to Infinity/L02 - The Dawn of Numbers_part_09.txt
/mnt/c/Users/nateg/OneDrive/Documentos/GitHub/quadrivium/cognetics/Zero to Infinity/L03 -  Speaking the Language of Numbers.txt
/mnt/c/Users/nateg/OneDrive/Documentos/GitHub/quadrivium/cognetics/Zero to Infinity/L03 -  Speaking the Language of Numbers_part_00.txt
/mnt/c/Users/nateg/OneDrive/Documentos/GitHub/quadrivium/cognetics/Zero to Infinity/L03 -  Speaking the Language of Numbers_part_01.txt
/mnt/c/Users/nateg/OneDrive/Documentos/GitHub/quadrivium/cognetics/Zero to Infinity/L03 -  Speaking the Language of Numbers_part_02.txt
/mnt/c/Users/nateg/OneDrive/Documentos/GitHub/quadrivium/cognetics/Zero to Infinity/L03 -  Speaking the Language of Numbers_part_03.txt
/mnt/c/Users/nateg/OneDrive/Documentos/GitHub/quadrivium/cognetics/Zero to Infinity/L03 -  Speaking the Language of Numbers_part_04.txt
/mnt/c/Users/nateg/OneDrive/Documentos/GitHub/quadrivium/cognetics/Zero to Infinity/L03 -  Speaking the Language of Numbers_part_05.txt
/mnt/c/Users/nateg/OneDrive/Documentos/GitHub/quadrivium/cognetics/Zero to Infinity/L03 -  Speaking the Language of Numbers_part_06.txt
/mnt/c/Users/nateg/OneDrive/Documentos/GitHub/quadrivium/cognetics/Zero to Infinity/L03 -  Speaking the Language of Numbers_part_07.txt
/mnt/c/Users/nateg/OneDrive/Documentos/GitHub/quadrivium/cognetics/Zero to Infinity/L03 -  Speaking the Language of Numbers_part_08.txt
/mnt/c/Users/nateg/OneDrive/Documentos/GitHub/quadrivium/cognetics/Zero to Infinity/L03 -  Speaking the Language of Numbers_part_09.txt
/mnt/c/Users/nateg/OneDrive/Documentos/GitHub/quadrivium/cognetics/Zero to Infinity/L04 - The Dramatic Digits -- The Power of Zero.txt
/mnt/c/Users/nateg/OneDrive/Documentos/GitHub/quadrivium/cognetics/Zero to Infinity/L04 - The Dramatic Digits -- The Power of Zero_part_00.txt
/mnt/c/Users/nateg/OneDrive/Documentos/GitHub/quadrivium/cognetics/Zero to Infinity/L04 - The Dramatic Digits -- The Power of Zero_part_01.txt
/mnt/c/Users/nateg/OneDrive/Documentos/GitHub/quadrivium/cognetics/Zero to Infinity/L04 - The Dramatic Digits -- The Power of Zero_part_02.txt
/mnt/c/Users/nateg/OneDrive/Documentos/GitHub/quadrivium/cognetics/Zero to Infinity/L04 - The Dramatic Digits -- The Power of Zero_part_03.txt
/mnt/c/Users/nateg/OneDrive/Documentos/GitHub/quadrivium/cognetics/Zero to Infinity/L04 - The Dramatic Digits -- The Power of Zero_part_04.txt
/mnt/c/Users/nateg/OneDrive/Documentos/GitHub/quadrivium/cognetics/Zero to Infinity/L04 - The Dramatic Digits -- The Power of Zero_part_05.txt
/mnt/c/Users/nateg/OneDrive/Documentos/GitHub/quadrivium/cognetics/Zero to Infinity/L04 - The Dramatic Digits -- The Power of Zero_part_06.txt
/mnt/c/Users/nateg/OneDrive/Documentos/GitHub/quadrivium/cognetics/Zero to Infinity/L04 - The Dramatic Digits -- The Power of Zero_part_07.txt
/mnt/c/Users/nateg/OneDrive/Documentos/GitHub/quadrivium/cognetics/Zero to Infinity/L04 - The Dramatic Digits -- The Power of Zero_part_08.txt
/mnt/c/Users/nateg/OneDrive/Documentos/GitHub/quadrivium/cognetics/Zero to Infinity/L04 - The Dramatic Digits -- The Power of Zero_part_09.txt
/mnt/c/Users/nateg/OneDrive/Documentos/GitHub/quadrivium/cognetics/Zero to Infinity/L05 - The Magical and Spiritual Allure of Numbers.txt
/mnt/c/Users/nateg/OneDrive/Documentos/GitHub/quadrivium/cognetics/Zero to Infinity/L05 - The Magical and Spiritual Allure of Numbers_part_00.txt
/mnt/c/Users/nateg/OneDrive/Documentos/GitHub/quadrivium/cognetics/Zero to Infinity/L05 - The Magical and Spiritual Allure of Numbers_part_01.txt
/mnt/c/Users/nateg/OneDrive/Documentos/GitHub/quadrivium/cognetics/Zero to Infinity/L05 - The Magical and Spiritual Allure of Numbers_part_02.txt
/mnt/c/Users/nateg/OneDrive/Documentos/GitHub/quadrivium/cognetics/Zero to Infinity/L05 - The Magical and Spiritual Allure of Numbers_part_03.txt
/mnt/c/Users/nateg/OneDrive/Documentos/GitHub/quadrivium/cognetics/Zero to Infinity/L05 - The Magical and Spiritual Allure of Numbers_part_04.txt
/mnt/c/Users/nateg/OneDrive/Documentos/GitHub/quadrivium/cognetics/Zero to Infinity/L05 - The Magical and Spiritual Allure of Numbers_part_05.txt
/mnt/c/Users/nateg/OneDrive/Documentos/GitHub/quadrivium/cognetics/Zero to Infinity/L05 - The Magical and Spiritual Allure of Numbers_part_06.txt
/mnt/c/Users/nateg/OneDrive/Documentos/GitHub/quadrivium/cognetics/Zero to Infinity/L05 - The Magical and Spiritual Allure of Numbers_part_07.txt
/mnt/c/Users/nateg/OneDrive/Documentos/GitHub/quadrivium/cognetics/Zero to Infinity/L05 - The Magical and Spiritual Allure of Numbers_part_08.txt
/mnt/c/Users/nateg/OneDrive/Documentos/GitHub/quadrivium/cognetics/Zero to Infinity/L05 - The Magical and Spiritual Allure of Numbers_part_09.txt
/mnt/c/Users/nateg/OneDrive/Documentos/GitHub/quadrivium/cognetics/Zero to Infinity/L06 - Nature's Numbers -- Patterns without People.txt
/mnt/c/Users/nateg/OneDrive/Documentos/GitHub/quadrivium/cognetics/Zero to Infinity/L06 - Nature's Numbers -- Patterns without People_part_00.txt
/mnt/c/Users/nateg/OneDrive/Documentos/GitHub/quadrivium/cognetics/Zero to Infinity/L06 - Nature's Numbers -- Patterns without People_part_01.txt
/mnt/c/Users/nateg/OneDrive/Documentos/GitHub/quadrivium/cognetics/Zero to Infinity/L06 - Nature's Numbers -- Patterns without People_part_02.txt
/mnt/c/Users/nateg/OneDrive/Documentos/GitHub/quadrivium/cognetics/Zero to Infinity/L06 - Nature's Numbers -- Patterns without People_part_03.txt
/mnt/c/Users/nateg/OneDrive/Documentos/GitHub/quadrivium/cognetics/Zero to Infinity/L06 - Nature's Numbers -- Patterns without People_part_04.txt
/mnt/c/Users/nateg/OneDrive/Documentos/GitHub/quadrivium/cognetics/Zero to Infinity/L06 - Nature's Numbers -- Patterns without People_part_05.txt
/mnt/c/Users/nateg/OneDrive/Documentos/GitHub/quadrivium/cognetics/Zero to Infinity/L06 - Nature's Numbers -- Patterns without People_part_06.txt
/mnt/c/Users/nateg/OneDrive/Documentos/GitHub/quadrivium/cognetics/Zero to Infinity/L06 - Nature's Numbers -- Patterns without People_part_07.txt
/mnt/c/Users/nateg/OneDrive/Documentos/GitHub/quadrivium/cognetics/Zero to Infinity/L06 - Nature's Numbers -- Patterns without People_part_08.txt
/mnt/c/Users/nateg/OneDrive/Documentos/GitHub/quadrivium/cognetics/Zero to Infinity/L06 - Nature's Numbers -- Patterns without People_part_09.txt
/mnt/c/Users/nateg/OneDrive/Documentos/GitHub/quadrivium/cognetics/Zero to Infinity/L07 - Numbers of Prime Importance.txt
/mnt/c/Users/nateg/OneDrive/Documentos/GitHub/quadrivium/cognetics/Zero to Infinity/L07 - Numbers of Prime Importance_part_00.txt
/mnt/c/Users/nateg/OneDrive/Documentos/GitHub/quadrivium/cognetics/Zero to Infinity/L07 - Numbers of Prime Importance_part_01.txt
/mnt/c/Users/nateg/OneDrive/Documentos/GitHub/quadrivium/cognetics/Zero to Infinity/L07 - Numbers of Prime Importance_part_02.txt
/mnt/c/Users/nateg/OneDrive/Documentos/GitHub/quadrivium/cognetics/Zero to Infinity/L07 - Numbers of Prime Importance_part_03.txt
/mnt/c/Users/nateg/OneDrive/Documentos/GitHub/quadrivium/cognetics/Zero to Infinity/L07 - Numbers of Prime Importance_part_04.txt
/mnt/c/Users/nateg/OneDrive/Documentos/GitHub/quadrivium/cognetics/Zero to Infinity/L07 - Numbers of Prime Importance_part_05.txt
/mnt/c/Users/nateg/OneDrive/Documentos/GitHub/quadrivium/cognetics/Zero to Infinity/L07 - Numbers of Prime Importance_part_06.txt
/mnt/c/Users/nateg/OneDrive/Documentos/GitHub/quadrivium/cognetics/Zero to Infinity/L07 - Numbers of Prime Importance_part_07.txt
/mnt/c/Users/nateg/OneDrive/Documentos/GitHub/quadrivium/cognetics/Zero to Infinity/L07 - Numbers of Prime Importance_part_08.txt
/mnt/c/Users/nateg/OneDrive/Documentos/GitHub/quadrivium/cognetics/Zero to Infinity/L07 - Numbers of Prime Importance_part_09.txt
/mnt/c/Users/nateg/OneDrive/Documentos/GitHub/quadrivium/cognetics/Zero to Infinity/L08 - Challenging the Rationality of Numbers.txt
/mnt/c/Users/nateg/OneDrive/Documentos/GitHub/quadrivium/cognetics/Zero to Infinity/L08 - Challenging the Rationality of Numbers_part_00.txt
/mnt/c/Users/nateg/OneDrive/Documentos/GitHub/quadrivium/cognetics/Zero to Infinity/L08 - Challenging the Rationality of Numbers_part_01.txt
/mnt/c/Users/nateg/OneDrive/Documentos/GitHub/quadrivium/cognetics/Zero to Infinity/L08 - Challenging the Rationality of Numbers_part_02.txt
/mnt/c/Users/nateg/OneDrive/Documentos/GitHub/quadrivium/cognetics/Zero to Infinity/L08 - Challenging the Rationality of Numbers_part_03.txt
/mnt/c/Users/nateg/OneDrive/Documentos/GitHub/quadrivium/cognetics/Zero to Infinity/L08 - Challenging the Rationality of Numbers_part_04.txt
/mnt/c/Users/nateg/OneDrive/Documentos/GitHub/quadrivium/cognetics/Zero to Infinity/L08 - Challenging the Rationality of Numbers_part_05.txt
/mnt/c/Users/nateg/OneDrive/Documentos/GitHub/quadrivium/cognetics/Zero to Infinity/L08 - Challenging the Rationality of Numbers_part_06.txt
/mnt/c/Users/nateg/OneDrive/Documentos/GitHub/quadrivium/cognetics/Zero to Infinity/L08 - Challenging the Rationality of Numbers_part_07.txt
/mnt/c/Users/nateg/OneDrive/Documentos/GitHub/quadrivium/cognetics/Zero to Infinity/L08 - Challenging the Rationality of Numbers_part_08.txt
/mnt/c/Users/nateg/OneDrive/Documentos/GitHub/quadrivium/cognetics/Zero to Infinity/L08 - Challenging the Rationality of Numbers_part_09.txt
/mnt/c/Users/nateg/OneDrive/Documentos/GitHub/quadrivium/cognetics/Zero to Infinity/L09 - Walk the (Number) Line.txt
/mnt/c/Users/nateg/OneDrive/Documentos/GitHub/quadrivium/cognetics/Zero to Infinity/L09 - Walk the (Number) Line_part_00.txt
/mnt/c/Users/nateg/OneDrive/Documentos/GitHub/quadrivium/cognetics/Zero to Infinity/L09 - Walk the (Number) Line_part_01.txt
/mnt/c/Users/nateg/OneDrive/Documentos/GitHub/quadrivium/cognetics/Zero to Infinity/L09 - Walk the (Number) Line_part_02.txt
/mnt/c/Users/nateg/OneDrive/Documentos/GitHub/quadrivium/cognetics/Zero to Infinity/L09 - Walk the (Number) Line_part_03.txt
/mnt/c/Users/nateg/OneDrive/Documentos/GitHub/quadrivium/cognetics/Zero to Infinity/L09 - Walk the (Number) Line_part_04.txt
/mnt/c/Users/nateg/OneDrive/Documentos/GitHub/quadrivium/cognetics/Zero to Infinity/L09 - Walk the (Number) Line_part_05.txt
/mnt/c/Users/nateg/OneDrive/Documentos/GitHub/quadrivium/cognetics/Zero to Infinity/L09 - Walk the (Number) Line_part_06.txt
/mnt/c/Users/nateg/OneDrive/Documentos/GitHub/quadrivium/cognetics/Zero to Infinity/L09 - Walk the (Number) Line_part_07.txt
/mnt/c/Users/nateg/OneDrive/Documentos/GitHub/quadrivium/cognetics/Zero to Infinity/L09 - Walk the (Number) Line_part_08.txt
/mnt/c/Users/nateg/OneDrive/Documentos/GitHub/quadrivium/cognetics/Zero to Infinity/L09 - Walk the (Number) Line_part_09.txt
/mnt/c/Users/nateg/OneDrive/Documentos/GitHub/quadrivium/cognetics/Zero to Infinity/L10 - The Commonplace Chaos among Real Numbers.txt
/mnt/c/Users/nateg/OneDrive/Documentos/GitHub/quadrivium/cognetics/Zero to Infinity/L10 - The Commonplace Chaos among Real Numbers_part_00.txt
/mnt/c/Users/nateg/OneDrive/Documentos/GitHub/quadrivium/cognetics/Zero to Infinity/L10 - The Commonplace Chaos among Real Numbers_part_01.txt
/mnt/c/Users/nateg/OneDrive/Documentos/GitHub/quadrivium/cognetics/Zero to Infinity/L10 - The Commonplace Chaos among Real Numbers_part_02.txt
/mnt/c/Users/nateg/OneDrive/Documentos/GitHub/quadrivium/cognetics/Zero to Infinity/L10 - The Commonplace Chaos among Real Numbers_part_03.txt
/mnt/c/Users/nateg/OneDrive/Documentos/GitHub/quadrivium/cognetics/Zero to Infinity/L10 - The Commonplace Chaos among Real Numbers_part_04.txt
/mnt/c/Users/nateg/OneDrive/Documentos/GitHub/quadrivium/cognetics/Zero to Infinity/L10 - The Commonplace Chaos among Real Numbers_part_05.txt
/mnt/c/Users/nateg/OneDrive/Documentos/GitHub/quadrivium/cognetics/Zero to Infinity/L10 - The Commonplace Chaos among Real Numbers_part_06.txt
/mnt/c/Users/nateg/OneDrive/Documentos/GitHub/quadrivium/cognetics/Zero to Infinity/L10 - The Commonplace Chaos among Real Numbers_part_07.txt
/mnt/c/Users/nateg/OneDrive/Documentos/GitHub/quadrivium/cognetics/Zero to Infinity/L10 - The Commonplace Chaos among Real Numbers_part_08.txt
/mnt/c/Users/nateg/OneDrive/Documentos/GitHub/quadrivium/cognetics/Zero to Infinity/L10 - The Commonplace Chaos among Real Numbers_part_09.txt
/mnt/c/Users/nateg/OneDrive/Documentos/GitHub/quadrivium/cognetics/Zero to Infinity/L11 - A BeautifulDusting of Zeroes and Twos.txt
/mnt/c/Users/nateg/OneDrive/Documentos/GitHub/quadrivium/cognetics/Zero to Infinity/L11 - A BeautifulDusting of Zeroes and Twos_part_00.txt
/mnt/c/Users/nateg/OneDrive/Documentos/GitHub/quadrivium/cognetics/Zero to Infinity/L11 - A BeautifulDusting of Zeroes and Twos_part_01.txt
/mnt/c/Users/nateg/OneDrive/Documentos/GitHub/quadrivium/cognetics/Zero to Infinity/L11 - A BeautifulDusting of Zeroes and Twos_part_02.txt
/mnt/c/Users/nateg/OneDrive/Documentos/GitHub/quadrivium/cognetics/Zero to Infinity/L11 - A BeautifulDusting of Zeroes and Twos_part_03.txt
/mnt/c/Users/nateg/OneDrive/Documentos/GitHub/quadrivium/cognetics/Zero to Infinity/L11 - A BeautifulDusting of Zeroes and Twos_part_04.txt
/mnt/c/Users/nateg/OneDrive/Documentos/GitHub/quadrivium/cognetics/Zero to Infinity/L11 - A BeautifulDusting of Zeroes and Twos_part_05.txt
/mnt/c/Users/nateg/OneDrive/Documentos/GitHub/quadrivium/cognetics/Zero to Infinity/L11 - A BeautifulDusting of Zeroes and Twos_part_06.txt
/mnt/c/Users/nateg/OneDrive/Documentos/GitHub/quadrivium/cognetics/Zero to Infinity/L11 - A BeautifulDusting of Zeroes and Twos_part_07.txt
/mnt/c/Users/nateg/OneDrive/Documentos/GitHub/quadrivium/cognetics/Zero to Infinity/L11 - A BeautifulDusting of Zeroes and Twos_part_08.txt
/mnt/c/Users/nateg/OneDrive/Documentos/GitHub/quadrivium/cognetics/Zero to Infinity/L11 - A BeautifulDusting of Zeroes and Twos_part_09.txt
/mnt/c/Users/nateg/OneDrive/Documentos/GitHub/quadrivium/cognetics/Zero to Infinity/L12 - An Intuitive Sojourn into Arithmetic.txt
/mnt/c/Users/nateg/OneDrive/Documentos/GitHub/quadrivium/cognetics/Zero to Infinity/L12 - An Intuitive Sojourn into Arithmetic_part_00.txt
/mnt/c/Users/nateg/OneDrive/Documentos/GitHub/quadrivium/cognetics/Zero to Infinity/L12 - An Intuitive Sojourn into Arithmetic_part_01.txt
/mnt/c/Users/nateg/OneDrive/Documentos/GitHub/quadrivium/cognetics/Zero to Infinity/L12 - An Intuitive Sojourn into Arithmetic_part_02.txt
/mnt/c/Users/nateg/OneDrive/Documentos/GitHub/quadrivium/cognetics/Zero to Infinity/L12 - An Intuitive Sojourn into Arithmetic_part_03.txt
/mnt/c/Users/nateg/OneDrive/Documentos/GitHub/quadrivium/cognetics/Zero to Infinity/L12 - An Intuitive Sojourn into Arithmetic_part_04.txt
/mnt/c/Users/nateg/OneDrive/Documentos/GitHub/quadrivium/cognetics/Zero to Infinity/L12 - An Intuitive Sojourn into Arithmetic_part_05.txt
/mnt/c/Users/nateg/OneDrive/Documentos/GitHub/quadrivium/cognetics/Zero to Infinity/L12 - An Intuitive Sojourn into Arithmetic_part_06.txt
/mnt/c/Users/nateg/OneDrive/Documentos/GitHub/quadrivium/cognetics/Zero to Infinity/L12 - An Intuitive Sojourn into Arithmetic_part_07.txt
/mnt/c/Users/nateg/OneDrive/Documentos/GitHub/quadrivium/cognetics/Zero to Infinity/L12 - An Intuitive Sojourn into Arithmetic_part_08.txt
/mnt/c/Users/nateg/OneDrive/Documentos/GitHub/quadrivium/cognetics/Zero to Infinity/L12 - An Intuitive Sojourn into Arithmetic_part_09.txt
/mnt/c/Users/nateg/OneDrive/Documentos/GitHub/quadrivium/cognetics/Zero to Infinity/L13 - The Story of Pi.txt
/mnt/c/Users/nateg/OneDrive/Documentos/GitHub/quadrivium/cognetics/Zero to Infinity/L13 - The Story of Pi_part_00.txt
/mnt/c/Users/nateg/OneDrive/Documentos/GitHub/quadrivium/cognetics/Zero to Infinity/L13 - The Story of Pi_part_01.txt
/mnt/c/Users/nateg/OneDrive/Documentos/GitHub/quadrivium/cognetics/Zero to Infinity/L13 - The Story of Pi_part_02.txt
/mnt/c/Users/nateg/OneDrive/Documentos/GitHub/quadrivium/cognetics/Zero to Infinity/L13 - The Story of Pi_part_03.txt
/mnt/c/Users/nateg/OneDrive/Documentos/GitHub/quadrivium/cognetics/Zero to Infinity/L13 - The Story of Pi_part_04.txt
/mnt/c/Users/nateg/OneDrive/Documentos/GitHub/quadrivium/cognetics/Zero to Infinity/L13 - The Story of Pi_part_05.txt
/mnt/c/Users/nateg/OneDrive/Documentos/GitHub/quadrivium/cognetics/Zero to Infinity/L13 - The Story of Pi_part_06.txt
/mnt/c/Users/nateg/OneDrive/Documentos/GitHub/quadrivium/cognetics/Zero to Infinity/L13 - The Story of Pi_part_07.txt
/mnt/c/Users/nateg/OneDrive/Documentos/GitHub/quadrivium/cognetics/Zero to Infinity/L13 - The Story of Pi_part_08.txt
/mnt/c/Users/nateg/OneDrive/Documentos/GitHub/quadrivium/cognetics/Zero to Infinity/L13 - The Story of Pi_part_09.txt
/mnt/c/Users/nateg/OneDrive/Documentos/GitHub/quadrivium/cognetics/Zero to Infinity/L14 - The Storey of Euler's e.txt
/mnt/c/Users/nateg/OneDrive/Documentos/GitHub/quadrivium/cognetics/Zero to Infinity/L14 - The Storey of Euler's e_part_00.txt
/mnt/c/Users/nateg/OneDrive/Documentos/GitHub/quadrivium/cognetics/Zero to Infinity/L14 - The Storey of Euler's e_part_01.txt
/mnt/c/Users/nateg/OneDrive/Documentos/GitHub/quadrivium/cognetics/Zero to Infinity/L14 - The Storey of Euler's e_part_02.txt
/mnt/c/Users/nateg/OneDrive/Documentos/GitHub/quadrivium/cognetics/Zero to Infinity/L14 - The Storey of Euler's e_part_03.txt
/mnt/c/Users/nateg/OneDrive/Documentos/GitHub/quadrivium/cognetics/Zero to Infinity/L14 - The Storey of Euler's e_part_04.txt
/mnt/c/Users/nateg/OneDrive/Documentos/GitHub/quadrivium/cognetics/Zero to Infinity/L14 - The Storey of Euler's e_part_05.txt
/mnt/c/Users/nateg/OneDrive/Documentos/GitHub/quadrivium/cognetics/Zero to Infinity/L14 - The Storey of Euler's e_part_06.txt
/mnt/c/Users/nateg/OneDrive/Documentos/GitHub/quadrivium/cognetics/Zero to Infinity/L14 - The Storey of Euler's e_part_07.txt
/mnt/c/Users/nateg/OneDrive/Documentos/GitHub/quadrivium/cognetics/Zero to Infinity/L14 - The Storey of Euler's e_part_08.txt
/mnt/c/Users/nateg/OneDrive/Documentos/GitHub/quadrivium/cognetics/Zero to Infinity/L14 - The Storey of Euler's e_part_09.txt
/mnt/c/Users/nateg/OneDrive/Documentos/GitHub/quadrivium/cognetics/Zero to Infinity/L15 - Transcendental Numbers.txt
/mnt/c/Users/nateg/OneDrive/Documentos/GitHub/quadrivium/cognetics/Zero to Infinity/L15 - Transcendental Numbers_part_00.txt
/mnt/c/Users/nateg/OneDrive/Documentos/GitHub/quadrivium/cognetics/Zero to Infinity/L15 - Transcendental Numbers_part_01.txt
/mnt/c/Users/nateg/OneDrive/Documentos/GitHub/quadrivium/cognetics/Zero to Infinity/L15 - Transcendental Numbers_part_02.txt
/mnt/c/Users/nateg/OneDrive/Documentos/GitHub/quadrivium/cognetics/Zero to Infinity/L15 - Transcendental Numbers_part_03.txt
/mnt/c/Users/nateg/OneDrive/Documentos/GitHub/quadrivium/cognetics/Zero to Infinity/L15 - Transcendental Numbers_part_04.txt
/mnt/c/Users/nateg/OneDrive/Documentos/GitHub/quadrivium/cognetics/Zero to Infinity/L15 - Transcendental Numbers_part_05.txt
/mnt/c/Users/nateg/OneDrive/Documentos/GitHub/quadrivium/cognetics/Zero to Infinity/L15 - Transcendental Numbers_part_06.txt
/mnt/c/Users/nateg/OneDrive/Documentos/GitHub/quadrivium/cognetics/Zero to Infinity/L15 - Transcendental Numbers_part_07.txt
/mnt/c/Users/nateg/OneDrive/Documentos/GitHub/quadrivium/cognetics/Zero to Infinity/L15 - Transcendental Numbers_part_08.txt
/mnt/c/Users/nateg/OneDrive/Documentos/GitHub/quadrivium/cognetics/Zero to Infinity/L15 - Transcendental Numbers_part_09.txt
/mnt/c/Users/nateg/OneDrive/Documentos/GitHub/quadrivium/cognetics/Zero to Infinity/L16 - An Algebraic Approach to Numbers.txt
/mnt/c/Users/nateg/OneDrive/Documentos/GitHub/quadrivium/cognetics/Zero to Infinity/L16 - An Algebraic Approach to Numbers_part_00.txt
/mnt/c/Users/nateg/OneDrive/Documentos/GitHub/quadrivium/cognetics/Zero to Infinity/L16 - An Algebraic Approach to Numbers_part_01.txt
/mnt/c/Users/nateg/OneDrive/Documentos/GitHub/quadrivium/cognetics/Zero to Infinity/L16 - An Algebraic Approach to Numbers_part_02.txt
/mnt/c/Users/nateg/OneDrive/Documentos/GitHub/quadrivium/cognetics/Zero to Infinity/L16 - An Algebraic Approach to Numbers_part_03.txt
/mnt/c/Users/nateg/OneDrive/Documentos/GitHub/quadrivium/cognetics/Zero to Infinity/L16 - An Algebraic Approach to Numbers_part_04.txt
/mnt/c/Users/nateg/OneDrive/Documentos/GitHub/quadrivium/cognetics/Zero to Infinity/L16 - An Algebraic Approach to Numbers_part_05.txt
/mnt/c/Users/nateg/OneDrive/Documentos/GitHub/quadrivium/cognetics/Zero to Infinity/L16 - An Algebraic Approach to Numbers_part_06.txt
/mnt/c/Users/nateg/OneDrive/Documentos/GitHub/quadrivium/cognetics/Zero to Infinity/L16 - An Algebraic Approach to Numbers_part_07.txt
/mnt/c/Users/nateg/OneDrive/Documentos/GitHub/quadrivium/cognetics/Zero to Infinity/L16 - An Algebraic Approach to Numbers_part_08.txt
/mnt/c/Users/nateg/OneDrive/Documentos/GitHub/quadrivium/cognetics/Zero to Infinity/L16 - An Algebraic Approach to Numbers_part_09.txt
/mnt/c/Users/nateg/OneDrive/Documentos/GitHub/quadrivium/cognetics/Zero to Infinity/L17 - The Five Most Important Numbers.txt
/mnt/c/Users/nateg/OneDrive/Documentos/GitHub/quadrivium/cognetics/Zero to Infinity/L17 - The Five Most Important Numbers_part_00.txt
/mnt/c/Users/nateg/OneDrive/Documentos/GitHub/quadrivium/cognetics/Zero to Infinity/L17 - The Five Most Important Numbers_part_01.txt
/mnt/c/Users/nateg/OneDrive/Documentos/GitHub/quadrivium/cognetics/Zero to Infinity/L17 - The Five Most Important Numbers_part_02.txt
/mnt/c/Users/nateg/OneDrive/Documentos/GitHub/quadrivium/cognetics/Zero to Infinity/L17 - The Five Most Important Numbers_part_03.txt
/mnt/c/Users/nateg/OneDrive/Documentos/GitHub/quadrivium/cognetics/Zero to Infinity/L17 - The Five Most Important Numbers_part_04.txt
/mnt/c/Users/nateg/OneDrive/Documentos/GitHub/quadrivium/cognetics/Zero to Infinity/L17 - The Five Most Important Numbers_part_05.txt
/mnt/c/Users/nateg/OneDrive/Documentos/GitHub/quadrivium/cognetics/Zero to Infinity/L17 - The Five Most Important Numbers_part_06.txt
/mnt/c/Users/nateg/OneDrive/Documentos/GitHub/quadrivium/cognetics/Zero to Infinity/L17 - The Five Most Important Numbers_part_07.txt
/mnt/c/Users/nateg/OneDrive/Documentos/GitHub/quadrivium/cognetics/Zero to Infinity/L17 - The Five Most Important Numbers_part_08.txt
/mnt/c/Users/nateg/OneDrive/Documentos/GitHub/quadrivium/cognetics/Zero to Infinity/L17 - The Five Most Important Numbers_part_09.txt
/mnt/c/Users/nateg/OneDrive/Documentos/GitHub/quadrivium/cognetics/Zero to Infinity/L18 - An Analytic Approach to Numbers.txt
/mnt/c/Users/nateg/OneDrive/Documentos/GitHub/quadrivium/cognetics/Zero to Infinity/L18 - An Analytic Approach to Numbers_part_00.txt
/mnt/c/Users/nateg/OneDrive/Documentos/GitHub/quadrivium/cognetics/Zero to Infinity/L18 - An Analytic Approach to Numbers_part_01.txt
/mnt/c/Users/nateg/OneDrive/Documentos/GitHub/quadrivium/cognetics/Zero to Infinity/L18 - An Analytic Approach to Numbers_part_02.txt
/mnt/c/Users/nateg/OneDrive/Documentos/GitHub/quadrivium/cognetics/Zero to Infinity/L18 - An Analytic Approach to Numbers_part_03.txt
/mnt/c/Users/nateg/OneDrive/Documentos/GitHub/quadrivium/cognetics/Zero to Infinity/L18 - An Analytic Approach to Numbers_part_04.txt
/mnt/c/Users/nateg/OneDrive/Documentos/GitHub/quadrivium/cognetics/Zero to Infinity/L18 - An Analytic Approach to Numbers_part_05.txt
/mnt/c/Users/nateg/OneDrive/Documentos/GitHub/quadrivium/cognetics/Zero to Infinity/L18 - An Analytic Approach to Numbers_part_06.txt
/mnt/c/Users/nateg/OneDrive/Documentos/GitHub/quadrivium/cognetics/Zero to Infinity/L18 - An Analytic Approach to Numbers_part_07.txt
/mnt/c/Users/nateg/OneDrive/Documentos/GitHub/quadrivium/cognetics/Zero to Infinity/L18 - An Analytic Approach to Numbers_part_08.txt
/mnt/c/Users/nateg/OneDrive/Documentos/GitHub/quadrivium/cognetics/Zero to Infinity/L18 - An Analytic Approach to Numbers_part_09.txt
/mnt/c/Users/nateg/OneDrive/Documentos/GitHub/quadrivium/cognetics/Zero to Infinity/L19 - A New Breed of Numbers.txt
/mnt/c/Users/nateg/OneDrive/Documentos/GitHub/quadrivium/cognetics/Zero to Infinity/L19 - A New Breed of Numbers_part_00.txt
/mnt/c/Users/nateg/OneDrive/Documentos/GitHub/quadrivium/cognetics/Zero to Infinity/L19 - A New Breed of Numbers_part_01.txt
/mnt/c/Users/nateg/OneDrive/Documentos/GitHub/quadrivium/cognetics/Zero to Infinity/L19 - A New Breed of Numbers_part_02.txt
/mnt/c/Users/nateg/OneDrive/Documentos/GitHub/quadrivium/cognetics/Zero to Infinity/L19 - A New Breed of Numbers_part_03.txt
/mnt/c/Users/nateg/OneDrive/Documentos/GitHub/quadrivium/cognetics/Zero to Infinity/L19 - A New Breed of Numbers_part_04.txt
/mnt/c/Users/nateg/OneDrive/Documentos/GitHub/quadrivium/cognetics/Zero to Infinity/L19 - A New Breed of Numbers_part_05.txt
/mnt/c/Users/nateg/OneDrive/Documentos/GitHub/quadrivium/cognetics/Zero to Infinity/L19 - A New Breed of Numbers_part_06.txt
/mnt/c/Users/nateg/OneDrive/Documentos/GitHub/quadrivium/cognetics/Zero to Infinity/L19 - A New Breed of Numbers_part_07.txt
/mnt/c/Users/nateg/OneDrive/Documentos/GitHub/quadrivium/cognetics/Zero to Infinity/L19 - A New Breed of Numbers_part_08.txt
/mnt/c/Users/nateg/OneDrive/Documentos/GitHub/quadrivium/cognetics/Zero to Infinity/L19 - A New Breed of Numbers_part_09.txt
/mnt/c/Users/nateg/OneDrive/Documentos/GitHub/quadrivium/cognetics/Zero to Infinity/L20 - The Notion of Transfinte Numbers.txt
/mnt/c/Users/nateg/OneDrive/Documentos/GitHub/quadrivium/cognetics/Zero to Infinity/L20 - The Notion of Transfinte Numbers_part_00.txt
/mnt/c/Users/nateg/OneDrive/Documentos/GitHub/quadrivium/cognetics/Zero to Infinity/L20 - The Notion of Transfinte Numbers_part_01.txt
/mnt/c/Users/nateg/OneDrive/Documentos/GitHub/quadrivium/cognetics/Zero to Infinity/L20 - The Notion of Transfinte Numbers_part_02.txt
/mnt/c/Users/nateg/OneDrive/Documentos/GitHub/quadrivium/cognetics/Zero to Infinity/L20 - The Notion of Transfinte Numbers_part_03.txt
/mnt/c/Users/nateg/OneDrive/Documentos/GitHub/quadrivium/cognetics/Zero to Infinity/L20 - The Notion of Transfinte Numbers_part_04.txt
/mnt/c/Users/nateg/OneDrive/Documentos/GitHub/quadrivium/cognetics/Zero to Infinity/L20 - The Notion of Transfinte Numbers_part_05.txt
/mnt/c/Users/nateg/OneDrive/Documentos/GitHub/quadrivium/cognetics/Zero to Infinity/L20 - The Notion of Transfinte Numbers_part_06.txt
/mnt/c/Users/nateg/OneDrive/Documentos/GitHub/quadrivium/cognetics/Zero to Infinity/L20 - The Notion of Transfinte Numbers_part_07.txt
/mnt/c/Users/nateg/OneDrive/Documentos/GitHub/quadrivium/cognetics/Zero to Infinity/L20 - The Notion of Transfinte Numbers_part_08.txt
/mnt/c/Users/nateg/OneDrive/Documentos/GitHub/quadrivium/cognetics/Zero to Infinity/L20 - The Notion of Transfinte Numbers_part_09.txt
/mnt/c/Users/nateg/OneDrive/Documentos/GitHub/quadrivium/cognetics/Zero to Infinity/L21 - Collections Too Infinite to Count.txt
/mnt/c/Users/nateg/OneDrive/Documentos/GitHub/quadrivium/cognetics/Zero to Infinity/L21 - Collections Too Infinite to Count_part_00.txt
/mnt/c/Users/nateg/OneDrive/Documentos/GitHub/quadrivium/cognetics/Zero to Infinity/L21 - Collections Too Infinite to Count_part_01.txt
/mnt/c/Users/nateg/OneDrive/Documentos/GitHub/quadrivium/cognetics/Zero to Infinity/L21 - Collections Too Infinite to Count_part_02.txt
/mnt/c/Users/nateg/OneDrive/Documentos/GitHub/quadrivium/cognetics/Zero to Infinity/L21 - Collections Too Infinite to Count_part_03.txt
/mnt/c/Users/nateg/OneDrive/Documentos/GitHub/quadrivium/cognetics/Zero to Infinity/L21 - Collections Too Infinite to Count_part_04.txt
/mnt/c/Users/nateg/OneDrive/Documentos/GitHub/quadrivium/cognetics/Zero to Infinity/L21 - Collections Too Infinite to Count_part_05.txt
/mnt/c/Users/nateg/OneDrive/Documentos/GitHub/quadrivium/cognetics/Zero to Infinity/L21 - Collections Too Infinite to Count_part_06.txt
/mnt/c/Users/nateg/OneDrive/Documentos/GitHub/quadrivium/cognetics/Zero to Infinity/L21 - Collections Too Infinite to Count_part_07.txt
/mnt/c/Users/nateg/OneDrive/Documentos/GitHub/quadrivium/cognetics/Zero to Infinity/L21 - Collections Too Infinite to Count_part_08.txt
/mnt/c/Users/nateg/OneDrive/Documentos/GitHub/quadrivium/cognetics/Zero to Infinity/L21 - Collections Too Infinite to Count_part_09.txt
/mnt/c/Users/nateg/OneDrive/Documentos/GitHub/quadrivium/cognetics/Zero to Infinity/L22 - In and Out -- The Road to a Third Infinity.txt
/mnt/c/Users/nateg/OneDrive/Documentos/GitHub/quadrivium/cognetics/Zero to Infinity/L22 - In and Out -- The Road to a Third Infinity_part_00.txt
/mnt/c/Users/nateg/OneDrive/Documentos/GitHub/quadrivium/cognetics/Zero to Infinity/L22 - In and Out -- The Road to a Third Infinity_part_01.txt
/mnt/c/Users/nateg/OneDrive/Documentos/GitHub/quadrivium/cognetics/Zero to Infinity/L22 - In and Out -- The Road to a Third Infinity_part_02.txt
/mnt/c/Users/nateg/OneDrive/Documentos/GitHub/quadrivium/cognetics/Zero to Infinity/L22 - In and Out -- The Road to a Third Infinity_part_03.txt
/mnt/c/Users/nateg/OneDrive/Documentos/GitHub/quadrivium/cognetics/Zero to Infinity/L22 - In and Out -- The Road to a Third Infinity_part_04.txt
/mnt/c/Users/nateg/OneDrive/Documentos/GitHub/quadrivium/cognetics/Zero to Infinity/L22 - In and Out -- The Road to a Third Infinity_part_05.txt
/mnt/c/Users/nateg/OneDrive/Documentos/GitHub/quadrivium/cognetics/Zero to Infinity/L22 - In and Out -- The Road to a Third Infinity_part_06.txt
/mnt/c/Users/nateg/OneDrive/Documentos/GitHub/quadrivium/cognetics/Zero to Infinity/L22 - In and Out -- The Road to a Third Infinity_part_07.txt
/mnt/c/Users/nateg/OneDrive/Documentos/GitHub/quadrivium/cognetics/Zero to Infinity/L22 - In and Out -- The Road to a Third Infinity_part_08.txt
/mnt/c/Users/nateg/OneDrive/Documentos/GitHub/quadrivium/cognetics/Zero to Infinity/L22 - In and Out -- The Road to a Third Infinity_part_09.txt
/mnt/c/Users/nateg/OneDrive/Documentos/GitHub/quadrivium/cognetics/Zero to Infinity/L23 - Infinity -- What We Know and What We Don't.txt
/mnt/c/Users/nateg/OneDrive/Documentos/GitHub/quadrivium/cognetics/Zero to Infinity/L23 - Infinity -- What We Know and What We Don't_part_00.txt
/mnt/c/Users/nateg/OneDrive/Documentos/GitHub/quadrivium/cognetics/Zero to Infinity/L23 - Infinity -- What We Know and What We Don't_part_01.txt
/mnt/c/Users/nateg/OneDrive/Documentos/GitHub/quadrivium/cognetics/Zero to Infinity/L23 - Infinity -- What We Know and What We Don't_part_02.txt
/mnt/c/Users/nateg/OneDrive/Documentos/GitHub/quadrivium/cognetics/Zero to Infinity/L23 - Infinity -- What We Know and What We Don't_part_03.txt
/mnt/c/Users/nateg/OneDrive/Documentos/GitHub/quadrivium/cognetics/Zero to Infinity/L23 - Infinity -- What We Know and What We Don't_part_04.txt
/mnt/c/Users/nateg/OneDrive/Documentos/GitHub/quadrivium/cognetics/Zero to Infinity/L23 - Infinity -- What We Know and What We Don't_part_05.txt
/mnt/c/Users/nateg/OneDrive/Documentos/GitHub/quadrivium/cognetics/Zero to Infinity/L23 - Infinity -- What We Know and What We Don't_part_06.txt
/mnt/c/Users/nateg/OneDrive/Documentos/GitHub/quadrivium/cognetics/Zero to Infinity/L23 - Infinity -- What We Know and What We Don't_part_07.txt
/mnt/c/Users/nateg/OneDrive/Documentos/GitHub/quadrivium/cognetics/Zero to Infinity/L23 - Infinity -- What We Know and What We Don't_part_08.txt
/mnt/c/Users/nateg/OneDrive/Documentos/GitHub/quadrivium/cognetics/Zero to Infinity/L23 - Infinity -- What We Know and What We Don't_part_09.txt
/mnt/c/Users/nateg/OneDrive/Documentos/GitHub/quadrivium/cognetics/Zero to Infinity/L24 - The Endless Frontier of Number.txt
/mnt/c/Users/nateg/OneDrive/Documentos/GitHub/quadrivium/cognetics/Zero to Infinity/L24 - The Endless Frontier of Number_part_00.txt
/mnt/c/Users/nateg/OneDrive/Documentos/GitHub/quadrivium/cognetics/Zero to Infinity/L24 - The Endless Frontier of Number_part_01.txt
/mnt/c/Users/nateg/OneDrive/Documentos/GitHub/quadrivium/cognetics/Zero to Infinity/L24 - The Endless Frontier of Number_part_02.txt
/mnt/c/Users/nateg/OneDrive/Documentos/GitHub/quadrivium/cognetics/Zero to Infinity/L24 - The Endless Frontier of Number_part_03.txt
/mnt/c/Users/nateg/OneDrive/Documentos/GitHub/quadrivium/cognetics/Zero to Infinity/L24 - The Endless Frontier of Number_part_04.txt
/mnt/c/Users/nateg/OneDrive/Documentos/GitHub/quadrivium/cognetics/Zero to Infinity/L24 - The Endless Frontier of Number_part_05.txt
/mnt/c/Users/nateg/OneDrive/Documentos/GitHub/quadrivium/cognetics/Zero to Infinity/L24 - The Endless Frontier of Number_part_06.txt
/mnt/c/Users/nateg/OneDrive/Documentos/GitHub/quadrivium/cognetics/Zero to Infinity/L24 - The Endless Frontier of Number_part_07.txt
/mnt/c/Users/nateg/OneDrive/Documentos/GitHub/quadrivium/cognetics/Zero to Infinity/L24 - The Endless Frontier of Number_part_08.txt
/mnt/c/Users/nateg/OneDrive/Documentos/GitHub/quadrivium/cognetics/Zero to Infinity/L24 - The Endless Frontier of Number_part_09.txt
/mnt/c/Users/nateg/OneDrive/Documentos/GitHub/quadrivium/cognetics/Zero to Infinity/Part 1-2 - Lecturer.txt
/mnt/c/Users/nateg/OneDrive/Documentos/GitHub/quadrivium/cognetics/Zero to Infinity/Part 1-2 - Lecturer_part_00.txt
/mnt/c/Users/nateg/OneDrive/Documentos/GitHub/quadrivium/cognetics/Zero to Infinity/Part 1-2 - Lecturer_part_01.txt
/mnt/c/Users/nateg/OneDrive/Documentos/GitHub/quadrivium/cognetics/Zero to Infinity/Part 1-2 - Lecturer_part_02.txt
/mnt/c/Users/nateg/OneDrive/Documentos/GitHub/quadrivium/cognetics/Zero to Infinity/Part 1-2 - Lecturer_part_03.txt
/mnt/c/Users/nateg/OneDrive/Documentos/GitHub/quadrivium/cognetics/Zero to Infinity/Part 1-2 - Lecturer_part_04.txt
/mnt/c/Users/nateg/OneDrive/Documentos/GitHub/quadrivium/cognetics/Zero to Infinity/Part 1-2 - Lecturer_part_05.txt
/mnt/c/Users/nateg/OneDrive/Documentos/GitHub/quadrivium/cognetics/Zero to Infinity/Part 1-2 - Lecturer_part_06.txt
/mnt/c/Users/nateg/OneDrive/Documentos/GitHub/quadrivium/cognetics/Zero to Infinity/Part 1-2 - Lecturer_part_07.txt
/mnt/c/Users/nateg/OneDrive/Documentos/GitHub/quadrivium/cognetics/Zero to Infinity/Part 1-2 - Lecturer_part_08.txt
/mnt/c/Users/nateg/OneDrive/Documentos/GitHub/quadrivium/cognetics/Zero to Infinity/Part 1-2 - Lecturer_part_09.txt
