/mnt/c/Users/nateg/OneDrive/Documentos/GitHub/quadrivium/selective intention/#UiPathForward Americas 2017 Keynote Presentations.txt
/mnt/c/Users/nateg/OneDrive/Documentos/GitHub/quadrivium/selective intention/00-Scholl-Tremoulet-TICS.txt
/mnt/c/Users/nateg/OneDrive/Documentos/GitHub/quadrivium/selective intention/0000006a.txt
/mnt/c/Users/nateg/OneDrive/Documentos/GitHub/quadrivium/selective intention/0000998.txt
/mnt/c/Users/nateg/OneDrive/Documentos/GitHub/quadrivium/selective intention/0001.txt
/mnt/c/Users/nateg/OneDrive/Documentos/GitHub/quadrivium/selective intention/00030651211057041.txt
/mnt/c/Users/nateg/OneDrive/Documentos/GitHub/quadrivium/selective intention/00030651221136840.txt
/mnt/c/Users/nateg/OneDrive/Documentos/GitHub/quadrivium/selective intention/00088001.txt
/mnt/c/Users/nateg/OneDrive/Documentos/GitHub/quadrivium/selective intention/0009087.txt
/mnt/c/Users/nateg/OneDrive/Documentos/GitHub/quadrivium/selective intention/0010054.txt
/mnt/c/Users/nateg/OneDrive/Documentos/GitHub/quadrivium/selective intention/0011122.txt
/mnt/c/Users/nateg/OneDrive/Documentos/GitHub/quadrivium/selective intention/0011307.txt
/mnt/c/Users/nateg/OneDrive/Documentos/GitHub/quadrivium/selective intention/003591575705001013.txt
/mnt/c/Users/nateg/OneDrive/Documentos/GitHub/quadrivium/selective intention/003_OUTLINE.txt
/mnt/c/Users/nateg/OneDrive/Documentos/GitHub/quadrivium/selective intention/0069.txt
/mnt/c/Users/nateg/OneDrive/Documentos/GitHub/quadrivium/selective intention/00_Berti_DCB_5_ePDF-komprimiert.txt
/mnt/c/Users/nateg/OneDrive/Documentos/GitHub/quadrivium/selective intention/00cce697-744f-4e57-9f04-7dc99d963696.txt
/mnt/c/Users/nateg/OneDrive/Documentos/GitHub/quadrivium/selective intention/01 Introduction to Sanskrit Part 1 – Thomas Egenes .txt
/mnt/c/Users/nateg/OneDrive/Documentos/GitHub/quadrivium/selective intention/010.txt
/mnt/c/Users/nateg/OneDrive/Documentos/GitHub/quadrivium/selective intention/0103102.txt
/mnt/c/Users/nateg/OneDrive/Documentos/GitHub/quadrivium/selective intention/0106141.txt
/mnt/c/Users/nateg/OneDrive/Documentos/GitHub/quadrivium/selective intention/0109027.txt
/mnt/c/Users/nateg/OneDrive/Documentos/GitHub/quadrivium/selective intention/0111027.txt
/mnt/c/Users/nateg/OneDrive/Documentos/GitHub/quadrivium/selective intention/0165551515613226.txt
/mnt/c/Users/nateg/OneDrive/Documentos/GitHub/quadrivium/selective intention/02 Bayesian Decision Theory.txt
/mnt/c/Users/nateg/OneDrive/Documentos/GitHub/quadrivium/selective intention/02.The New Penguin Russian Course A Complete Course for Beginners .txt
/mnt/c/Users/nateg/OneDrive/Documentos/GitHub/quadrivium/selective intention/020-git-short.txt
/mnt/c/Users/nateg/OneDrive/Documentos/GitHub/quadrivium/selective intention/0202021.txt
/mnt/c/Users/nateg/OneDrive/Documentos/GitHub/quadrivium/selective intention/0208068.txt
/mnt/c/Users/nateg/OneDrive/Documentos/GitHub/quadrivium/selective intention/021_2_0243.txt
/mnt/c/Users/nateg/OneDrive/Documentos/GitHub/quadrivium/selective intention/027458a0.txt
/mnt/c/Users/nateg/OneDrive/Documentos/GitHub/quadrivium/selective intention/0278364904045479.txt
/mnt/c/Users/nateg/OneDrive/Documentos/GitHub/quadrivium/selective intention/0278364906075026.txt
/mnt/c/Users/nateg/OneDrive/Documentos/GitHub/quadrivium/selective intention/0278364907073775.txt
/mnt/c/Users/nateg/OneDrive/Documentos/GitHub/quadrivium/selective intention/0278364917721629.txt
/mnt/c/Users/nateg/OneDrive/Documentos/GitHub/quadrivium/selective intention/02783649221076381.txt
/mnt/c/Users/nateg/OneDrive/Documentos/GitHub/quadrivium/selective intention/02_Roman.txt
/mnt/c/Users/nateg/OneDrive/Documentos/GitHub/quadrivium/selective intention/02whole.txt
/mnt/c/Users/nateg/OneDrive/Documentos/GitHub/quadrivium/selective intention/0302005.txt
/mnt/c/Users/nateg/OneDrive/Documentos/GitHub/quadrivium/selective intention/0304171.txt
/mnt/c/Users/nateg/OneDrive/Documentos/GitHub/quadrivium/selective intention/0305049.txt
/mnt/c/Users/nateg/OneDrive/Documentos/GitHub/quadrivium/selective intention/0306108v2.txt
/mnt/c/Users/nateg/OneDrive/Documentos/GitHub/quadrivium/selective intention/0386 (Knuth).txt
/mnt/c/Users/nateg/OneDrive/Documentos/GitHub/quadrivium/selective intention/0390473.txt
/mnt/c/Users/nateg/OneDrive/Documentos/GitHub/quadrivium/selective intention/03_git_101.txt
/mnt/c/Users/nateg/OneDrive/Documentos/GitHub/quadrivium/selective intention/0403692.txt
/mnt/c/Users/nateg/OneDrive/Documentos/GitHub/quadrivium/selective intention/0407017.txt
/mnt/c/Users/nateg/OneDrive/Documentos/GitHub/quadrivium/selective intention/0411156.txt
/mnt/c/Users/nateg/OneDrive/Documentos/GitHub/quadrivium/selective intention/0412143.txt
/mnt/c/Users/nateg/OneDrive/Documentos/GitHub/quadrivium/selective intention/0427.txt
/mnt/c/Users/nateg/OneDrive/Documentos/GitHub/quadrivium/selective intention/04568078.txt
/mnt/c/Users/nateg/OneDrive/Documentos/GitHub/quadrivium/selective intention/047-056.txt
/mnt/c/Users/nateg/OneDrive/Documentos/GitHub/quadrivium/selective intention/04_12_2020_Can_Machine_Think_70.txt
/mnt/c/Users/nateg/OneDrive/Documentos/GitHub/quadrivium/selective intention/05-200124Full.txt
/mnt/c/Users/nateg/OneDrive/Documentos/GitHub/quadrivium/selective intention/05-CSG_Procedural.txt
/mnt/c/Users/nateg/OneDrive/Documentos/GitHub/quadrivium/selective intention/0507104.txt
/mnt/c/Users/nateg/OneDrive/Documentos/GitHub/quadrivium/selective intention/0508381.txt
/mnt/c/Users/nateg/OneDrive/Documentos/GitHub/quadrivium/selective intention/0512190.txt
/mnt/c/Users/nateg/OneDrive/Documentos/GitHub/quadrivium/selective intention/0537.txt
/mnt/c/Users/nateg/OneDrive/Documentos/GitHub/quadrivium/selective intention/055_agi-2020.txt
/mnt/c/Users/nateg/OneDrive/Documentos/GitHub/quadrivium/selective intention/05fef0ad87134781c8f285e47973023b_6002_l8.txt
/mnt/c/Users/nateg/OneDrive/Documentos/GitHub/quadrivium/selective intention/06-BA101.txt
/mnt/c/Users/nateg/OneDrive/Documentos/GitHub/quadrivium/selective intention/06-BA115.txt
/mnt/c/Users/nateg/OneDrive/Documentos/GitHub/quadrivium/selective intention/06.30.2023_philsci4ml4sci.txt
/mnt/c/Users/nateg/OneDrive/Documentos/GitHub/quadrivium/selective intention/0603001.txt
/mnt/c/Users/nateg/OneDrive/Documentos/GitHub/quadrivium/selective intention/060467v2.full.txt
/mnt/c/Users/nateg/OneDrive/Documentos/GitHub/quadrivium/selective intention/0606081.txt
/mnt/c/Users/nateg/OneDrive/Documentos/GitHub/quadrivium/selective intention/0607165.txt
/mnt/c/Users/nateg/OneDrive/Documentos/GitHub/quadrivium/selective intention/0608040.txt
/mnt/c/Users/nateg/OneDrive/Documentos/GitHub/quadrivium/selective intention/0610067.txt
/mnt/c/Users/nateg/OneDrive/Documentos/GitHub/quadrivium/selective intention/0610077.txt
/mnt/c/Users/nateg/OneDrive/Documentos/GitHub/quadrivium/selective intention/0611022.txt
/mnt/c/Users/nateg/OneDrive/Documentos/GitHub/quadrivium/selective intention/069402a0.txt
/mnt/c/Users/nateg/OneDrive/Documentos/GitHub/quadrivium/selective intention/0704.0646.txt
/mnt/c/Users/nateg/OneDrive/Documentos/GitHub/quadrivium/selective intention/0704.3420.txt
/mnt/c/Users/nateg/OneDrive/Documentos/GitHub/quadrivium/selective intention/0705.3239.txt
/mnt/c/Users/nateg/OneDrive/Documentos/GitHub/quadrivium/selective intention/0706.3639.txt
/mnt/c/Users/nateg/OneDrive/Documentos/GitHub/quadrivium/selective intention/0708.2303.txt
/mnt/c/Users/nateg/OneDrive/Documentos/GitHub/quadrivium/selective intention/0712.1320.txt
/mnt/c/Users/nateg/OneDrive/Documentos/GitHub/quadrivium/selective intention/0712.1529.txt
/mnt/c/Users/nateg/OneDrive/Documentos/GitHub/quadrivium/selective intention/0712.3329.txt
/mnt/c/Users/nateg/OneDrive/Documentos/GitHub/quadrivium/selective intention/0731948715615557.txt
/mnt/c/Users/nateg/OneDrive/Documentos/GitHub/quadrivium/selective intention/07620358.txt
/mnt/c/Users/nateg/OneDrive/Documentos/GitHub/quadrivium/selective intention/07627111.txt
/mnt/c/Users/nateg/OneDrive/Documentos/GitHub/quadrivium/selective intention/07628249.txt
/mnt/c/Users/nateg/OneDrive/Documentos/GitHub/quadrivium/selective intention/07635589.txt
/mnt/c/Users/nateg/OneDrive/Documentos/GitHub/quadrivium/selective intention/07644347.txt
/mnt/c/Users/nateg/OneDrive/Documentos/GitHub/quadrivium/selective intention/07647350.txt
/mnt/c/Users/nateg/OneDrive/Documentos/GitHub/quadrivium/selective intention/07652870.txt
/mnt/c/Users/nateg/OneDrive/Documentos/GitHub/quadrivium/selective intention/07654504.txt
/mnt/c/Users/nateg/OneDrive/Documentos/GitHub/quadrivium/selective intention/07654851.txt
/mnt/c/Users/nateg/OneDrive/Documentos/GitHub/quadrivium/selective intention/07658584.txt
/mnt/c/Users/nateg/OneDrive/Documentos/GitHub/quadrivium/selective intention/07658585.txt
/mnt/c/Users/nateg/OneDrive/Documentos/GitHub/quadrivium/selective intention/07658587.txt
/mnt/c/Users/nateg/OneDrive/Documentos/GitHub/quadrivium/selective intention/07658588.txt
/mnt/c/Users/nateg/OneDrive/Documentos/GitHub/quadrivium/selective intention/07658589.txt
/mnt/c/Users/nateg/OneDrive/Documentos/GitHub/quadrivium/selective intention/07658590.txt
/mnt/c/Users/nateg/OneDrive/Documentos/GitHub/quadrivium/selective intention/07658591.txt
/mnt/c/Users/nateg/OneDrive/Documentos/GitHub/quadrivium/selective intention/07659129.txt
/mnt/c/Users/nateg/OneDrive/Documentos/GitHub/quadrivium/selective intention/07659703.txt
/mnt/c/Users/nateg/OneDrive/Documentos/GitHub/quadrivium/selective intention/07660466.txt
/mnt/c/Users/nateg/OneDrive/Documentos/GitHub/quadrivium/selective intention/07660471.txt
/mnt/c/Users/nateg/OneDrive/Documentos/GitHub/quadrivium/selective intention/07660793.txt
/mnt/c/Users/nateg/OneDrive/Documentos/GitHub/quadrivium/selective intention/07660813.txt
/mnt/c/Users/nateg/OneDrive/Documentos/GitHub/quadrivium/selective intention/07660819.txt
/mnt/c/Users/nateg/OneDrive/Documentos/GitHub/quadrivium/selective intention/07660820.txt
/mnt/c/Users/nateg/OneDrive/Documentos/GitHub/quadrivium/selective intention/07660964.txt
/mnt/c/Users/nateg/OneDrive/Documentos/GitHub/quadrivium/selective intention/07661035.txt
/mnt/c/Users/nateg/OneDrive/Documentos/GitHub/quadrivium/selective intention/07661678.txt
/mnt/c/Users/nateg/OneDrive/Documentos/GitHub/quadrivium/selective intention/07662332.txt
/mnt/c/Users/nateg/OneDrive/Documentos/GitHub/quadrivium/selective intention/07662949.txt
/mnt/c/Users/nateg/OneDrive/Documentos/GitHub/quadrivium/selective intention/07663587.txt
/mnt/c/Users/nateg/OneDrive/Documentos/GitHub/quadrivium/selective intention/07664332.txt
/mnt/c/Users/nateg/OneDrive/Documentos/GitHub/quadrivium/selective intention/07664383.txt
/mnt/c/Users/nateg/OneDrive/Documentos/GitHub/quadrivium/selective intention/07664413.txt
/mnt/c/Users/nateg/OneDrive/Documentos/GitHub/quadrivium/selective intention/07667871.txt
/mnt/c/Users/nateg/OneDrive/Documentos/GitHub/quadrivium/selective intention/07669756.txt
/mnt/c/Users/nateg/OneDrive/Documentos/GitHub/quadrivium/selective intention/08-200205Full-4up.txt
/mnt/c/Users/nateg/OneDrive/Documentos/GitHub/quadrivium/selective intention/0801.1776.txt
/mnt/c/Users/nateg/OneDrive/Documentos/GitHub/quadrivium/selective intention/0806.1474.txt
/mnt/c/Users/nateg/OneDrive/Documentos/GitHub/quadrivium/selective intention/0807.2838.txt
/mnt/c/Users/nateg/OneDrive/Documentos/GitHub/quadrivium/selective intention/0808.1128.txt
/mnt/c/Users/nateg/OneDrive/Documentos/GitHub/quadrivium/selective intention/0809.2379.txt
/mnt/c/Users/nateg/OneDrive/Documentos/GitHub/quadrivium/selective intention/0810.2545.txt
/mnt/c/Users/nateg/OneDrive/Documentos/GitHub/quadrivium/selective intention/0810.4903.txt
/mnt/c/Users/nateg/OneDrive/Documentos/GitHub/quadrivium/selective intention/0812.4360 (1).txt
/mnt/c/Users/nateg/OneDrive/Documentos/GitHub/quadrivium/selective intention/0812.4360-1.txt
/mnt/c/Users/nateg/OneDrive/Documentos/GitHub/quadrivium/selective intention/0812.4360.txt
/mnt/c/Users/nateg/OneDrive/Documentos/GitHub/quadrivium/selective intention/08327312-MIT.txt
/mnt/c/Users/nateg/OneDrive/Documentos/GitHub/quadrivium/selective intention/08_Queueing_Models.txt
/mnt/c/Users/nateg/OneDrive/Documentos/GitHub/quadrivium/selective intention/0903.3176.txt
/mnt/c/Users/nateg/OneDrive/Documentos/GitHub/quadrivium/selective intention/0905.1263.txt
/mnt/c/Users/nateg/OneDrive/Documentos/GitHub/quadrivium/selective intention/0905.3611.txt
/mnt/c/Users/nateg/OneDrive/Documentos/GitHub/quadrivium/selective intention/0906.4952.txt
/mnt/c/Users/nateg/OneDrive/Documentos/GitHub/quadrivium/selective intention/0907.0746v1.txt
/mnt/c/Users/nateg/OneDrive/Documentos/GitHub/quadrivium/selective intention/0908.2439.txt
/mnt/c/Users/nateg/OneDrive/Documentos/GitHub/quadrivium/selective intention/0909.90207.txt
/mnt/c/Users/nateg/OneDrive/Documentos/GitHub/quadrivium/selective intention/0911.0267.txt
/mnt/c/Users/nateg/OneDrive/Documentos/GitHub/quadrivium/selective intention/0911.2172.txt
/mnt/c/Users/nateg/OneDrive/Documentos/GitHub/quadrivium/selective intention/0911.2899.txt
/mnt/c/Users/nateg/OneDrive/Documentos/GitHub/quadrivium/selective intention/09166710.txt
/mnt/c/Users/nateg/OneDrive/Documentos/GitHub/quadrivium/selective intention/0920.90057.txt
/mnt/c/Users/nateg/OneDrive/Documentos/GitHub/quadrivium/selective intention/09268855.txt
/mnt/c/Users/nateg/OneDrive/Documentos/GitHub/quadrivium/selective intention/0956797611414727.txt
/mnt/c/Users/nateg/OneDrive/Documentos/GitHub/quadrivium/selective intention/0956797617741718.txt
/mnt/c/Users/nateg/OneDrive/Documentos/GitHub/quadrivium/selective intention/0959354319866258.txt
/mnt/c/Users/nateg/OneDrive/Documentos/GitHub/quadrivium/selective intention/0959354320908337.txt
/mnt/c/Users/nateg/OneDrive/Documentos/GitHub/quadrivium/selective intention/0963721419831992.txt
/mnt/c/Users/nateg/OneDrive/Documentos/GitHub/quadrivium/selective intention/09_chapter 5.txt
/mnt/c/Users/nateg/OneDrive/Documentos/GitHub/quadrivium/selective intention/0a187866618ca3049030ec5014860ae8-original.txt
/mnt/c/Users/nateg/OneDrive/Documentos/GitHub/quadrivium/selective intention/0xaa85.txt
/mnt/c/Users/nateg/OneDrive/Documentos/GitHub/quadrivium/selective intention/1 (1).txt
/mnt/c/Users/nateg/OneDrive/Documentos/GitHub/quadrivium/selective intention/1 (2).txt
/mnt/c/Users/nateg/OneDrive/Documentos/GitHub/quadrivium/selective intention/1 (3).txt
/mnt/c/Users/nateg/OneDrive/Documentos/GitHub/quadrivium/selective intention/early-overview.txt
/mnt/c/Users/nateg/OneDrive/Documentos/GitHub/quadrivium/selective intention/overview.txt
/mnt/c/Users/nateg/OneDrive/Documentos/GitHub/quadrivium/selective intention/sample-overview.txt
