/mnt/c/Users/nateg/OneDrive/Documentos/GitHub/quadrivium/cognetics/Your Deceptive Mind/01.The Necessity of Thinking about Thinking.txt
/mnt/c/Users/nateg/OneDrive/Documentos/GitHub/quadrivium/cognetics/Your Deceptive Mind/01.The Necessity of Thinking about Thinking_part_00.txt
/mnt/c/Users/nateg/OneDrive/Documentos/GitHub/quadrivium/cognetics/Your Deceptive Mind/01.The Necessity of Thinking about Thinking_part_01.txt
/mnt/c/Users/nateg/OneDrive/Documentos/GitHub/quadrivium/cognetics/Your Deceptive Mind/01.The Necessity of Thinking about Thinking_part_02.txt
/mnt/c/Users/nateg/OneDrive/Documentos/GitHub/quadrivium/cognetics/Your Deceptive Mind/01.The Necessity of Thinking about Thinking_part_03.txt
/mnt/c/Users/nateg/OneDrive/Documentos/GitHub/quadrivium/cognetics/Your Deceptive Mind/01.The Necessity of Thinking about Thinking_part_04.txt
/mnt/c/Users/nateg/OneDrive/Documentos/GitHub/quadrivium/cognetics/Your Deceptive Mind/01.The Necessity of Thinking about Thinking_part_05.txt
/mnt/c/Users/nateg/OneDrive/Documentos/GitHub/quadrivium/cognetics/Your Deceptive Mind/01.The Necessity of Thinking about Thinking_part_06.txt
/mnt/c/Users/nateg/OneDrive/Documentos/GitHub/quadrivium/cognetics/Your Deceptive Mind/01.The Necessity of Thinking about Thinking_part_07.txt
/mnt/c/Users/nateg/OneDrive/Documentos/GitHub/quadrivium/cognetics/Your Deceptive Mind/01.The Necessity of Thinking about Thinking_part_08.txt
/mnt/c/Users/nateg/OneDrive/Documentos/GitHub/quadrivium/cognetics/Your Deceptive Mind/01.The Necessity of Thinking about Thinking_part_09.txt
/mnt/c/Users/nateg/OneDrive/Documentos/GitHub/quadrivium/cognetics/Your Deceptive Mind/02. The Neuroscience of Belief.txt
/mnt/c/Users/nateg/OneDrive/Documentos/GitHub/quadrivium/cognetics/Your Deceptive Mind/02. The Neuroscience of Belief_part_00.txt
/mnt/c/Users/nateg/OneDrive/Documentos/GitHub/quadrivium/cognetics/Your Deceptive Mind/02. The Neuroscience of Belief_part_01.txt
/mnt/c/Users/nateg/OneDrive/Documentos/GitHub/quadrivium/cognetics/Your Deceptive Mind/02. The Neuroscience of Belief_part_02.txt
/mnt/c/Users/nateg/OneDrive/Documentos/GitHub/quadrivium/cognetics/Your Deceptive Mind/02. The Neuroscience of Belief_part_03.txt
/mnt/c/Users/nateg/OneDrive/Documentos/GitHub/quadrivium/cognetics/Your Deceptive Mind/02. The Neuroscience of Belief_part_04.txt
/mnt/c/Users/nateg/OneDrive/Documentos/GitHub/quadrivium/cognetics/Your Deceptive Mind/02. The Neuroscience of Belief_part_05.txt
/mnt/c/Users/nateg/OneDrive/Documentos/GitHub/quadrivium/cognetics/Your Deceptive Mind/02. The Neuroscience of Belief_part_06.txt
/mnt/c/Users/nateg/OneDrive/Documentos/GitHub/quadrivium/cognetics/Your Deceptive Mind/02. The Neuroscience of Belief_part_07.txt
/mnt/c/Users/nateg/OneDrive/Documentos/GitHub/quadrivium/cognetics/Your Deceptive Mind/02. The Neuroscience of Belief_part_08.txt
/mnt/c/Users/nateg/OneDrive/Documentos/GitHub/quadrivium/cognetics/Your Deceptive Mind/02. The Neuroscience of Belief_part_09.txt
/mnt/c/Users/nateg/OneDrive/Documentos/GitHub/quadrivium/cognetics/Your Deceptive Mind/03. Errors of Perception.txt
/mnt/c/Users/nateg/OneDrive/Documentos/GitHub/quadrivium/cognetics/Your Deceptive Mind/03. Errors of Perception_part_00.txt
/mnt/c/Users/nateg/OneDrive/Documentos/GitHub/quadrivium/cognetics/Your Deceptive Mind/03. Errors of Perception_part_01.txt
/mnt/c/Users/nateg/OneDrive/Documentos/GitHub/quadrivium/cognetics/Your Deceptive Mind/03. Errors of Perception_part_02.txt
/mnt/c/Users/nateg/OneDrive/Documentos/GitHub/quadrivium/cognetics/Your Deceptive Mind/03. Errors of Perception_part_03.txt
/mnt/c/Users/nateg/OneDrive/Documentos/GitHub/quadrivium/cognetics/Your Deceptive Mind/03. Errors of Perception_part_04.txt
/mnt/c/Users/nateg/OneDrive/Documentos/GitHub/quadrivium/cognetics/Your Deceptive Mind/03. Errors of Perception_part_05.txt
/mnt/c/Users/nateg/OneDrive/Documentos/GitHub/quadrivium/cognetics/Your Deceptive Mind/03. Errors of Perception_part_06.txt
/mnt/c/Users/nateg/OneDrive/Documentos/GitHub/quadrivium/cognetics/Your Deceptive Mind/03. Errors of Perception_part_07.txt
/mnt/c/Users/nateg/OneDrive/Documentos/GitHub/quadrivium/cognetics/Your Deceptive Mind/03. Errors of Perception_part_08.txt
/mnt/c/Users/nateg/OneDrive/Documentos/GitHub/quadrivium/cognetics/Your Deceptive Mind/03. Errors of Perception_part_09.txt
/mnt/c/Users/nateg/OneDrive/Documentos/GitHub/quadrivium/cognetics/Your Deceptive Mind/04. Flaws and Fabrications of Memory.txt
/mnt/c/Users/nateg/OneDrive/Documentos/GitHub/quadrivium/cognetics/Your Deceptive Mind/04. Flaws and Fabrications of Memory_part_00.txt
/mnt/c/Users/nateg/OneDrive/Documentos/GitHub/quadrivium/cognetics/Your Deceptive Mind/04. Flaws and Fabrications of Memory_part_01.txt
/mnt/c/Users/nateg/OneDrive/Documentos/GitHub/quadrivium/cognetics/Your Deceptive Mind/04. Flaws and Fabrications of Memory_part_02.txt
/mnt/c/Users/nateg/OneDrive/Documentos/GitHub/quadrivium/cognetics/Your Deceptive Mind/04. Flaws and Fabrications of Memory_part_03.txt
/mnt/c/Users/nateg/OneDrive/Documentos/GitHub/quadrivium/cognetics/Your Deceptive Mind/04. Flaws and Fabrications of Memory_part_04.txt
/mnt/c/Users/nateg/OneDrive/Documentos/GitHub/quadrivium/cognetics/Your Deceptive Mind/04. Flaws and Fabrications of Memory_part_05.txt
/mnt/c/Users/nateg/OneDrive/Documentos/GitHub/quadrivium/cognetics/Your Deceptive Mind/04. Flaws and Fabrications of Memory_part_06.txt
/mnt/c/Users/nateg/OneDrive/Documentos/GitHub/quadrivium/cognetics/Your Deceptive Mind/04. Flaws and Fabrications of Memory_part_07.txt
/mnt/c/Users/nateg/OneDrive/Documentos/GitHub/quadrivium/cognetics/Your Deceptive Mind/04. Flaws and Fabrications of Memory_part_08.txt
/mnt/c/Users/nateg/OneDrive/Documentos/GitHub/quadrivium/cognetics/Your Deceptive Mind/04. Flaws and Fabrications of Memory_part_09.txt
/mnt/c/Users/nateg/OneDrive/Documentos/GitHub/quadrivium/cognetics/Your Deceptive Mind/05. Pattern Recognition Seeing What's Not There.txt
/mnt/c/Users/nateg/OneDrive/Documentos/GitHub/quadrivium/cognetics/Your Deceptive Mind/05. Pattern Recognition Seeing What's Not There_part_00.txt
/mnt/c/Users/nateg/OneDrive/Documentos/GitHub/quadrivium/cognetics/Your Deceptive Mind/05. Pattern Recognition Seeing What's Not There_part_01.txt
/mnt/c/Users/nateg/OneDrive/Documentos/GitHub/quadrivium/cognetics/Your Deceptive Mind/05. Pattern Recognition Seeing What's Not There_part_02.txt
/mnt/c/Users/nateg/OneDrive/Documentos/GitHub/quadrivium/cognetics/Your Deceptive Mind/05. Pattern Recognition Seeing What's Not There_part_03.txt
/mnt/c/Users/nateg/OneDrive/Documentos/GitHub/quadrivium/cognetics/Your Deceptive Mind/05. Pattern Recognition Seeing What's Not There_part_04.txt
/mnt/c/Users/nateg/OneDrive/Documentos/GitHub/quadrivium/cognetics/Your Deceptive Mind/05. Pattern Recognition Seeing What's Not There_part_05.txt
/mnt/c/Users/nateg/OneDrive/Documentos/GitHub/quadrivium/cognetics/Your Deceptive Mind/05. Pattern Recognition Seeing What's Not There_part_06.txt
/mnt/c/Users/nateg/OneDrive/Documentos/GitHub/quadrivium/cognetics/Your Deceptive Mind/05. Pattern Recognition Seeing What's Not There_part_07.txt
/mnt/c/Users/nateg/OneDrive/Documentos/GitHub/quadrivium/cognetics/Your Deceptive Mind/05. Pattern Recognition Seeing What's Not There_part_08.txt
/mnt/c/Users/nateg/OneDrive/Documentos/GitHub/quadrivium/cognetics/Your Deceptive Mind/05. Pattern Recognition Seeing What's Not There_part_09.txt
/mnt/c/Users/nateg/OneDrive/Documentos/GitHub/quadrivium/cognetics/Your Deceptive Mind/06. Our Constructed Reality.txt
/mnt/c/Users/nateg/OneDrive/Documentos/GitHub/quadrivium/cognetics/Your Deceptive Mind/06. Our Constructed Reality_part_00.txt
/mnt/c/Users/nateg/OneDrive/Documentos/GitHub/quadrivium/cognetics/Your Deceptive Mind/06. Our Constructed Reality_part_01.txt
/mnt/c/Users/nateg/OneDrive/Documentos/GitHub/quadrivium/cognetics/Your Deceptive Mind/06. Our Constructed Reality_part_02.txt
/mnt/c/Users/nateg/OneDrive/Documentos/GitHub/quadrivium/cognetics/Your Deceptive Mind/06. Our Constructed Reality_part_03.txt
/mnt/c/Users/nateg/OneDrive/Documentos/GitHub/quadrivium/cognetics/Your Deceptive Mind/06. Our Constructed Reality_part_04.txt
/mnt/c/Users/nateg/OneDrive/Documentos/GitHub/quadrivium/cognetics/Your Deceptive Mind/06. Our Constructed Reality_part_05.txt
/mnt/c/Users/nateg/OneDrive/Documentos/GitHub/quadrivium/cognetics/Your Deceptive Mind/06. Our Constructed Reality_part_06.txt
/mnt/c/Users/nateg/OneDrive/Documentos/GitHub/quadrivium/cognetics/Your Deceptive Mind/06. Our Constructed Reality_part_07.txt
/mnt/c/Users/nateg/OneDrive/Documentos/GitHub/quadrivium/cognetics/Your Deceptive Mind/06. Our Constructed Reality_part_08.txt
/mnt/c/Users/nateg/OneDrive/Documentos/GitHub/quadrivium/cognetics/Your Deceptive Mind/06. Our Constructed Reality_part_09.txt
/mnt/c/Users/nateg/OneDrive/Documentos/GitHub/quadrivium/cognetics/Your Deceptive Mind/07. The Structure and Purpose of Argument.txt
/mnt/c/Users/nateg/OneDrive/Documentos/GitHub/quadrivium/cognetics/Your Deceptive Mind/07. The Structure and Purpose of Argument_part_00.txt
/mnt/c/Users/nateg/OneDrive/Documentos/GitHub/quadrivium/cognetics/Your Deceptive Mind/07. The Structure and Purpose of Argument_part_01.txt
/mnt/c/Users/nateg/OneDrive/Documentos/GitHub/quadrivium/cognetics/Your Deceptive Mind/07. The Structure and Purpose of Argument_part_02.txt
/mnt/c/Users/nateg/OneDrive/Documentos/GitHub/quadrivium/cognetics/Your Deceptive Mind/07. The Structure and Purpose of Argument_part_03.txt
/mnt/c/Users/nateg/OneDrive/Documentos/GitHub/quadrivium/cognetics/Your Deceptive Mind/07. The Structure and Purpose of Argument_part_04.txt
/mnt/c/Users/nateg/OneDrive/Documentos/GitHub/quadrivium/cognetics/Your Deceptive Mind/07. The Structure and Purpose of Argument_part_05.txt
/mnt/c/Users/nateg/OneDrive/Documentos/GitHub/quadrivium/cognetics/Your Deceptive Mind/07. The Structure and Purpose of Argument_part_06.txt
/mnt/c/Users/nateg/OneDrive/Documentos/GitHub/quadrivium/cognetics/Your Deceptive Mind/07. The Structure and Purpose of Argument_part_07.txt
/mnt/c/Users/nateg/OneDrive/Documentos/GitHub/quadrivium/cognetics/Your Deceptive Mind/07. The Structure and Purpose of Argument_part_08.txt
/mnt/c/Users/nateg/OneDrive/Documentos/GitHub/quadrivium/cognetics/Your Deceptive Mind/07. The Structure and Purpose of Argument_part_09.txt
/mnt/c/Users/nateg/OneDrive/Documentos/GitHub/quadrivium/cognetics/Your Deceptive Mind/08. Logic and Logical Fallacies.txt
/mnt/c/Users/nateg/OneDrive/Documentos/GitHub/quadrivium/cognetics/Your Deceptive Mind/08. Logic and Logical Fallacies_part_00.txt
/mnt/c/Users/nateg/OneDrive/Documentos/GitHub/quadrivium/cognetics/Your Deceptive Mind/08. Logic and Logical Fallacies_part_01.txt
/mnt/c/Users/nateg/OneDrive/Documentos/GitHub/quadrivium/cognetics/Your Deceptive Mind/08. Logic and Logical Fallacies_part_02.txt
/mnt/c/Users/nateg/OneDrive/Documentos/GitHub/quadrivium/cognetics/Your Deceptive Mind/08. Logic and Logical Fallacies_part_03.txt
/mnt/c/Users/nateg/OneDrive/Documentos/GitHub/quadrivium/cognetics/Your Deceptive Mind/08. Logic and Logical Fallacies_part_04.txt
/mnt/c/Users/nateg/OneDrive/Documentos/GitHub/quadrivium/cognetics/Your Deceptive Mind/08. Logic and Logical Fallacies_part_05.txt
/mnt/c/Users/nateg/OneDrive/Documentos/GitHub/quadrivium/cognetics/Your Deceptive Mind/08. Logic and Logical Fallacies_part_06.txt
/mnt/c/Users/nateg/OneDrive/Documentos/GitHub/quadrivium/cognetics/Your Deceptive Mind/08. Logic and Logical Fallacies_part_07.txt
/mnt/c/Users/nateg/OneDrive/Documentos/GitHub/quadrivium/cognetics/Your Deceptive Mind/08. Logic and Logical Fallacies_part_08.txt
/mnt/c/Users/nateg/OneDrive/Documentos/GitHub/quadrivium/cognetics/Your Deceptive Mind/08. Logic and Logical Fallacies_part_09.txt
/mnt/c/Users/nateg/OneDrive/Documentos/GitHub/quadrivium/cognetics/Your Deceptive Mind/09. Heuristics and Cognitive Biases.txt
/mnt/c/Users/nateg/OneDrive/Documentos/GitHub/quadrivium/cognetics/Your Deceptive Mind/09. Heuristics and Cognitive Biases_part_00.txt
/mnt/c/Users/nateg/OneDrive/Documentos/GitHub/quadrivium/cognetics/Your Deceptive Mind/09. Heuristics and Cognitive Biases_part_01.txt
/mnt/c/Users/nateg/OneDrive/Documentos/GitHub/quadrivium/cognetics/Your Deceptive Mind/09. Heuristics and Cognitive Biases_part_02.txt
/mnt/c/Users/nateg/OneDrive/Documentos/GitHub/quadrivium/cognetics/Your Deceptive Mind/09. Heuristics and Cognitive Biases_part_03.txt
/mnt/c/Users/nateg/OneDrive/Documentos/GitHub/quadrivium/cognetics/Your Deceptive Mind/09. Heuristics and Cognitive Biases_part_04.txt
/mnt/c/Users/nateg/OneDrive/Documentos/GitHub/quadrivium/cognetics/Your Deceptive Mind/09. Heuristics and Cognitive Biases_part_05.txt
/mnt/c/Users/nateg/OneDrive/Documentos/GitHub/quadrivium/cognetics/Your Deceptive Mind/09. Heuristics and Cognitive Biases_part_06.txt
/mnt/c/Users/nateg/OneDrive/Documentos/GitHub/quadrivium/cognetics/Your Deceptive Mind/09. Heuristics and Cognitive Biases_part_07.txt
/mnt/c/Users/nateg/OneDrive/Documentos/GitHub/quadrivium/cognetics/Your Deceptive Mind/09. Heuristics and Cognitive Biases_part_08.txt
/mnt/c/Users/nateg/OneDrive/Documentos/GitHub/quadrivium/cognetics/Your Deceptive Mind/09. Heuristics and Cognitive Biases_part_09.txt
/mnt/c/Users/nateg/OneDrive/Documentos/GitHub/quadrivium/cognetics/Your Deceptive Mind/10. Poor at Probability Our Innate Innumeracy.txt
/mnt/c/Users/nateg/OneDrive/Documentos/GitHub/quadrivium/cognetics/Your Deceptive Mind/10. Poor at Probability Our Innate Innumeracy_part_00.txt
/mnt/c/Users/nateg/OneDrive/Documentos/GitHub/quadrivium/cognetics/Your Deceptive Mind/10. Poor at Probability Our Innate Innumeracy_part_01.txt
/mnt/c/Users/nateg/OneDrive/Documentos/GitHub/quadrivium/cognetics/Your Deceptive Mind/10. Poor at Probability Our Innate Innumeracy_part_02.txt
/mnt/c/Users/nateg/OneDrive/Documentos/GitHub/quadrivium/cognetics/Your Deceptive Mind/10. Poor at Probability Our Innate Innumeracy_part_03.txt
/mnt/c/Users/nateg/OneDrive/Documentos/GitHub/quadrivium/cognetics/Your Deceptive Mind/10. Poor at Probability Our Innate Innumeracy_part_04.txt
/mnt/c/Users/nateg/OneDrive/Documentos/GitHub/quadrivium/cognetics/Your Deceptive Mind/10. Poor at Probability Our Innate Innumeracy_part_05.txt
/mnt/c/Users/nateg/OneDrive/Documentos/GitHub/quadrivium/cognetics/Your Deceptive Mind/10. Poor at Probability Our Innate Innumeracy_part_06.txt
/mnt/c/Users/nateg/OneDrive/Documentos/GitHub/quadrivium/cognetics/Your Deceptive Mind/10. Poor at Probability Our Innate Innumeracy_part_07.txt
/mnt/c/Users/nateg/OneDrive/Documentos/GitHub/quadrivium/cognetics/Your Deceptive Mind/10. Poor at Probability Our Innate Innumeracy_part_08.txt
/mnt/c/Users/nateg/OneDrive/Documentos/GitHub/quadrivium/cognetics/Your Deceptive Mind/10. Poor at Probability Our Innate Innumeracy_part_09.txt
/mnt/c/Users/nateg/OneDrive/Documentos/GitHub/quadrivium/cognetics/Your Deceptive Mind/11. Toward Better Estimates of What's Probable.txt
/mnt/c/Users/nateg/OneDrive/Documentos/GitHub/quadrivium/cognetics/Your Deceptive Mind/11. Toward Better Estimates of What's Probable_part_00.txt
/mnt/c/Users/nateg/OneDrive/Documentos/GitHub/quadrivium/cognetics/Your Deceptive Mind/11. Toward Better Estimates of What's Probable_part_01.txt
/mnt/c/Users/nateg/OneDrive/Documentos/GitHub/quadrivium/cognetics/Your Deceptive Mind/11. Toward Better Estimates of What's Probable_part_02.txt
/mnt/c/Users/nateg/OneDrive/Documentos/GitHub/quadrivium/cognetics/Your Deceptive Mind/11. Toward Better Estimates of What's Probable_part_03.txt
/mnt/c/Users/nateg/OneDrive/Documentos/GitHub/quadrivium/cognetics/Your Deceptive Mind/11. Toward Better Estimates of What's Probable_part_04.txt
/mnt/c/Users/nateg/OneDrive/Documentos/GitHub/quadrivium/cognetics/Your Deceptive Mind/11. Toward Better Estimates of What's Probable_part_05.txt
/mnt/c/Users/nateg/OneDrive/Documentos/GitHub/quadrivium/cognetics/Your Deceptive Mind/11. Toward Better Estimates of What's Probable_part_06.txt
/mnt/c/Users/nateg/OneDrive/Documentos/GitHub/quadrivium/cognetics/Your Deceptive Mind/11. Toward Better Estimates of What's Probable_part_07.txt
/mnt/c/Users/nateg/OneDrive/Documentos/GitHub/quadrivium/cognetics/Your Deceptive Mind/11. Toward Better Estimates of What's Probable_part_08.txt
/mnt/c/Users/nateg/OneDrive/Documentos/GitHub/quadrivium/cognetics/Your Deceptive Mind/11. Toward Better Estimates of What's Probable_part_09.txt
/mnt/c/Users/nateg/OneDrive/Documentos/GitHub/quadrivium/cognetics/Your Deceptive Mind/12. Culture and Mass Delusions.txt
/mnt/c/Users/nateg/OneDrive/Documentos/GitHub/quadrivium/cognetics/Your Deceptive Mind/12. Culture and Mass Delusions_part_00.txt
/mnt/c/Users/nateg/OneDrive/Documentos/GitHub/quadrivium/cognetics/Your Deceptive Mind/12. Culture and Mass Delusions_part_01.txt
/mnt/c/Users/nateg/OneDrive/Documentos/GitHub/quadrivium/cognetics/Your Deceptive Mind/12. Culture and Mass Delusions_part_02.txt
/mnt/c/Users/nateg/OneDrive/Documentos/GitHub/quadrivium/cognetics/Your Deceptive Mind/12. Culture and Mass Delusions_part_03.txt
/mnt/c/Users/nateg/OneDrive/Documentos/GitHub/quadrivium/cognetics/Your Deceptive Mind/12. Culture and Mass Delusions_part_04.txt
/mnt/c/Users/nateg/OneDrive/Documentos/GitHub/quadrivium/cognetics/Your Deceptive Mind/12. Culture and Mass Delusions_part_05.txt
/mnt/c/Users/nateg/OneDrive/Documentos/GitHub/quadrivium/cognetics/Your Deceptive Mind/12. Culture and Mass Delusions_part_06.txt
/mnt/c/Users/nateg/OneDrive/Documentos/GitHub/quadrivium/cognetics/Your Deceptive Mind/12. Culture and Mass Delusions_part_07.txt
/mnt/c/Users/nateg/OneDrive/Documentos/GitHub/quadrivium/cognetics/Your Deceptive Mind/12. Culture and Mass Delusions_part_08.txt
/mnt/c/Users/nateg/OneDrive/Documentos/GitHub/quadrivium/cognetics/Your Deceptive Mind/12. Culture and Mass Delusions_part_09.txt
/mnt/c/Users/nateg/OneDrive/Documentos/GitHub/quadrivium/cognetics/Your Deceptive Mind/13. Philosophy and Presuppositions of Science.txt
/mnt/c/Users/nateg/OneDrive/Documentos/GitHub/quadrivium/cognetics/Your Deceptive Mind/13. Philosophy and Presuppositions of Science_part_00.txt
/mnt/c/Users/nateg/OneDrive/Documentos/GitHub/quadrivium/cognetics/Your Deceptive Mind/13. Philosophy and Presuppositions of Science_part_01.txt
/mnt/c/Users/nateg/OneDrive/Documentos/GitHub/quadrivium/cognetics/Your Deceptive Mind/13. Philosophy and Presuppositions of Science_part_02.txt
/mnt/c/Users/nateg/OneDrive/Documentos/GitHub/quadrivium/cognetics/Your Deceptive Mind/13. Philosophy and Presuppositions of Science_part_03.txt
/mnt/c/Users/nateg/OneDrive/Documentos/GitHub/quadrivium/cognetics/Your Deceptive Mind/13. Philosophy and Presuppositions of Science_part_04.txt
/mnt/c/Users/nateg/OneDrive/Documentos/GitHub/quadrivium/cognetics/Your Deceptive Mind/13. Philosophy and Presuppositions of Science_part_05.txt
/mnt/c/Users/nateg/OneDrive/Documentos/GitHub/quadrivium/cognetics/Your Deceptive Mind/13. Philosophy and Presuppositions of Science_part_06.txt
/mnt/c/Users/nateg/OneDrive/Documentos/GitHub/quadrivium/cognetics/Your Deceptive Mind/13. Philosophy and Presuppositions of Science_part_07.txt
/mnt/c/Users/nateg/OneDrive/Documentos/GitHub/quadrivium/cognetics/Your Deceptive Mind/13. Philosophy and Presuppositions of Science_part_08.txt
/mnt/c/Users/nateg/OneDrive/Documentos/GitHub/quadrivium/cognetics/Your Deceptive Mind/13. Philosophy and Presuppositions of Science_part_09.txt
/mnt/c/Users/nateg/OneDrive/Documentos/GitHub/quadrivium/cognetics/Your Deceptive Mind/14. Science and the Supernatural.txt
/mnt/c/Users/nateg/OneDrive/Documentos/GitHub/quadrivium/cognetics/Your Deceptive Mind/14. Science and the Supernatural_part_00.txt
/mnt/c/Users/nateg/OneDrive/Documentos/GitHub/quadrivium/cognetics/Your Deceptive Mind/14. Science and the Supernatural_part_01.txt
/mnt/c/Users/nateg/OneDrive/Documentos/GitHub/quadrivium/cognetics/Your Deceptive Mind/14. Science and the Supernatural_part_02.txt
/mnt/c/Users/nateg/OneDrive/Documentos/GitHub/quadrivium/cognetics/Your Deceptive Mind/14. Science and the Supernatural_part_03.txt
/mnt/c/Users/nateg/OneDrive/Documentos/GitHub/quadrivium/cognetics/Your Deceptive Mind/14. Science and the Supernatural_part_04.txt
/mnt/c/Users/nateg/OneDrive/Documentos/GitHub/quadrivium/cognetics/Your Deceptive Mind/14. Science and the Supernatural_part_05.txt
/mnt/c/Users/nateg/OneDrive/Documentos/GitHub/quadrivium/cognetics/Your Deceptive Mind/14. Science and the Supernatural_part_06.txt
/mnt/c/Users/nateg/OneDrive/Documentos/GitHub/quadrivium/cognetics/Your Deceptive Mind/14. Science and the Supernatural_part_07.txt
/mnt/c/Users/nateg/OneDrive/Documentos/GitHub/quadrivium/cognetics/Your Deceptive Mind/14. Science and the Supernatural_part_08.txt
/mnt/c/Users/nateg/OneDrive/Documentos/GitHub/quadrivium/cognetics/Your Deceptive Mind/14. Science and the Supernatural_part_09.txt
/mnt/c/Users/nateg/OneDrive/Documentos/GitHub/quadrivium/cognetics/Your Deceptive Mind/15. Varieties and Quality of Scientific Evidence.txt
/mnt/c/Users/nateg/OneDrive/Documentos/GitHub/quadrivium/cognetics/Your Deceptive Mind/15. Varieties and Quality of Scientific Evidence_part_00.txt
/mnt/c/Users/nateg/OneDrive/Documentos/GitHub/quadrivium/cognetics/Your Deceptive Mind/15. Varieties and Quality of Scientific Evidence_part_01.txt
/mnt/c/Users/nateg/OneDrive/Documentos/GitHub/quadrivium/cognetics/Your Deceptive Mind/15. Varieties and Quality of Scientific Evidence_part_02.txt
/mnt/c/Users/nateg/OneDrive/Documentos/GitHub/quadrivium/cognetics/Your Deceptive Mind/15. Varieties and Quality of Scientific Evidence_part_03.txt
/mnt/c/Users/nateg/OneDrive/Documentos/GitHub/quadrivium/cognetics/Your Deceptive Mind/15. Varieties and Quality of Scientific Evidence_part_04.txt
/mnt/c/Users/nateg/OneDrive/Documentos/GitHub/quadrivium/cognetics/Your Deceptive Mind/15. Varieties and Quality of Scientific Evidence_part_05.txt
/mnt/c/Users/nateg/OneDrive/Documentos/GitHub/quadrivium/cognetics/Your Deceptive Mind/15. Varieties and Quality of Scientific Evidence_part_06.txt
/mnt/c/Users/nateg/OneDrive/Documentos/GitHub/quadrivium/cognetics/Your Deceptive Mind/15. Varieties and Quality of Scientific Evidence_part_07.txt
/mnt/c/Users/nateg/OneDrive/Documentos/GitHub/quadrivium/cognetics/Your Deceptive Mind/15. Varieties and Quality of Scientific Evidence_part_08.txt
/mnt/c/Users/nateg/OneDrive/Documentos/GitHub/quadrivium/cognetics/Your Deceptive Mind/15. Varieties and Quality of Scientific Evidence_part_09.txt
/mnt/c/Users/nateg/OneDrive/Documentos/GitHub/quadrivium/cognetics/Your Deceptive Mind/16. Great Scientific Blunders.txt
/mnt/c/Users/nateg/OneDrive/Documentos/GitHub/quadrivium/cognetics/Your Deceptive Mind/16. Great Scientific Blunders_part_00.txt
/mnt/c/Users/nateg/OneDrive/Documentos/GitHub/quadrivium/cognetics/Your Deceptive Mind/16. Great Scientific Blunders_part_01.txt
/mnt/c/Users/nateg/OneDrive/Documentos/GitHub/quadrivium/cognetics/Your Deceptive Mind/16. Great Scientific Blunders_part_02.txt
/mnt/c/Users/nateg/OneDrive/Documentos/GitHub/quadrivium/cognetics/Your Deceptive Mind/16. Great Scientific Blunders_part_03.txt
/mnt/c/Users/nateg/OneDrive/Documentos/GitHub/quadrivium/cognetics/Your Deceptive Mind/16. Great Scientific Blunders_part_04.txt
/mnt/c/Users/nateg/OneDrive/Documentos/GitHub/quadrivium/cognetics/Your Deceptive Mind/16. Great Scientific Blunders_part_05.txt
/mnt/c/Users/nateg/OneDrive/Documentos/GitHub/quadrivium/cognetics/Your Deceptive Mind/16. Great Scientific Blunders_part_06.txt
/mnt/c/Users/nateg/OneDrive/Documentos/GitHub/quadrivium/cognetics/Your Deceptive Mind/16. Great Scientific Blunders_part_07.txt
/mnt/c/Users/nateg/OneDrive/Documentos/GitHub/quadrivium/cognetics/Your Deceptive Mind/16. Great Scientific Blunders_part_08.txt
/mnt/c/Users/nateg/OneDrive/Documentos/GitHub/quadrivium/cognetics/Your Deceptive Mind/16. Great Scientific Blunders_part_09.txt
/mnt/c/Users/nateg/OneDrive/Documentos/GitHub/quadrivium/cognetics/Your Deceptive Mind/17. Science versus Pseudoscience.txt
/mnt/c/Users/nateg/OneDrive/Documentos/GitHub/quadrivium/cognetics/Your Deceptive Mind/17. Science versus Pseudoscience_part_00.txt
/mnt/c/Users/nateg/OneDrive/Documentos/GitHub/quadrivium/cognetics/Your Deceptive Mind/17. Science versus Pseudoscience_part_01.txt
/mnt/c/Users/nateg/OneDrive/Documentos/GitHub/quadrivium/cognetics/Your Deceptive Mind/17. Science versus Pseudoscience_part_02.txt
/mnt/c/Users/nateg/OneDrive/Documentos/GitHub/quadrivium/cognetics/Your Deceptive Mind/17. Science versus Pseudoscience_part_03.txt
/mnt/c/Users/nateg/OneDrive/Documentos/GitHub/quadrivium/cognetics/Your Deceptive Mind/17. Science versus Pseudoscience_part_04.txt
/mnt/c/Users/nateg/OneDrive/Documentos/GitHub/quadrivium/cognetics/Your Deceptive Mind/17. Science versus Pseudoscience_part_05.txt
/mnt/c/Users/nateg/OneDrive/Documentos/GitHub/quadrivium/cognetics/Your Deceptive Mind/17. Science versus Pseudoscience_part_06.txt
/mnt/c/Users/nateg/OneDrive/Documentos/GitHub/quadrivium/cognetics/Your Deceptive Mind/17. Science versus Pseudoscience_part_07.txt
/mnt/c/Users/nateg/OneDrive/Documentos/GitHub/quadrivium/cognetics/Your Deceptive Mind/17. Science versus Pseudoscience_part_08.txt
/mnt/c/Users/nateg/OneDrive/Documentos/GitHub/quadrivium/cognetics/Your Deceptive Mind/17. Science versus Pseudoscience_part_09.txt
/mnt/c/Users/nateg/OneDrive/Documentos/GitHub/quadrivium/cognetics/Your Deceptive Mind/18. The Many Kinds of Pseudoscience.txt
/mnt/c/Users/nateg/OneDrive/Documentos/GitHub/quadrivium/cognetics/Your Deceptive Mind/18. The Many Kinds of Pseudoscience_part_00.txt
/mnt/c/Users/nateg/OneDrive/Documentos/GitHub/quadrivium/cognetics/Your Deceptive Mind/18. The Many Kinds of Pseudoscience_part_01.txt
/mnt/c/Users/nateg/OneDrive/Documentos/GitHub/quadrivium/cognetics/Your Deceptive Mind/18. The Many Kinds of Pseudoscience_part_02.txt
/mnt/c/Users/nateg/OneDrive/Documentos/GitHub/quadrivium/cognetics/Your Deceptive Mind/18. The Many Kinds of Pseudoscience_part_03.txt
/mnt/c/Users/nateg/OneDrive/Documentos/GitHub/quadrivium/cognetics/Your Deceptive Mind/18. The Many Kinds of Pseudoscience_part_04.txt
/mnt/c/Users/nateg/OneDrive/Documentos/GitHub/quadrivium/cognetics/Your Deceptive Mind/18. The Many Kinds of Pseudoscience_part_05.txt
/mnt/c/Users/nateg/OneDrive/Documentos/GitHub/quadrivium/cognetics/Your Deceptive Mind/18. The Many Kinds of Pseudoscience_part_06.txt
/mnt/c/Users/nateg/OneDrive/Documentos/GitHub/quadrivium/cognetics/Your Deceptive Mind/18. The Many Kinds of Pseudoscience_part_07.txt
/mnt/c/Users/nateg/OneDrive/Documentos/GitHub/quadrivium/cognetics/Your Deceptive Mind/18. The Many Kinds of Pseudoscience_part_08.txt
/mnt/c/Users/nateg/OneDrive/Documentos/GitHub/quadrivium/cognetics/Your Deceptive Mind/18. The Many Kinds of Pseudoscience_part_09.txt
/mnt/c/Users/nateg/OneDrive/Documentos/GitHub/quadrivium/cognetics/Your Deceptive Mind/19. The Trap of Grand Conspiracy Thinking.txt
/mnt/c/Users/nateg/OneDrive/Documentos/GitHub/quadrivium/cognetics/Your Deceptive Mind/19. The Trap of Grand Conspiracy Thinking_part_00.txt
/mnt/c/Users/nateg/OneDrive/Documentos/GitHub/quadrivium/cognetics/Your Deceptive Mind/19. The Trap of Grand Conspiracy Thinking_part_01.txt
/mnt/c/Users/nateg/OneDrive/Documentos/GitHub/quadrivium/cognetics/Your Deceptive Mind/19. The Trap of Grand Conspiracy Thinking_part_02.txt
/mnt/c/Users/nateg/OneDrive/Documentos/GitHub/quadrivium/cognetics/Your Deceptive Mind/19. The Trap of Grand Conspiracy Thinking_part_03.txt
/mnt/c/Users/nateg/OneDrive/Documentos/GitHub/quadrivium/cognetics/Your Deceptive Mind/19. The Trap of Grand Conspiracy Thinking_part_04.txt
/mnt/c/Users/nateg/OneDrive/Documentos/GitHub/quadrivium/cognetics/Your Deceptive Mind/19. The Trap of Grand Conspiracy Thinking_part_05.txt
/mnt/c/Users/nateg/OneDrive/Documentos/GitHub/quadrivium/cognetics/Your Deceptive Mind/19. The Trap of Grand Conspiracy Thinking_part_06.txt
/mnt/c/Users/nateg/OneDrive/Documentos/GitHub/quadrivium/cognetics/Your Deceptive Mind/19. The Trap of Grand Conspiracy Thinking_part_07.txt
/mnt/c/Users/nateg/OneDrive/Documentos/GitHub/quadrivium/cognetics/Your Deceptive Mind/19. The Trap of Grand Conspiracy Thinking_part_08.txt
/mnt/c/Users/nateg/OneDrive/Documentos/GitHub/quadrivium/cognetics/Your Deceptive Mind/19. The Trap of Grand Conspiracy Thinking_part_09.txt
/mnt/c/Users/nateg/OneDrive/Documentos/GitHub/quadrivium/cognetics/Your Deceptive Mind/20. Denialism Rejecting Science and History.txt
/mnt/c/Users/nateg/OneDrive/Documentos/GitHub/quadrivium/cognetics/Your Deceptive Mind/20. Denialism Rejecting Science and History_part_00.txt
/mnt/c/Users/nateg/OneDrive/Documentos/GitHub/quadrivium/cognetics/Your Deceptive Mind/20. Denialism Rejecting Science and History_part_01.txt
/mnt/c/Users/nateg/OneDrive/Documentos/GitHub/quadrivium/cognetics/Your Deceptive Mind/20. Denialism Rejecting Science and History_part_02.txt
/mnt/c/Users/nateg/OneDrive/Documentos/GitHub/quadrivium/cognetics/Your Deceptive Mind/20. Denialism Rejecting Science and History_part_03.txt
/mnt/c/Users/nateg/OneDrive/Documentos/GitHub/quadrivium/cognetics/Your Deceptive Mind/20. Denialism Rejecting Science and History_part_04.txt
/mnt/c/Users/nateg/OneDrive/Documentos/GitHub/quadrivium/cognetics/Your Deceptive Mind/20. Denialism Rejecting Science and History_part_05.txt
/mnt/c/Users/nateg/OneDrive/Documentos/GitHub/quadrivium/cognetics/Your Deceptive Mind/20. Denialism Rejecting Science and History_part_06.txt
/mnt/c/Users/nateg/OneDrive/Documentos/GitHub/quadrivium/cognetics/Your Deceptive Mind/20. Denialism Rejecting Science and History_part_07.txt
/mnt/c/Users/nateg/OneDrive/Documentos/GitHub/quadrivium/cognetics/Your Deceptive Mind/20. Denialism Rejecting Science and History_part_08.txt
/mnt/c/Users/nateg/OneDrive/Documentos/GitHub/quadrivium/cognetics/Your Deceptive Mind/20. Denialism Rejecting Science and History_part_09.txt
/mnt/c/Users/nateg/OneDrive/Documentos/GitHub/quadrivium/cognetics/Your Deceptive Mind/21. Marketing, Scams, and Urban Legends.txt
/mnt/c/Users/nateg/OneDrive/Documentos/GitHub/quadrivium/cognetics/Your Deceptive Mind/21. Marketing, Scams, and Urban Legends_part_00.txt
/mnt/c/Users/nateg/OneDrive/Documentos/GitHub/quadrivium/cognetics/Your Deceptive Mind/21. Marketing, Scams, and Urban Legends_part_01.txt
/mnt/c/Users/nateg/OneDrive/Documentos/GitHub/quadrivium/cognetics/Your Deceptive Mind/21. Marketing, Scams, and Urban Legends_part_02.txt
/mnt/c/Users/nateg/OneDrive/Documentos/GitHub/quadrivium/cognetics/Your Deceptive Mind/21. Marketing, Scams, and Urban Legends_part_03.txt
/mnt/c/Users/nateg/OneDrive/Documentos/GitHub/quadrivium/cognetics/Your Deceptive Mind/21. Marketing, Scams, and Urban Legends_part_04.txt
/mnt/c/Users/nateg/OneDrive/Documentos/GitHub/quadrivium/cognetics/Your Deceptive Mind/21. Marketing, Scams, and Urban Legends_part_05.txt
/mnt/c/Users/nateg/OneDrive/Documentos/GitHub/quadrivium/cognetics/Your Deceptive Mind/21. Marketing, Scams, and Urban Legends_part_06.txt
/mnt/c/Users/nateg/OneDrive/Documentos/GitHub/quadrivium/cognetics/Your Deceptive Mind/21. Marketing, Scams, and Urban Legends_part_07.txt
/mnt/c/Users/nateg/OneDrive/Documentos/GitHub/quadrivium/cognetics/Your Deceptive Mind/21. Marketing, Scams, and Urban Legends_part_08.txt
/mnt/c/Users/nateg/OneDrive/Documentos/GitHub/quadrivium/cognetics/Your Deceptive Mind/21. Marketing, Scams, and Urban Legends_part_09.txt
/mnt/c/Users/nateg/OneDrive/Documentos/GitHub/quadrivium/cognetics/Your Deceptive Mind/22. Science, Media, and Democracy.txt
/mnt/c/Users/nateg/OneDrive/Documentos/GitHub/quadrivium/cognetics/Your Deceptive Mind/22. Science, Media, and Democracy_part_00.txt
/mnt/c/Users/nateg/OneDrive/Documentos/GitHub/quadrivium/cognetics/Your Deceptive Mind/22. Science, Media, and Democracy_part_01.txt
/mnt/c/Users/nateg/OneDrive/Documentos/GitHub/quadrivium/cognetics/Your Deceptive Mind/22. Science, Media, and Democracy_part_02.txt
/mnt/c/Users/nateg/OneDrive/Documentos/GitHub/quadrivium/cognetics/Your Deceptive Mind/22. Science, Media, and Democracy_part_03.txt
/mnt/c/Users/nateg/OneDrive/Documentos/GitHub/quadrivium/cognetics/Your Deceptive Mind/22. Science, Media, and Democracy_part_04.txt
/mnt/c/Users/nateg/OneDrive/Documentos/GitHub/quadrivium/cognetics/Your Deceptive Mind/22. Science, Media, and Democracy_part_05.txt
/mnt/c/Users/nateg/OneDrive/Documentos/GitHub/quadrivium/cognetics/Your Deceptive Mind/22. Science, Media, and Democracy_part_06.txt
/mnt/c/Users/nateg/OneDrive/Documentos/GitHub/quadrivium/cognetics/Your Deceptive Mind/22. Science, Media, and Democracy_part_07.txt
/mnt/c/Users/nateg/OneDrive/Documentos/GitHub/quadrivium/cognetics/Your Deceptive Mind/22. Science, Media, and Democracy_part_08.txt
/mnt/c/Users/nateg/OneDrive/Documentos/GitHub/quadrivium/cognetics/Your Deceptive Mind/22. Science, Media, and Democracy_part_09.txt
/mnt/c/Users/nateg/OneDrive/Documentos/GitHub/quadrivium/cognetics/Your Deceptive Mind/23. Experts and Scientific Consensus.txt
/mnt/c/Users/nateg/OneDrive/Documentos/GitHub/quadrivium/cognetics/Your Deceptive Mind/23. Experts and Scientific Consensus_part_00.txt
/mnt/c/Users/nateg/OneDrive/Documentos/GitHub/quadrivium/cognetics/Your Deceptive Mind/23. Experts and Scientific Consensus_part_01.txt
/mnt/c/Users/nateg/OneDrive/Documentos/GitHub/quadrivium/cognetics/Your Deceptive Mind/23. Experts and Scientific Consensus_part_02.txt
/mnt/c/Users/nateg/OneDrive/Documentos/GitHub/quadrivium/cognetics/Your Deceptive Mind/23. Experts and Scientific Consensus_part_03.txt
/mnt/c/Users/nateg/OneDrive/Documentos/GitHub/quadrivium/cognetics/Your Deceptive Mind/23. Experts and Scientific Consensus_part_04.txt
/mnt/c/Users/nateg/OneDrive/Documentos/GitHub/quadrivium/cognetics/Your Deceptive Mind/23. Experts and Scientific Consensus_part_05.txt
/mnt/c/Users/nateg/OneDrive/Documentos/GitHub/quadrivium/cognetics/Your Deceptive Mind/23. Experts and Scientific Consensus_part_06.txt
/mnt/c/Users/nateg/OneDrive/Documentos/GitHub/quadrivium/cognetics/Your Deceptive Mind/23. Experts and Scientific Consensus_part_07.txt
/mnt/c/Users/nateg/OneDrive/Documentos/GitHub/quadrivium/cognetics/Your Deceptive Mind/23. Experts and Scientific Consensus_part_08.txt
/mnt/c/Users/nateg/OneDrive/Documentos/GitHub/quadrivium/cognetics/Your Deceptive Mind/23. Experts and Scientific Consensus_part_09.txt
/mnt/c/Users/nateg/OneDrive/Documentos/GitHub/quadrivium/cognetics/Your Deceptive Mind/24. Critical Thinking and Science in Your Life.txt
/mnt/c/Users/nateg/OneDrive/Documentos/GitHub/quadrivium/cognetics/Your Deceptive Mind/24. Critical Thinking and Science in Your Life_part_00.txt
/mnt/c/Users/nateg/OneDrive/Documentos/GitHub/quadrivium/cognetics/Your Deceptive Mind/24. Critical Thinking and Science in Your Life_part_01.txt
/mnt/c/Users/nateg/OneDrive/Documentos/GitHub/quadrivium/cognetics/Your Deceptive Mind/24. Critical Thinking and Science in Your Life_part_02.txt
/mnt/c/Users/nateg/OneDrive/Documentos/GitHub/quadrivium/cognetics/Your Deceptive Mind/24. Critical Thinking and Science in Your Life_part_03.txt
/mnt/c/Users/nateg/OneDrive/Documentos/GitHub/quadrivium/cognetics/Your Deceptive Mind/24. Critical Thinking and Science in Your Life_part_04.txt
/mnt/c/Users/nateg/OneDrive/Documentos/GitHub/quadrivium/cognetics/Your Deceptive Mind/24. Critical Thinking and Science in Your Life_part_05.txt
/mnt/c/Users/nateg/OneDrive/Documentos/GitHub/quadrivium/cognetics/Your Deceptive Mind/24. Critical Thinking and Science in Your Life_part_06.txt
/mnt/c/Users/nateg/OneDrive/Documentos/GitHub/quadrivium/cognetics/Your Deceptive Mind/24. Critical Thinking and Science in Your Life_part_07.txt
/mnt/c/Users/nateg/OneDrive/Documentos/GitHub/quadrivium/cognetics/Your Deceptive Mind/24. Critical Thinking and Science in Your Life_part_08.txt
/mnt/c/Users/nateg/OneDrive/Documentos/GitHub/quadrivium/cognetics/Your Deceptive Mind/24. Critical Thinking and Science in Your Life_part_09.txt
