/mnt/c/Users/nateg/OneDrive/Documentos/GitHub/quadrivium/cognetics/Biological Anthropology - An Evolutionary Perspective/01. What Is Biological Anthropology.txt
/mnt/c/Users/nateg/OneDrive/Documentos/GitHub/quadrivium/cognetics/Biological Anthropology - An Evolutionary Perspective/02. How Evolution Works.txt
/mnt/c/Users/nateg/OneDrive/Documentos/GitHub/quadrivium/cognetics/Biological Anthropology - An Evolutionary Perspective/03. The Debate Over Evolution.txt
/mnt/c/Users/nateg/OneDrive/Documentos/GitHub/quadrivium/cognetics/Biological Anthropology - An Evolutionary Perspective/04. Matter Arising - New Species.txt
/mnt/c/Users/nateg/OneDrive/Documentos/GitHub/quadrivium/cognetics/Biological Anthropology - An Evolutionary Perspective/05. Prosimians, Monkeys, & Apes.txt
/mnt/c/Users/nateg/OneDrive/Documentos/GitHub/quadrivium/cognetics/Biological Anthropology - An Evolutionary Perspective/06. Monkey & Ape Social Behavior.txt
/mnt/c/Users/nateg/OneDrive/Documentos/GitHub/quadrivium/cognetics/Biological Anthropology - An Evolutionary Perspective/07. The Mind of the Great Ape.txt
/mnt/c/Users/nateg/OneDrive/Documentos/GitHub/quadrivium/cognetics/Biological Anthropology - An Evolutionary Perspective/08. Models for Human Ancestors.txt
/mnt/c/Users/nateg/OneDrive/Documentos/GitHub/quadrivium/cognetics/Biological Anthropology - An Evolutionary Perspective/09. Introducing the Hominids.txt
/mnt/c/Users/nateg/OneDrive/Documentos/GitHub/quadrivium/cognetics/Biological Anthropology - An Evolutionary Perspective/10. Lucy & Company.txt
/mnt/c/Users/nateg/OneDrive/Documentos/GitHub/quadrivium/cognetics/Biological Anthropology - An Evolutionary Perspective/11. Stones & Bones.txt
/mnt/c/Users/nateg/OneDrive/Documentos/GitHub/quadrivium/cognetics/Biological Anthropology - An Evolutionary Perspective/12. Out of Africa.txt
/mnt/c/Users/nateg/OneDrive/Documentos/GitHub/quadrivium/cognetics/Biological Anthropology - An Evolutionary Perspective/13. Who Were the Neandertals.txt
/mnt/c/Users/nateg/OneDrive/Documentos/GitHub/quadrivium/cognetics/Biological Anthropology - An Evolutionary Perspective/14. Did Hunting Make Us Human.txt
/mnt/c/Users/nateg/OneDrive/Documentos/GitHub/quadrivium/cognetics/Biological Anthropology - An Evolutionary Perspective/15. The Prehistory of Gender.txt
/mnt/c/Users/nateg/OneDrive/Documentos/GitHub/quadrivium/cognetics/Biological Anthropology - An Evolutionary Perspective/16. Modern Human Anatomy & Behavior.txt
/mnt/c/Users/nateg/OneDrive/Documentos/GitHub/quadrivium/cognetics/Biological Anthropology - An Evolutionary Perspective/17. On the Origins of Homo sapiens.txt
/mnt/c/Users/nateg/OneDrive/Documentos/GitHub/quadrivium/cognetics/Biological Anthropology - An Evolutionary Perspective/18. Language.txt
/mnt/c/Users/nateg/OneDrive/Documentos/GitHub/quadrivium/cognetics/Biological Anthropology - An Evolutionary Perspective/19. Do Human Races Exist.txt
/mnt/c/Users/nateg/OneDrive/Documentos/GitHub/quadrivium/cognetics/Biological Anthropology - An Evolutionary Perspective/20. Modern Human Variation.txt
/mnt/c/Users/nateg/OneDrive/Documentos/GitHub/quadrivium/cognetics/Biological Anthropology - An Evolutionary Perspective/21. Body Fat, Diet & Obesity.txt
/mnt/c/Users/nateg/OneDrive/Documentos/GitHub/quadrivium/cognetics/Biological Anthropology - An Evolutionary Perspective/22. The Body & Mind Evolving.txt
/mnt/c/Users/nateg/OneDrive/Documentos/GitHub/quadrivium/cognetics/Biological Anthropology - An Evolutionary Perspective/23. Tyranny of the Gene.txt
/mnt/c/Users/nateg/OneDrive/Documentos/GitHub/quadrivium/cognetics/Biological Anthropology - An Evolutionary Perspective/24. Evolution & the Future.txt
