/mnt/c/Users/nateg/OneDrive/Documentos/GitHub/quadrivium/cognetics/Physiology And Fitness/06_You Can Reduce Stress.txt
/mnt/c/Users/nateg/OneDrive/Documentos/GitHub/quadrivium/cognetics/Physiology And Fitness/07_Fitness and Pregnancy.txt
/mnt/c/Users/nateg/OneDrive/Documentos/GitHub/quadrivium/cognetics/Physiology And Fitness/08_Refuel, Recover, and Reenergize.txt
/mnt/c/Users/nateg/OneDrive/Documentos/GitHub/quadrivium/cognetics/Physiology And Fitness/09_Thinking—The Brain-Body Connection.txt
/mnt/c/Users/nateg/OneDrive/Documentos/GitHub/quadrivium/cognetics/Physiology And Fitness/10_Healthy Joints for Life.txt
/mnt/c/Users/nateg/OneDrive/Documentos/GitHub/quadrivium/cognetics/Physiology And Fitness/11_Protecting Yourself from Injury.txt
/mnt/c/Users/nateg/OneDrive/Documentos/GitHub/quadrivium/cognetics/Physiology And Fitness/12_The Amazing Benefits of Balance.txt
/mnt/c/Users/nateg/OneDrive/Documentos/GitHub/quadrivium/cognetics/Physiology And Fitness/13_Fueling Fitness.txt
/mnt/c/Users/nateg/OneDrive/Documentos/GitHub/quadrivium/cognetics/Physiology And Fitness/14_Why Everyone Should Exercise in Water.txt
/mnt/c/Users/nateg/OneDrive/Documentos/GitHub/quadrivium/cognetics/Physiology And Fitness/15_The Secret Life of Muscles.txt
/mnt/c/Users/nateg/OneDrive/Documentos/GitHub/quadrivium/cognetics/Physiology And Fitness/16_Strong to the Bone.txt
/mnt/c/Users/nateg/OneDrive/Documentos/GitHub/quadrivium/cognetics/Physiology And Fitness/17_Getting Your Back on Track.txt
/mnt/c/Users/nateg/OneDrive/Documentos/GitHub/quadrivium/cognetics/Physiology And Fitness/18_21st-Century Yoga.txt
/mnt/c/Users/nateg/OneDrive/Documentos/GitHub/quadrivium/cognetics/Physiology And Fitness/19_Walk Your Way to Fitness.txt
/mnt/c/Users/nateg/OneDrive/Documentos/GitHub/quadrivium/cognetics/Physiology And Fitness/20_The Amazing Benefits of Stretching.txt
/mnt/c/Users/nateg/OneDrive/Documentos/GitHub/quadrivium/cognetics/Physiology And Fitness/21_Stay Active—Defy the Aging Process.txt
/mnt/c/Users/nateg/OneDrive/Documentos/GitHub/quadrivium/cognetics/Physiology And Fitness/22_Sitting Disease.txt
/mnt/c/Users/nateg/OneDrive/Documentos/GitHub/quadrivium/cognetics/Physiology And Fitness/23_Exercise for Weight Loss.txt
/mnt/c/Users/nateg/OneDrive/Documentos/GitHub/quadrivium/cognetics/Physiology And Fitness/24_Mobilizers and Stabilizers—Managing Your Abs.txt
/mnt/c/Users/nateg/OneDrive/Documentos/GitHub/quadrivium/cognetics/Physiology And Fitness/25_Body Weight Workout.txt
/mnt/c/Users/nateg/OneDrive/Documentos/GitHub/quadrivium/cognetics/Physiology And Fitness/26_Medicine Ball Workout.txt
/mnt/c/Users/nateg/OneDrive/Documentos/GitHub/quadrivium/cognetics/Physiology And Fitness/27_Step and Interval Workout.txt
/mnt/c/Users/nateg/OneDrive/Documentos/GitHub/quadrivium/cognetics/Physiology And Fitness/28_Dumbbell Workout.txt
/mnt/c/Users/nateg/OneDrive/Documentos/GitHub/quadrivium/cognetics/Physiology And Fitness/29_Combat Workout.txt
/mnt/c/Users/nateg/OneDrive/Documentos/GitHub/quadrivium/cognetics/Physiology And Fitness/30_Fitness Ball Workout.txt
/mnt/c/Users/nateg/OneDrive/Documentos/GitHub/quadrivium/cognetics/Physiology And Fitness/31_Balance Board Workout.txt
/mnt/c/Users/nateg/OneDrive/Documentos/GitHub/quadrivium/cognetics/Physiology And Fitness/32_Kettlebell Workout.txt
/mnt/c/Users/nateg/OneDrive/Documentos/GitHub/quadrivium/cognetics/Physiology And Fitness/33_Plyometrics Workout.txt
/mnt/c/Users/nateg/OneDrive/Documentos/GitHub/quadrivium/cognetics/Physiology And Fitness/34_Resistance Band Workout.txt
/mnt/c/Users/nateg/OneDrive/Documentos/GitHub/quadrivium/cognetics/Physiology And Fitness/35_Training Bar Workout.txt
/mnt/c/Users/nateg/OneDrive/Documentos/GitHub/quadrivium/cognetics/Physiology And Fitness/36_Stretching Routine.txt
