/mnt/c/Users/nateg/OneDrive/Documentos/GitHub/quadrivium/cognetics/Physics in Your Life/L01 - Realms of Physics.txt
/mnt/c/Users/nateg/OneDrive/Documentos/GitHub/quadrivium/cognetics/Physics in Your Life/L02 - The Amazing Disc.txt
/mnt/c/Users/nateg/OneDrive/Documentos/GitHub/quadrivium/cognetics/Physics in Your Life/L03 - The Wonderful Wave.txt
/mnt/c/Users/nateg/OneDrive/Documentos/GitHub/quadrivium/cognetics/Physics in Your Life/L04 - Seeing the Light.txt
/mnt/c/Users/nateg/OneDrive/Documentos/GitHub/quadrivium/cognetics/Physics in Your Life/L05 - Is Seeing Believing.txt
/mnt/c/Users/nateg/OneDrive/Documentos/GitHub/quadrivium/cognetics/Physics in Your Life/L06 - Music to Your Ears.txt
/mnt/c/Users/nateg/OneDrive/Documentos/GitHub/quadrivium/cognetics/Physics in Your Life/L07 - May the Forces be with you.txt
/mnt/c/Users/nateg/OneDrive/Documentos/GitHub/quadrivium/cognetics/Physics in Your Life/L08 - Aristotle's Revenge.txt
/mnt/c/Users/nateg/OneDrive/Documentos/GitHub/quadrivium/cognetics/Physics in Your Life/L09 - Going in Circles.txt
/mnt/c/Users/nateg/OneDrive/Documentos/GitHub/quadrivium/cognetics/Physics in Your Life/L10 - Taking Flight.txt
/mnt/c/Users/nateg/OneDrive/Documentos/GitHub/quadrivium/cognetics/Physics in Your Life/L11 - Into Space.txt
/mnt/c/Users/nateg/OneDrive/Documentos/GitHub/quadrivium/cognetics/Physics in Your Life/L12 - A Conservative Streak.txt
/mnt/c/Users/nateg/OneDrive/Documentos/GitHub/quadrivium/cognetics/Physics in Your Life/L13 - The Electrical Heart of Matter.txt
/mnt/c/Users/nateg/OneDrive/Documentos/GitHub/quadrivium/cognetics/Physics in Your Life/L14 - Harnessing the Electrical Genie.txt
/mnt/c/Users/nateg/OneDrive/Documentos/GitHub/quadrivium/cognetics/Physics in Your Life/L15 - A Magnetic Personality.txt
/mnt/c/Users/nateg/OneDrive/Documentos/GitHub/quadrivium/cognetics/Physics in Your Life/L16 - Making Electricity.txt
/mnt/c/Users/nateg/OneDrive/Documentos/GitHub/quadrivium/cognetics/Physics in Your Life/L17 - Credit Card to Power Plant.txt
/mnt/c/Users/nateg/OneDrive/Documentos/GitHub/quadrivium/cognetics/Physics in Your Life/L18 - Making Waves.txt
/mnt/c/Users/nateg/OneDrive/Documentos/GitHub/quadrivium/cognetics/Physics in Your Life/L19 - The Miracle Element.txt
/mnt/c/Users/nateg/OneDrive/Documentos/GitHub/quadrivium/cognetics/Physics in Your Life/L20 - The 20th Century's Greatest Invention.txt
/mnt/c/Users/nateg/OneDrive/Documentos/GitHub/quadrivium/cognetics/Physics in Your Life/L21 - Building the Electronics Revolution.txt
/mnt/c/Users/nateg/OneDrive/Documentos/GitHub/quadrivium/cognetics/Physics in Your Life/L22 - Circuts - So Logical.txt
/mnt/c/Users/nateg/OneDrive/Documentos/GitHub/quadrivium/cognetics/Physics in Your Life/L23 - How's Your Memory.txt
/mnt/c/Users/nateg/OneDrive/Documentos/GitHub/quadrivium/cognetics/Physics in Your Life/L24 - Atom to Computer.txt
/mnt/c/Users/nateg/OneDrive/Documentos/GitHub/quadrivium/cognetics/Physics in Your Life/L25 - Keeping Warm.txt
/mnt/c/Users/nateg/OneDrive/Documentos/GitHub/quadrivium/cognetics/Physics in Your Life/L26 - Life in the Greenhouse.txt
/mnt/c/Users/nateg/OneDrive/Documentos/GitHub/quadrivium/cognetics/Physics in Your Life/L27 - The Tip of the Iceberg.txt
/mnt/c/Users/nateg/OneDrive/Documentos/GitHub/quadrivium/cognetics/Physics in Your Life/L28 - Physics in the Kitchen.txt
/mnt/c/Users/nateg/OneDrive/Documentos/GitHub/quadrivium/cognetics/Physics in Your Life/L29 - Like a Work of Shakespeare.txt
/mnt/c/Users/nateg/OneDrive/Documentos/GitHub/quadrivium/cognetics/Physics in Your Life/L30 - Energy in Your Life.txt
/mnt/c/Users/nateg/OneDrive/Documentos/GitHub/quadrivium/cognetics/Physics in Your Life/L31 - Your Place on Earth.txt
/mnt/c/Users/nateg/OneDrive/Documentos/GitHub/quadrivium/cognetics/Physics in Your Life/L32 - Dance and Spin.txt
/mnt/c/Users/nateg/OneDrive/Documentos/GitHub/quadrivium/cognetics/Physics in Your Life/L33 - The Light Fantastic.txt
/mnt/c/Users/nateg/OneDrive/Documentos/GitHub/quadrivium/cognetics/Physics in Your Life/L34 - Nuclear Matters.txt
/mnt/c/Users/nateg/OneDrive/Documentos/GitHub/quadrivium/cognetics/Physics in Your Life/L35 - Physics in Your Body.txt
/mnt/c/Users/nateg/OneDrive/Documentos/GitHub/quadrivium/cognetics/Physics in Your Life/L36 - Your Place in the Universe.txt
