/mnt/c/Users/nateg/OneDrive/Documentos/GitHub/quadrivium/cognetics/Change and Motion/L01.24 - Two Ideas, Vast Implications.txt
/mnt/c/Users/nateg/OneDrive/Documentos/GitHub/quadrivium/cognetics/Change and Motion/L02.24 - Stop Sign Crime - The First Idea of Calculus.txt
/mnt/c/Users/nateg/OneDrive/Documentos/GitHub/quadrivium/cognetics/Change and Motion/L03.24 - Another Car, Another Crime - The Second Idea of Calculus.txt
/mnt/c/Users/nateg/OneDrive/Documentos/GitHub/quadrivium/cognetics/Change and Motion/L04.24 - The Fundamental Theorem of Calculus.txt
/mnt/c/Users/nateg/OneDrive/Documentos/GitHub/quadrivium/cognetics/Change and Motion/L05.24 - Visualizing the Derivative.txt
/mnt/c/Users/nateg/OneDrive/Documentos/GitHub/quadrivium/cognetics/Change and Motion/L06.24 - Abstracting the Derivative - Circles, Squares, and Belts.txt
/mnt/c/Users/nateg/OneDrive/Documentos/GitHub/quadrivium/cognetics/Change and Motion/L07.24 - Derivatives the Easy Way.txt
/mnt/c/Users/nateg/OneDrive/Documentos/GitHub/quadrivium/cognetics/Change and Motion/L08.24 - Galileo, Newton, and Baseball.txt
/mnt/c/Users/nateg/OneDrive/Documentos/GitHub/quadrivium/cognetics/Change and Motion/L09.24 - The Best of All Possible Worlds - Optimization.txt
/mnt/c/Users/nateg/OneDrive/Documentos/GitHub/quadrivium/cognetics/Change and Motion/L10.24 - Circles, Pyramids, Cones, and Spheres.txt
/mnt/c/Users/nateg/OneDrive/Documentos/GitHub/quadrivium/cognetics/Change and Motion/L11.24 - Archimedes and Onions.txt
/mnt/c/Users/nateg/OneDrive/Documentos/GitHub/quadrivium/cognetics/Change and Motion/L12.24 - The Integral - A Process of Summing.txt
/mnt/c/Users/nateg/OneDrive/Documentos/GitHub/quadrivium/cognetics/Change and Motion/L13.24 - Abstracting the Integral - Areas, Volumes, and Dams.txt
/mnt/c/Users/nateg/OneDrive/Documentos/GitHub/quadrivium/cognetics/Change and Motion/L14.24 - The Fundamental Theorem at Work.txt
/mnt/c/Users/nateg/OneDrive/Documentos/GitHub/quadrivium/cognetics/Change and Motion/L15.24 - Buffon's Needle - PI from Breadsticks.txt
/mnt/c/Users/nateg/OneDrive/Documentos/GitHub/quadrivium/cognetics/Change and Motion/L16.24 - Zeno's Arrow - The Concept of Limit.txt
/mnt/c/Users/nateg/OneDrive/Documentos/GitHub/quadrivium/cognetics/Change and Motion/L17.24 - Real Numbers and Predictability of the Continuous.txt
/mnt/c/Users/nateg/OneDrive/Documentos/GitHub/quadrivium/cognetics/Change and Motion/L18.24 - Zeno, Calculators, and Infinite Series.txt
/mnt/c/Users/nateg/OneDrive/Documentos/GitHub/quadrivium/cognetics/Change and Motion/L19.24 - Mountain Slopes and Tangent Planes.txt
/mnt/c/Users/nateg/OneDrive/Documentos/GitHub/quadrivium/cognetics/Change and Motion/L20.24 - Getting off the Line - Motion in Space.txt
/mnt/c/Users/nateg/OneDrive/Documentos/GitHub/quadrivium/cognetics/Change and Motion/L21.24 - Physics, Music, & the Planets.txt
/mnt/c/Users/nateg/OneDrive/Documentos/GitHub/quadrivium/cognetics/Change and Motion/L22.24 - Business and Economics - Getting Rich and Going Broke.txt
/mnt/c/Users/nateg/OneDrive/Documentos/GitHub/quadrivium/cognetics/Change and Motion/L23.24 - Palpitations, Population, Perch, and Pachyderms.txt
/mnt/c/Users/nateg/OneDrive/Documentos/GitHub/quadrivium/cognetics/Change and Motion/L24.24 - Calculus Everywhere.txt
