/mnt/c/Users/nateg/OneDrive/Documentos/GitHub/quadrivium/metacrisis/William H. Calvin/1. The Climate Fix Needs to be Quick： Lessons from Extreme Weather Surges of the Early 21st Century.txt
/mnt/c/Users/nateg/OneDrive/Documentos/GitHub/quadrivium/metacrisis/William H. Calvin/2. Jet Stream Augments Extreme Weather Surges： The Need for the Mindset in Emergency Medicine..txt
/mnt/c/Users/nateg/OneDrive/Documentos/GitHub/quadrivium/metacrisis/William H. Calvin/3.  MIT Bathtub Simulator for Emissions and CO2 Removal. Why emissions reduction is insufficient..txt
/mnt/c/Users/nateg/OneDrive/Documentos/GitHub/quadrivium/metacrisis/William H. Calvin/4. Kickstarting Climate's Manhattan Project.txt
/mnt/c/Users/nateg/OneDrive/Documentos/GitHub/quadrivium/metacrisis/William H. Calvin/CLIMATE DENIAL ： Humanity's Fatal Flaw？.txt
/mnt/c/Users/nateg/OneDrive/Documentos/GitHub/quadrivium/metacrisis/William H. Calvin/Carbon sequestration must be big and quick.txt
/mnt/c/Users/nateg/OneDrive/Documentos/GitHub/quadrivium/metacrisis/William H. Calvin/Charging an EV every night in an apartment-building parking space.txt
/mnt/c/Users/nateg/OneDrive/Documentos/GitHub/quadrivium/metacrisis/William H. Calvin/Extreme Weather has caused a Climate Emergency (brief).txt
/mnt/c/Users/nateg/OneDrive/Documentos/GitHub/quadrivium/metacrisis/William H. Calvin/Great Apes： The Baseline for Human Evolution (1st of 5).txt
/mnt/c/Users/nateg/OneDrive/Documentos/GitHub/quadrivium/metacrisis/William H. Calvin/How to Treat Global Fever： An Intelligence Test for Our Times.txt
/mnt/c/Users/nateg/OneDrive/Documentos/GitHub/quadrivium/metacrisis/William H. Calvin/NASA Green Lecture： Global Fever.txt
/mnt/c/Users/nateg/OneDrive/Documentos/GitHub/quadrivium/metacrisis/William H. Calvin/Nuclear power plant control room during simulated emergency shutdown.txt
/mnt/c/Users/nateg/OneDrive/Documentos/GitHub/quadrivium/metacrisis/William H. Calvin/Our Kind of Language： Mindreading writ large (4th of 5).txt
/mnt/c/Users/nateg/OneDrive/Documentos/GitHub/quadrivium/metacrisis/William H. Calvin/Our Kind of Looking Ahead： Higher Intellectual Functions (5th of 5).txt
/mnt/c/Users/nateg/OneDrive/Documentos/GitHub/quadrivium/metacrisis/William H. Calvin/Putting the CO2 Genie Back in the Bottle.txt
/mnt/c/Users/nateg/OneDrive/Documentos/GitHub/quadrivium/metacrisis/William H. Calvin/Rethinking Climate  Opening a Second Front in the Climate War (CALVIN).txt
/mnt/c/Users/nateg/OneDrive/Documentos/GitHub/quadrivium/metacrisis/William H. Calvin/The 2nd Opinion： What to Do About Climate.txt
/mnt/c/Users/nateg/OneDrive/Documentos/GitHub/quadrivium/metacrisis/William H. Calvin/The Early Career of Charles F. Stevens (1934-2022).txt
/mnt/c/Users/nateg/OneDrive/Documentos/GitHub/quadrivium/metacrisis/William H. Calvin/The Evolution of Human Minds.txt
/mnt/c/Users/nateg/OneDrive/Documentos/GitHub/quadrivium/metacrisis/William H. Calvin/The Fast Track to a Big Brain (3rd of 5).txt
/mnt/c/Users/nateg/OneDrive/Documentos/GitHub/quadrivium/metacrisis/William H. Calvin/The Great Use-It-or-Lose-It Intelligence Test.txt
/mnt/c/Users/nateg/OneDrive/Documentos/GitHub/quadrivium/metacrisis/William H. Calvin/The Lifestyle That Led to Humans (2nd of 5).txt
