/mnt/c/Users/nateg/OneDrive/Documentos/GitHub/quadrivium/cognetics/Unseen Diversity/01. Introduction to the Bacterial World.txt
/mnt/c/Users/nateg/OneDrive/Documentos/GitHub/quadrivium/cognetics/Unseen Diversity/01. Introduction to the Bacterial World_part_00.txt
/mnt/c/Users/nateg/OneDrive/Documentos/GitHub/quadrivium/cognetics/Unseen Diversity/01. Introduction to the Bacterial World_part_01.txt
/mnt/c/Users/nateg/OneDrive/Documentos/GitHub/quadrivium/cognetics/Unseen Diversity/01. Introduction to the Bacterial World_part_02.txt
/mnt/c/Users/nateg/OneDrive/Documentos/GitHub/quadrivium/cognetics/Unseen Diversity/01. Introduction to the Bacterial World_part_03.txt
/mnt/c/Users/nateg/OneDrive/Documentos/GitHub/quadrivium/cognetics/Unseen Diversity/01. Introduction to the Bacterial World_part_04.txt
/mnt/c/Users/nateg/OneDrive/Documentos/GitHub/quadrivium/cognetics/Unseen Diversity/01. Introduction to the Bacterial World_part_05.txt
/mnt/c/Users/nateg/OneDrive/Documentos/GitHub/quadrivium/cognetics/Unseen Diversity/01. Introduction to the Bacterial World_part_06.txt
/mnt/c/Users/nateg/OneDrive/Documentos/GitHub/quadrivium/cognetics/Unseen Diversity/01. Introduction to the Bacterial World_part_07.txt
/mnt/c/Users/nateg/OneDrive/Documentos/GitHub/quadrivium/cognetics/Unseen Diversity/01. Introduction to the Bacterial World_part_08.txt
/mnt/c/Users/nateg/OneDrive/Documentos/GitHub/quadrivium/cognetics/Unseen Diversity/01. Introduction to the Bacterial World_part_09.txt
/mnt/c/Users/nateg/OneDrive/Documentos/GitHub/quadrivium/cognetics/Unseen Diversity/02. Hidden in Plain Sight.txt
/mnt/c/Users/nateg/OneDrive/Documentos/GitHub/quadrivium/cognetics/Unseen Diversity/02. Hidden in Plain Sight_part_00.txt
/mnt/c/Users/nateg/OneDrive/Documentos/GitHub/quadrivium/cognetics/Unseen Diversity/02. Hidden in Plain Sight_part_01.txt
/mnt/c/Users/nateg/OneDrive/Documentos/GitHub/quadrivium/cognetics/Unseen Diversity/02. Hidden in Plain Sight_part_02.txt
/mnt/c/Users/nateg/OneDrive/Documentos/GitHub/quadrivium/cognetics/Unseen Diversity/02. Hidden in Plain Sight_part_03.txt
/mnt/c/Users/nateg/OneDrive/Documentos/GitHub/quadrivium/cognetics/Unseen Diversity/02. Hidden in Plain Sight_part_04.txt
/mnt/c/Users/nateg/OneDrive/Documentos/GitHub/quadrivium/cognetics/Unseen Diversity/02. Hidden in Plain Sight_part_05.txt
/mnt/c/Users/nateg/OneDrive/Documentos/GitHub/quadrivium/cognetics/Unseen Diversity/02. Hidden in Plain Sight_part_06.txt
/mnt/c/Users/nateg/OneDrive/Documentos/GitHub/quadrivium/cognetics/Unseen Diversity/02. Hidden in Plain Sight_part_07.txt
/mnt/c/Users/nateg/OneDrive/Documentos/GitHub/quadrivium/cognetics/Unseen Diversity/02. Hidden in Plain Sight_part_08.txt
/mnt/c/Users/nateg/OneDrive/Documentos/GitHub/quadrivium/cognetics/Unseen Diversity/02. Hidden in Plain Sight_part_09.txt
/mnt/c/Users/nateg/OneDrive/Documentos/GitHub/quadrivium/cognetics/Unseen Diversity/03. Seventeenth-Century Microscopy and the Discovery of Bacteria.txt
/mnt/c/Users/nateg/OneDrive/Documentos/GitHub/quadrivium/cognetics/Unseen Diversity/03. Seventeenth-Century Microscopy and the Discovery of Bacteria_part_00.txt
/mnt/c/Users/nateg/OneDrive/Documentos/GitHub/quadrivium/cognetics/Unseen Diversity/03. Seventeenth-Century Microscopy and the Discovery of Bacteria_part_01.txt
/mnt/c/Users/nateg/OneDrive/Documentos/GitHub/quadrivium/cognetics/Unseen Diversity/03. Seventeenth-Century Microscopy and the Discovery of Bacteria_part_02.txt
/mnt/c/Users/nateg/OneDrive/Documentos/GitHub/quadrivium/cognetics/Unseen Diversity/03. Seventeenth-Century Microscopy and the Discovery of Bacteria_part_03.txt
/mnt/c/Users/nateg/OneDrive/Documentos/GitHub/quadrivium/cognetics/Unseen Diversity/03. Seventeenth-Century Microscopy and the Discovery of Bacteria_part_04.txt
/mnt/c/Users/nateg/OneDrive/Documentos/GitHub/quadrivium/cognetics/Unseen Diversity/03. Seventeenth-Century Microscopy and the Discovery of Bacteria_part_05.txt
/mnt/c/Users/nateg/OneDrive/Documentos/GitHub/quadrivium/cognetics/Unseen Diversity/03. Seventeenth-Century Microscopy and the Discovery of Bacteria_part_06.txt
/mnt/c/Users/nateg/OneDrive/Documentos/GitHub/quadrivium/cognetics/Unseen Diversity/03. Seventeenth-Century Microscopy and the Discovery of Bacteria_part_07.txt
/mnt/c/Users/nateg/OneDrive/Documentos/GitHub/quadrivium/cognetics/Unseen Diversity/03. Seventeenth-Century Microscopy and the Discovery of Bacteria_part_08.txt
/mnt/c/Users/nateg/OneDrive/Documentos/GitHub/quadrivium/cognetics/Unseen Diversity/03. Seventeenth-Century Microscopy and the Discovery of Bacteria_part_09.txt
/mnt/c/Users/nateg/OneDrive/Documentos/GitHub/quadrivium/cognetics/Unseen Diversity/04. A Brief History of Bacteriology.txt
/mnt/c/Users/nateg/OneDrive/Documentos/GitHub/quadrivium/cognetics/Unseen Diversity/04. A Brief History of Bacteriology_part_00.txt
/mnt/c/Users/nateg/OneDrive/Documentos/GitHub/quadrivium/cognetics/Unseen Diversity/04. A Brief History of Bacteriology_part_01.txt
/mnt/c/Users/nateg/OneDrive/Documentos/GitHub/quadrivium/cognetics/Unseen Diversity/04. A Brief History of Bacteriology_part_02.txt
/mnt/c/Users/nateg/OneDrive/Documentos/GitHub/quadrivium/cognetics/Unseen Diversity/04. A Brief History of Bacteriology_part_03.txt
/mnt/c/Users/nateg/OneDrive/Documentos/GitHub/quadrivium/cognetics/Unseen Diversity/04. A Brief History of Bacteriology_part_04.txt
/mnt/c/Users/nateg/OneDrive/Documentos/GitHub/quadrivium/cognetics/Unseen Diversity/04. A Brief History of Bacteriology_part_05.txt
/mnt/c/Users/nateg/OneDrive/Documentos/GitHub/quadrivium/cognetics/Unseen Diversity/04. A Brief History of Bacteriology_part_06.txt
/mnt/c/Users/nateg/OneDrive/Documentos/GitHub/quadrivium/cognetics/Unseen Diversity/04. A Brief History of Bacteriology_part_07.txt
/mnt/c/Users/nateg/OneDrive/Documentos/GitHub/quadrivium/cognetics/Unseen Diversity/04. A Brief History of Bacteriology_part_08.txt
/mnt/c/Users/nateg/OneDrive/Documentos/GitHub/quadrivium/cognetics/Unseen Diversity/04. A Brief History of Bacteriology_part_09.txt
/mnt/c/Users/nateg/OneDrive/Documentos/GitHub/quadrivium/cognetics/Unseen Diversity/05. The Family Tree of Bacteria.txt
/mnt/c/Users/nateg/OneDrive/Documentos/GitHub/quadrivium/cognetics/Unseen Diversity/05. The Family Tree of Bacteria_part_00.txt
/mnt/c/Users/nateg/OneDrive/Documentos/GitHub/quadrivium/cognetics/Unseen Diversity/05. The Family Tree of Bacteria_part_01.txt
/mnt/c/Users/nateg/OneDrive/Documentos/GitHub/quadrivium/cognetics/Unseen Diversity/05. The Family Tree of Bacteria_part_02.txt
/mnt/c/Users/nateg/OneDrive/Documentos/GitHub/quadrivium/cognetics/Unseen Diversity/05. The Family Tree of Bacteria_part_03.txt
/mnt/c/Users/nateg/OneDrive/Documentos/GitHub/quadrivium/cognetics/Unseen Diversity/05. The Family Tree of Bacteria_part_04.txt
/mnt/c/Users/nateg/OneDrive/Documentos/GitHub/quadrivium/cognetics/Unseen Diversity/05. The Family Tree of Bacteria_part_05.txt
/mnt/c/Users/nateg/OneDrive/Documentos/GitHub/quadrivium/cognetics/Unseen Diversity/05. The Family Tree of Bacteria_part_06.txt
/mnt/c/Users/nateg/OneDrive/Documentos/GitHub/quadrivium/cognetics/Unseen Diversity/05. The Family Tree of Bacteria_part_07.txt
/mnt/c/Users/nateg/OneDrive/Documentos/GitHub/quadrivium/cognetics/Unseen Diversity/05. The Family Tree of Bacteria_part_08.txt
/mnt/c/Users/nateg/OneDrive/Documentos/GitHub/quadrivium/cognetics/Unseen Diversity/05. The Family Tree of Bacteria_part_09.txt
/mnt/c/Users/nateg/OneDrive/Documentos/GitHub/quadrivium/cognetics/Unseen Diversity/06. The Extremophiles.txt
/mnt/c/Users/nateg/OneDrive/Documentos/GitHub/quadrivium/cognetics/Unseen Diversity/06. The Extremophiles_part_00.txt
/mnt/c/Users/nateg/OneDrive/Documentos/GitHub/quadrivium/cognetics/Unseen Diversity/06. The Extremophiles_part_01.txt
/mnt/c/Users/nateg/OneDrive/Documentos/GitHub/quadrivium/cognetics/Unseen Diversity/06. The Extremophiles_part_02.txt
/mnt/c/Users/nateg/OneDrive/Documentos/GitHub/quadrivium/cognetics/Unseen Diversity/06. The Extremophiles_part_03.txt
/mnt/c/Users/nateg/OneDrive/Documentos/GitHub/quadrivium/cognetics/Unseen Diversity/06. The Extremophiles_part_04.txt
/mnt/c/Users/nateg/OneDrive/Documentos/GitHub/quadrivium/cognetics/Unseen Diversity/06. The Extremophiles_part_05.txt
/mnt/c/Users/nateg/OneDrive/Documentos/GitHub/quadrivium/cognetics/Unseen Diversity/06. The Extremophiles_part_06.txt
/mnt/c/Users/nateg/OneDrive/Documentos/GitHub/quadrivium/cognetics/Unseen Diversity/06. The Extremophiles_part_07.txt
/mnt/c/Users/nateg/OneDrive/Documentos/GitHub/quadrivium/cognetics/Unseen Diversity/06. The Extremophiles_part_08.txt
/mnt/c/Users/nateg/OneDrive/Documentos/GitHub/quadrivium/cognetics/Unseen Diversity/06. The Extremophiles_part_09.txt
/mnt/c/Users/nateg/OneDrive/Documentos/GitHub/quadrivium/cognetics/Unseen Diversity/07. An Enormous and Diverse Group - The Proteobacteria.txt
/mnt/c/Users/nateg/OneDrive/Documentos/GitHub/quadrivium/cognetics/Unseen Diversity/07. An Enormous and Diverse Group - The Proteobacteria_part_00.txt
/mnt/c/Users/nateg/OneDrive/Documentos/GitHub/quadrivium/cognetics/Unseen Diversity/07. An Enormous and Diverse Group - The Proteobacteria_part_01.txt
/mnt/c/Users/nateg/OneDrive/Documentos/GitHub/quadrivium/cognetics/Unseen Diversity/07. An Enormous and Diverse Group - The Proteobacteria_part_02.txt
/mnt/c/Users/nateg/OneDrive/Documentos/GitHub/quadrivium/cognetics/Unseen Diversity/07. An Enormous and Diverse Group - The Proteobacteria_part_03.txt
/mnt/c/Users/nateg/OneDrive/Documentos/GitHub/quadrivium/cognetics/Unseen Diversity/07. An Enormous and Diverse Group - The Proteobacteria_part_04.txt
/mnt/c/Users/nateg/OneDrive/Documentos/GitHub/quadrivium/cognetics/Unseen Diversity/07. An Enormous and Diverse Group - The Proteobacteria_part_05.txt
/mnt/c/Users/nateg/OneDrive/Documentos/GitHub/quadrivium/cognetics/Unseen Diversity/07. An Enormous and Diverse Group - The Proteobacteria_part_06.txt
/mnt/c/Users/nateg/OneDrive/Documentos/GitHub/quadrivium/cognetics/Unseen Diversity/07. An Enormous and Diverse Group - The Proteobacteria_part_07.txt
/mnt/c/Users/nateg/OneDrive/Documentos/GitHub/quadrivium/cognetics/Unseen Diversity/07. An Enormous and Diverse Group - The Proteobacteria_part_08.txt
/mnt/c/Users/nateg/OneDrive/Documentos/GitHub/quadrivium/cognetics/Unseen Diversity/07. An Enormous and Diverse Group - The Proteobacteria_part_09.txt
/mnt/c/Users/nateg/OneDrive/Documentos/GitHub/quadrivium/cognetics/Unseen Diversity/08. An Enormous and Diverse Group - The Gram Positives.txt
/mnt/c/Users/nateg/OneDrive/Documentos/GitHub/quadrivium/cognetics/Unseen Diversity/08. An Enormous and Diverse Group - The Gram Positives_part_00.txt
/mnt/c/Users/nateg/OneDrive/Documentos/GitHub/quadrivium/cognetics/Unseen Diversity/08. An Enormous and Diverse Group - The Gram Positives_part_01.txt
/mnt/c/Users/nateg/OneDrive/Documentos/GitHub/quadrivium/cognetics/Unseen Diversity/08. An Enormous and Diverse Group - The Gram Positives_part_02.txt
/mnt/c/Users/nateg/OneDrive/Documentos/GitHub/quadrivium/cognetics/Unseen Diversity/08. An Enormous and Diverse Group - The Gram Positives_part_03.txt
/mnt/c/Users/nateg/OneDrive/Documentos/GitHub/quadrivium/cognetics/Unseen Diversity/08. An Enormous and Diverse Group - The Gram Positives_part_04.txt
/mnt/c/Users/nateg/OneDrive/Documentos/GitHub/quadrivium/cognetics/Unseen Diversity/08. An Enormous and Diverse Group - The Gram Positives_part_05.txt
/mnt/c/Users/nateg/OneDrive/Documentos/GitHub/quadrivium/cognetics/Unseen Diversity/08. An Enormous and Diverse Group - The Gram Positives_part_06.txt
/mnt/c/Users/nateg/OneDrive/Documentos/GitHub/quadrivium/cognetics/Unseen Diversity/08. An Enormous and Diverse Group - The Gram Positives_part_07.txt
/mnt/c/Users/nateg/OneDrive/Documentos/GitHub/quadrivium/cognetics/Unseen Diversity/08. An Enormous and Diverse Group - The Gram Positives_part_08.txt
/mnt/c/Users/nateg/OneDrive/Documentos/GitHub/quadrivium/cognetics/Unseen Diversity/08. An Enormous and Diverse Group - The Gram Positives_part_09.txt
/mnt/c/Users/nateg/OneDrive/Documentos/GitHub/quadrivium/cognetics/Unseen Diversity/09. Gram Positives in the Soil Community.txt
/mnt/c/Users/nateg/OneDrive/Documentos/GitHub/quadrivium/cognetics/Unseen Diversity/09. Gram Positives in the Soil Community_part_00.txt
/mnt/c/Users/nateg/OneDrive/Documentos/GitHub/quadrivium/cognetics/Unseen Diversity/09. Gram Positives in the Soil Community_part_01.txt
/mnt/c/Users/nateg/OneDrive/Documentos/GitHub/quadrivium/cognetics/Unseen Diversity/09. Gram Positives in the Soil Community_part_02.txt
/mnt/c/Users/nateg/OneDrive/Documentos/GitHub/quadrivium/cognetics/Unseen Diversity/09. Gram Positives in the Soil Community_part_03.txt
/mnt/c/Users/nateg/OneDrive/Documentos/GitHub/quadrivium/cognetics/Unseen Diversity/09. Gram Positives in the Soil Community_part_04.txt
/mnt/c/Users/nateg/OneDrive/Documentos/GitHub/quadrivium/cognetics/Unseen Diversity/09. Gram Positives in the Soil Community_part_05.txt
/mnt/c/Users/nateg/OneDrive/Documentos/GitHub/quadrivium/cognetics/Unseen Diversity/09. Gram Positives in the Soil Community_part_06.txt
/mnt/c/Users/nateg/OneDrive/Documentos/GitHub/quadrivium/cognetics/Unseen Diversity/09. Gram Positives in the Soil Community_part_07.txt
/mnt/c/Users/nateg/OneDrive/Documentos/GitHub/quadrivium/cognetics/Unseen Diversity/09. Gram Positives in the Soil Community_part_08.txt
/mnt/c/Users/nateg/OneDrive/Documentos/GitHub/quadrivium/cognetics/Unseen Diversity/09. Gram Positives in the Soil Community_part_09.txt
/mnt/c/Users/nateg/OneDrive/Documentos/GitHub/quadrivium/cognetics/Unseen Diversity/10. Bacteria as Pathogens.txt
/mnt/c/Users/nateg/OneDrive/Documentos/GitHub/quadrivium/cognetics/Unseen Diversity/10. Bacteria as Pathogens_part_00.txt
/mnt/c/Users/nateg/OneDrive/Documentos/GitHub/quadrivium/cognetics/Unseen Diversity/10. Bacteria as Pathogens_part_01.txt
/mnt/c/Users/nateg/OneDrive/Documentos/GitHub/quadrivium/cognetics/Unseen Diversity/10. Bacteria as Pathogens_part_02.txt
/mnt/c/Users/nateg/OneDrive/Documentos/GitHub/quadrivium/cognetics/Unseen Diversity/10. Bacteria as Pathogens_part_03.txt
/mnt/c/Users/nateg/OneDrive/Documentos/GitHub/quadrivium/cognetics/Unseen Diversity/10. Bacteria as Pathogens_part_04.txt
/mnt/c/Users/nateg/OneDrive/Documentos/GitHub/quadrivium/cognetics/Unseen Diversity/10. Bacteria as Pathogens_part_05.txt
/mnt/c/Users/nateg/OneDrive/Documentos/GitHub/quadrivium/cognetics/Unseen Diversity/10. Bacteria as Pathogens_part_06.txt
/mnt/c/Users/nateg/OneDrive/Documentos/GitHub/quadrivium/cognetics/Unseen Diversity/10. Bacteria as Pathogens_part_07.txt
/mnt/c/Users/nateg/OneDrive/Documentos/GitHub/quadrivium/cognetics/Unseen Diversity/10. Bacteria as Pathogens_part_08.txt
/mnt/c/Users/nateg/OneDrive/Documentos/GitHub/quadrivium/cognetics/Unseen Diversity/10. Bacteria as Pathogens_part_09.txt
/mnt/c/Users/nateg/OneDrive/Documentos/GitHub/quadrivium/cognetics/Unseen Diversity/11. What About the Viruses.txt
/mnt/c/Users/nateg/OneDrive/Documentos/GitHub/quadrivium/cognetics/Unseen Diversity/11. What About the Viruses_part_00.txt
/mnt/c/Users/nateg/OneDrive/Documentos/GitHub/quadrivium/cognetics/Unseen Diversity/11. What About the Viruses_part_01.txt
/mnt/c/Users/nateg/OneDrive/Documentos/GitHub/quadrivium/cognetics/Unseen Diversity/11. What About the Viruses_part_02.txt
/mnt/c/Users/nateg/OneDrive/Documentos/GitHub/quadrivium/cognetics/Unseen Diversity/11. What About the Viruses_part_03.txt
/mnt/c/Users/nateg/OneDrive/Documentos/GitHub/quadrivium/cognetics/Unseen Diversity/11. What About the Viruses_part_04.txt
/mnt/c/Users/nateg/OneDrive/Documentos/GitHub/quadrivium/cognetics/Unseen Diversity/11. What About the Viruses_part_05.txt
/mnt/c/Users/nateg/OneDrive/Documentos/GitHub/quadrivium/cognetics/Unseen Diversity/11. What About the Viruses_part_06.txt
/mnt/c/Users/nateg/OneDrive/Documentos/GitHub/quadrivium/cognetics/Unseen Diversity/11. What About the Viruses_part_07.txt
/mnt/c/Users/nateg/OneDrive/Documentos/GitHub/quadrivium/cognetics/Unseen Diversity/11. What About the Viruses_part_08.txt
/mnt/c/Users/nateg/OneDrive/Documentos/GitHub/quadrivium/cognetics/Unseen Diversity/11. What About the Viruses_part_09.txt
/mnt/c/Users/nateg/OneDrive/Documentos/GitHub/quadrivium/cognetics/Unseen Diversity/12. Cyanobacteria - The Original Photosynthesizers.txt
/mnt/c/Users/nateg/OneDrive/Documentos/GitHub/quadrivium/cognetics/Unseen Diversity/12. Cyanobacteria - The Original Photosynthesizers_part_00.txt
/mnt/c/Users/nateg/OneDrive/Documentos/GitHub/quadrivium/cognetics/Unseen Diversity/12. Cyanobacteria - The Original Photosynthesizers_part_01.txt
/mnt/c/Users/nateg/OneDrive/Documentos/GitHub/quadrivium/cognetics/Unseen Diversity/12. Cyanobacteria - The Original Photosynthesizers_part_02.txt
/mnt/c/Users/nateg/OneDrive/Documentos/GitHub/quadrivium/cognetics/Unseen Diversity/12. Cyanobacteria - The Original Photosynthesizers_part_03.txt
/mnt/c/Users/nateg/OneDrive/Documentos/GitHub/quadrivium/cognetics/Unseen Diversity/12. Cyanobacteria - The Original Photosynthesizers_part_04.txt
/mnt/c/Users/nateg/OneDrive/Documentos/GitHub/quadrivium/cognetics/Unseen Diversity/12. Cyanobacteria - The Original Photosynthesizers_part_05.txt
/mnt/c/Users/nateg/OneDrive/Documentos/GitHub/quadrivium/cognetics/Unseen Diversity/12. Cyanobacteria - The Original Photosynthesizers_part_06.txt
/mnt/c/Users/nateg/OneDrive/Documentos/GitHub/quadrivium/cognetics/Unseen Diversity/12. Cyanobacteria - The Original Photosynthesizers_part_07.txt
/mnt/c/Users/nateg/OneDrive/Documentos/GitHub/quadrivium/cognetics/Unseen Diversity/12. Cyanobacteria - The Original Photosynthesizers_part_08.txt
/mnt/c/Users/nateg/OneDrive/Documentos/GitHub/quadrivium/cognetics/Unseen Diversity/12. Cyanobacteria - The Original Photosynthesizers_part_09.txt
/mnt/c/Users/nateg/OneDrive/Documentos/GitHub/quadrivium/cognetics/Unseen Diversity/13. Diverse Metabolisms.txt
/mnt/c/Users/nateg/OneDrive/Documentos/GitHub/quadrivium/cognetics/Unseen Diversity/13. Diverse Metabolisms_part_00.txt
/mnt/c/Users/nateg/OneDrive/Documentos/GitHub/quadrivium/cognetics/Unseen Diversity/13. Diverse Metabolisms_part_01.txt
/mnt/c/Users/nateg/OneDrive/Documentos/GitHub/quadrivium/cognetics/Unseen Diversity/13. Diverse Metabolisms_part_02.txt
/mnt/c/Users/nateg/OneDrive/Documentos/GitHub/quadrivium/cognetics/Unseen Diversity/13. Diverse Metabolisms_part_03.txt
/mnt/c/Users/nateg/OneDrive/Documentos/GitHub/quadrivium/cognetics/Unseen Diversity/13. Diverse Metabolisms_part_04.txt
/mnt/c/Users/nateg/OneDrive/Documentos/GitHub/quadrivium/cognetics/Unseen Diversity/13. Diverse Metabolisms_part_05.txt
/mnt/c/Users/nateg/OneDrive/Documentos/GitHub/quadrivium/cognetics/Unseen Diversity/13. Diverse Metabolisms_part_06.txt
/mnt/c/Users/nateg/OneDrive/Documentos/GitHub/quadrivium/cognetics/Unseen Diversity/13. Diverse Metabolisms_part_07.txt
/mnt/c/Users/nateg/OneDrive/Documentos/GitHub/quadrivium/cognetics/Unseen Diversity/13. Diverse Metabolisms_part_08.txt
/mnt/c/Users/nateg/OneDrive/Documentos/GitHub/quadrivium/cognetics/Unseen Diversity/13. Diverse Metabolisms_part_09.txt
/mnt/c/Users/nateg/OneDrive/Documentos/GitHub/quadrivium/cognetics/Unseen Diversity/14. Future Directions.txt
/mnt/c/Users/nateg/OneDrive/Documentos/GitHub/quadrivium/cognetics/Unseen Diversity/14. Future Directions_part_00.txt
/mnt/c/Users/nateg/OneDrive/Documentos/GitHub/quadrivium/cognetics/Unseen Diversity/14. Future Directions_part_01.txt
/mnt/c/Users/nateg/OneDrive/Documentos/GitHub/quadrivium/cognetics/Unseen Diversity/14. Future Directions_part_02.txt
/mnt/c/Users/nateg/OneDrive/Documentos/GitHub/quadrivium/cognetics/Unseen Diversity/14. Future Directions_part_03.txt
/mnt/c/Users/nateg/OneDrive/Documentos/GitHub/quadrivium/cognetics/Unseen Diversity/14. Future Directions_part_04.txt
/mnt/c/Users/nateg/OneDrive/Documentos/GitHub/quadrivium/cognetics/Unseen Diversity/14. Future Directions_part_05.txt
/mnt/c/Users/nateg/OneDrive/Documentos/GitHub/quadrivium/cognetics/Unseen Diversity/14. Future Directions_part_06.txt
/mnt/c/Users/nateg/OneDrive/Documentos/GitHub/quadrivium/cognetics/Unseen Diversity/14. Future Directions_part_07.txt
/mnt/c/Users/nateg/OneDrive/Documentos/GitHub/quadrivium/cognetics/Unseen Diversity/14. Future Directions_part_08.txt
/mnt/c/Users/nateg/OneDrive/Documentos/GitHub/quadrivium/cognetics/Unseen Diversity/14. Future Directions_part_09.txt
