/mnt/c/Users/nateg/OneDrive/Documentos/GitHub/quadrivium/cognetics/Precalculus and Trigonometry/00. Professor Bio.txt
/mnt/c/Users/nateg/OneDrive/Documentos/GitHub/quadrivium/cognetics/Precalculus and Trigonometry/01. An Introduction to Precalculus—Functions.txt
/mnt/c/Users/nateg/OneDrive/Documentos/GitHub/quadrivium/cognetics/Precalculus and Trigonometry/02. Polynomial Functions and Zeros.txt
/mnt/c/Users/nateg/OneDrive/Documentos/GitHub/quadrivium/cognetics/Precalculus and Trigonometry/03. Complex Numbers.txt
/mnt/c/Users/nateg/OneDrive/Documentos/GitHub/quadrivium/cognetics/Precalculus and Trigonometry/04. Rational Functions.txt
/mnt/c/Users/nateg/OneDrive/Documentos/GitHub/quadrivium/cognetics/Precalculus and Trigonometry/05. Inverse Functions.txt
/mnt/c/Users/nateg/OneDrive/Documentos/GitHub/quadrivium/cognetics/Precalculus and Trigonometry/06. Solving Inequalities.txt
/mnt/c/Users/nateg/OneDrive/Documentos/GitHub/quadrivium/cognetics/Precalculus and Trigonometry/07. Exponential Functions.txt
/mnt/c/Users/nateg/OneDrive/Documentos/GitHub/quadrivium/cognetics/Precalculus and Trigonometry/08. Logarithmic Functions.txt
/mnt/c/Users/nateg/OneDrive/Documentos/GitHub/quadrivium/cognetics/Precalculus and Trigonometry/09. Properties of Logarithms.txt
/mnt/c/Users/nateg/OneDrive/Documentos/GitHub/quadrivium/cognetics/Precalculus and Trigonometry/10. Exponential and Logarithmic Equations.txt
/mnt/c/Users/nateg/OneDrive/Documentos/GitHub/quadrivium/cognetics/Precalculus and Trigonometry/11. Exponential and Logarithmic Models.txt
/mnt/c/Users/nateg/OneDrive/Documentos/GitHub/quadrivium/cognetics/Precalculus and Trigonometry/12. Introduction to Trigonometry and Angles.txt
/mnt/c/Users/nateg/OneDrive/Documentos/GitHub/quadrivium/cognetics/Precalculus and Trigonometry/13. Trigonometric Functions—Right Triangle Definition.txt
/mnt/c/Users/nateg/OneDrive/Documentos/GitHub/quadrivium/cognetics/Precalculus and Trigonometry/14. Trigonometric Functions—Arbitrary Angle Definition.txt
/mnt/c/Users/nateg/OneDrive/Documentos/GitHub/quadrivium/cognetics/Precalculus and Trigonometry/15. Graphs of Sine and Cosine Functions.txt
/mnt/c/Users/nateg/OneDrive/Documentos/GitHub/quadrivium/cognetics/Precalculus and Trigonometry/16. Graphs of Other Trigonometric Functions.txt
/mnt/c/Users/nateg/OneDrive/Documentos/GitHub/quadrivium/cognetics/Precalculus and Trigonometry/17. Inverse Trigonometric Functions.txt
/mnt/c/Users/nateg/OneDrive/Documentos/GitHub/quadrivium/cognetics/Precalculus and Trigonometry/18. Trigonometric Identities.txt
/mnt/c/Users/nateg/OneDrive/Documentos/GitHub/quadrivium/cognetics/Precalculus and Trigonometry/19. Trigonometric Equations.txt
/mnt/c/Users/nateg/OneDrive/Documentos/GitHub/quadrivium/cognetics/Precalculus and Trigonometry/20. Sum and Difference Formulas.txt
/mnt/c/Users/nateg/OneDrive/Documentos/GitHub/quadrivium/cognetics/Precalculus and Trigonometry/21. Law of Sines.txt
/mnt/c/Users/nateg/OneDrive/Documentos/GitHub/quadrivium/cognetics/Precalculus and Trigonometry/22. Law of Cosines.txt
/mnt/c/Users/nateg/OneDrive/Documentos/GitHub/quadrivium/cognetics/Precalculus and Trigonometry/23. Introduction to Vectors.txt
/mnt/c/Users/nateg/OneDrive/Documentos/GitHub/quadrivium/cognetics/Precalculus and Trigonometry/24. Trigonometric Form of a Complex Number.txt
/mnt/c/Users/nateg/OneDrive/Documentos/GitHub/quadrivium/cognetics/Precalculus and Trigonometry/25. Systems of Linear Equations and Matrices.txt
/mnt/c/Users/nateg/OneDrive/Documentos/GitHub/quadrivium/cognetics/Precalculus and Trigonometry/26. Operations with Matrices.txt
/mnt/c/Users/nateg/OneDrive/Documentos/GitHub/quadrivium/cognetics/Precalculus and Trigonometry/27. Inverses and Determinants of Matrices.txt
/mnt/c/Users/nateg/OneDrive/Documentos/GitHub/quadrivium/cognetics/Precalculus and Trigonometry/28. Applications of Linear Systems and Matrices.txt
/mnt/c/Users/nateg/OneDrive/Documentos/GitHub/quadrivium/cognetics/Precalculus and Trigonometry/29. Circles and Parabolas.txt
/mnt/c/Users/nateg/OneDrive/Documentos/GitHub/quadrivium/cognetics/Precalculus and Trigonometry/30. Ellipses and Hyperbolas.txt
/mnt/c/Users/nateg/OneDrive/Documentos/GitHub/quadrivium/cognetics/Precalculus and Trigonometry/31. Parametric Equations.txt
/mnt/c/Users/nateg/OneDrive/Documentos/GitHub/quadrivium/cognetics/Precalculus and Trigonometry/32. Polar Coordinates.txt
/mnt/c/Users/nateg/OneDrive/Documentos/GitHub/quadrivium/cognetics/Precalculus and Trigonometry/33. Sequences and Series.txt
/mnt/c/Users/nateg/OneDrive/Documentos/GitHub/quadrivium/cognetics/Precalculus and Trigonometry/34. Counting Principles.txt
/mnt/c/Users/nateg/OneDrive/Documentos/GitHub/quadrivium/cognetics/Precalculus and Trigonometry/35. Elementary Probability.txt
/mnt/c/Users/nateg/OneDrive/Documentos/GitHub/quadrivium/cognetics/Precalculus and Trigonometry/36. GPS Devices and Looking Forward to Calculus.txt
