/mnt/c/Users/nateg/OneDrive/Documentos/GitHub/quadrivium/cognetics/Psychology of Human Behavior/01. Modern Psychology in Historical Context.txt
/mnt/c/Users/nateg/OneDrive/Documentos/GitHub/quadrivium/cognetics/Psychology of Human Behavior/02. Experimentation as a Research Method.txt
/mnt/c/Users/nateg/OneDrive/Documentos/GitHub/quadrivium/cognetics/Psychology of Human Behavior/03. Nonexperimental Research Methods.txt
/mnt/c/Users/nateg/OneDrive/Documentos/GitHub/quadrivium/cognetics/Psychology of Human Behavior/04. Evolutionary Theory and Modern Psychology.txt
/mnt/c/Users/nateg/OneDrive/Documentos/GitHub/quadrivium/cognetics/Psychology of Human Behavior/05. Freud's Thinking.txt
/mnt/c/Users/nateg/OneDrive/Documentos/GitHub/quadrivium/cognetics/Psychology of Human Behavior/06. Details of Psychoanalytic Theory.txt
/mnt/c/Users/nateg/OneDrive/Documentos/GitHub/quadrivium/cognetics/Psychology of Human Behavior/07. Classification of Mental Illnesses.txt
/mnt/c/Users/nateg/OneDrive/Documentos/GitHub/quadrivium/cognetics/Psychology of Human Behavior/08. Anxiety and Mood Disorders.txt
/mnt/c/Users/nateg/OneDrive/Documentos/GitHub/quadrivium/cognetics/Psychology of Human Behavior/09. Disorders of Brain, Body, Self, Drugs, Sex.txt
/mnt/c/Users/nateg/OneDrive/Documentos/GitHub/quadrivium/cognetics/Psychology of Human Behavior/10. Schizophrenic Disorders.txt
/mnt/c/Users/nateg/OneDrive/Documentos/GitHub/quadrivium/cognetics/Psychology of Human Behavior/11. Childhood, Retardation, Personality Disorders.txt
/mnt/c/Users/nateg/OneDrive/Documentos/GitHub/quadrivium/cognetics/Psychology of Human Behavior/12. Physical Therapies–Drugs.txt
/mnt/c/Users/nateg/OneDrive/Documentos/GitHub/quadrivium/cognetics/Psychology of Human Behavior/13. Physical Therapies–ECT, Surgery, Genes.txt
/mnt/c/Users/nateg/OneDrive/Documentos/GitHub/quadrivium/cognetics/Psychology of Human Behavior/14. Talking Therapies–Psychoanalysis.txt
/mnt/c/Users/nateg/OneDrive/Documentos/GitHub/quadrivium/cognetics/Psychology of Human Behavior/15. Therapies–Humanistic, Cognitive, Group.txt
/mnt/c/Users/nateg/OneDrive/Documentos/GitHub/quadrivium/cognetics/Psychology of Human Behavior/16. Behavior Therapies–Classical Conditioning.txt
/mnt/c/Users/nateg/OneDrive/Documentos/GitHub/quadrivium/cognetics/Psychology of Human Behavior/17. Behavior Therapies–Operant Conditioning.txt
/mnt/c/Users/nateg/OneDrive/Documentos/GitHub/quadrivium/cognetics/Psychology of Human Behavior/18. Models of Motivation.txt
/mnt/c/Users/nateg/OneDrive/Documentos/GitHub/quadrivium/cognetics/Psychology of Human Behavior/19. Emotion–What Do We Measure.txt
/mnt/c/Users/nateg/OneDrive/Documentos/GitHub/quadrivium/cognetics/Psychology of Human Behavior/20. Emotion–Theories.txt
/mnt/c/Users/nateg/OneDrive/Documentos/GitHub/quadrivium/cognetics/Psychology of Human Behavior/21. Psychoactive Drugs–Processes, Stimulants.txt
/mnt/c/Users/nateg/OneDrive/Documentos/GitHub/quadrivium/cognetics/Psychology of Human Behavior/22. Drugs–Depressants, Narcotics, Hallucinogens.txt
/mnt/c/Users/nateg/OneDrive/Documentos/GitHub/quadrivium/cognetics/Psychology of Human Behavior/23. Social Psychology–Influence and Reciprocity.txt
/mnt/c/Users/nateg/OneDrive/Documentos/GitHub/quadrivium/cognetics/Psychology of Human Behavior/24. Social Psychology–Additional Mechanisms.txt
/mnt/c/Users/nateg/OneDrive/Documentos/GitHub/quadrivium/cognetics/Psychology of Human Behavior/25. Simple Learning–Classical Conditioning.txt
/mnt/c/Users/nateg/OneDrive/Documentos/GitHub/quadrivium/cognetics/Psychology of Human Behavior/26. Simple Learning–Operant Conditioning.txt
/mnt/c/Users/nateg/OneDrive/Documentos/GitHub/quadrivium/cognetics/Psychology of Human Behavior/27. Complex Learning.txt
/mnt/c/Users/nateg/OneDrive/Documentos/GitHub/quadrivium/cognetics/Psychology of Human Behavior/28. Memory–Characteristics.txt
/mnt/c/Users/nateg/OneDrive/Documentos/GitHub/quadrivium/cognetics/Psychology of Human Behavior/29. Memory–Memory Aids and Forgetting Theories.txt
/mnt/c/Users/nateg/OneDrive/Documentos/GitHub/quadrivium/cognetics/Psychology of Human Behavior/30. Perception–Forming Internal Models.txt
/mnt/c/Users/nateg/OneDrive/Documentos/GitHub/quadrivium/cognetics/Psychology of Human Behavior/31. Perception–Finding and Organizing Cues.txt
/mnt/c/Users/nateg/OneDrive/Documentos/GitHub/quadrivium/cognetics/Psychology of Human Behavior/32. Evolutionary Psychology–Basic Concepts.txt
/mnt/c/Users/nateg/OneDrive/Documentos/GitHub/quadrivium/cognetics/Psychology of Human Behavior/33. Evolutionary Psychology–Altruism and Mating.txt
/mnt/c/Users/nateg/OneDrive/Documentos/GitHub/quadrivium/cognetics/Psychology of Human Behavior/34. Evolutionary Psychology–War, Family, Food.txt
/mnt/c/Users/nateg/OneDrive/Documentos/GitHub/quadrivium/cognetics/Psychology of Human Behavior/35. Engineering Psychology.txt
/mnt/c/Users/nateg/OneDrive/Documentos/GitHub/quadrivium/cognetics/Psychology of Human Behavior/36. Recap, Omissions, and Into the Future.txt
