/mnt/c/Users/nateg/OneDrive/Documentos/GitHub/quadrivium/cognetics/Understanding Investments/01 How to Stop Worrying and Start Investing.txt
/mnt/c/Users/nateg/OneDrive/Documentos/GitHub/quadrivium/cognetics/Understanding Investments/02 How Investors Make Money.txt
/mnt/c/Users/nateg/OneDrive/Documentos/GitHub/quadrivium/cognetics/Understanding Investments/03 Starting with Stocks.txt
/mnt/c/Users/nateg/OneDrive/Documentos/GitHub/quadrivium/cognetics/Understanding Investments/04 The Basics of Bonds.txt
/mnt/c/Users/nateg/OneDrive/Documentos/GitHub/quadrivium/cognetics/Understanding Investments/05 Introduction to Mutual Funds.txt
/mnt/c/Users/nateg/OneDrive/Documentos/GitHub/quadrivium/cognetics/Understanding Investments/06 What Are Exchange Traded Funds.txt
/mnt/c/Users/nateg/OneDrive/Documentos/GitHub/quadrivium/cognetics/Understanding Investments/07 Financial Statement Analysis.txt
/mnt/c/Users/nateg/OneDrive/Documentos/GitHub/quadrivium/cognetics/Understanding Investments/08 PE Ratios and the Method of Comparables.txt
/mnt/c/Users/nateg/OneDrive/Documentos/GitHub/quadrivium/cognetics/Understanding Investments/09 Fundamentals-Based Analysis of Stocks.txt
/mnt/c/Users/nateg/OneDrive/Documentos/GitHub/quadrivium/cognetics/Understanding Investments/10 Startup Companies and IPOs.txt
/mnt/c/Users/nateg/OneDrive/Documentos/GitHub/quadrivium/cognetics/Understanding Investments/11 Why Should You Care about Dividends.txt
/mnt/c/Users/nateg/OneDrive/Documentos/GitHub/quadrivium/cognetics/Understanding Investments/12 Using Leverage.txt
/mnt/c/Users/nateg/OneDrive/Documentos/GitHub/quadrivium/cognetics/Understanding Investments/13 Choosing Bonds.txt
/mnt/c/Users/nateg/OneDrive/Documentos/GitHub/quadrivium/cognetics/Understanding Investments/14 Bond School.txt
/mnt/c/Users/nateg/OneDrive/Documentos/GitHub/quadrivium/cognetics/Understanding Investments/15 Picking Mutual Funds.txt
/mnt/c/Users/nateg/OneDrive/Documentos/GitHub/quadrivium/cognetics/Understanding Investments/16 Investing in Foreign Assets.txt
/mnt/c/Users/nateg/OneDrive/Documentos/GitHub/quadrivium/cognetics/Understanding Investments/17 Options Are for Everyone.txt
/mnt/c/Users/nateg/OneDrive/Documentos/GitHub/quadrivium/cognetics/Understanding Investments/18 Real Estate and Commodities.txt
/mnt/c/Users/nateg/OneDrive/Documentos/GitHub/quadrivium/cognetics/Understanding Investments/19 Cycles and Market Timing.txt
/mnt/c/Users/nateg/OneDrive/Documentos/GitHub/quadrivium/cognetics/Understanding Investments/20 Deciding When to Sell.txt
/mnt/c/Users/nateg/OneDrive/Documentos/GitHub/quadrivium/cognetics/Understanding Investments/21 Risk, Return, and Diversification.txt
/mnt/c/Users/nateg/OneDrive/Documentos/GitHub/quadrivium/cognetics/Understanding Investments/22 Time Value of Money.txt
/mnt/c/Users/nateg/OneDrive/Documentos/GitHub/quadrivium/cognetics/Understanding Investments/23 Financial Planning.txt
/mnt/c/Users/nateg/OneDrive/Documentos/GitHub/quadrivium/cognetics/Understanding Investments/24 Taking Charge of Your Investments.txt
