/mnt/c/Users/nateg/OneDrive/Documentos/GitHub/quadrivium/cognetics/Comparative Education/01.The Global Challenge to Educate.txt
/mnt/c/Users/nateg/OneDrive/Documentos/GitHub/quadrivium/cognetics/Comparative Education/02.Sputnik Launches the Science-Math Race.txt
/mnt/c/Users/nateg/OneDrive/Documentos/GitHub/quadrivium/cognetics/Comparative Education/03.Education Is Life.txt
/mnt/c/Users/nateg/OneDrive/Documentos/GitHub/quadrivium/cognetics/Comparative Education/04.Evidence-Based Policy Making in Education.txt
/mnt/c/Users/nateg/OneDrive/Documentos/GitHub/quadrivium/cognetics/Comparative Education/05.What Should We Compare about Education.txt
/mnt/c/Users/nateg/OneDrive/Documentos/GitHub/quadrivium/cognetics/Comparative Education/06.The World Learns from Horace Mann.txt
/mnt/c/Users/nateg/OneDrive/Documentos/GitHub/quadrivium/cognetics/Comparative Education/07.When Culture Invades the Classroom.txt
/mnt/c/Users/nateg/OneDrive/Documentos/GitHub/quadrivium/cognetics/Comparative Education/08.Germany and Japan's Shattered Expectations.txt
/mnt/c/Users/nateg/OneDrive/Documentos/GitHub/quadrivium/cognetics/Comparative Education/09.Borrowing Foreign School Cultures.txt
/mnt/c/Users/nateg/OneDrive/Documentos/GitHub/quadrivium/cognetics/Comparative Education/10.The Value in Linking School to Jobs.txt
/mnt/c/Users/nateg/OneDrive/Documentos/GitHub/quadrivium/cognetics/Comparative Education/11.Why Blame the Teacher.txt
/mnt/c/Users/nateg/OneDrive/Documentos/GitHub/quadrivium/cognetics/Comparative Education/12.Gender Pipeline Lifts Equality Dream.txt
/mnt/c/Users/nateg/OneDrive/Documentos/GitHub/quadrivium/cognetics/Comparative Education/13.Gulf Schools The Non-National Advantage.txt
/mnt/c/Users/nateg/OneDrive/Documentos/GitHub/quadrivium/cognetics/Comparative Education/14.Who Is Accountable for Education.txt
/mnt/c/Users/nateg/OneDrive/Documentos/GitHub/quadrivium/cognetics/Comparative Education/15.How Parents Shape Student Outcomes.txt
/mnt/c/Users/nateg/OneDrive/Documentos/GitHub/quadrivium/cognetics/Comparative Education/16.Reading, Writing, and Religion.txt
/mnt/c/Users/nateg/OneDrive/Documentos/GitHub/quadrivium/cognetics/Comparative Education/17.International Test Scores All and Nothing.txt
/mnt/c/Users/nateg/OneDrive/Documentos/GitHub/quadrivium/cognetics/Comparative Education/18.Turning a Good Teacher into a Great One.txt
/mnt/c/Users/nateg/OneDrive/Documentos/GitHub/quadrivium/cognetics/Comparative Education/19.The Foundations of Civil Society.txt
/mnt/c/Users/nateg/OneDrive/Documentos/GitHub/quadrivium/cognetics/Comparative Education/20.From National Student to Global Citizen.txt
/mnt/c/Users/nateg/OneDrive/Documentos/GitHub/quadrivium/cognetics/Comparative Education/21.The Problem with Teaching's Best Practices.txt
/mnt/c/Users/nateg/OneDrive/Documentos/GitHub/quadrivium/cognetics/Comparative Education/22.A School inside Your Phone.txt
/mnt/c/Users/nateg/OneDrive/Documentos/GitHub/quadrivium/cognetics/Comparative Education/23.The Rich-and-Poor Learning Cycle.txt
/mnt/c/Users/nateg/OneDrive/Documentos/GitHub/quadrivium/cognetics/Comparative Education/24.How to Fix Education Heart, Head, Hands.txt
