/mnt/c/Users/nateg/OneDrive/Documentos/GitHub/quadrivium/cognetics/Terror of History - Mystics, Heretics, and Witches in the Western Tradition/01 - The Terror of History.txt
/mnt/c/Users/nateg/OneDrive/Documentos/GitHub/quadrivium/cognetics/Terror of History - Mystics, Heretics, and Witches in the Western Tradition/02 - Politics, Economy, and Society.txt
/mnt/c/Users/nateg/OneDrive/Documentos/GitHub/quadrivium/cognetics/Terror of History - Mystics, Heretics, and Witches in the Western Tradition/03 - Religion and Culture.txt
/mnt/c/Users/nateg/OneDrive/Documentos/GitHub/quadrivium/cognetics/Terror of History - Mystics, Heretics, and Witches in the Western Tradition/04 - Mysticism in the Western Tradition.txt
/mnt/c/Users/nateg/OneDrive/Documentos/GitHub/quadrivium/cognetics/Terror of History - Mystics, Heretics, and Witches in the Western Tradition/05 - Mysticism in the Twelfth Century.txt
/mnt/c/Users/nateg/OneDrive/Documentos/GitHub/quadrivium/cognetics/Terror of History - Mystics, Heretics, and Witches in the Western Tradition/06 - Mysticism in the Thirteenth Century.txt
/mnt/c/Users/nateg/OneDrive/Documentos/GitHub/quadrivium/cognetics/Terror of History - Mystics, Heretics, and Witches in the Western Tradition/07 - Jewish Mysticism.txt
/mnt/c/Users/nateg/OneDrive/Documentos/GitHub/quadrivium/cognetics/Terror of History - Mystics, Heretics, and Witches in the Western Tradition/08 - Mysticism in Early Modern Europe.txt
/mnt/c/Users/nateg/OneDrive/Documentos/GitHub/quadrivium/cognetics/Terror of History - Mystics, Heretics, and Witches in the Western Tradition/09 - Heresy and the Millennium.txt
/mnt/c/Users/nateg/OneDrive/Documentos/GitHub/quadrivium/cognetics/Terror of History - Mystics, Heretics, and Witches in the Western Tradition/10 - The Church Under Attack.txt
/mnt/c/Users/nateg/OneDrive/Documentos/GitHub/quadrivium/cognetics/Terror of History - Mystics, Heretics, and Witches in the Western Tradition/11 - The Birth of the Inquisition.txt
/mnt/c/Users/nateg/OneDrive/Documentos/GitHub/quadrivium/cognetics/Terror of History - Mystics, Heretics, and Witches in the Western Tradition/12 - The Millennium in the Sixteenth Century.txt
/mnt/c/Users/nateg/OneDrive/Documentos/GitHub/quadrivium/cognetics/Terror of History - Mystics, Heretics, and Witches in the Western Tradition/13 - Jewish Millennial Expectations.txt
/mnt/c/Users/nateg/OneDrive/Documentos/GitHub/quadrivium/cognetics/Terror of History - Mystics, Heretics, and Witches in the Western Tradition/14 - The Mysteries of the Renaissance.txt
/mnt/c/Users/nateg/OneDrive/Documentos/GitHub/quadrivium/cognetics/Terror of History - Mystics, Heretics, and Witches in the Western Tradition/15 - Hermeticism, Astrology, Alchemy, and Magic.txt
/mnt/c/Users/nateg/OneDrive/Documentos/GitHub/quadrivium/cognetics/Terror of History - Mystics, Heretics, and Witches in the Western Tradition/16 - The Origins of Witchcraft.txt
/mnt/c/Users/nateg/OneDrive/Documentos/GitHub/quadrivium/cognetics/Terror of History - Mystics, Heretics, and Witches in the Western Tradition/17 - Religion, Science, and Magic.txt
/mnt/c/Users/nateg/OneDrive/Documentos/GitHub/quadrivium/cognetics/Terror of History - Mystics, Heretics, and Witches in the Western Tradition/18 - The Witch Craze and Its Historians.txt
/mnt/c/Users/nateg/OneDrive/Documentos/GitHub/quadrivium/cognetics/Terror of History - Mystics, Heretics, and Witches in the Western Tradition/19 - Fear and the Construction of Satan.txt
/mnt/c/Users/nateg/OneDrive/Documentos/GitHub/quadrivium/cognetics/Terror of History - Mystics, Heretics, and Witches in the Western Tradition/20 - The Witch Craze and Misogyny.txt
/mnt/c/Users/nateg/OneDrive/Documentos/GitHub/quadrivium/cognetics/Terror of History - Mystics, Heretics, and Witches in the Western Tradition/21 - The World of Witches.txt
/mnt/c/Users/nateg/OneDrive/Documentos/GitHub/quadrivium/cognetics/Terror of History - Mystics, Heretics, and Witches in the Western Tradition/22 - The Witches of London.txt
/mnt/c/Users/nateg/OneDrive/Documentos/GitHub/quadrivium/cognetics/Terror of History - Mystics, Heretics, and Witches in the Western Tradition/23 - The Witches of Essex and Salem.txt
/mnt/c/Users/nateg/OneDrive/Documentos/GitHub/quadrivium/cognetics/Terror of History - Mystics, Heretics, and Witches in the Western Tradition/24 - The Survival of the Past.txt
