/mnt/c/Users/nateg/OneDrive/Documentos/GitHub/quadrivium/cognetics/Turning Points in Modern History/01. 1433—The Great Voyages of Admiral Zheng He.aac.txt
/mnt/c/Users/nateg/OneDrive/Documentos/GitHub/quadrivium/cognetics/Turning Points in Modern History/02. 1453—The Fall of Constantinople.aac.txt
/mnt/c/Users/nateg/OneDrive/Documentos/GitHub/quadrivium/cognetics/Turning Points in Modern History/03. 1455—Gutenberg’s Print Revolution.aac.txt
/mnt/c/Users/nateg/OneDrive/Documentos/GitHub/quadrivium/cognetics/Turning Points in Modern History/04. 1492—The Columbian Exchange.aac.txt
/mnt/c/Users/nateg/OneDrive/Documentos/GitHub/quadrivium/cognetics/Turning Points in Modern History/05. 1600—The British East India Company.aac.txt
/mnt/c/Users/nateg/OneDrive/Documentos/GitHub/quadrivium/cognetics/Turning Points in Modern History/06. 1648—The Treaty of Westphalia.aac.txt
/mnt/c/Users/nateg/OneDrive/Documentos/GitHub/quadrivium/cognetics/Turning Points in Modern History/07. 1676—Van Leeuwenhoek’s Microscope.aac.txt
/mnt/c/Users/nateg/OneDrive/Documentos/GitHub/quadrivium/cognetics/Turning Points in Modern History/08. 1751—Diderot’s Enlightenment Encyclopedia.aac.txt
/mnt/c/Users/nateg/OneDrive/Documentos/GitHub/quadrivium/cognetics/Turning Points in Modern History/09. 1787—The American Experiment.aac.txt
/mnt/c/Users/nateg/OneDrive/Documentos/GitHub/quadrivium/cognetics/Turning Points in Modern History/10. 1789—The French Revolution.aac.txt
/mnt/c/Users/nateg/OneDrive/Documentos/GitHub/quadrivium/cognetics/Turning Points in Modern History/11. 1838—The British Slavery Abolition Act.aac.txt
/mnt/c/Users/nateg/OneDrive/Documentos/GitHub/quadrivium/cognetics/Turning Points in Modern History/12. 1839—The Opium War in China.aac.txt
/mnt/c/Users/nateg/OneDrive/Documentos/GitHub/quadrivium/cognetics/Turning Points in Modern History/13. 1859—Darwin and the Origin of Species.aac.txt
/mnt/c/Users/nateg/OneDrive/Documentos/GitHub/quadrivium/cognetics/Turning Points in Modern History/14. 1869—Binding Continents.aac.txt
/mnt/c/Users/nateg/OneDrive/Documentos/GitHub/quadrivium/cognetics/Turning Points in Modern History/15. 1893—First Women Voters in New Zealand.aac.txt
/mnt/c/Users/nateg/OneDrive/Documentos/GitHub/quadrivium/cognetics/Turning Points in Modern History/16. 1896—The Invention of Motion Pictures.aac.txt
/mnt/c/Users/nateg/OneDrive/Documentos/GitHub/quadrivium/cognetics/Turning Points in Modern History/17. 1903—Kitty Hawk and Powered Flight.aac.txt
/mnt/c/Users/nateg/OneDrive/Documentos/GitHub/quadrivium/cognetics/Turning Points in Modern History/18. 1904—The Russo-Japanese War.aac.txt
/mnt/c/Users/nateg/OneDrive/Documentos/GitHub/quadrivium/cognetics/Turning Points in Modern History/19. 1928—The Discovery of Penicillin.aac.txt
/mnt/c/Users/nateg/OneDrive/Documentos/GitHub/quadrivium/cognetics/Turning Points in Modern History/20. 1942—The Dawn of the Atom.aac.txt
/mnt/c/Users/nateg/OneDrive/Documentos/GitHub/quadrivium/cognetics/Turning Points in Modern History/21. 1969—Walking on the Moon.aac.txt
/mnt/c/Users/nateg/OneDrive/Documentos/GitHub/quadrivium/cognetics/Turning Points in Modern History/22. 1972—China Enters the World Balance.aac.txt
/mnt/c/Users/nateg/OneDrive/Documentos/GitHub/quadrivium/cognetics/Turning Points in Modern History/23. 1989—The Fall of the Berlin Wall.aac.txt
/mnt/c/Users/nateg/OneDrive/Documentos/GitHub/quadrivium/cognetics/Turning Points in Modern History/24. 2004—The Rise of Social Media.aac.txt
