/mnt/c/Users/nateg/OneDrive/Documentos/GitHub/quadrivium/cognetics/Great Ideas of Psychology/L01.48 - Defining the Subject.txt
/mnt/c/Users/nateg/OneDrive/Documentos/GitHub/quadrivium/cognetics/Great Ideas of Psychology/L02.48 - Ancient Foundations - Greek Philosophers and Physicians.txt
/mnt/c/Users/nateg/OneDrive/Documentos/GitHub/quadrivium/cognetics/Great Ideas of Psychology/L03.48 - Minds Possessed - Witchery and the Search for Explanations.txt
/mnt/c/Users/nateg/OneDrive/Documentos/GitHub/quadrivium/cognetics/Great Ideas of Psychology/L04.48 - The Emergence of Modern Science - Locke's Newtonian Theory of Mind.txt
/mnt/c/Users/nateg/OneDrive/Documentos/GitHub/quadrivium/cognetics/Great Ideas of Psychology/L05.48 - Three Enduring isms - Empiricism, Rationalism, Materialism.txt
/mnt/c/Users/nateg/OneDrive/Documentos/GitHub/quadrivium/cognetics/Great Ideas of Psychology/L06.48 - Sensation and Perception.txt
/mnt/c/Users/nateg/OneDrive/Documentos/GitHub/quadrivium/cognetics/Great Ideas of Psychology/L07.48 - The Visual Process.txt
/mnt/c/Users/nateg/OneDrive/Documentos/GitHub/quadrivium/cognetics/Great Ideas of Psychology/L08.48 - Hearing.txt
/mnt/c/Users/nateg/OneDrive/Documentos/GitHub/quadrivium/cognetics/Great Ideas of Psychology/L09.48 - Signal-Detection Theory.txt
/mnt/c/Users/nateg/OneDrive/Documentos/GitHub/quadrivium/cognetics/Great Ideas of Psychology/L10.48 - Perceptual Constancies and Illusions.txt
/mnt/c/Users/nateg/OneDrive/Documentos/GitHub/quadrivium/cognetics/Great Ideas of Psychology/L11.48 - Learning and Memory - Associationism - Aristotle to Ebbinghaus.txt
/mnt/c/Users/nateg/OneDrive/Documentos/GitHub/quadrivium/cognetics/Great Ideas of Psychology/L12.48 - Pavlov and the Conditioned Reflex.txt
/mnt/c/Users/nateg/OneDrive/Documentos/GitHub/quadrivium/cognetics/Great Ideas of Psychology/L13.48 - Watson and American Behaviorism.txt
/mnt/c/Users/nateg/OneDrive/Documentos/GitHub/quadrivium/cognetics/Great Ideas of Psychology/L14.48 - B.F. Skinner and Modern Behaviorism.txt
/mnt/c/Users/nateg/OneDrive/Documentos/GitHub/quadrivium/cognetics/Great Ideas of Psychology/L15.48 - B.F. Skinner and the Engineering of Society.txt
/mnt/c/Users/nateg/OneDrive/Documentos/GitHub/quadrivium/cognetics/Great Ideas of Psychology/L16.48 - Language.txt
/mnt/c/Users/nateg/OneDrive/Documentos/GitHub/quadrivium/cognetics/Great Ideas of Psychology/L17.48 - The Integration of Experience.txt
/mnt/c/Users/nateg/OneDrive/Documentos/GitHub/quadrivium/cognetics/Great Ideas of Psychology/L18.48 - Perception and Attention.txt
/mnt/c/Users/nateg/OneDrive/Documentos/GitHub/quadrivium/cognetics/Great Ideas of Psychology/L19.48 - Cognitive Maps, Insight, and Animal Minds.txt
/mnt/c/Users/nateg/OneDrive/Documentos/GitHub/quadrivium/cognetics/Great Ideas of Psychology/L20.48 - Memory Revisited - Mnemonics and Context.txt
/mnt/c/Users/nateg/OneDrive/Documentos/GitHub/quadrivium/cognetics/Great Ideas of Psychology/L21.48 - Piaget's Stage Theory of Cognitive Development.txt
/mnt/c/Users/nateg/OneDrive/Documentos/GitHub/quadrivium/cognetics/Great Ideas of Psychology/L22.48 - The Development of Moral Reasoning.txt
/mnt/c/Users/nateg/OneDrive/Documentos/GitHub/quadrivium/cognetics/Great Ideas of Psychology/L23.48 - Knowledge, Thinking, and Understanding.txt
/mnt/c/Users/nateg/OneDrive/Documentos/GitHub/quadrivium/cognetics/Great Ideas of Psychology/L24.48 - Comprehending the World of Experience - Cognition Summarized.txt
/mnt/c/Users/nateg/OneDrive/Documentos/GitHub/quadrivium/cognetics/Great Ideas of Psychology/L25.48 - Psychobiology - Nineteenth-Century Foundations.txt
/mnt/c/Users/nateg/OneDrive/Documentos/GitHub/quadrivium/cognetics/Great Ideas of Psychology/L26.48 - Language and the Brain.txt
/mnt/c/Users/nateg/OneDrive/Documentos/GitHub/quadrivium/cognetics/Great Ideas of Psychology/L27.48 - Rationality, Problem-Solving, and Brain Function.txt
/mnt/c/Users/nateg/OneDrive/Documentos/GitHub/quadrivium/cognetics/Great Ideas of Psychology/L28.48 - The Emotional Brain - The Limbic System.txt
/mnt/c/Users/nateg/OneDrive/Documentos/GitHub/quadrivium/cognetics/Great Ideas of Psychology/L29.48 - Violence and the Brain.txt
/mnt/c/Users/nateg/OneDrive/Documentos/GitHub/quadrivium/cognetics/Great Ideas of Psychology/L30.48 - Psychopathology - The Medical Model.txt
/mnt/c/Users/nateg/OneDrive/Documentos/GitHub/quadrivium/cognetics/Great Ideas of Psychology/L31.48 - Artificial Intelligence and the Neurocognitive Revolution.txt
/mnt/c/Users/nateg/OneDrive/Documentos/GitHub/quadrivium/cognetics/Great Ideas of Psychology/L32.48 - Is Artificial Intelligence Intelligent.txt
/mnt/c/Users/nateg/OneDrive/Documentos/GitHub/quadrivium/cognetics/Great Ideas of Psychology/L33.48 - What Makes an Event Social.txt
/mnt/c/Users/nateg/OneDrive/Documentos/GitHub/quadrivium/cognetics/Great Ideas of Psychology/L34.48 - Socialization - Darwin and the Natural History Method.txt
/mnt/c/Users/nateg/OneDrive/Documentos/GitHub/quadrivium/cognetics/Great Ideas of Psychology/L35.48 - Freud's Debt to Darwin.txt
/mnt/c/Users/nateg/OneDrive/Documentos/GitHub/quadrivium/cognetics/Great Ideas of Psychology/L36.48 - Freud, Breuer, and the Theory of Repression.txt
/mnt/c/Users/nateg/OneDrive/Documentos/GitHub/quadrivium/cognetics/Great Ideas of Psychology/L37.48 - Freud's Theory of Psychosexual Development.txt
/mnt/c/Users/nateg/OneDrive/Documentos/GitHub/quadrivium/cognetics/Great Ideas of Psychology/L38.48 - Critiques of Freudian Theory.txt
/mnt/c/Users/nateg/OneDrive/Documentos/GitHub/quadrivium/cognetics/Great Ideas of Psychology/L39.48 - What is Personality.txt
/mnt/c/Users/nateg/OneDrive/Documentos/GitHub/quadrivium/cognetics/Great Ideas of Psychology/L40.48 - Obedience and Conformity.txt
/mnt/c/Users/nateg/OneDrive/Documentos/GitHub/quadrivium/cognetics/Great Ideas of Psychology/L41.48 - Altruism.txt
/mnt/c/Users/nateg/OneDrive/Documentos/GitHub/quadrivium/cognetics/Great Ideas of Psychology/L42.48 - Prejudice and Self-Deception.txt
/mnt/c/Users/nateg/OneDrive/Documentos/GitHub/quadrivium/cognetics/Great Ideas of Psychology/L43.48 - On Being Sane in Insane Places.txt
/mnt/c/Users/nateg/OneDrive/Documentos/GitHub/quadrivium/cognetics/Great Ideas of Psychology/L44.48 - Intelligence.txt
/mnt/c/Users/nateg/OneDrive/Documentos/GitHub/quadrivium/cognetics/Great Ideas of Psychology/L45.48 - Personality Traits and the Problem of Assessment.txt
/mnt/c/Users/nateg/OneDrive/Documentos/GitHub/quadrivium/cognetics/Great Ideas of Psychology/L46.48 - Genetic Psychology and The Bell Curve.txt
/mnt/c/Users/nateg/OneDrive/Documentos/GitHub/quadrivium/cognetics/Great Ideas of Psychology/L47.48 - Psychological and Biological Determinism.txt
/mnt/c/Users/nateg/OneDrive/Documentos/GitHub/quadrivium/cognetics/Great Ideas of Psychology/L48.48 - Civic Development - Psychology, the Person, and the Polis.txt
