/mnt/c/Users/nateg/OneDrive/Documentos/GitHub/quadrivium/cognetics/Rise Of Humans Great Scientific Debates/01. Prof. John Hawks - Ramapithecus—Ape Man.txt
/mnt/c/Users/nateg/OneDrive/Documentos/GitHub/quadrivium/cognetics/Rise Of Humans Great Scientific Debates/02. Prof. John Hawks - Australopithecus Afarensis—Ancestor Or Not.txt
/mnt/c/Users/nateg/OneDrive/Documentos/GitHub/quadrivium/cognetics/Rise Of Humans Great Scientific Debates/03. Prof. John Hawks - Ardipithecus—Hominin Or Not.txt
/mnt/c/Users/nateg/OneDrive/Documentos/GitHub/quadrivium/cognetics/Rise Of Humans Great Scientific Debates/04. Prof. John Hawks - Brain Structure Versus Brain Size.txt
/mnt/c/Users/nateg/OneDrive/Documentos/GitHub/quadrivium/cognetics/Rise Of Humans Great Scientific Debates/05. Prof. John Hawks - The Dietary Hypothesis.txt
/mnt/c/Users/nateg/OneDrive/Documentos/GitHub/quadrivium/cognetics/Rise Of Humans Great Scientific Debates/06. Prof. John Hawks - Africa Or Asia.txt
/mnt/c/Users/nateg/OneDrive/Documentos/GitHub/quadrivium/cognetics/Rise Of Humans Great Scientific Debates/07. Prof. John Hawks - An Ape's View Of The Oldowan.txt
/mnt/c/Users/nateg/OneDrive/Documentos/GitHub/quadrivium/cognetics/Rise Of Humans Great Scientific Debates/08. Prof. John Hawks - Who Was Homo Habilis.txt
/mnt/c/Users/nateg/OneDrive/Documentos/GitHub/quadrivium/cognetics/Rise Of Humans Great Scientific Debates/09. Prof. John Hawks - How Big Was Homo Erectus.txt
/mnt/c/Users/nateg/OneDrive/Documentos/GitHub/quadrivium/cognetics/Rise Of Humans Great Scientific Debates/10. Prof. John Hawks - The Movius Line.txt
/mnt/c/Users/nateg/OneDrive/Documentos/GitHub/quadrivium/cognetics/Rise Of Humans Great Scientific Debates/11. Prof. John Hawks - The Hobbits Of Flores.txt
/mnt/c/Users/nateg/OneDrive/Documentos/GitHub/quadrivium/cognetics/Rise Of Humans Great Scientific Debates/12. Prof. John Hawks - Archaeology And Cooperation.txt
/mnt/c/Users/nateg/OneDrive/Documentos/GitHub/quadrivium/cognetics/Rise Of Humans Great Scientific Debates/13. Prof. John Hawks - Presapiens Or Preneandertal.txt
/mnt/c/Users/nateg/OneDrive/Documentos/GitHub/quadrivium/cognetics/Rise Of Humans Great Scientific Debates/14. Prof. John Hawks - What Do Stone Tools Reveal About Early Man.txt
/mnt/c/Users/nateg/OneDrive/Documentos/GitHub/quadrivium/cognetics/Rise Of Humans Great Scientific Debates/15. Prof. John Hawks - Did Neandertals Speak.txt
/mnt/c/Users/nateg/OneDrive/Documentos/GitHub/quadrivium/cognetics/Rise Of Humans Great Scientific Debates/16. Prof. John Hawks - Neandertals—Extinct Or Ancestors.txt
/mnt/c/Users/nateg/OneDrive/Documentos/GitHub/quadrivium/cognetics/Rise Of Humans Great Scientific Debates/17. Prof. John Hawks - Is Our Neandertal Heritage Important.txt
/mnt/c/Users/nateg/OneDrive/Documentos/GitHub/quadrivium/cognetics/Rise Of Humans Great Scientific Debates/18. Prof. John Hawks - Multiregional Evolution Versus Out Of Africa.txt
/mnt/c/Users/nateg/OneDrive/Documentos/GitHub/quadrivium/cognetics/Rise Of Humans Great Scientific Debates/19. Prof. John Hawks - Climate's Impact On Our Evolution.txt
/mnt/c/Users/nateg/OneDrive/Documentos/GitHub/quadrivium/cognetics/Rise Of Humans Great Scientific Debates/20. Prof. John Hawks - Language—Adaptation Or Spandrel.txt
/mnt/c/Users/nateg/OneDrive/Documentos/GitHub/quadrivium/cognetics/Rise Of Humans Great Scientific Debates/21. Prof. John Hawks - Why Did Humans Start Creating Art.txt
/mnt/c/Users/nateg/OneDrive/Documentos/GitHub/quadrivium/cognetics/Rise Of Humans Great Scientific Debates/22. Prof. John Hawks - Clovis Or Pre-Clovis.txt
/mnt/c/Users/nateg/OneDrive/Documentos/GitHub/quadrivium/cognetics/Rise Of Humans Great Scientific Debates/23. Prof. John Hawks - Farming—Migration Or Diffusion.txt
/mnt/c/Users/nateg/OneDrive/Documentos/GitHub/quadrivium/cognetics/Rise Of Humans Great Scientific Debates/24. Prof. John Hawks - Are Humans Still Evolving.txt
