/mnt/c/Users/nateg/OneDrive/Documentos/GitHub/quadrivium/cognetics/Understanding the Human Factor/01. Man The Domesticator.txt
/mnt/c/Users/nateg/OneDrive/Documentos/GitHub/quadrivium/cognetics/Understanding the Human Factor/02. The Beginnings Of Domestication.txt
/mnt/c/Users/nateg/OneDrive/Documentos/GitHub/quadrivium/cognetics/Understanding the Human Factor/03. The Basis For Settled Communities.txt
/mnt/c/Users/nateg/OneDrive/Documentos/GitHub/quadrivium/cognetics/Understanding the Human Factor/04. The Disperal And Spread Of Agriculture.txt
/mnt/c/Users/nateg/OneDrive/Documentos/GitHub/quadrivium/cognetics/Understanding the Human Factor/05. Agriculture Impacts Ecology And Geology.txt
/mnt/c/Users/nateg/OneDrive/Documentos/GitHub/quadrivium/cognetics/Understanding the Human Factor/06. You Are What You Eat, Raise, And Build.txt
/mnt/c/Users/nateg/OneDrive/Documentos/GitHub/quadrivium/cognetics/Understanding the Human Factor/07. The Domestication Of Cereal Grains.txt
/mnt/c/Users/nateg/OneDrive/Documentos/GitHub/quadrivium/cognetics/Understanding the Human Factor/08. The Oligarchy Of The Garden Patch.txt
/mnt/c/Users/nateg/OneDrive/Documentos/GitHub/quadrivium/cognetics/Understanding the Human Factor/09. The Importance Of Storage Crops.txt
/mnt/c/Users/nateg/OneDrive/Documentos/GitHub/quadrivium/cognetics/Understanding the Human Factor/10. Three of Mans Best Friends.txt
/mnt/c/Users/nateg/OneDrive/Documentos/GitHub/quadrivium/cognetics/Understanding the Human Factor/11. The Common Barnyard Domesticates.txt
/mnt/c/Users/nateg/OneDrive/Documentos/GitHub/quadrivium/cognetics/Understanding the Human Factor/12. Landraces, Breeds, And Strains.txt
/mnt/c/Users/nateg/OneDrive/Documentos/GitHub/quadrivium/cognetics/Understanding the Human Factor/13. The Columbian Exchange.txt
/mnt/c/Users/nateg/OneDrive/Documentos/GitHub/quadrivium/cognetics/Understanding the Human Factor/14. Plants That Influenced Global Culture.txt
/mnt/c/Users/nateg/OneDrive/Documentos/GitHub/quadrivium/cognetics/Understanding the Human Factor/15. Agriculture In The Age Of Reason.txt
/mnt/c/Users/nateg/OneDrive/Documentos/GitHub/quadrivium/cognetics/Understanding the Human Factor/16. Darwin, Galton, and Mendel.txt
/mnt/c/Users/nateg/OneDrive/Documentos/GitHub/quadrivium/cognetics/Understanding the Human Factor/17. Some Notable Scientific Plant Breeders.txt
/mnt/c/Users/nateg/OneDrive/Documentos/GitHub/quadrivium/cognetics/Understanding the Human Factor/18. Farming The Waters.txt
/mnt/c/Users/nateg/OneDrive/Documentos/GitHub/quadrivium/cognetics/Understanding the Human Factor/19. Domesticated Mice, Molds, And Microbes.txt
/mnt/c/Users/nateg/OneDrive/Documentos/GitHub/quadrivium/cognetics/Understanding the Human Factor/20. Our Technology-Based Global Food System.txt
/mnt/c/Users/nateg/OneDrive/Documentos/GitHub/quadrivium/cognetics/Understanding the Human Factor/21. Engineering Our Domesticates.txt
/mnt/c/Users/nateg/OneDrive/Documentos/GitHub/quadrivium/cognetics/Understanding the Human Factor/22. Novel Delivery Systems And Spare Parts.txt
/mnt/c/Users/nateg/OneDrive/Documentos/GitHub/quadrivium/cognetics/Understanding the Human Factor/23. The Age Of Industrial Farming.txt
/mnt/c/Users/nateg/OneDrive/Documentos/GitHub/quadrivium/cognetics/Understanding the Human Factor/24. The Path Forward.txt
