/mnt/c/Users/nateg/OneDrive/Documentos/GitHub/quadrivium/cognetics/Foundations of Western Civilization II/01 - The Importance of the West.txt
/mnt/c/Users/nateg/OneDrive/Documentos/GitHub/quadrivium/cognetics/Foundations of Western Civilization II/02 - Geography Is Destiny.txt
/mnt/c/Users/nateg/OneDrive/Documentos/GitHub/quadrivium/cognetics/Foundations of Western Civilization II/03 - Culture Is Destiny.txt
/mnt/c/Users/nateg/OneDrive/Documentos/GitHub/quadrivium/cognetics/Foundations of Western Civilization II/04 - Renaissance Humanism - 1350-1650.txt
/mnt/c/Users/nateg/OneDrive/Documentos/GitHub/quadrivium/cognetics/Foundations of Western Civilization II/05 - Renaissance Princes - 1450-1600.txt
/mnt/c/Users/nateg/OneDrive/Documentos/GitHub/quadrivium/cognetics/Foundations of Western Civilization II/06 - The New World & the Old - 1400-1650.txt
/mnt/c/Users/nateg/OneDrive/Documentos/GitHub/quadrivium/cognetics/Foundations of Western Civilization II/07 - The Protestant Reformation - 1500-22.txt
/mnt/c/Users/nateg/OneDrive/Documentos/GitHub/quadrivium/cognetics/Foundations of Western Civilization II/08 - The Wars of Religion - 1523-1648.txt
/mnt/c/Users/nateg/OneDrive/Documentos/GitHub/quadrivium/cognetics/Foundations of Western Civilization II/09 - Rational & Scientific Revolutions - 1450-1650.txt
/mnt/c/Users/nateg/OneDrive/Documentos/GitHub/quadrivium/cognetics/Foundations of Western Civilization II/10 - French Absolutism - 1589-1715.txt
/mnt/c/Users/nateg/OneDrive/Documentos/GitHub/quadrivium/cognetics/Foundations of Western Civilization II/11 - English Constitutionalism - 1603-49.txt
/mnt/c/Users/nateg/OneDrive/Documentos/GitHub/quadrivium/cognetics/Foundations of Western Civilization II/12 - English Constitutionalism - 1649-89.txt
/mnt/c/Users/nateg/OneDrive/Documentos/GitHub/quadrivium/cognetics/Foundations of Western Civilization II/13 - War, Trade, Empire - 1688-1702.txt
/mnt/c/Users/nateg/OneDrive/Documentos/GitHub/quadrivium/cognetics/Foundations of Western Civilization II/14 - War, Trade, Empire - 1702-14.txt
/mnt/c/Users/nateg/OneDrive/Documentos/GitHub/quadrivium/cognetics/Foundations of Western Civilization II/15 - War, Trade, Empire - 1714-63.txt
/mnt/c/Users/nateg/OneDrive/Documentos/GitHub/quadrivium/cognetics/Foundations of Western Civilization II/16 - Life Under the Ancien Regime - 1689-1789.txt
/mnt/c/Users/nateg/OneDrive/Documentos/GitHub/quadrivium/cognetics/Foundations of Western Civilization II/17 - Enlightenment and Despotism.txt
/mnt/c/Users/nateg/OneDrive/Documentos/GitHub/quadrivium/cognetics/Foundations of Western Civilization II/18 - The American Revolution.txt
/mnt/c/Users/nateg/OneDrive/Documentos/GitHub/quadrivium/cognetics/Foundations of Western Civilization II/19 - The French Revolution - 1789-92.txt
/mnt/c/Users/nateg/OneDrive/Documentos/GitHub/quadrivium/cognetics/Foundations of Western Civilization II/20 - The French Revolution - 1792-1803.txt
/mnt/c/Users/nateg/OneDrive/Documentos/GitHub/quadrivium/cognetics/Foundations of Western Civilization II/21 - The Napoleonic Empire - 1803-15.txt
/mnt/c/Users/nateg/OneDrive/Documentos/GitHub/quadrivium/cognetics/Foundations of Western Civilization II/22 - Beginnings of Industrialization - 1760-1850.txt
/mnt/c/Users/nateg/OneDrive/Documentos/GitHub/quadrivium/cognetics/Foundations of Western Civilization II/23 - Consequences of Industrialization - 1760-1850.txt
/mnt/c/Users/nateg/OneDrive/Documentos/GitHub/quadrivium/cognetics/Foundations of Western Civilization II/24 - The Liberal Response - 1776-1861.txt
/mnt/c/Users/nateg/OneDrive/Documentos/GitHub/quadrivium/cognetics/Foundations of Western Civilization II/25 - The Romantic Response - 1789-1870.txt
/mnt/c/Users/nateg/OneDrive/Documentos/GitHub/quadrivium/cognetics/Foundations of Western Civilization II/26 - The Socialist Response - 1813-1905.txt
/mnt/c/Users/nateg/OneDrive/Documentos/GitHub/quadrivium/cognetics/Foundations of Western Civilization II/27 - Descent of Man, Rise of Woman - 1830-90.txt
/mnt/c/Users/nateg/OneDrive/Documentos/GitHub/quadrivium/cognetics/Foundations of Western Civilization II/28 - Nationalism - 1815-48.txt
/mnt/c/Users/nateg/OneDrive/Documentos/GitHub/quadrivium/cognetics/Foundations of Western Civilization II/29 - Nationalism - 1848-71.txt
/mnt/c/Users/nateg/OneDrive/Documentos/GitHub/quadrivium/cognetics/Foundations of Western Civilization II/30 - Imperial Rivalry - 1870-1914.txt
/mnt/c/Users/nateg/OneDrive/Documentos/GitHub/quadrivium/cognetics/Foundations of Western Civilization II/31 - Industrial Rivalry - 1870-1914.txt
/mnt/c/Users/nateg/OneDrive/Documentos/GitHub/quadrivium/cognetics/Foundations of Western Civilization II/32 - The Alliance System - 1872-1914.txt
/mnt/c/Users/nateg/OneDrive/Documentos/GitHub/quadrivium/cognetics/Foundations of Western Civilization II/33 - Decadence and Malaise - circa 1900.txt
/mnt/c/Users/nateg/OneDrive/Documentos/GitHub/quadrivium/cognetics/Foundations of Western Civilization II/34 - The Great War Begins - 1914-16.txt
/mnt/c/Users/nateg/OneDrive/Documentos/GitHub/quadrivium/cognetics/Foundations of Western Civilization II/35 - Breaking the Deadlock - 1915-17.txt
/mnt/c/Users/nateg/OneDrive/Documentos/GitHub/quadrivium/cognetics/Foundations of Western Civilization II/36 - The Russian Revolution - 1917-22.txt
/mnt/c/Users/nateg/OneDrive/Documentos/GitHub/quadrivium/cognetics/Foundations of Western Civilization II/37 - The End of the War - 1917-22.txt
/mnt/c/Users/nateg/OneDrive/Documentos/GitHub/quadrivium/cognetics/Foundations of Western Civilization II/38 - Recovery & Depression in the West - 1919-36.txt
/mnt/c/Users/nateg/OneDrive/Documentos/GitHub/quadrivium/cognetics/Foundations of Western Civilization II/39 - Totalitarian Russia - 1918-39.txt
/mnt/c/Users/nateg/OneDrive/Documentos/GitHub/quadrivium/cognetics/Foundations of Western Civilization II/40 - Fascist Italy, Nazi Germany - 1922-36.txt
/mnt/c/Users/nateg/OneDrive/Documentos/GitHub/quadrivium/cognetics/Foundations of Western Civilization II/41 - The Holocaust - 1933-45.txt
/mnt/c/Users/nateg/OneDrive/Documentos/GitHub/quadrivium/cognetics/Foundations of Western Civilization II/42 - The Failure of Diplomacy - 1935-39.txt
/mnt/c/Users/nateg/OneDrive/Documentos/GitHub/quadrivium/cognetics/Foundations of Western Civilization II/43 - World War II - 1939-42.txt
/mnt/c/Users/nateg/OneDrive/Documentos/GitHub/quadrivium/cognetics/Foundations of Western Civilization II/44 - World War II - 1942-45.txt
/mnt/c/Users/nateg/OneDrive/Documentos/GitHub/quadrivium/cognetics/Foundations of Western Civilization II/45 - American Hegemony, Soviet Challenge - 1945-75.txt
/mnt/c/Users/nateg/OneDrive/Documentos/GitHub/quadrivium/cognetics/Foundations of Western Civilization II/46 - Rebuilding Europe - 1945-85.txt
/mnt/c/Users/nateg/OneDrive/Documentos/GitHub/quadrivium/cognetics/Foundations of Western Civilization II/47 - The New Europe - 1985-2001.txt
/mnt/c/Users/nateg/OneDrive/Documentos/GitHub/quadrivium/cognetics/Foundations of Western Civilization II/48 - The Meaning of Western Civilization.txt
