/mnt/c/Users/nateg/OneDrive/Documentos/GitHub/quadrivium/cognetics/History Of Science 1700 -1900/01-Science in the 18th and 19th Centuries.txt
/mnt/c/Users/nateg/OneDrive/Documentos/GitHub/quadrivium/cognetics/History Of Science 1700 -1900/02-Consolidating Newton's Achievement.txt
/mnt/c/Users/nateg/OneDrive/Documentos/GitHub/quadrivium/cognetics/History Of Science 1700 -1900/03-Theories of the Earth.txt
/mnt/c/Users/nateg/OneDrive/Documentos/GitHub/quadrivium/cognetics/History Of Science 1700 -1900/04-Grappling with Rock Formations.txt
/mnt/c/Users/nateg/OneDrive/Documentos/GitHub/quadrivium/cognetics/History Of Science 1700 -1900/05-Alchemy under Pressure.txt
/mnt/c/Users/nateg/OneDrive/Documentos/GitHub/quadrivium/cognetics/History Of Science 1700 -1900/06-Lavoisier and the New French Chemistry.txt
/mnt/c/Users/nateg/OneDrive/Documentos/GitHub/quadrivium/cognetics/History Of Science 1700 -1900/07-The Classification of Living Things.txt
/mnt/c/Users/nateg/OneDrive/Documentos/GitHub/quadrivium/cognetics/History Of Science 1700 -1900/08-How the Embryo Develops.txt
/mnt/c/Users/nateg/OneDrive/Documentos/GitHub/quadrivium/cognetics/History Of Science 1700 -1900/09-Medical Healers and Their Roles.txt
/mnt/c/Users/nateg/OneDrive/Documentos/GitHub/quadrivium/cognetics/History Of Science 1700 -1900/10-Mesmerism, Science, and the French Revolution.txt
/mnt/c/Users/nateg/OneDrive/Documentos/GitHub/quadrivium/cognetics/History Of Science 1700 -1900/11-Explaining Electricity.txt
/mnt/c/Users/nateg/OneDrive/Documentos/GitHub/quadrivium/cognetics/History Of Science 1700 -1900/12-The Amazing Achievements of Galvani and Volta.txt
/mnt/c/Users/nateg/OneDrive/Documentos/GitHub/quadrivium/cognetics/History Of Science 1700 -1900/13-Biology is Born.txt
/mnt/c/Users/nateg/OneDrive/Documentos/GitHub/quadrivium/cognetics/History Of Science 1700 -1900/14-Alternative Visions of Natural Science.txt
/mnt/c/Users/nateg/OneDrive/Documentos/GitHub/quadrivium/cognetics/History Of Science 1700 -1900/15-A World of Prehistoric Beasts.txt
/mnt/c/Users/nateg/OneDrive/Documentos/GitHub/quadrivium/cognetics/History Of Science 1700 -1900/16-Evolution French Style.txt
/mnt/c/Users/nateg/OneDrive/Documentos/GitHub/quadrivium/cognetics/History Of Science 1700 -1900/17-The Catastrophist Synthesis.txt
/mnt/c/Users/nateg/OneDrive/Documentos/GitHub/quadrivium/cognetics/History Of Science 1700 -1900/18-Exploring the World.txt
/mnt/c/Users/nateg/OneDrive/Documentos/GitHub/quadrivium/cognetics/History Of Science 1700 -1900/19-A Victorian Sensation.txt
/mnt/c/Users/nateg/OneDrive/Documentos/GitHub/quadrivium/cognetics/History Of Science 1700 -1900/20-The Making of The Origin of Species.txt
/mnt/c/Users/nateg/OneDrive/Documentos/GitHub/quadrivium/cognetics/History Of Science 1700 -1900/21-Troubles with Darwin's Theory.txt
/mnt/c/Users/nateg/OneDrive/Documentos/GitHub/quadrivium/cognetics/History Of Science 1700 -1900/22-Science, Life, and Disease.txt
/mnt/c/Users/nateg/OneDrive/Documentos/GitHub/quadrivium/cognetics/History Of Science 1700 -1900/23-Human Society and the Struggle for Existence.txt
/mnt/c/Users/nateg/OneDrive/Documentos/GitHub/quadrivium/cognetics/History Of Science 1700 -1900/24-Whither God.txt
/mnt/c/Users/nateg/OneDrive/Documentos/GitHub/quadrivium/cognetics/History Of Science 1700 -1900/25-Forces, Forces Everywhere.txt
/mnt/c/Users/nateg/OneDrive/Documentos/GitHub/quadrivium/cognetics/History Of Science 1700 -1900/26-Electromagnetism Changes Everything.txt
/mnt/c/Users/nateg/OneDrive/Documentos/GitHub/quadrivium/cognetics/History Of Science 1700 -1900/27-French Insights About Heat.txt
/mnt/c/Users/nateg/OneDrive/Documentos/GitHub/quadrivium/cognetics/History Of Science 1700 -1900/28-New Institutions of Natural Science.txt
/mnt/c/Users/nateg/OneDrive/Documentos/GitHub/quadrivium/cognetics/History Of Science 1700 -1900/29-The Conservation of What.txt
/mnt/c/Users/nateg/OneDrive/Documentos/GitHub/quadrivium/cognetics/History Of Science 1700 -1900/30-Culture Wars and Thermodynamics.txt
/mnt/c/Users/nateg/OneDrive/Documentos/GitHub/quadrivium/cognetics/History Of Science 1700 -1900/31-Scientific Materialism at Mid-Century.txt
/mnt/c/Users/nateg/OneDrive/Documentos/GitHub/quadrivium/cognetics/History Of Science 1700 -1900/32-The Mechanics of Molecules.txt
/mnt/c/Users/nateg/OneDrive/Documentos/GitHub/quadrivium/cognetics/History Of Science 1700 -1900/33-Astronomical Achievement.txt
/mnt/c/Users/nateg/OneDrive/Documentos/GitHub/quadrivium/cognetics/History Of Science 1700 -1900/34-The Extra-Terrestrial Life Fiasco.txt
/mnt/c/Users/nateg/OneDrive/Documentos/GitHub/quadrivium/cognetics/History Of Science 1700 -1900/35-Catching Up With Light.txt
/mnt/c/Users/nateg/OneDrive/Documentos/GitHub/quadrivium/cognetics/History Of Science 1700 -1900/36-The End of Science.txt
