/mnt/c/Users/nateg/OneDrive/Documentos/GitHub/quadrivium/cognetics/Understanding Greek and Roman Technology/Lect.01 Technology in the Classical World.txt
/mnt/c/Users/nateg/OneDrive/Documentos/GitHub/quadrivium/cognetics/Understanding Greek and Roman Technology/Lect.02 The Substance of TechnologyMaterials.txt
/mnt/c/Users/nateg/OneDrive/Documentos/GitHub/quadrivium/cognetics/Understanding Greek and Roman Technology/Lect.03 From Quarry to TempleBuilding in Stone.txt
/mnt/c/Users/nateg/OneDrive/Documentos/GitHub/quadrivium/cognetics/Understanding Greek and Roman Technology/Lect.04 Stone Masonry PerfectedThe Greek Temple.txt
/mnt/c/Users/nateg/OneDrive/Documentos/GitHub/quadrivium/cognetics/Understanding Greek and Roman Technology/Lect.05 From Temple to BasilicaTimber Roof Systems.txt
/mnt/c/Users/nateg/OneDrive/Documentos/GitHub/quadrivium/cognetics/Understanding Greek and Roman Technology/Lect.06 Construction RevolutionArches and Concrete.txt
/mnt/c/Users/nateg/OneDrive/Documentos/GitHub/quadrivium/cognetics/Understanding Greek and Roman Technology/Lect.07 Construction in TransitionThe Colosseum.txt
/mnt/c/Users/nateg/OneDrive/Documentos/GitHub/quadrivium/cognetics/Understanding Greek and Roman Technology/Lect.08 The Genesis of a New Imperial Architecture.txt
/mnt/c/Users/nateg/OneDrive/Documentos/GitHub/quadrivium/cognetics/Understanding Greek and Roman Technology/Lect.09 The Most Celebrated EdificeThe Pantheon.txt
/mnt/c/Users/nateg/OneDrive/Documentos/GitHub/quadrivium/cognetics/Understanding Greek and Roman Technology/Lect.10 Cities by DesignThe Rise of Urban Planning.txt
/mnt/c/Users/nateg/OneDrive/Documentos/GitHub/quadrivium/cognetics/Understanding Greek and Roman Technology/Lect.11 Connecting the EmpireRoads and Bridges.txt
/mnt/c/Users/nateg/OneDrive/Documentos/GitHub/quadrivium/cognetics/Understanding Greek and Roman Technology/Lect.12 From Source to CityWater Supply Systems.txt
/mnt/c/Users/nateg/OneDrive/Documentos/GitHub/quadrivium/cognetics/Understanding Greek and Roman Technology/Lect.13 Engineering a Roman Aqueduct.txt
/mnt/c/Users/nateg/OneDrive/Documentos/GitHub/quadrivium/cognetics/Understanding Greek and Roman Technology/Lect.14 Go with the FlowUrban Water Distribution.txt
/mnt/c/Users/nateg/OneDrive/Documentos/GitHub/quadrivium/cognetics/Understanding Greek and Roman Technology/Lect.15 Paradigm and ParagonImperial Roman Baths.txt
/mnt/c/Users/nateg/OneDrive/Documentos/GitHub/quadrivium/cognetics/Understanding Greek and Roman Technology/Lect.16 Harnessing Animal PowerLand Transportation.txt
/mnt/c/Users/nateg/OneDrive/Documentos/GitHub/quadrivium/cognetics/Understanding Greek and Roman Technology/Lect.17 Leveraging Human PowerConstruction Cranes.txt
/mnt/c/Users/nateg/OneDrive/Documentos/GitHub/quadrivium/cognetics/Understanding Greek and Roman Technology/Lect.18 Lifting Water with Human Power.txt
/mnt/c/Users/nateg/OneDrive/Documentos/GitHub/quadrivium/cognetics/Understanding Greek and Roman Technology/Lect.19 Milling Grain with Water Power.txt
/mnt/c/Users/nateg/OneDrive/Documentos/GitHub/quadrivium/cognetics/Understanding Greek and Roman Technology/Lect.20 Machines at WarSiege Towers and Rams.txt
/mnt/c/Users/nateg/OneDrive/Documentos/GitHub/quadrivium/cognetics/Understanding Greek and Roman Technology/Lect.21 Machines at WarEvolution of the Catapult.txt
/mnt/c/Users/nateg/OneDrive/Documentos/GitHub/quadrivium/cognetics/Understanding Greek and Roman Technology/Lect.22 Machines at SeaAncient Ships.txt
/mnt/c/Users/nateg/OneDrive/Documentos/GitHub/quadrivium/cognetics/Understanding Greek and Roman Technology/Lect.23 Reconstructing the Greek Trireme.txt
/mnt/c/Users/nateg/OneDrive/Documentos/GitHub/quadrivium/cognetics/Understanding Greek and Roman Technology/Lect.24 The Modern Legacy of Ancient Technology.txt
