/mnt/c/Users/nateg/OneDrive/Documentos/GitHub/quadrivium/cognetics/The Spiritual Brain/01 A New Perspective on Ancient Questions.txt
/mnt/c/Users/nateg/OneDrive/Documentos/GitHub/quadrivium/cognetics/The Spiritual Brain/02 Why Do We Have a Spiritual Brain.txt
/mnt/c/Users/nateg/OneDrive/Documentos/GitHub/quadrivium/cognetics/The Spiritual Brain/03 Brain Function and Religion.txt
/mnt/c/Users/nateg/OneDrive/Documentos/GitHub/quadrivium/cognetics/The Spiritual Brain/04 How Does Science Study Religion.txt
/mnt/c/Users/nateg/OneDrive/Documentos/GitHub/quadrivium/cognetics/The Spiritual Brain/05 Believers and Atheists.txt
/mnt/c/Users/nateg/OneDrive/Documentos/GitHub/quadrivium/cognetics/The Spiritual Brain/06 Spiritual Development.txt
/mnt/c/Users/nateg/OneDrive/Documentos/GitHub/quadrivium/cognetics/The Spiritual Brain/07 The Myth-Making Brain.txt
/mnt/c/Users/nateg/OneDrive/Documentos/GitHub/quadrivium/cognetics/The Spiritual Brain/08 The Brain and Religious Rituals.txt
/mnt/c/Users/nateg/OneDrive/Documentos/GitHub/quadrivium/cognetics/The Spiritual Brain/09 The Biology of Spiritual Practices.txt
/mnt/c/Users/nateg/OneDrive/Documentos/GitHub/quadrivium/cognetics/The Spiritual Brain/10 Religion and Health.txt
/mnt/c/Users/nateg/OneDrive/Documentos/GitHub/quadrivium/cognetics/The Spiritual Brain/11 Religion and Mental Health.txt
/mnt/c/Users/nateg/OneDrive/Documentos/GitHub/quadrivium/cognetics/The Spiritual Brain/12 Religion and Brain Dysfunction.txt
/mnt/c/Users/nateg/OneDrive/Documentos/GitHub/quadrivium/cognetics/The Spiritual Brain/13 Transmitters to God.txt
/mnt/c/Users/nateg/OneDrive/Documentos/GitHub/quadrivium/cognetics/The Spiritual Brain/14 Stimulated States and Religious Experiences.txt
/mnt/c/Users/nateg/OneDrive/Documentos/GitHub/quadrivium/cognetics/The Spiritual Brain/15 Near-Death Experiences and the Brain.txt
/mnt/c/Users/nateg/OneDrive/Documentos/GitHub/quadrivium/cognetics/The Spiritual Brain/16 The Believing Brain.txt
/mnt/c/Users/nateg/OneDrive/Documentos/GitHub/quadrivium/cognetics/The Spiritual Brain/17 The Brain’s Influence on Religious Ideas.txt
/mnt/c/Users/nateg/OneDrive/Documentos/GitHub/quadrivium/cognetics/The Spiritual Brain/18 Revelation, Salvation, and the Brain.txt
/mnt/c/Users/nateg/OneDrive/Documentos/GitHub/quadrivium/cognetics/The Spiritual Brain/19 The Brain’s Influence on Religious Behavior.txt
/mnt/c/Users/nateg/OneDrive/Documentos/GitHub/quadrivium/cognetics/The Spiritual Brain/20 How the Brain Changes God.txt
/mnt/c/Users/nateg/OneDrive/Documentos/GitHub/quadrivium/cognetics/The Spiritual Brain/21 How God Changes the Brain.txt
/mnt/c/Users/nateg/OneDrive/Documentos/GitHub/quadrivium/cognetics/The Spiritual Brain/22 Why God Won’t Go Away.txt
/mnt/c/Users/nateg/OneDrive/Documentos/GitHub/quadrivium/cognetics/The Spiritual Brain/23 The Mystical Mind.txt
/mnt/c/Users/nateg/OneDrive/Documentos/GitHub/quadrivium/cognetics/The Spiritual Brain/24 Reality and Beyond.txt
