/mnt/c/Users/nateg/OneDrive/Documentos/GitHub/quadrivium/cognetics/The Other Side of History/01. Taking on the Other Side of History.txt
/mnt/c/Users/nateg/OneDrive/Documentos/GitHub/quadrivium/cognetics/The Other Side of History/02. Being Paleolithic.txt
/mnt/c/Users/nateg/OneDrive/Documentos/GitHub/quadrivium/cognetics/The Other Side of History/03. Living in Mesopotamia.txt
/mnt/c/Users/nateg/OneDrive/Documentos/GitHub/quadrivium/cognetics/The Other Side of History/04. Being Egyptian.txt
/mnt/c/Users/nateg/OneDrive/Documentos/GitHub/quadrivium/cognetics/The Other Side of History/05. Belonging to an Egyptian Family.txt
/mnt/c/Users/nateg/OneDrive/Documentos/GitHub/quadrivium/cognetics/The Other Side of History/06. Multiple, Complex, and Changing Goals.txt
/mnt/c/Users/nateg/OneDrive/Documentos/GitHub/quadrivium/cognetics/The Other Side of History/07. Being a Dead Egyptian.txt
/mnt/c/Users/nateg/OneDrive/Documentos/GitHub/quadrivium/cognetics/The Other Side of History/08. Being an Egyptian Worker.txt
/mnt/c/Users/nateg/OneDrive/Documentos/GitHub/quadrivium/cognetics/The Other Side of History/09. Being Minoan and Mycenaean.txt
/mnt/c/Users/nateg/OneDrive/Documentos/GitHub/quadrivium/cognetics/The Other Side of History/10. Being Greek.txt
/mnt/c/Users/nateg/OneDrive/Documentos/GitHub/quadrivium/cognetics/The Other Side of History/11. Growing Up Greek.txt
/mnt/c/Users/nateg/OneDrive/Documentos/GitHub/quadrivium/cognetics/The Other Side of History/12. Being a Greek Slave.txt
/mnt/c/Users/nateg/OneDrive/Documentos/GitHub/quadrivium/cognetics/The Other Side of History/13. Being a Greek Soldier or Sailor.txt
/mnt/c/Users/nateg/OneDrive/Documentos/GitHub/quadrivium/cognetics/The Other Side of History/14. Being a Greek Woman.txt
/mnt/c/Users/nateg/OneDrive/Documentos/GitHub/quadrivium/cognetics/The Other Side of History/15. Relaxing Greek Style.txt
/mnt/c/Users/nateg/OneDrive/Documentos/GitHub/quadrivium/cognetics/The Other Side of History/16. Being a Greek Refugee.txt
/mnt/c/Users/nateg/OneDrive/Documentos/GitHub/quadrivium/cognetics/The Other Side of History/17. Being a Sick or Disabled Greek.txt
/mnt/c/Users/nateg/OneDrive/Documentos/GitHub/quadrivium/cognetics/The Other Side of History/18. Practicing Greek Religion.txt
/mnt/c/Users/nateg/OneDrive/Documentos/GitHub/quadrivium/cognetics/The Other Side of History/19. Being an Old Greek.txt
/mnt/c/Users/nateg/OneDrive/Documentos/GitHub/quadrivium/cognetics/The Other Side of History/20. Being a Dead Greek.txt
/mnt/c/Users/nateg/OneDrive/Documentos/GitHub/quadrivium/cognetics/The Other Side of History/21. Being Persian.txt
/mnt/c/Users/nateg/OneDrive/Documentos/GitHub/quadrivium/cognetics/The Other Side of History/22. Living in Hellenistic Egypt.txt
/mnt/c/Users/nateg/OneDrive/Documentos/GitHub/quadrivium/cognetics/The Other Side of History/23. Being Roman.txt
/mnt/c/Users/nateg/OneDrive/Documentos/GitHub/quadrivium/cognetics/The Other Side of History/24. Being a Roman Slave.txt
/mnt/c/Users/nateg/OneDrive/Documentos/GitHub/quadrivium/cognetics/The Other Side of History/25. Being a Roman Soldier.txt
/mnt/c/Users/nateg/OneDrive/Documentos/GitHub/quadrivium/cognetics/The Other Side of History/26. Being a Roman Woman.txt
/mnt/c/Users/nateg/OneDrive/Documentos/GitHub/quadrivium/cognetics/The Other Side of History/27. Being a Poor Roman.txt
/mnt/c/Users/nateg/OneDrive/Documentos/GitHub/quadrivium/cognetics/The Other Side of History/28. Being a Rich Roman.txt
/mnt/c/Users/nateg/OneDrive/Documentos/GitHub/quadrivium/cognetics/The Other Side of History/29. Being a Roman Celebrity.txt
/mnt/c/Users/nateg/OneDrive/Documentos/GitHub/quadrivium/cognetics/The Other Side of History/30. Being a Roman Criminal.txt
/mnt/c/Users/nateg/OneDrive/Documentos/GitHub/quadrivium/cognetics/The Other Side of History/31. Relaxing Roman Style.txt
/mnt/c/Users/nateg/OneDrive/Documentos/GitHub/quadrivium/cognetics/The Other Side of History/32. Practicing Roman Religion.txt
/mnt/c/Users/nateg/OneDrive/Documentos/GitHub/quadrivium/cognetics/The Other Side of History/33. Being Jewish under Roman Rule.txt
/mnt/c/Users/nateg/OneDrive/Documentos/GitHub/quadrivium/cognetics/The Other Side of History/34. Being Christian under Roman Rule.txt
/mnt/c/Users/nateg/OneDrive/Documentos/GitHub/quadrivium/cognetics/The Other Side of History/35. Being a Celt in Ancient Britain.txt
/mnt/c/Users/nateg/OneDrive/Documentos/GitHub/quadrivium/cognetics/The Other Side of History/36. Being a Roman Briton.txt
/mnt/c/Users/nateg/OneDrive/Documentos/GitHub/quadrivium/cognetics/The Other Side of History/37. Being Anglo-Saxon.txt
/mnt/c/Users/nateg/OneDrive/Documentos/GitHub/quadrivium/cognetics/The Other Side of History/38. Being a Viking Raider.txt
/mnt/c/Users/nateg/OneDrive/Documentos/GitHub/quadrivium/cognetics/The Other Side of History/39. Living under Norman Rule.txt
/mnt/c/Users/nateg/OneDrive/Documentos/GitHub/quadrivium/cognetics/The Other Side of History/40. Being Medieval.txt
/mnt/c/Users/nateg/OneDrive/Documentos/GitHub/quadrivium/cognetics/The Other Side of History/41. Being Poor in the Middle Ages.txt
/mnt/c/Users/nateg/OneDrive/Documentos/GitHub/quadrivium/cognetics/The Other Side of History/42. Being a Medieval Woman.txt
/mnt/c/Users/nateg/OneDrive/Documentos/GitHub/quadrivium/cognetics/The Other Side of History/43. Being a Medieval Christian or Heretic.txt
/mnt/c/Users/nateg/OneDrive/Documentos/GitHub/quadrivium/cognetics/The Other Side of History/44. Being a Medieval Knight.txt
/mnt/c/Users/nateg/OneDrive/Documentos/GitHub/quadrivium/cognetics/The Other Side of History/45. Being a Crusader.txt
/mnt/c/Users/nateg/OneDrive/Documentos/GitHub/quadrivium/cognetics/The Other Side of History/46. Being a Pilgrim.txt
/mnt/c/Users/nateg/OneDrive/Documentos/GitHub/quadrivium/cognetics/The Other Side of History/47. Relaxing Medieval Style.txt
/mnt/c/Users/nateg/OneDrive/Documentos/GitHub/quadrivium/cognetics/The Other Side of History/48. Daily Life Matters.txt
