/mnt/c/Users/nateg/OneDrive/Documentos/GitHub/quadrivium/cognetics/Human Body/01 - The Concept and Study of Adulthood.txt
/mnt/c/Users/nateg/OneDrive/Documentos/GitHub/quadrivium/cognetics/Human Body/02 - Physical Development in Puberty.txt
/mnt/c/Users/nateg/OneDrive/Documentos/GitHub/quadrivium/cognetics/Human Body/03 - Sexual Maturation and Behavior.txt
/mnt/c/Users/nateg/OneDrive/Documentos/GitHub/quadrivium/cognetics/Human Body/04 - Intellectual and Emotional Development.txt
/mnt/c/Users/nateg/OneDrive/Documentos/GitHub/quadrivium/cognetics/Human Body/05 - Transition to Adulthood - The Self and Others.txt
/mnt/c/Users/nateg/OneDrive/Documentos/GitHub/quadrivium/cognetics/Human Body/06 - Career Choice and Development.txt
/mnt/c/Users/nateg/OneDrive/Documentos/GitHub/quadrivium/cognetics/Human Body/07 - Intimacy and Love.txt
/mnt/c/Users/nateg/OneDrive/Documentos/GitHub/quadrivium/cognetics/Human Body/08 - Marriage and Parenthood.txt
/mnt/c/Users/nateg/OneDrive/Documentos/GitHub/quadrivium/cognetics/Human Body/09 - Marital Satisfaction.txt
/mnt/c/Users/nateg/OneDrive/Documentos/GitHub/quadrivium/cognetics/Human Body/10 - Mid-Life - Biological Aspects.txt
/mnt/c/Users/nateg/OneDrive/Documentos/GitHub/quadrivium/cognetics/Human Body/11 - Midlife - Transition and Crisis.txt
/mnt/c/Users/nateg/OneDrive/Documentos/GitHub/quadrivium/cognetics/Human Body/12 - Sexual Function and Dysfunction.txt
/mnt/c/Users/nateg/OneDrive/Documentos/GitHub/quadrivium/cognetics/Human Body/13 - Biology of Aging and Health.txt
/mnt/c/Users/nateg/OneDrive/Documentos/GitHub/quadrivium/cognetics/Human Body/14 - Psychosocial Aspects of Aging.txt
/mnt/c/Users/nateg/OneDrive/Documentos/GitHub/quadrivium/cognetics/Human Body/15 - Personality - Consistency and Change.txt
/mnt/c/Users/nateg/OneDrive/Documentos/GitHub/quadrivium/cognetics/Human Body/16 - Death and Mourning.txt
/mnt/c/Users/nateg/OneDrive/Documentos/GitHub/quadrivium/cognetics/Human Body/17. Shock - Principles and Hypovolemic Shock.txt
/mnt/c/Users/nateg/OneDrive/Documentos/GitHub/quadrivium/cognetics/Human Body/18. Categories of Shock.txt
/mnt/c/Users/nateg/OneDrive/Documentos/GitHub/quadrivium/cognetics/Human Body/19. Cancer - The Enemy Within.txt
/mnt/c/Users/nateg/OneDrive/Documentos/GitHub/quadrivium/cognetics/Human Body/20. Environmental Carcinogens.txt
/mnt/c/Users/nateg/OneDrive/Documentos/GitHub/quadrivium/cognetics/Human Body/21. Mechanisms of Carcinogenesis.txt
/mnt/c/Users/nateg/OneDrive/Documentos/GitHub/quadrivium/cognetics/Human Body/22. Invasion, Metastasis, and Angiogenesis.txt
/mnt/c/Users/nateg/OneDrive/Documentos/GitHub/quadrivium/cognetics/Human Body/23. Treatment - Surgery, Radiation, Chemotherapy.txt
/mnt/c/Users/nateg/OneDrive/Documentos/GitHub/quadrivium/cognetics/Human Body/24. How We Heal.txt
