/mnt/c/Users/nateg/OneDrive/Documentos/GitHub/quadrivium/cognetics/Meaning of Life/00. Professor Bio.txt
/mnt/c/Users/nateg/OneDrive/Documentos/GitHub/quadrivium/cognetics/Meaning of Life/01. The Meaning of the Meaning of Life.txt
/mnt/c/Users/nateg/OneDrive/Documentos/GitHub/quadrivium/cognetics/Meaning of Life/02. The Bhagavad-Gita—Choice and Daily Life.txt
/mnt/c/Users/nateg/OneDrive/Documentos/GitHub/quadrivium/cognetics/Meaning of Life/03. The Bhagavad-Gita—Discipline and Duty.txt
/mnt/c/Users/nateg/OneDrive/Documentos/GitHub/quadrivium/cognetics/Meaning of Life/04. The Bhagavad-Gita—Union and Purpose.txt
/mnt/c/Users/nateg/OneDrive/Documentos/GitHub/quadrivium/cognetics/Meaning of Life/05. Aristotle on Life—The Big Picture.txt
/mnt/c/Users/nateg/OneDrive/Documentos/GitHub/quadrivium/cognetics/Meaning of Life/06. Aristotle—The Highest Good.txt
/mnt/c/Users/nateg/OneDrive/Documentos/GitHub/quadrivium/cognetics/Meaning of Life/07. Aristotle—The Happy Life.txt
/mnt/c/Users/nateg/OneDrive/Documentos/GitHub/quadrivium/cognetics/Meaning of Life/08. Job's Predicament—Life Is So Unfair.txt
/mnt/c/Users/nateg/OneDrive/Documentos/GitHub/quadrivium/cognetics/Meaning of Life/09. Job's Challenge—Who Are We.txt
/mnt/c/Users/nateg/OneDrive/Documentos/GitHub/quadrivium/cognetics/Meaning of Life/10. Stoicism—Rationality and Acceptance.txt
/mnt/c/Users/nateg/OneDrive/Documentos/GitHub/quadrivium/cognetics/Meaning of Life/11. Human Finitude—The Epicurean Synthesis.txt
/mnt/c/Users/nateg/OneDrive/Documentos/GitHub/quadrivium/cognetics/Meaning of Life/12. Confucius—Order in the Cosmos and in Life.txt
/mnt/c/Users/nateg/OneDrive/Documentos/GitHub/quadrivium/cognetics/Meaning of Life/13. Daodejing—The Dao of Life and Spontaneity.txt
/mnt/c/Users/nateg/OneDrive/Documentos/GitHub/quadrivium/cognetics/Meaning of Life/14. Daodejing—The Best Life Is a Simple Life.txt
/mnt/c/Users/nateg/OneDrive/Documentos/GitHub/quadrivium/cognetics/Meaning of Life/15. Daodejing—Subtlety and Paradox.txt
/mnt/c/Users/nateg/OneDrive/Documentos/GitHub/quadrivium/cognetics/Meaning of Life/16. Zhuangzi on Daoism—Impermanence and Harmony.txt
/mnt/c/Users/nateg/OneDrive/Documentos/GitHub/quadrivium/cognetics/Meaning of Life/17. The Teachings of the Buddha.txt
/mnt/c/Users/nateg/OneDrive/Documentos/GitHub/quadrivium/cognetics/Meaning of Life/18. Santideva—Mahayana Buddhism.txt
/mnt/c/Users/nateg/OneDrive/Documentos/GitHub/quadrivium/cognetics/Meaning of Life/19. Santideva—Transforming the Mind.txt
/mnt/c/Users/nateg/OneDrive/Documentos/GitHub/quadrivium/cognetics/Meaning of Life/20. Zen—The Moon in a Dewdrop and Impermanence.txt
/mnt/c/Users/nateg/OneDrive/Documentos/GitHub/quadrivium/cognetics/Meaning of Life/21. Zen—Being-Time and Primordial Awakening.txt
/mnt/c/Users/nateg/OneDrive/Documentos/GitHub/quadrivium/cognetics/Meaning of Life/22. Taking Stock of the Classical World.txt
/mnt/c/Users/nateg/OneDrive/Documentos/GitHub/quadrivium/cognetics/Meaning of Life/23. Hume's Skepticism and the Place of God.txt
/mnt/c/Users/nateg/OneDrive/Documentos/GitHub/quadrivium/cognetics/Meaning of Life/24. Hume's Careless and Compassionate Vision.txt
/mnt/c/Users/nateg/OneDrive/Documentos/GitHub/quadrivium/cognetics/Meaning of Life/25. Kant—Immaturity and the Challenge to Know.txt
/mnt/c/Users/nateg/OneDrive/Documentos/GitHub/quadrivium/cognetics/Meaning of Life/26. Mill's Call to Individuality and to Liberty.txt
/mnt/c/Users/nateg/OneDrive/Documentos/GitHub/quadrivium/cognetics/Meaning of Life/27. Tolstoy—Is Everyday Life the Real Thing.txt
/mnt/c/Users/nateg/OneDrive/Documentos/GitHub/quadrivium/cognetics/Meaning of Life/28. Nietzsche—Twilight of the Idols.txt
/mnt/c/Users/nateg/OneDrive/Documentos/GitHub/quadrivium/cognetics/Meaning of Life/29. Nietzsche—Achieving Authenticity.txt
/mnt/c/Users/nateg/OneDrive/Documentos/GitHub/quadrivium/cognetics/Meaning of Life/30. Gandhi—Satyagraha and Holding Fast to Truth.txt
/mnt/c/Users/nateg/OneDrive/Documentos/GitHub/quadrivium/cognetics/Meaning of Life/31. Gandhi—The Call to a Supernormal Life.txt
/mnt/c/Users/nateg/OneDrive/Documentos/GitHub/quadrivium/cognetics/Meaning of Life/32. Lame Deer—Life Enfolded in Symbols.txt
/mnt/c/Users/nateg/OneDrive/Documentos/GitHub/quadrivium/cognetics/Meaning of Life/33. Lame Deer—Our Place in a Symbolic World.txt
/mnt/c/Users/nateg/OneDrive/Documentos/GitHub/quadrivium/cognetics/Meaning of Life/34. HH Dalai Lama XIV—A Modern Buddhist View.txt
/mnt/c/Users/nateg/OneDrive/Documentos/GitHub/quadrivium/cognetics/Meaning of Life/35. HH Dalai Lama XIV—Discernment and Happiness.txt
/mnt/c/Users/nateg/OneDrive/Documentos/GitHub/quadrivium/cognetics/Meaning of Life/36. So, What Is the Meaning of Life.txt
