/mnt/c/Users/nateg/OneDrive/Documentos/GitHub/quadrivium/cognetics/Oceanography/01. Diving In—The Ocean Adventure.txt
/mnt/c/Users/nateg/OneDrive/Documentos/GitHub/quadrivium/cognetics/Oceanography/02. Explorers, Navigators, Pioneering Scientists.txt
/mnt/c/Users/nateg/OneDrive/Documentos/GitHub/quadrivium/cognetics/Oceanography/03. Ocean Basics And Ocean Basins.txt
/mnt/c/Users/nateg/OneDrive/Documentos/GitHub/quadrivium/cognetics/Oceanography/04. Mapping The Sea—Soundings To Satellites.txt
/mnt/c/Users/nateg/OneDrive/Documentos/GitHub/quadrivium/cognetics/Oceanography/05. Habitats—Sunlit Shelves To The Dark Abyss.txt
/mnt/c/Users/nateg/OneDrive/Documentos/GitHub/quadrivium/cognetics/Oceanography/06. The Spreading Sea Floor And Mid-Ocean Ridges.txt
/mnt/c/Users/nateg/OneDrive/Documentos/GitHub/quadrivium/cognetics/Oceanography/07. The Plunging Sea Floor And Deep-Sea Trenches.txt
/mnt/c/Users/nateg/OneDrive/Documentos/GitHub/quadrivium/cognetics/Oceanography/08. The Formation Of The Earth And Its Ocean.txt
/mnt/c/Users/nateg/OneDrive/Documentos/GitHub/quadrivium/cognetics/Oceanography/09. The Early Ocean And The Origins Of Life.txt
/mnt/c/Users/nateg/OneDrive/Documentos/GitHub/quadrivium/cognetics/Oceanography/10. Marine Sediments—Archives Of The Ocean.txt
/mnt/c/Users/nateg/OneDrive/Documentos/GitHub/quadrivium/cognetics/Oceanography/11. Offshore Oil And Gas—Resources And Risks.txt
/mnt/c/Users/nateg/OneDrive/Documentos/GitHub/quadrivium/cognetics/Oceanography/12. The Enduring Chemistry Of Seawater.txt
/mnt/c/Users/nateg/OneDrive/Documentos/GitHub/quadrivium/cognetics/Oceanography/13. How The Physics Of Water Controls The Ocean.txt
/mnt/c/Users/nateg/OneDrive/Documentos/GitHub/quadrivium/cognetics/Oceanography/14. Waves—Motion In The Ocean.txt
/mnt/c/Users/nateg/OneDrive/Documentos/GitHub/quadrivium/cognetics/Oceanography/15. Rogue Waves And Tsunami.txt
/mnt/c/Users/nateg/OneDrive/Documentos/GitHub/quadrivium/cognetics/Oceanography/16. Tides In Theory And Practice.txt
/mnt/c/Users/nateg/OneDrive/Documentos/GitHub/quadrivium/cognetics/Oceanography/17. Marine Life, Energy, And Food Webs.txt
/mnt/c/Users/nateg/OneDrive/Documentos/GitHub/quadrivium/cognetics/Oceanography/18. Tiny Plankton—The Most Abundant Life On Earth.txt
/mnt/c/Users/nateg/OneDrive/Documentos/GitHub/quadrivium/cognetics/Oceanography/19. Soft-Bodied Life In The Dark, Open Depths.txt
/mnt/c/Users/nateg/OneDrive/Documentos/GitHub/quadrivium/cognetics/Oceanography/20. Swimming—The Many Fish In The Sea.txt
/mnt/c/Users/nateg/OneDrive/Documentos/GitHub/quadrivium/cognetics/Oceanography/21. Marine Birds, Reptiles, And Mammals.txt
/mnt/c/Users/nateg/OneDrive/Documentos/GitHub/quadrivium/cognetics/Oceanography/22. Whaling, Fisheries, And Farming The Ocean.txt
/mnt/c/Users/nateg/OneDrive/Documentos/GitHub/quadrivium/cognetics/Oceanography/23. Where Sea Meets The Land And Why Coasts Vary.txt
/mnt/c/Users/nateg/OneDrive/Documentos/GitHub/quadrivium/cognetics/Oceanography/24. Where Rivers Meet The Sea—Estuaries And Deltas .txt
/mnt/c/Users/nateg/OneDrive/Documentos/GitHub/quadrivium/cognetics/Oceanography/25. Coastal Erosion—Beaches And Sea Cliffs.txt
/mnt/c/Users/nateg/OneDrive/Documentos/GitHub/quadrivium/cognetics/Oceanography/26. Tidal Life, Sea Forests, And Coral Reefs.txt
/mnt/c/Users/nateg/OneDrive/Documentos/GitHub/quadrivium/cognetics/Oceanography/27. Deep Bottom Life And Hydrothermal Vents.txt
/mnt/c/Users/nateg/OneDrive/Documentos/GitHub/quadrivium/cognetics/Oceanography/28. Trade Winds—The Circulation Of Heat And Wind.txt
/mnt/c/Users/nateg/OneDrive/Documentos/GitHub/quadrivium/cognetics/Oceanography/29. Heavy Weather—Storms And Hurricanes.txt
/mnt/c/Users/nateg/OneDrive/Documentos/GitHub/quadrivium/cognetics/Oceanography/30. The Gulf Stream To Gyres—Vast Surface Currents.txt
/mnt/c/Users/nateg/OneDrive/Documentos/GitHub/quadrivium/cognetics/Oceanography/31. Upwelling, Downwelling, And El Niño.txt
/mnt/c/Users/nateg/OneDrive/Documentos/GitHub/quadrivium/cognetics/Oceanography/32. The Deepest, Slowest River—Polar Bottom Water.txt
/mnt/c/Users/nateg/OneDrive/Documentos/GitHub/quadrivium/cognetics/Oceanography/33. The Ocean And Global Climate.txt
/mnt/c/Users/nateg/OneDrive/Documentos/GitHub/quadrivium/cognetics/Oceanography/34. The Warming, Rising Sea.txt
/mnt/c/Users/nateg/OneDrive/Documentos/GitHub/quadrivium/cognetics/Oceanography/35. Marine Pollution—The Impact Of Toxins.txt
/mnt/c/Users/nateg/OneDrive/Documentos/GitHub/quadrivium/cognetics/Oceanography/36. The Future Ocean.txt
