/mnt/c/Users/nateg/OneDrive/Documentos/GitHub/quadrivium/cognetics/Great Scientific Ideas That Changed the World/00 Introduction.txt
/mnt/c/Users/nateg/OneDrive/Documentos/GitHub/quadrivium/cognetics/Great Scientific Ideas That Changed the World/01. Knowledge, Know-How, and Social Change.txt
/mnt/c/Users/nateg/OneDrive/Documentos/GitHub/quadrivium/cognetics/Great Scientific Ideas That Changed the World/02. Writing Makes Science Possible.txt
/mnt/c/Users/nateg/OneDrive/Documentos/GitHub/quadrivium/cognetics/Great Scientific Ideas That Changed the World/03. Inventing Reason and Knowledge.txt
/mnt/c/Users/nateg/OneDrive/Documentos/GitHub/quadrivium/cognetics/Great Scientific Ideas That Changed the World/04. The Birth of Natural Science.txt
/mnt/c/Users/nateg/OneDrive/Documentos/GitHub/quadrivium/cognetics/Great Scientific Ideas That Changed the World/05. Mathematics as the Order of Nature.txt
/mnt/c/Users/nateg/OneDrive/Documentos/GitHub/quadrivium/cognetics/Great Scientific Ideas That Changed the World/06. The Birth of Techno-Science.txt
/mnt/c/Users/nateg/OneDrive/Documentos/GitHub/quadrivium/cognetics/Great Scientific Ideas That Changed the World/07. Universities Relaunch the Idea of Knowledge.txt
/mnt/c/Users/nateg/OneDrive/Documentos/GitHub/quadrivium/cognetics/Great Scientific Ideas That Changed the World/08. The Medieval Revolution in Know-How.txt
/mnt/c/Users/nateg/OneDrive/Documentos/GitHub/quadrivium/cognetics/Great Scientific Ideas That Changed the World/09. Progress Enters into History.txt
/mnt/c/Users/nateg/OneDrive/Documentos/GitHub/quadrivium/cognetics/Great Scientific Ideas That Changed the World/10. The Printed Book - Gutenberg to Galileo.txt
/mnt/c/Users/nateg/OneDrive/Documentos/GitHub/quadrivium/cognetics/Great Scientific Ideas That Changed the World/11. Renaissance Painting and Techno-Science.txt
/mnt/c/Users/nateg/OneDrive/Documentos/GitHub/quadrivium/cognetics/Great Scientific Ideas That Changed the World/12. Copernicus Moves the Earth.txt
/mnt/c/Users/nateg/OneDrive/Documentos/GitHub/quadrivium/cognetics/Great Scientific Ideas That Changed the World/13. The Birth of Modern Science.txt
/mnt/c/Users/nateg/OneDrive/Documentos/GitHub/quadrivium/cognetics/Great Scientific Ideas That Changed the World/14. Algebra, Calculus, and Probability.txt
/mnt/c/Users/nateg/OneDrive/Documentos/GitHub/quadrivium/cognetics/Great Scientific Ideas That Changed the World/15. Conservation and Symmetry.txt
/mnt/c/Users/nateg/OneDrive/Documentos/GitHub/quadrivium/cognetics/Great Scientific Ideas That Changed the World/16. Instruments as Extensions of the Mind.txt
/mnt/c/Users/nateg/OneDrive/Documentos/GitHub/quadrivium/cognetics/Great Scientific Ideas That Changed the World/17. Time, Change, and Novelty.txt
/mnt/c/Users/nateg/OneDrive/Documentos/GitHub/quadrivium/cognetics/Great Scientific Ideas That Changed the World/18. The Atomic Theory of Matter.txt
/mnt/c/Users/nateg/OneDrive/Documentos/GitHub/quadrivium/cognetics/Great Scientific Ideas That Changed the World/19. The Cell Theory of Life.txt
/mnt/c/Users/nateg/OneDrive/Documentos/GitHub/quadrivium/cognetics/Great Scientific Ideas That Changed the World/20. The Germ Theory of Disease.txt
/mnt/c/Users/nateg/OneDrive/Documentos/GitHub/quadrivium/cognetics/Great Scientific Ideas That Changed the World/21. The Gene Theory of Inheritance.txt
/mnt/c/Users/nateg/OneDrive/Documentos/GitHub/quadrivium/cognetics/Great Scientific Ideas That Changed the World/22. Energy Challenges Matter.txt
/mnt/c/Users/nateg/OneDrive/Documentos/GitHub/quadrivium/cognetics/Great Scientific Ideas That Changed the World/23. Fields - The Immaterial Becomes Real.txt
/mnt/c/Users/nateg/OneDrive/Documentos/GitHub/quadrivium/cognetics/Great Scientific Ideas That Changed the World/24. Relationships Become Physical.txt
/mnt/c/Users/nateg/OneDrive/Documentos/GitHub/quadrivium/cognetics/Great Scientific Ideas That Changed the World/25. Evolution as Process Science.txt
/mnt/c/Users/nateg/OneDrive/Documentos/GitHub/quadrivium/cognetics/Great Scientific Ideas That Changed the World/26. Statistical Laws Challenge Determinism.txt
/mnt/c/Users/nateg/OneDrive/Documentos/GitHub/quadrivium/cognetics/Great Scientific Ideas That Changed the World/27. Techno-Science Comes of Age.txt
/mnt/c/Users/nateg/OneDrive/Documentos/GitHub/quadrivium/cognetics/Great Scientific Ideas That Changed the World/28. Institutions Empower Innovation.txt
/mnt/c/Users/nateg/OneDrive/Documentos/GitHub/quadrivium/cognetics/Great Scientific Ideas That Changed the World/29. The Quantum Revolution.txt
/mnt/c/Users/nateg/OneDrive/Documentos/GitHub/quadrivium/cognetics/Great Scientific Ideas That Changed the World/30. Relativity Redefines Space and Time.txt
/mnt/c/Users/nateg/OneDrive/Documentos/GitHub/quadrivium/cognetics/Great Scientific Ideas That Changed the World/31. Reconceiving the Universe, Again.txt
/mnt/c/Users/nateg/OneDrive/Documentos/GitHub/quadrivium/cognetics/Great Scientific Ideas That Changed the World/32. The Idea behind the Computer.txt
/mnt/c/Users/nateg/OneDrive/Documentos/GitHub/quadrivium/cognetics/Great Scientific Ideas That Changed the World/33. Three Faces of Information.txt
/mnt/c/Users/nateg/OneDrive/Documentos/GitHub/quadrivium/cognetics/Great Scientific Ideas That Changed the World/34. Systems, Chaos, and Self-Organization.txt
/mnt/c/Users/nateg/OneDrive/Documentos/GitHub/quadrivium/cognetics/Great Scientific Ideas That Changed the World/35. Life as Molecules in Action.txt
/mnt/c/Users/nateg/OneDrive/Documentos/GitHub/quadrivium/cognetics/Great Scientific Ideas That Changed the World/36. Great Ideas, Past and Future.txt
