/mnt/c/Users/nateg/OneDrive/Documentos/GitHub/quadrivium/cognetics/Discrete Mathematics/00. Professor Bio.txt
/mnt/c/Users/nateg/OneDrive/Documentos/GitHub/quadrivium/cognetics/Discrete Mathematics/01. What Is Discrete Mathematics.txt
/mnt/c/Users/nateg/OneDrive/Documentos/GitHub/quadrivium/cognetics/Discrete Mathematics/02. Basic Concepts of Combinatorics.txt
/mnt/c/Users/nateg/OneDrive/Documentos/GitHub/quadrivium/cognetics/Discrete Mathematics/03. The 12-Fold Way of Combinatorics.txt
/mnt/c/Users/nateg/OneDrive/Documentos/GitHub/quadrivium/cognetics/Discrete Mathematics/04. Pascal's Triangle and the Binomial Theorem.txt
/mnt/c/Users/nateg/OneDrive/Documentos/GitHub/quadrivium/cognetics/Discrete Mathematics/05. Advanced Combinatorics—Multichoosing.txt
/mnt/c/Users/nateg/OneDrive/Documentos/GitHub/quadrivium/cognetics/Discrete Mathematics/06. The Principle of Inclusion-Exclusion.txt
/mnt/c/Users/nateg/OneDrive/Documentos/GitHub/quadrivium/cognetics/Discrete Mathematics/07. Proofs—Inductive, Geometric, Combinatorial.txt
/mnt/c/Users/nateg/OneDrive/Documentos/GitHub/quadrivium/cognetics/Discrete Mathematics/08. Linear Recurrences and Fibonacci Numbers.txt
/mnt/c/Users/nateg/OneDrive/Documentos/GitHub/quadrivium/cognetics/Discrete Mathematics/09. Gateway to Number Theory—Divisibility.txt
/mnt/c/Users/nateg/OneDrive/Documentos/GitHub/quadrivium/cognetics/Discrete Mathematics/10. The Structure of Numbers.txt
/mnt/c/Users/nateg/OneDrive/Documentos/GitHub/quadrivium/cognetics/Discrete Mathematics/11. Two Principles—Pigeonholes and Parity.txt
/mnt/c/Users/nateg/OneDrive/Documentos/GitHub/quadrivium/cognetics/Discrete Mathematics/12. Modular Arithmetic—The Math of Remainders.txt
/mnt/c/Users/nateg/OneDrive/Documentos/GitHub/quadrivium/cognetics/Discrete Mathematics/13. Enormous Exponents and Card Shuffling.txt
/mnt/c/Users/nateg/OneDrive/Documentos/GitHub/quadrivium/cognetics/Discrete Mathematics/14. Fermat's ''Little'' Theorem and Prime Testing.txt
/mnt/c/Users/nateg/OneDrive/Documentos/GitHub/quadrivium/cognetics/Discrete Mathematics/15. Open Secrets—Public Key Cryptography.txt
/mnt/c/Users/nateg/OneDrive/Documentos/GitHub/quadrivium/cognetics/Discrete Mathematics/16. The Birth of Graph Theory.txt
/mnt/c/Users/nateg/OneDrive/Documentos/GitHub/quadrivium/cognetics/Discrete Mathematics/17. Ways to Walk—Matrices and Markov Chains.txt
/mnt/c/Users/nateg/OneDrive/Documentos/GitHub/quadrivium/cognetics/Discrete Mathematics/18. Social Networks and Stable Marriages.txt
/mnt/c/Users/nateg/OneDrive/Documentos/GitHub/quadrivium/cognetics/Discrete Mathematics/19. Tournaments and King Chickens.txt
/mnt/c/Users/nateg/OneDrive/Documentos/GitHub/quadrivium/cognetics/Discrete Mathematics/20. Weighted Graphs and Minimum Spanning Trees.txt
/mnt/c/Users/nateg/OneDrive/Documentos/GitHub/quadrivium/cognetics/Discrete Mathematics/21. Planarity—When Can a Graph Be Untangled.txt
/mnt/c/Users/nateg/OneDrive/Documentos/GitHub/quadrivium/cognetics/Discrete Mathematics/22. Coloring Graphs and Maps.txt
/mnt/c/Users/nateg/OneDrive/Documentos/GitHub/quadrivium/cognetics/Discrete Mathematics/23. Shortest Paths and Algorithm Complexity.txt
/mnt/c/Users/nateg/OneDrive/Documentos/GitHub/quadrivium/cognetics/Discrete Mathematics/24. The Magic of Discrete Mathematics.txt
